[2024-07-01T20:17:51.154-0400] {local_task_job_runner.py:120} INFO - ::group::Pre task execution logs
[2024-07-01T20:17:51.169-0400] {taskinstance.py:2076} INFO - Dependencies all met for dep_context=non-requeueable deps ti=<TaskInstance: api_cuevana3_movie.insert_into_mysql scheduled__2024-07-01T12:00:00+00:00 [queued]>
[2024-07-01T20:17:51.185-0400] {taskinstance.py:2076} INFO - Dependencies all met for dep_context=requeueable deps ti=<TaskInstance: api_cuevana3_movie.insert_into_mysql scheduled__2024-07-01T12:00:00+00:00 [queued]>
[2024-07-01T20:17:51.186-0400] {taskinstance.py:2306} INFO - Starting attempt 1 of 1
[2024-07-01T20:17:51.212-0400] {taskinstance.py:2330} INFO - Executing <Task(PythonOperator): insert_into_mysql> on 2024-07-01 12:00:00+00:00
[2024-07-01T20:17:51.219-0400] {standard_task_runner.py:63} INFO - Started process 415533 to run task
[2024-07-01T20:17:51.224-0400] {standard_task_runner.py:90} INFO - Running: ['airflow', 'tasks', 'run', 'api_cuevana3_movie', 'insert_into_mysql', 'scheduled__2024-07-01T12:00:00+00:00', '--job-id', '727', '--raw', '--subdir', 'DAGS_FOLDER/movie_recommend.py', '--cfg-path', '/tmp/tmpmu5uxg0_']
[2024-07-01T20:17:51.226-0400] {standard_task_runner.py:91} INFO - Job 727: Subtask insert_into_mysql
[2024-07-01T20:17:51.348-0400] {task_command.py:426} INFO - Running <TaskInstance: api_cuevana3_movie.insert_into_mysql scheduled__2024-07-01T12:00:00+00:00 [running]> on host walter-VirtualBox
[2024-07-01T20:17:51.522-0400] {taskinstance.py:2648} INFO - Exporting env vars: AIRFLOW_CTX_DAG_OWNER='airflow' AIRFLOW_CTX_DAG_ID='api_cuevana3_movie' AIRFLOW_CTX_TASK_ID='insert_into_mysql' AIRFLOW_CTX_EXECUTION_DATE='2024-07-01T12:00:00+00:00' AIRFLOW_CTX_TRY_NUMBER='1' AIRFLOW_CTX_DAG_RUN_ID='scheduled__2024-07-01T12:00:00+00:00'
[2024-07-01T20:17:51.524-0400] {taskinstance.py:430} INFO - ::endgroup::
[2024-07-01T20:17:51.546-0400] {logging_mixin.py:188} INFO - No se pudo obtener el JSON de datos de la pelicula
[2024-07-01T20:17:51.547-0400] {python.py:237} INFO - Done. Returned value was: None
[2024-07-01T20:17:51.547-0400] {taskinstance.py:441} INFO - ::group::Post task execution logs
[2024-07-01T20:17:51.558-0400] {taskinstance.py:1206} INFO - Marking task as SUCCESS. dag_id=api_cuevana3_movie, task_id=insert_into_mysql, run_id=scheduled__2024-07-01T12:00:00+00:00, execution_date=20240701T120000, start_date=20240702T001751, end_date=20240702T001751
[2024-07-01T20:17:51.654-0400] {local_task_job_runner.py:240} INFO - Task exited with return code 0
[2024-07-01T20:17:51.690-0400] {taskinstance.py:3503} INFO - 0 downstream tasks scheduled from follow-on schedule check
[2024-07-01T20:17:51.691-0400] {local_task_job_runner.py:222} INFO - ::endgroup::
[2024-07-01T23:19:21.529-0400] {local_task_job_runner.py:120} INFO - ::group::Pre task execution logs
[2024-07-01T23:19:21.543-0400] {taskinstance.py:2076} INFO - Dependencies all met for dep_context=non-requeueable deps ti=<TaskInstance: api_cuevana3_movie.insert_into_mysql scheduled__2024-07-01T12:00:00+00:00 [queued]>
[2024-07-01T23:19:21.547-0400] {taskinstance.py:2076} INFO - Dependencies all met for dep_context=requeueable deps ti=<TaskInstance: api_cuevana3_movie.insert_into_mysql scheduled__2024-07-01T12:00:00+00:00 [queued]>
[2024-07-01T23:19:21.547-0400] {taskinstance.py:2306} INFO - Starting attempt 1 of 1
[2024-07-01T23:19:21.570-0400] {taskinstance.py:2330} INFO - Executing <Task(PythonOperator): insert_into_mysql> on 2024-07-01 12:00:00+00:00
[2024-07-01T23:19:21.575-0400] {standard_task_runner.py:63} INFO - Started process 450856 to run task
[2024-07-01T23:19:21.578-0400] {standard_task_runner.py:90} INFO - Running: ['airflow', 'tasks', 'run', 'api_cuevana3_movie', 'insert_into_mysql', 'scheduled__2024-07-01T12:00:00+00:00', '--job-id', '864', '--raw', '--subdir', 'DAGS_FOLDER/movie_recommend.py', '--cfg-path', '/tmp/tmpsy_3itja']
[2024-07-01T23:19:21.582-0400] {standard_task_runner.py:91} INFO - Job 864: Subtask insert_into_mysql
[2024-07-01T23:19:21.614-0400] {task_command.py:426} INFO - Running <TaskInstance: api_cuevana3_movie.insert_into_mysql scheduled__2024-07-01T12:00:00+00:00 [running]> on host walter-VirtualBox
[2024-07-01T23:19:21.701-0400] {taskinstance.py:2648} INFO - Exporting env vars: AIRFLOW_CTX_DAG_OWNER='airflow' AIRFLOW_CTX_DAG_ID='api_cuevana3_movie' AIRFLOW_CTX_TASK_ID='insert_into_mysql' AIRFLOW_CTX_EXECUTION_DATE='2024-07-01T12:00:00+00:00' AIRFLOW_CTX_TRY_NUMBER='1' AIRFLOW_CTX_DAG_RUN_ID='scheduled__2024-07-01T12:00:00+00:00'
[2024-07-01T23:19:21.702-0400] {taskinstance.py:430} INFO - ::endgroup::
[2024-07-01T23:19:21.788-0400] {python.py:237} INFO - Done. Returned value was: None
[2024-07-01T23:19:21.791-0400] {taskinstance.py:441} INFO - ::group::Post task execution logs
[2024-07-01T23:19:21.811-0400] {taskinstance.py:1206} INFO - Marking task as SUCCESS. dag_id=api_cuevana3_movie, task_id=insert_into_mysql, run_id=scheduled__2024-07-01T12:00:00+00:00, execution_date=20240701T120000, start_date=20240702T031921, end_date=20240702T031921
[2024-07-01T23:19:21.844-0400] {local_task_job_runner.py:240} INFO - Task exited with return code 0
[2024-07-01T23:19:21.865-0400] {taskinstance.py:3503} INFO - 1 downstream tasks scheduled from follow-on schedule check
[2024-07-01T23:19:21.871-0400] {local_task_job_runner.py:222} INFO - ::endgroup::
