[2024-07-01T20:32:29.943-0400] {local_task_job_runner.py:120} INFO - ::group::Pre task execution logs
[2024-07-01T20:32:29.971-0400] {taskinstance.py:2076} INFO - Dependencies all met for dep_context=non-requeueable deps ti=<TaskInstance: api_cuevana3_movie.transform_with_spark scheduled__2024-07-01T15:00:00+00:00 [queued]>
[2024-07-01T20:32:29.992-0400] {taskinstance.py:2076} INFO - Dependencies all met for dep_context=requeueable deps ti=<TaskInstance: api_cuevana3_movie.transform_with_spark scheduled__2024-07-01T15:00:00+00:00 [queued]>
[2024-07-01T20:32:29.993-0400] {taskinstance.py:2306} INFO - Starting attempt 1 of 1
[2024-07-01T20:32:30.044-0400] {taskinstance.py:2330} INFO - Executing <Task(PythonOperator): transform_with_spark> on 2024-07-01 15:00:00+00:00
[2024-07-01T20:32:30.062-0400] {standard_task_runner.py:63} INFO - Started process 417614 to run task
[2024-07-01T20:32:30.068-0400] {standard_task_runner.py:90} INFO - Running: ['airflow', 'tasks', 'run', 'api_cuevana3_movie', 'transform_with_spark', 'scheduled__2024-07-01T15:00:00+00:00', '--job-id', '735', '--raw', '--subdir', 'DAGS_FOLDER/movie_recommend.py', '--cfg-path', '/tmp/tmp5b22cjdj']
[2024-07-01T20:32:30.072-0400] {standard_task_runner.py:91} INFO - Job 735: Subtask transform_with_spark
[2024-07-01T20:32:30.191-0400] {task_command.py:426} INFO - Running <TaskInstance: api_cuevana3_movie.transform_with_spark scheduled__2024-07-01T15:00:00+00:00 [running]> on host walter-VirtualBox
[2024-07-01T20:32:30.331-0400] {taskinstance.py:2648} INFO - Exporting env vars: AIRFLOW_CTX_DAG_OWNER='airflow' AIRFLOW_CTX_DAG_ID='api_cuevana3_movie' AIRFLOW_CTX_TASK_ID='transform_with_spark' AIRFLOW_CTX_EXECUTION_DATE='2024-07-01T15:00:00+00:00' AIRFLOW_CTX_TRY_NUMBER='1' AIRFLOW_CTX_DAG_RUN_ID='scheduled__2024-07-01T15:00:00+00:00'
[2024-07-01T20:32:30.333-0400] {taskinstance.py:430} INFO - ::endgroup::
[2024-07-01T20:32:30.348-0400] {logging_mixin.py:188} INFO - No se pudo obtener el JSON de datos de la pelicula
[2024-07-01T20:32:30.349-0400] {python.py:237} INFO - Done. Returned value was: None
[2024-07-01T20:32:30.349-0400] {taskinstance.py:441} INFO - ::group::Post task execution logs
[2024-07-01T20:32:30.352-0400] {taskinstance.py:1206} INFO - Marking task as SUCCESS. dag_id=api_cuevana3_movie, task_id=transform_with_spark, run_id=scheduled__2024-07-01T15:00:00+00:00, execution_date=20240701T150000, start_date=20240702T003229, end_date=20240702T003230
[2024-07-01T20:32:30.390-0400] {local_task_job_runner.py:240} INFO - Task exited with return code 0
[2024-07-01T20:32:30.405-0400] {taskinstance.py:3503} INFO - 0 downstream tasks scheduled from follow-on schedule check
[2024-07-01T20:32:30.406-0400] {local_task_job_runner.py:222} INFO - ::endgroup::
[2024-07-01T23:23:11.639-0400] {local_task_job_runner.py:120} INFO - ::group::Pre task execution logs
[2024-07-01T23:23:11.670-0400] {taskinstance.py:2076} INFO - Dependencies all met for dep_context=non-requeueable deps ti=<TaskInstance: api_cuevana3_movie.transform_with_spark scheduled__2024-07-01T15:00:00+00:00 [queued]>
[2024-07-01T23:23:11.676-0400] {taskinstance.py:2076} INFO - Dependencies all met for dep_context=requeueable deps ti=<TaskInstance: api_cuevana3_movie.transform_with_spark scheduled__2024-07-01T15:00:00+00:00 [queued]>
[2024-07-01T23:23:11.676-0400] {taskinstance.py:2306} INFO - Starting attempt 1 of 1
[2024-07-01T23:23:11.692-0400] {taskinstance.py:2330} INFO - Executing <Task(PythonOperator): transform_with_spark> on 2024-07-01 15:00:00+00:00
[2024-07-01T23:23:11.700-0400] {standard_task_runner.py:63} INFO - Started process 453176 to run task
[2024-07-01T23:23:11.704-0400] {standard_task_runner.py:90} INFO - Running: ['airflow', 'tasks', 'run', 'api_cuevana3_movie', 'transform_with_spark', 'scheduled__2024-07-01T15:00:00+00:00', '--job-id', '878', '--raw', '--subdir', 'DAGS_FOLDER/movie_recommend.py', '--cfg-path', '/tmp/tmpf2p_ltua']
[2024-07-01T23:23:11.707-0400] {standard_task_runner.py:91} INFO - Job 878: Subtask transform_with_spark
[2024-07-01T23:23:11.776-0400] {task_command.py:426} INFO - Running <TaskInstance: api_cuevana3_movie.transform_with_spark scheduled__2024-07-01T15:00:00+00:00 [running]> on host walter-VirtualBox
[2024-07-01T23:23:11.894-0400] {taskinstance.py:2648} INFO - Exporting env vars: AIRFLOW_CTX_DAG_OWNER='airflow' AIRFLOW_CTX_DAG_ID='api_cuevana3_movie' AIRFLOW_CTX_TASK_ID='transform_with_spark' AIRFLOW_CTX_EXECUTION_DATE='2024-07-01T15:00:00+00:00' AIRFLOW_CTX_TRY_NUMBER='1' AIRFLOW_CTX_DAG_RUN_ID='scheduled__2024-07-01T15:00:00+00:00'
[2024-07-01T23:23:11.895-0400] {taskinstance.py:430} INFO - ::endgroup::
[2024-07-01T23:23:34.465-0400] {python.py:237} INFO - Done. Returned value was: [{'actors': ['Will Smith,', 'Martin Lawrence,', 'Vanessa Hudgens,', 'Alexander Ludwig,', 'Paola Nu침ez,', 'Eric Dane,', 'Ioan Gruffudd,', 'Jacob Scipio,', 'Melanie Liburd,', 'Tasha Smith,', 'Rhea Seehorn,', 'Tiffany Haddish,', 'Joe Pantoliano,', 'DJ Khaled,', 'John Salley,', 'Bianca Bethune,', 'Dennis McDonald,', 'Quinn Hemphill,', 'Michael Bay,', 'Derek Russo,', 'Karter Reese Newsome,'], 'country': 'United States', 'description': 'Tras escuchar falsas acusaciones sobre su excapit치n y mentor Mike y Marcus deciden investigar el asunto incluso volverse los m치s buscados de ser necesarios', 'director': 'Adil El Arbi', 'duration': 115, 'genre': ['Acci칩n', 'Crimen', 'Suspense', 'Comedia'], 'image_url': 'https://i0.wp.com/www.themoviedb.org/t/p/w185/5jI2vEHJReAx8iFDmhC2O3yW37w.jpg', 'quality': 'HD', 'rating': 6.9, 'title': 'Bad Boys: Ride or Die', 'views': 460, 'year': '2024'}]
[2024-07-01T23:23:34.477-0400] {taskinstance.py:441} INFO - ::group::Post task execution logs
[2024-07-01T23:23:34.525-0400] {taskinstance.py:1206} INFO - Marking task as SUCCESS. dag_id=api_cuevana3_movie, task_id=transform_with_spark, run_id=scheduled__2024-07-01T15:00:00+00:00, execution_date=20240701T150000, start_date=20240702T032311, end_date=20240702T032334
[2024-07-01T23:23:34.668-0400] {local_task_job_runner.py:240} INFO - Task exited with return code 0
[2024-07-01T23:23:34.763-0400] {taskinstance.py:3503} INFO - 0 downstream tasks scheduled from follow-on schedule check
[2024-07-01T23:23:34.766-0400] {local_task_job_runner.py:222} INFO - ::endgroup::
