[2024-07-01T23:52:03.988-0400] {local_task_job_runner.py:120} INFO - ::group::Pre task execution logs
[2024-07-01T23:52:04.013-0400] {taskinstance.py:2076} INFO - Dependencies all met for dep_context=non-requeueable deps ti=<TaskInstance: api_cuevana3_movie.insert_into_mysql scheduled__2024-07-01T00:00:15+00:00 [queued]>
[2024-07-01T23:52:04.023-0400] {taskinstance.py:2076} INFO - Dependencies all met for dep_context=requeueable deps ti=<TaskInstance: api_cuevana3_movie.insert_into_mysql scheduled__2024-07-01T00:00:15+00:00 [queued]>
[2024-07-01T23:52:04.023-0400] {taskinstance.py:2306} INFO - Starting attempt 1 of 1
[2024-07-01T23:52:04.095-0400] {taskinstance.py:2330} INFO - Executing <Task(PythonOperator): insert_into_mysql> on 2024-07-01 00:00:15+00:00
[2024-07-01T23:52:04.105-0400] {standard_task_runner.py:63} INFO - Started process 465317 to run task
[2024-07-01T23:52:04.110-0400] {standard_task_runner.py:90} INFO - Running: ['airflow', 'tasks', 'run', 'api_cuevana3_movie', 'insert_into_mysql', 'scheduled__2024-07-01T00:00:15+00:00', '--job-id', '920', '--raw', '--subdir', 'DAGS_FOLDER/movie_recommend.py', '--cfg-path', '/tmp/tmpsz1nstxq']
[2024-07-01T23:52:04.113-0400] {standard_task_runner.py:91} INFO - Job 920: Subtask insert_into_mysql
[2024-07-01T23:52:04.164-0400] {task_command.py:426} INFO - Running <TaskInstance: api_cuevana3_movie.insert_into_mysql scheduled__2024-07-01T00:00:15+00:00 [running]> on host walter-VirtualBox
[2024-07-01T23:52:04.260-0400] {taskinstance.py:2648} INFO - Exporting env vars: AIRFLOW_CTX_DAG_OWNER='airflow' AIRFLOW_CTX_DAG_ID='api_cuevana3_movie' AIRFLOW_CTX_TASK_ID='insert_into_mysql' AIRFLOW_CTX_EXECUTION_DATE='2024-07-01T00:00:15+00:00' AIRFLOW_CTX_TRY_NUMBER='1' AIRFLOW_CTX_DAG_RUN_ID='scheduled__2024-07-01T00:00:15+00:00'
[2024-07-01T23:52:04.261-0400] {taskinstance.py:430} INFO - ::endgroup::
[2024-07-01T23:52:04.275-0400] {logging_mixin.py:188} INFO - No se pudo obtener el JSON de datos de la pelicula
[2024-07-01T23:52:04.276-0400] {python.py:237} INFO - Done. Returned value was: None
[2024-07-01T23:52:04.276-0400] {taskinstance.py:441} INFO - ::group::Post task execution logs
[2024-07-01T23:52:04.280-0400] {taskinstance.py:1206} INFO - Marking task as SUCCESS. dag_id=api_cuevana3_movie, task_id=insert_into_mysql, run_id=scheduled__2024-07-01T00:00:15+00:00, execution_date=20240701T000015, start_date=20240702T035204, end_date=20240702T035204
[2024-07-01T23:52:04.349-0400] {local_task_job_runner.py:240} INFO - Task exited with return code 0
[2024-07-01T23:52:04.372-0400] {taskinstance.py:3503} INFO - 1 downstream tasks scheduled from follow-on schedule check
[2024-07-01T23:52:04.403-0400] {local_task_job_runner.py:222} INFO - ::endgroup::
[2024-07-02T09:22:51.124-0400] {local_task_job_runner.py:120} INFO - ::group::Pre task execution logs
[2024-07-02T09:22:51.140-0400] {taskinstance.py:2076} INFO - Dependencies all met for dep_context=non-requeueable deps ti=<TaskInstance: api_cuevana3_movie.insert_into_mysql scheduled__2024-07-01T00:00:15+00:00 [queued]>
[2024-07-02T09:22:51.147-0400] {taskinstance.py:2076} INFO - Dependencies all met for dep_context=requeueable deps ti=<TaskInstance: api_cuevana3_movie.insert_into_mysql scheduled__2024-07-01T00:00:15+00:00 [queued]>
[2024-07-02T09:22:51.147-0400] {taskinstance.py:2306} INFO - Starting attempt 1 of 1
[2024-07-02T09:22:51.175-0400] {taskinstance.py:2330} INFO - Executing <Task(PythonOperator): insert_into_mysql> on 2024-07-01 00:00:15+00:00
[2024-07-02T09:22:51.186-0400] {standard_task_runner.py:63} INFO - Started process 475919 to run task
[2024-07-02T09:22:51.189-0400] {standard_task_runner.py:90} INFO - Running: ['airflow', 'tasks', 'run', 'api_cuevana3_movie', 'insert_into_mysql', 'scheduled__2024-07-01T00:00:15+00:00', '--job-id', '952', '--raw', '--subdir', 'DAGS_FOLDER/movie_recommend.py', '--cfg-path', '/tmp/tmpk6lygwar']
[2024-07-02T09:22:51.195-0400] {standard_task_runner.py:91} INFO - Job 952: Subtask insert_into_mysql
[2024-07-02T09:22:51.304-0400] {task_command.py:426} INFO - Running <TaskInstance: api_cuevana3_movie.insert_into_mysql scheduled__2024-07-01T00:00:15+00:00 [running]> on host walter-VirtualBox
[2024-07-02T09:22:51.414-0400] {taskinstance.py:2648} INFO - Exporting env vars: AIRFLOW_CTX_DAG_OWNER='airflow' AIRFLOW_CTX_DAG_ID='api_cuevana3_movie' AIRFLOW_CTX_TASK_ID='insert_into_mysql' AIRFLOW_CTX_EXECUTION_DATE='2024-07-01T00:00:15+00:00' AIRFLOW_CTX_TRY_NUMBER='1' AIRFLOW_CTX_DAG_RUN_ID='scheduled__2024-07-01T00:00:15+00:00'
[2024-07-02T09:22:51.415-0400] {taskinstance.py:430} INFO - ::endgroup::
[2024-07-02T09:22:51.438-0400] {logging_mixin.py:188} INFO - No se pudo obtener el JSON de datos de la pelicula
[2024-07-02T09:22:51.439-0400] {python.py:237} INFO - Done. Returned value was: None
[2024-07-02T09:22:51.439-0400] {taskinstance.py:441} INFO - ::group::Post task execution logs
[2024-07-02T09:22:51.442-0400] {taskinstance.py:1206} INFO - Marking task as SUCCESS. dag_id=api_cuevana3_movie, task_id=insert_into_mysql, run_id=scheduled__2024-07-01T00:00:15+00:00, execution_date=20240701T000015, start_date=20240702T132251, end_date=20240702T132251
[2024-07-02T09:22:51.509-0400] {local_task_job_runner.py:240} INFO - Task exited with return code 0
[2024-07-02T09:22:51.520-0400] {taskinstance.py:3503} INFO - 0 downstream tasks scheduled from follow-on schedule check
[2024-07-02T09:22:51.521-0400] {local_task_job_runner.py:222} INFO - ::endgroup::
[2024-07-02T09:32:03.229-0400] {local_task_job_runner.py:120} INFO - ::group::Pre task execution logs
[2024-07-02T09:32:03.260-0400] {taskinstance.py:2076} INFO - Dependencies all met for dep_context=non-requeueable deps ti=<TaskInstance: api_cuevana3_movie.insert_into_mysql scheduled__2024-07-01T00:00:15+00:00 [queued]>
[2024-07-02T09:32:03.265-0400] {taskinstance.py:2076} INFO - Dependencies all met for dep_context=requeueable deps ti=<TaskInstance: api_cuevana3_movie.insert_into_mysql scheduled__2024-07-01T00:00:15+00:00 [queued]>
[2024-07-02T09:32:03.266-0400] {taskinstance.py:2306} INFO - Starting attempt 1 of 1
[2024-07-02T09:32:03.280-0400] {taskinstance.py:2330} INFO - Executing <Task(PythonOperator): insert_into_mysql> on 2024-07-01 00:00:15+00:00
[2024-07-02T09:32:03.294-0400] {standard_task_runner.py:63} INFO - Started process 479342 to run task
[2024-07-02T09:32:03.305-0400] {standard_task_runner.py:90} INFO - Running: ['airflow', 'tasks', 'run', 'api_cuevana3_movie', 'insert_into_mysql', 'scheduled__2024-07-01T00:00:15+00:00', '--job-id', '958', '--raw', '--subdir', 'DAGS_FOLDER/movie_recommend.py', '--cfg-path', '/tmp/tmpw40cv7gb']
[2024-07-02T09:32:03.310-0400] {standard_task_runner.py:91} INFO - Job 958: Subtask insert_into_mysql
[2024-07-02T09:32:03.386-0400] {task_command.py:426} INFO - Running <TaskInstance: api_cuevana3_movie.insert_into_mysql scheduled__2024-07-01T00:00:15+00:00 [running]> on host walter-VirtualBox
[2024-07-02T09:32:03.507-0400] {taskinstance.py:2648} INFO - Exporting env vars: AIRFLOW_CTX_DAG_OWNER='airflow' AIRFLOW_CTX_DAG_ID='api_cuevana3_movie' AIRFLOW_CTX_TASK_ID='insert_into_mysql' AIRFLOW_CTX_EXECUTION_DATE='2024-07-01T00:00:15+00:00' AIRFLOW_CTX_TRY_NUMBER='1' AIRFLOW_CTX_DAG_RUN_ID='scheduled__2024-07-01T00:00:15+00:00'
[2024-07-02T09:32:03.507-0400] {taskinstance.py:430} INFO - ::endgroup::
[2024-07-02T09:32:03.527-0400] {logging_mixin.py:188} INFO - No se pudo obtener el JSON de datos de la pelicula
[2024-07-02T09:32:03.528-0400] {python.py:237} INFO - Done. Returned value was: None
[2024-07-02T09:32:03.528-0400] {taskinstance.py:441} INFO - ::group::Post task execution logs
[2024-07-02T09:32:03.532-0400] {taskinstance.py:1206} INFO - Marking task as SUCCESS. dag_id=api_cuevana3_movie, task_id=insert_into_mysql, run_id=scheduled__2024-07-01T00:00:15+00:00, execution_date=20240701T000015, start_date=20240702T133203, end_date=20240702T133203
[2024-07-02T09:32:03.671-0400] {local_task_job_runner.py:240} INFO - Task exited with return code 0
[2024-07-02T09:32:03.692-0400] {taskinstance.py:3503} INFO - 1 downstream tasks scheduled from follow-on schedule check
[2024-07-02T09:32:03.718-0400] {local_task_job_runner.py:222} INFO - ::endgroup::
[2024-07-02T10:16:09.882-0400] {local_task_job_runner.py:120} INFO - ::group::Pre task execution logs
[2024-07-02T10:16:09.909-0400] {taskinstance.py:2076} INFO - Dependencies all met for dep_context=non-requeueable deps ti=<TaskInstance: api_cuevana3_movie.insert_into_mysql scheduled__2024-07-01T00:00:15+00:00 [queued]>
[2024-07-02T10:16:09.918-0400] {taskinstance.py:2076} INFO - Dependencies all met for dep_context=requeueable deps ti=<TaskInstance: api_cuevana3_movie.insert_into_mysql scheduled__2024-07-01T00:00:15+00:00 [queued]>
[2024-07-02T10:16:09.919-0400] {taskinstance.py:2306} INFO - Starting attempt 1 of 1
[2024-07-02T10:16:09.957-0400] {taskinstance.py:2330} INFO - Executing <Task(PythonOperator): insert_into_mysql> on 2024-07-01 00:00:15+00:00
[2024-07-02T10:16:09.966-0400] {standard_task_runner.py:63} INFO - Started process 492089 to run task
[2024-07-02T10:16:09.970-0400] {standard_task_runner.py:90} INFO - Running: ['airflow', 'tasks', 'run', 'api_cuevana3_movie', 'insert_into_mysql', 'scheduled__2024-07-01T00:00:15+00:00', '--job-id', '1138', '--raw', '--subdir', 'DAGS_FOLDER/movie_recommend.py', '--cfg-path', '/tmp/tmpl9p6q_r4']
[2024-07-02T10:16:09.972-0400] {standard_task_runner.py:91} INFO - Job 1138: Subtask insert_into_mysql
[2024-07-02T10:16:10.052-0400] {task_command.py:426} INFO - Running <TaskInstance: api_cuevana3_movie.insert_into_mysql scheduled__2024-07-01T00:00:15+00:00 [running]> on host walter-VirtualBox
[2024-07-02T10:16:10.189-0400] {taskinstance.py:2648} INFO - Exporting env vars: AIRFLOW_CTX_DAG_OWNER='airflow' AIRFLOW_CTX_DAG_ID='api_cuevana3_movie' AIRFLOW_CTX_TASK_ID='insert_into_mysql' AIRFLOW_CTX_EXECUTION_DATE='2024-07-01T00:00:15+00:00' AIRFLOW_CTX_TRY_NUMBER='1' AIRFLOW_CTX_DAG_RUN_ID='scheduled__2024-07-01T00:00:15+00:00'
[2024-07-02T10:16:10.190-0400] {taskinstance.py:430} INFO - ::endgroup::
[2024-07-02T10:16:10.219-0400] {logging_mixin.py:188} INFO - No se pudo obtener el JSON de datos de la pelicula
[2024-07-02T10:16:10.222-0400] {python.py:237} INFO - Done. Returned value was: None
[2024-07-02T10:16:10.223-0400] {taskinstance.py:441} INFO - ::group::Post task execution logs
[2024-07-02T10:16:10.230-0400] {taskinstance.py:1206} INFO - Marking task as SUCCESS. dag_id=api_cuevana3_movie, task_id=insert_into_mysql, run_id=scheduled__2024-07-01T00:00:15+00:00, execution_date=20240701T000015, start_date=20240702T141609, end_date=20240702T141610
[2024-07-02T10:16:10.275-0400] {local_task_job_runner.py:240} INFO - Task exited with return code 0
[2024-07-02T10:16:10.308-0400] {taskinstance.py:3503} INFO - 0 downstream tasks scheduled from follow-on schedule check
[2024-07-02T10:16:10.312-0400] {local_task_job_runner.py:222} INFO - ::endgroup::
[2024-07-02T10:36:22.685-0400] {local_task_job_runner.py:120} INFO - ::group::Pre task execution logs
[2024-07-02T10:36:22.700-0400] {taskinstance.py:2076} INFO - Dependencies all met for dep_context=non-requeueable deps ti=<TaskInstance: api_cuevana3_movie.insert_into_mysql scheduled__2024-07-01T00:00:15+00:00 [queued]>
[2024-07-02T10:36:22.704-0400] {taskinstance.py:2076} INFO - Dependencies all met for dep_context=requeueable deps ti=<TaskInstance: api_cuevana3_movie.insert_into_mysql scheduled__2024-07-01T00:00:15+00:00 [queued]>
[2024-07-02T10:36:22.704-0400] {taskinstance.py:2306} INFO - Starting attempt 1 of 1
[2024-07-02T10:36:22.740-0400] {taskinstance.py:2330} INFO - Executing <Task(PythonOperator): insert_into_mysql> on 2024-07-01 00:00:15+00:00
[2024-07-02T10:36:22.747-0400] {standard_task_runner.py:63} INFO - Started process 496737 to run task
[2024-07-02T10:36:22.759-0400] {standard_task_runner.py:90} INFO - Running: ['airflow', 'tasks', 'run', 'api_cuevana3_movie', 'insert_into_mysql', 'scheduled__2024-07-01T00:00:15+00:00', '--job-id', '1162', '--raw', '--subdir', 'DAGS_FOLDER/movie_recommend.py', '--cfg-path', '/tmp/tmpzen49py0']
[2024-07-02T10:36:22.761-0400] {standard_task_runner.py:91} INFO - Job 1162: Subtask insert_into_mysql
[2024-07-02T10:36:22.835-0400] {task_command.py:426} INFO - Running <TaskInstance: api_cuevana3_movie.insert_into_mysql scheduled__2024-07-01T00:00:15+00:00 [running]> on host walter-VirtualBox
[2024-07-02T10:36:22.962-0400] {taskinstance.py:2648} INFO - Exporting env vars: AIRFLOW_CTX_DAG_OWNER='airflow' AIRFLOW_CTX_DAG_ID='api_cuevana3_movie' AIRFLOW_CTX_TASK_ID='insert_into_mysql' AIRFLOW_CTX_EXECUTION_DATE='2024-07-01T00:00:15+00:00' AIRFLOW_CTX_TRY_NUMBER='1' AIRFLOW_CTX_DAG_RUN_ID='scheduled__2024-07-01T00:00:15+00:00'
[2024-07-02T10:36:22.963-0400] {taskinstance.py:430} INFO - ::endgroup::
[2024-07-02T10:36:22.988-0400] {logging_mixin.py:188} INFO - No se pudo obtener el JSON de datos de la pelicula
[2024-07-02T10:36:22.989-0400] {python.py:237} INFO - Done. Returned value was: None
[2024-07-02T10:36:22.989-0400] {taskinstance.py:441} INFO - ::group::Post task execution logs
[2024-07-02T10:36:22.996-0400] {taskinstance.py:1206} INFO - Marking task as SUCCESS. dag_id=api_cuevana3_movie, task_id=insert_into_mysql, run_id=scheduled__2024-07-01T00:00:15+00:00, execution_date=20240701T000015, start_date=20240702T143622, end_date=20240702T143622
[2024-07-02T10:36:23.067-0400] {local_task_job_runner.py:240} INFO - Task exited with return code 0
[2024-07-02T10:36:23.082-0400] {taskinstance.py:3503} INFO - 0 downstream tasks scheduled from follow-on schedule check
[2024-07-02T10:36:23.086-0400] {local_task_job_runner.py:222} INFO - ::endgroup::
[2024-07-02T10:54:14.317-0400] {local_task_job_runner.py:120} INFO - ::group::Pre task execution logs
[2024-07-02T10:54:14.347-0400] {taskinstance.py:2076} INFO - Dependencies all met for dep_context=non-requeueable deps ti=<TaskInstance: api_cuevana3_movie.insert_into_mysql scheduled__2024-07-01T00:00:15+00:00 [queued]>
[2024-07-02T10:54:14.354-0400] {taskinstance.py:2076} INFO - Dependencies all met for dep_context=requeueable deps ti=<TaskInstance: api_cuevana3_movie.insert_into_mysql scheduled__2024-07-01T00:00:15+00:00 [queued]>
[2024-07-02T10:54:14.355-0400] {taskinstance.py:2306} INFO - Starting attempt 1 of 1
[2024-07-02T10:54:14.382-0400] {taskinstance.py:2330} INFO - Executing <Task(PythonOperator): insert_into_mysql> on 2024-07-01 00:00:15+00:00
[2024-07-02T10:54:14.390-0400] {standard_task_runner.py:63} INFO - Started process 500316 to run task
[2024-07-02T10:54:14.393-0400] {standard_task_runner.py:90} INFO - Running: ['airflow', 'tasks', 'run', 'api_cuevana3_movie', 'insert_into_mysql', 'scheduled__2024-07-01T00:00:15+00:00', '--job-id', '1327', '--raw', '--subdir', 'DAGS_FOLDER/movie_recommend.py', '--cfg-path', '/tmp/tmpmwacnkzg']
[2024-07-02T10:54:14.396-0400] {standard_task_runner.py:91} INFO - Job 1327: Subtask insert_into_mysql
[2024-07-02T10:54:14.471-0400] {task_command.py:426} INFO - Running <TaskInstance: api_cuevana3_movie.insert_into_mysql scheduled__2024-07-01T00:00:15+00:00 [running]> on host walter-VirtualBox
[2024-07-02T10:54:14.565-0400] {taskinstance.py:2648} INFO - Exporting env vars: AIRFLOW_CTX_DAG_OWNER='airflow' AIRFLOW_CTX_DAG_ID='api_cuevana3_movie' AIRFLOW_CTX_TASK_ID='insert_into_mysql' AIRFLOW_CTX_EXECUTION_DATE='2024-07-01T00:00:15+00:00' AIRFLOW_CTX_TRY_NUMBER='1' AIRFLOW_CTX_DAG_RUN_ID='scheduled__2024-07-01T00:00:15+00:00'
[2024-07-02T10:54:14.566-0400] {taskinstance.py:430} INFO - ::endgroup::
[2024-07-02T10:54:14.581-0400] {logging_mixin.py:188} INFO - No se pudo obtener el JSON de datos de la pelicula
[2024-07-02T10:54:14.583-0400] {python.py:237} INFO - Done. Returned value was: None
[2024-07-02T10:54:14.583-0400] {taskinstance.py:441} INFO - ::group::Post task execution logs
[2024-07-02T10:54:14.586-0400] {taskinstance.py:1206} INFO - Marking task as SUCCESS. dag_id=api_cuevana3_movie, task_id=insert_into_mysql, run_id=scheduled__2024-07-01T00:00:15+00:00, execution_date=20240701T000015, start_date=20240702T145414, end_date=20240702T145414
[2024-07-02T10:54:14.628-0400] {local_task_job_runner.py:240} INFO - Task exited with return code 0
[2024-07-02T10:54:14.644-0400] {taskinstance.py:3503} INFO - 0 downstream tasks scheduled from follow-on schedule check
[2024-07-02T10:54:14.645-0400] {local_task_job_runner.py:222} INFO - ::endgroup::
[2024-07-02T11:26:20.966-0400] {local_task_job_runner.py:120} INFO - ::group::Pre task execution logs
[2024-07-02T11:26:20.981-0400] {taskinstance.py:2076} INFO - Dependencies all met for dep_context=non-requeueable deps ti=<TaskInstance: api_cuevana3_movie.insert_into_mysql scheduled__2024-07-01T00:00:15+00:00 [queued]>
[2024-07-02T11:26:20.989-0400] {taskinstance.py:2076} INFO - Dependencies all met for dep_context=requeueable deps ti=<TaskInstance: api_cuevana3_movie.insert_into_mysql scheduled__2024-07-01T00:00:15+00:00 [queued]>
[2024-07-02T11:26:20.989-0400] {taskinstance.py:2306} INFO - Starting attempt 1 of 1
[2024-07-02T11:26:21.019-0400] {taskinstance.py:2330} INFO - Executing <Task(PythonOperator): insert_into_mysql> on 2024-07-01 00:00:15+00:00
[2024-07-02T11:26:21.026-0400] {standard_task_runner.py:63} INFO - Started process 503380 to run task
[2024-07-02T11:26:21.029-0400] {standard_task_runner.py:90} INFO - Running: ['airflow', 'tasks', 'run', 'api_cuevana3_movie', 'insert_into_mysql', 'scheduled__2024-07-01T00:00:15+00:00', '--job-id', '1352', '--raw', '--subdir', 'DAGS_FOLDER/movie_recommend.py', '--cfg-path', '/tmp/tmpyj31puue']
[2024-07-02T11:26:21.031-0400] {standard_task_runner.py:91} INFO - Job 1352: Subtask insert_into_mysql
[2024-07-02T11:26:21.118-0400] {task_command.py:426} INFO - Running <TaskInstance: api_cuevana3_movie.insert_into_mysql scheduled__2024-07-01T00:00:15+00:00 [running]> on host walter-VirtualBox
[2024-07-02T11:26:21.252-0400] {taskinstance.py:2648} INFO - Exporting env vars: AIRFLOW_CTX_DAG_OWNER='airflow' AIRFLOW_CTX_DAG_ID='api_cuevana3_movie' AIRFLOW_CTX_TASK_ID='insert_into_mysql' AIRFLOW_CTX_EXECUTION_DATE='2024-07-01T00:00:15+00:00' AIRFLOW_CTX_TRY_NUMBER='1' AIRFLOW_CTX_DAG_RUN_ID='scheduled__2024-07-01T00:00:15+00:00'
[2024-07-02T11:26:21.253-0400] {taskinstance.py:430} INFO - ::endgroup::
[2024-07-02T11:26:21.284-0400] {logging_mixin.py:188} INFO - No se pudo obtener el JSON de datos de la pelicula
[2024-07-02T11:26:21.286-0400] {python.py:237} INFO - Done. Returned value was: None
[2024-07-02T11:26:21.286-0400] {taskinstance.py:441} INFO - ::group::Post task execution logs
[2024-07-02T11:26:21.289-0400] {taskinstance.py:1206} INFO - Marking task as SUCCESS. dag_id=api_cuevana3_movie, task_id=insert_into_mysql, run_id=scheduled__2024-07-01T00:00:15+00:00, execution_date=20240701T000015, start_date=20240702T152620, end_date=20240702T152621
[2024-07-02T11:26:21.387-0400] {local_task_job_runner.py:240} INFO - Task exited with return code 0
[2024-07-02T11:26:21.403-0400] {taskinstance.py:3503} INFO - 0 downstream tasks scheduled from follow-on schedule check
[2024-07-02T11:26:21.405-0400] {local_task_job_runner.py:222} INFO - ::endgroup::
