[2024-07-01T19:23:09.419-0400] {local_task_job_runner.py:120} INFO - ::group::Pre task execution logs
[2024-07-01T19:23:09.460-0400] {taskinstance.py:2076} INFO - Dependencies all met for dep_context=non-requeueable deps ti=<TaskInstance: api_cuevana3_movie.print_json scheduled__2024-07-01T03:00:00+00:00 [queued]>
[2024-07-01T19:23:09.468-0400] {taskinstance.py:2076} INFO - Dependencies all met for dep_context=requeueable deps ti=<TaskInstance: api_cuevana3_movie.print_json scheduled__2024-07-01T03:00:00+00:00 [queued]>
[2024-07-01T19:23:09.468-0400] {taskinstance.py:2306} INFO - Starting attempt 1 of 1
[2024-07-01T19:23:09.489-0400] {taskinstance.py:2330} INFO - Executing <Task(PythonOperator): print_json> on 2024-07-01 03:00:00+00:00
[2024-07-01T19:23:09.495-0400] {standard_task_runner.py:63} INFO - Started process 409107 to run task
[2024-07-01T19:23:09.498-0400] {standard_task_runner.py:90} INFO - Running: ['airflow', 'tasks', 'run', 'api_cuevana3_movie', 'print_json', 'scheduled__2024-07-01T03:00:00+00:00', '--job-id', '704', '--raw', '--subdir', 'DAGS_FOLDER/movie_recommend.py', '--cfg-path', '/tmp/tmpaj5cko9o']
[2024-07-01T19:23:09.500-0400] {standard_task_runner.py:91} INFO - Job 704: Subtask print_json
[2024-07-01T19:23:09.558-0400] {task_command.py:426} INFO - Running <TaskInstance: api_cuevana3_movie.print_json scheduled__2024-07-01T03:00:00+00:00 [running]> on host walter-VirtualBox
[2024-07-01T19:23:09.701-0400] {taskinstance.py:2648} INFO - Exporting env vars: AIRFLOW_CTX_DAG_OWNER='airflow' AIRFLOW_CTX_DAG_ID='api_cuevana3_movie' AIRFLOW_CTX_TASK_ID='print_json' AIRFLOW_CTX_EXECUTION_DATE='2024-07-01T03:00:00+00:00' AIRFLOW_CTX_TRY_NUMBER='1' AIRFLOW_CTX_DAG_RUN_ID='scheduled__2024-07-01T03:00:00+00:00'
[2024-07-01T19:23:09.705-0400] {taskinstance.py:430} INFO - ::endgroup::
[2024-07-01T19:23:09.747-0400] {logging_mixin.py:188} INFO - No se pudo obtener el JSON de datos de la pelicula
[2024-07-01T19:23:09.755-0400] {python.py:237} INFO - Done. Returned value was: None
[2024-07-01T19:23:09.764-0400] {taskinstance.py:441} INFO - ::group::Post task execution logs
[2024-07-01T19:23:09.778-0400] {taskinstance.py:1206} INFO - Marking task as SUCCESS. dag_id=api_cuevana3_movie, task_id=print_json, run_id=scheduled__2024-07-01T03:00:00+00:00, execution_date=20240701T030000, start_date=20240701T232309, end_date=20240701T232309
[2024-07-01T19:23:09.854-0400] {local_task_job_runner.py:240} INFO - Task exited with return code 0
[2024-07-01T19:23:09.876-0400] {taskinstance.py:3503} INFO - 0 downstream tasks scheduled from follow-on schedule check
[2024-07-01T19:23:09.877-0400] {local_task_job_runner.py:222} INFO - ::endgroup::
[2024-07-01T21:18:10.753-0400] {local_task_job_runner.py:120} INFO - ::group::Pre task execution logs
[2024-07-01T21:18:10.799-0400] {taskinstance.py:2076} INFO - Dependencies all met for dep_context=non-requeueable deps ti=<TaskInstance: api_cuevana3_movie.print_json scheduled__2024-07-01T03:00:00+00:00 [queued]>
[2024-07-01T21:18:10.813-0400] {taskinstance.py:2076} INFO - Dependencies all met for dep_context=requeueable deps ti=<TaskInstance: api_cuevana3_movie.print_json scheduled__2024-07-01T03:00:00+00:00 [queued]>
[2024-07-01T21:18:10.814-0400] {taskinstance.py:2306} INFO - Starting attempt 1 of 1
[2024-07-01T21:18:10.855-0400] {taskinstance.py:2330} INFO - Executing <Task(PythonOperator): print_json> on 2024-07-01 03:00:00+00:00
[2024-07-01T21:18:10.888-0400] {standard_task_runner.py:63} INFO - Started process 429255 to run task
[2024-07-01T21:18:10.897-0400] {standard_task_runner.py:90} INFO - Running: ['airflow', 'tasks', 'run', 'api_cuevana3_movie', 'print_json', 'scheduled__2024-07-01T03:00:00+00:00', '--job-id', '768', '--raw', '--subdir', 'DAGS_FOLDER/movie_recommend.py', '--cfg-path', '/tmp/tmp99sbuiqj']
[2024-07-01T21:18:10.917-0400] {standard_task_runner.py:91} INFO - Job 768: Subtask print_json
[2024-07-01T21:18:11.045-0400] {task_command.py:426} INFO - Running <TaskInstance: api_cuevana3_movie.print_json scheduled__2024-07-01T03:00:00+00:00 [running]> on host walter-VirtualBox
[2024-07-01T21:18:11.283-0400] {taskinstance.py:2648} INFO - Exporting env vars: AIRFLOW_CTX_DAG_OWNER='airflow' AIRFLOW_CTX_DAG_ID='api_cuevana3_movie' AIRFLOW_CTX_TASK_ID='print_json' AIRFLOW_CTX_EXECUTION_DATE='2024-07-01T03:00:00+00:00' AIRFLOW_CTX_TRY_NUMBER='1' AIRFLOW_CTX_DAG_RUN_ID='scheduled__2024-07-01T03:00:00+00:00'
[2024-07-01T21:18:11.284-0400] {taskinstance.py:430} INFO - ::endgroup::
[2024-07-01T21:18:11.355-0400] {logging_mixin.py:188} INFO - No se pudo obtener el JSON de datos de la pelicula
[2024-07-01T21:18:11.356-0400] {python.py:237} INFO - Done. Returned value was: None
[2024-07-01T21:18:11.356-0400] {taskinstance.py:441} INFO - ::group::Post task execution logs
[2024-07-01T21:18:11.361-0400] {taskinstance.py:1206} INFO - Marking task as SUCCESS. dag_id=api_cuevana3_movie, task_id=print_json, run_id=scheduled__2024-07-01T03:00:00+00:00, execution_date=20240701T030000, start_date=20240702T011810, end_date=20240702T011811
[2024-07-01T21:18:11.435-0400] {local_task_job_runner.py:240} INFO - Task exited with return code 0
[2024-07-01T21:18:11.460-0400] {taskinstance.py:3503} INFO - 0 downstream tasks scheduled from follow-on schedule check
[2024-07-01T21:18:11.461-0400] {local_task_job_runner.py:222} INFO - ::endgroup::
[2024-07-01T23:08:41.187-0400] {local_task_job_runner.py:120} INFO - ::group::Pre task execution logs
[2024-07-01T23:08:41.201-0400] {taskinstance.py:2076} INFO - Dependencies all met for dep_context=non-requeueable deps ti=<TaskInstance: api_cuevana3_movie.print_json scheduled__2024-07-01T03:00:00+00:00 [queued]>
[2024-07-01T23:08:41.206-0400] {taskinstance.py:2076} INFO - Dependencies all met for dep_context=requeueable deps ti=<TaskInstance: api_cuevana3_movie.print_json scheduled__2024-07-01T03:00:00+00:00 [queued]>
[2024-07-01T23:08:41.210-0400] {taskinstance.py:2306} INFO - Starting attempt 1 of 1
[2024-07-01T23:08:41.236-0400] {taskinstance.py:2330} INFO - Executing <Task(PythonOperator): print_json> on 2024-07-01 03:00:00+00:00
[2024-07-01T23:08:41.245-0400] {standard_task_runner.py:63} INFO - Started process 446151 to run task
[2024-07-01T23:08:41.248-0400] {standard_task_runner.py:90} INFO - Running: ['airflow', 'tasks', 'run', 'api_cuevana3_movie', 'print_json', 'scheduled__2024-07-01T03:00:00+00:00', '--job-id', '825', '--raw', '--subdir', 'DAGS_FOLDER/movie_recommend.py', '--cfg-path', '/tmp/tmpwwalbot5']
[2024-07-01T23:08:41.250-0400] {standard_task_runner.py:91} INFO - Job 825: Subtask print_json
[2024-07-01T23:08:41.282-0400] {task_command.py:426} INFO - Running <TaskInstance: api_cuevana3_movie.print_json scheduled__2024-07-01T03:00:00+00:00 [running]> on host walter-VirtualBox
[2024-07-01T23:08:41.363-0400] {taskinstance.py:2648} INFO - Exporting env vars: AIRFLOW_CTX_DAG_OWNER='airflow' AIRFLOW_CTX_DAG_ID='api_cuevana3_movie' AIRFLOW_CTX_TASK_ID='print_json' AIRFLOW_CTX_EXECUTION_DATE='2024-07-01T03:00:00+00:00' AIRFLOW_CTX_TRY_NUMBER='1' AIRFLOW_CTX_DAG_RUN_ID='scheduled__2024-07-01T03:00:00+00:00'
[2024-07-01T23:08:41.363-0400] {taskinstance.py:430} INFO - ::endgroup::
[2024-07-01T23:08:41.380-0400] {logging_mixin.py:188} INFO - ('{"image_url": '
 '"https://i0.wp.com/www.themoviedb.org/t/p/w185/3HoBhPg6T5st6K09QfZh4lGB0hz.jpg", '
 '"title": "La academia del Sr. Kleks", "rating": 6.1, "duration": "2h 10m", '
 '"year": "2024", "quality": "HD", "description": "Ver la academia del sr. '
 'kleks Cuevana3.En busca de su padre, que ha desaparecido, una adolescente '
 'aparentemente normal acepta asistir a una universidad m\\u00e1gica dirigida '
 'por un profesor exc\\u00e9ntrico, el Sr. Kleks.", "genre": '
 '["Fantas\\u00eda", "Aventura", "Familia"], "country": "Bulgaria", '
 '"director": "Maciej Kawulski", "actors": ["Antonina Litwiniak,", "Tomasz '
 'Kot,", "Piotr Fronczewski,", "Sebastian Stankiewicz,", "Agnieszka '
 'Grochowska,", "Danuta Stenka,", "Daniel Walasek,", "Konrad Repi\\u0144ski,", '
 '"Igor Fernandez-Kowalczyk,", "Apolonia Ga\\u0142\\u0119ska,", "Daria '
 'Kalinchuk,", "Amelia Luty\\u0144ska,", "Enkhkhangaluun Byambadul,", "Jan '
 'Makowski,", "Jana Jachimek,", "Liu Sitkowska,", "Maria Al Tlfah,", "Dima Al '
 'Tlfah,", "Nikodem Adamski,", "Julian Mr\\u00f3wczy\\u0144ski,", "Adam '
 'Panikowski,"], "views": 50}')
[2024-07-01T23:08:41.381-0400] {python.py:237} INFO - Done. Returned value was: None
[2024-07-01T23:08:41.381-0400] {taskinstance.py:441} INFO - ::group::Post task execution logs
[2024-07-01T23:08:41.384-0400] {taskinstance.py:1206} INFO - Marking task as SUCCESS. dag_id=api_cuevana3_movie, task_id=print_json, run_id=scheduled__2024-07-01T03:00:00+00:00, execution_date=20240701T030000, start_date=20240702T030841, end_date=20240702T030841
[2024-07-01T23:08:41.432-0400] {local_task_job_runner.py:240} INFO - Task exited with return code 0
[2024-07-01T23:08:41.456-0400] {taskinstance.py:3503} INFO - 0 downstream tasks scheduled from follow-on schedule check
[2024-07-01T23:08:41.457-0400] {local_task_job_runner.py:222} INFO - ::endgroup::
