[2024-07-01T11:06:32.098-0400] {local_task_job_runner.py:120} INFO - ::group::Pre task execution logs
[2024-07-01T11:06:32.114-0400] {taskinstance.py:2076} INFO - Dependencies all met for dep_context=non-requeueable deps ti=<TaskInstance: api_cuevana3_movie.transform_with_spark scheduled__2024-07-01T03:00:00+00:00 [queued]>
[2024-07-01T11:06:32.120-0400] {taskinstance.py:2076} INFO - Dependencies all met for dep_context=requeueable deps ti=<TaskInstance: api_cuevana3_movie.transform_with_spark scheduled__2024-07-01T03:00:00+00:00 [queued]>
[2024-07-01T11:06:32.120-0400] {taskinstance.py:2306} INFO - Starting attempt 1 of 1
[2024-07-01T11:06:32.203-0400] {taskinstance.py:2330} INFO - Executing <Task(PythonOperator): transform_with_spark> on 2024-07-01 03:00:00+00:00
[2024-07-01T11:06:32.212-0400] {standard_task_runner.py:63} INFO - Started process 381860 to run task
[2024-07-01T11:06:32.217-0400] {standard_task_runner.py:90} INFO - Running: ['airflow', 'tasks', 'run', 'api_cuevana3_movie', 'transform_with_spark', 'scheduled__2024-07-01T03:00:00+00:00', '--job-id', '658', '--raw', '--subdir', 'DAGS_FOLDER/movie_recommend.py', '--cfg-path', '/tmp/tmprb6046oh']
[2024-07-01T11:06:32.222-0400] {standard_task_runner.py:91} INFO - Job 658: Subtask transform_with_spark
[2024-07-01T11:06:32.349-0400] {task_command.py:426} INFO - Running <TaskInstance: api_cuevana3_movie.transform_with_spark scheduled__2024-07-01T03:00:00+00:00 [running]> on host walter-VirtualBox
[2024-07-01T11:06:32.410-0400] {taskinstance.py:2648} INFO - Exporting env vars: AIRFLOW_CTX_DAG_OWNER='airflow' AIRFLOW_CTX_DAG_ID='api_cuevana3_movie' AIRFLOW_CTX_TASK_ID='transform_with_spark' AIRFLOW_CTX_EXECUTION_DATE='2024-07-01T03:00:00+00:00' AIRFLOW_CTX_TRY_NUMBER='1' AIRFLOW_CTX_DAG_RUN_ID='scheduled__2024-07-01T03:00:00+00:00'
[2024-07-01T11:06:32.411-0400] {taskinstance.py:430} INFO - ::endgroup::
[2024-07-01T11:06:32.496-0400] {logging_mixin.py:188} INFO - No se pudo obtener el JSON de datos de la pelicula
[2024-07-01T11:06:32.499-0400] {python.py:237} INFO - Done. Returned value was: None
[2024-07-01T11:06:32.514-0400] {taskinstance.py:441} INFO - ::group::Post task execution logs
[2024-07-01T11:06:32.525-0400] {taskinstance.py:1206} INFO - Marking task as SUCCESS. dag_id=api_cuevana3_movie, task_id=transform_with_spark, run_id=scheduled__2024-07-01T03:00:00+00:00, execution_date=20240701T030000, start_date=20240701T150632, end_date=20240701T150632
[2024-07-01T11:06:32.607-0400] {local_task_job_runner.py:240} INFO - Task exited with return code 0
[2024-07-01T11:06:32.632-0400] {taskinstance.py:3503} INFO - 0 downstream tasks scheduled from follow-on schedule check
[2024-07-01T11:06:32.633-0400] {local_task_job_runner.py:222} INFO - ::endgroup::
[2024-07-01T11:17:34.488-0400] {local_task_job_runner.py:120} INFO - ::group::Pre task execution logs
[2024-07-01T11:17:34.507-0400] {taskinstance.py:2076} INFO - Dependencies all met for dep_context=non-requeueable deps ti=<TaskInstance: api_cuevana3_movie.transform_with_spark scheduled__2024-07-01T03:00:00+00:00 [queued]>
[2024-07-01T11:17:34.516-0400] {taskinstance.py:2076} INFO - Dependencies all met for dep_context=requeueable deps ti=<TaskInstance: api_cuevana3_movie.transform_with_spark scheduled__2024-07-01T03:00:00+00:00 [queued]>
[2024-07-01T11:17:34.517-0400] {taskinstance.py:2306} INFO - Starting attempt 1 of 1
[2024-07-01T11:17:34.571-0400] {taskinstance.py:2330} INFO - Executing <Task(PythonOperator): transform_with_spark> on 2024-07-01 03:00:00+00:00
[2024-07-01T11:17:34.579-0400] {standard_task_runner.py:63} INFO - Started process 383105 to run task
[2024-07-01T11:17:34.582-0400] {standard_task_runner.py:90} INFO - Running: ['airflow', 'tasks', 'run', 'api_cuevana3_movie', 'transform_with_spark', 'scheduled__2024-07-01T03:00:00+00:00', '--job-id', '676', '--raw', '--subdir', 'DAGS_FOLDER/movie_recommend.py', '--cfg-path', '/tmp/tmpec_72zdm']
[2024-07-01T11:17:34.586-0400] {standard_task_runner.py:91} INFO - Job 676: Subtask transform_with_spark
[2024-07-01T11:17:34.657-0400] {task_command.py:426} INFO - Running <TaskInstance: api_cuevana3_movie.transform_with_spark scheduled__2024-07-01T03:00:00+00:00 [running]> on host walter-VirtualBox
[2024-07-01T11:17:34.787-0400] {taskinstance.py:2648} INFO - Exporting env vars: AIRFLOW_CTX_DAG_OWNER='airflow' AIRFLOW_CTX_DAG_ID='api_cuevana3_movie' AIRFLOW_CTX_TASK_ID='transform_with_spark' AIRFLOW_CTX_EXECUTION_DATE='2024-07-01T03:00:00+00:00' AIRFLOW_CTX_TRY_NUMBER='1' AIRFLOW_CTX_DAG_RUN_ID='scheduled__2024-07-01T03:00:00+00:00'
[2024-07-01T11:17:34.789-0400] {taskinstance.py:430} INFO - ::endgroup::
[2024-07-01T11:17:34.812-0400] {logging_mixin.py:188} INFO - No se pudo obtener el JSON de datos de la pelicula
[2024-07-01T11:17:34.815-0400] {python.py:237} INFO - Done. Returned value was: None
[2024-07-01T11:17:34.815-0400] {taskinstance.py:441} INFO - ::group::Post task execution logs
[2024-07-01T11:17:34.826-0400] {taskinstance.py:1206} INFO - Marking task as SUCCESS. dag_id=api_cuevana3_movie, task_id=transform_with_spark, run_id=scheduled__2024-07-01T03:00:00+00:00, execution_date=20240701T030000, start_date=20240701T151734, end_date=20240701T151734
[2024-07-01T11:17:34.934-0400] {local_task_job_runner.py:240} INFO - Task exited with return code 0
[2024-07-01T11:17:34.958-0400] {taskinstance.py:3503} INFO - 0 downstream tasks scheduled from follow-on schedule check
[2024-07-01T11:17:34.961-0400] {local_task_job_runner.py:222} INFO - ::endgroup::
[2024-07-01T19:21:46.520-0400] {local_task_job_runner.py:120} INFO - ::group::Pre task execution logs
[2024-07-01T19:21:46.543-0400] {taskinstance.py:2076} INFO - Dependencies all met for dep_context=non-requeueable deps ti=<TaskInstance: api_cuevana3_movie.transform_with_spark scheduled__2024-07-01T03:00:00+00:00 [queued]>
[2024-07-01T19:21:46.548-0400] {taskinstance.py:2076} INFO - Dependencies all met for dep_context=requeueable deps ti=<TaskInstance: api_cuevana3_movie.transform_with_spark scheduled__2024-07-01T03:00:00+00:00 [queued]>
[2024-07-01T19:21:46.549-0400] {taskinstance.py:2306} INFO - Starting attempt 1 of 1
[2024-07-01T19:21:46.572-0400] {taskinstance.py:2330} INFO - Executing <Task(PythonOperator): transform_with_spark> on 2024-07-01 03:00:00+00:00
[2024-07-01T19:21:46.579-0400] {standard_task_runner.py:63} INFO - Started process 408963 to run task
[2024-07-01T19:21:46.581-0400] {standard_task_runner.py:90} INFO - Running: ['airflow', 'tasks', 'run', 'api_cuevana3_movie', 'transform_with_spark', 'scheduled__2024-07-01T03:00:00+00:00', '--job-id', '698', '--raw', '--subdir', 'DAGS_FOLDER/movie_recommend.py', '--cfg-path', '/tmp/tmp1imtc8n2']
[2024-07-01T19:21:46.583-0400] {standard_task_runner.py:91} INFO - Job 698: Subtask transform_with_spark
[2024-07-01T19:21:46.662-0400] {task_command.py:426} INFO - Running <TaskInstance: api_cuevana3_movie.transform_with_spark scheduled__2024-07-01T03:00:00+00:00 [running]> on host walter-VirtualBox
[2024-07-01T19:21:46.794-0400] {taskinstance.py:2648} INFO - Exporting env vars: AIRFLOW_CTX_DAG_OWNER='airflow' AIRFLOW_CTX_DAG_ID='api_cuevana3_movie' AIRFLOW_CTX_TASK_ID='transform_with_spark' AIRFLOW_CTX_EXECUTION_DATE='2024-07-01T03:00:00+00:00' AIRFLOW_CTX_TRY_NUMBER='1' AIRFLOW_CTX_DAG_RUN_ID='scheduled__2024-07-01T03:00:00+00:00'
[2024-07-01T19:21:46.795-0400] {taskinstance.py:430} INFO - ::endgroup::
[2024-07-01T19:21:46.835-0400] {logging_mixin.py:188} INFO - No se pudo obtener el JSON de datos de la pelicula
[2024-07-01T19:21:46.835-0400] {python.py:237} INFO - Done. Returned value was: None
[2024-07-01T19:21:46.836-0400] {taskinstance.py:441} INFO - ::group::Post task execution logs
[2024-07-01T19:21:46.843-0400] {taskinstance.py:1206} INFO - Marking task as SUCCESS. dag_id=api_cuevana3_movie, task_id=transform_with_spark, run_id=scheduled__2024-07-01T03:00:00+00:00, execution_date=20240701T030000, start_date=20240701T232146, end_date=20240701T232146
[2024-07-01T19:21:46.905-0400] {local_task_job_runner.py:240} INFO - Task exited with return code 0
[2024-07-01T19:21:46.948-0400] {taskinstance.py:3503} INFO - 0 downstream tasks scheduled from follow-on schedule check
[2024-07-01T19:21:46.957-0400] {local_task_job_runner.py:222} INFO - ::endgroup::
[2024-07-01T21:16:27.078-0400] {local_task_job_runner.py:120} INFO - ::group::Pre task execution logs
[2024-07-01T21:16:27.096-0400] {taskinstance.py:2076} INFO - Dependencies all met for dep_context=non-requeueable deps ti=<TaskInstance: api_cuevana3_movie.transform_with_spark scheduled__2024-07-01T03:00:00+00:00 [queued]>
[2024-07-01T21:16:27.101-0400] {taskinstance.py:2076} INFO - Dependencies all met for dep_context=requeueable deps ti=<TaskInstance: api_cuevana3_movie.transform_with_spark scheduled__2024-07-01T03:00:00+00:00 [queued]>
[2024-07-01T21:16:27.102-0400] {taskinstance.py:2306} INFO - Starting attempt 1 of 1
[2024-07-01T21:16:27.132-0400] {taskinstance.py:2330} INFO - Executing <Task(PythonOperator): transform_with_spark> on 2024-07-01 03:00:00+00:00
[2024-07-01T21:16:27.157-0400] {standard_task_runner.py:63} INFO - Started process 428714 to run task
[2024-07-01T21:16:27.161-0400] {standard_task_runner.py:90} INFO - Running: ['airflow', 'tasks', 'run', 'api_cuevana3_movie', 'transform_with_spark', 'scheduled__2024-07-01T03:00:00+00:00', '--job-id', '762', '--raw', '--subdir', 'DAGS_FOLDER/movie_recommend.py', '--cfg-path', '/tmp/tmpisqszbft']
[2024-07-01T21:16:27.165-0400] {standard_task_runner.py:91} INFO - Job 762: Subtask transform_with_spark
[2024-07-01T21:16:27.253-0400] {task_command.py:426} INFO - Running <TaskInstance: api_cuevana3_movie.transform_with_spark scheduled__2024-07-01T03:00:00+00:00 [running]> on host walter-VirtualBox
[2024-07-01T21:16:27.475-0400] {taskinstance.py:2648} INFO - Exporting env vars: AIRFLOW_CTX_DAG_OWNER='airflow' AIRFLOW_CTX_DAG_ID='api_cuevana3_movie' AIRFLOW_CTX_TASK_ID='transform_with_spark' AIRFLOW_CTX_EXECUTION_DATE='2024-07-01T03:00:00+00:00' AIRFLOW_CTX_TRY_NUMBER='1' AIRFLOW_CTX_DAG_RUN_ID='scheduled__2024-07-01T03:00:00+00:00'
[2024-07-01T21:16:27.476-0400] {taskinstance.py:430} INFO - ::endgroup::
[2024-07-01T21:16:27.548-0400] {logging_mixin.py:188} INFO - No se pudo obtener el JSON de datos de la pelicula
[2024-07-01T21:16:27.549-0400] {python.py:237} INFO - Done. Returned value was: None
[2024-07-01T21:16:27.556-0400] {taskinstance.py:441} INFO - ::group::Post task execution logs
[2024-07-01T21:16:27.565-0400] {taskinstance.py:1206} INFO - Marking task as SUCCESS. dag_id=api_cuevana3_movie, task_id=transform_with_spark, run_id=scheduled__2024-07-01T03:00:00+00:00, execution_date=20240701T030000, start_date=20240702T011627, end_date=20240702T011627
[2024-07-01T21:16:27.649-0400] {local_task_job_runner.py:240} INFO - Task exited with return code 0
[2024-07-01T21:16:27.680-0400] {taskinstance.py:3503} INFO - 0 downstream tasks scheduled from follow-on schedule check
[2024-07-01T21:16:27.684-0400] {local_task_job_runner.py:222} INFO - ::endgroup::
[2024-07-01T23:04:52.389-0400] {local_task_job_runner.py:120} INFO - ::group::Pre task execution logs
[2024-07-01T23:04:52.460-0400] {taskinstance.py:2076} INFO - Dependencies all met for dep_context=non-requeueable deps ti=<TaskInstance: api_cuevana3_movie.transform_with_spark scheduled__2024-07-01T03:00:00+00:00 [queued]>
[2024-07-01T23:04:52.474-0400] {taskinstance.py:2076} INFO - Dependencies all met for dep_context=requeueable deps ti=<TaskInstance: api_cuevana3_movie.transform_with_spark scheduled__2024-07-01T03:00:00+00:00 [queued]>
[2024-07-01T23:04:52.476-0400] {taskinstance.py:2306} INFO - Starting attempt 1 of 1
[2024-07-01T23:04:52.536-0400] {taskinstance.py:2330} INFO - Executing <Task(PythonOperator): transform_with_spark> on 2024-07-01 03:00:00+00:00
[2024-07-01T23:04:52.550-0400] {standard_task_runner.py:63} INFO - Started process 445151 to run task
[2024-07-01T23:04:52.558-0400] {standard_task_runner.py:90} INFO - Running: ['airflow', 'tasks', 'run', 'api_cuevana3_movie', 'transform_with_spark', 'scheduled__2024-07-01T03:00:00+00:00', '--job-id', '818', '--raw', '--subdir', 'DAGS_FOLDER/movie_recommend.py', '--cfg-path', '/tmp/tmpxqyjyee9']
[2024-07-01T23:04:52.560-0400] {standard_task_runner.py:91} INFO - Job 818: Subtask transform_with_spark
[2024-07-01T23:04:52.639-0400] {task_command.py:426} INFO - Running <TaskInstance: api_cuevana3_movie.transform_with_spark scheduled__2024-07-01T03:00:00+00:00 [running]> on host walter-VirtualBox
[2024-07-01T23:04:52.777-0400] {taskinstance.py:2648} INFO - Exporting env vars: AIRFLOW_CTX_DAG_OWNER='airflow' AIRFLOW_CTX_DAG_ID='api_cuevana3_movie' AIRFLOW_CTX_TASK_ID='transform_with_spark' AIRFLOW_CTX_EXECUTION_DATE='2024-07-01T03:00:00+00:00' AIRFLOW_CTX_TRY_NUMBER='1' AIRFLOW_CTX_DAG_RUN_ID='scheduled__2024-07-01T03:00:00+00:00'
[2024-07-01T23:04:52.778-0400] {taskinstance.py:430} INFO - ::endgroup::
[2024-07-01T23:05:18.945-0400] {python.py:237} INFO - Done. Returned value was: [{'actors': ['Antonina Litwiniak,', 'Tomasz Kot,', 'Piotr Fronczewski,', 'Sebastian Stankiewicz,', 'Agnieszka Grochowska,', 'Danuta Stenka,', 'Daniel Walasek,', 'Konrad Repiński,', 'Igor Fernandez-Kowalczyk,', 'Apolonia Gałęska,', 'Daria Kalinchuk,', 'Amelia Lutyńska,', 'Enkhkhangaluun Byambadul,', 'Jan Makowski,', 'Jana Jachimek,', 'Liu Sitkowska,', 'Maria Al Tlfah,', 'Dima Al Tlfah,', 'Nikodem Adamski,', 'Julian Mrówczyński,', 'Adam Panikowski,'], 'country': 'Bulgaria', 'description': 'En busca de su padre, que ha desaparecido, una adolescente aparentemente normal acepta asistir a una universidad mágica dirigida por un profesor excéntrico, el Sr. Kleks.', 'director': 'Maciej Kawulski', 'duration': 130, 'genre': ['Fantasía', 'Aventura', 'Familia'], 'image_url': 'https://i0.wp.com/www.themoviedb.org/t/p/w185/3HoBhPg6T5st6K09QfZh4lGB0hz.jpg', 'quality': 'HD', 'rating': 6.1, 'title': 'La academia del Sr. Kleks', 'views': 50, 'year': '2024'}]
[2024-07-01T23:05:18.956-0400] {taskinstance.py:441} INFO - ::group::Post task execution logs
[2024-07-01T23:05:19.051-0400] {taskinstance.py:1206} INFO - Marking task as SUCCESS. dag_id=api_cuevana3_movie, task_id=transform_with_spark, run_id=scheduled__2024-07-01T03:00:00+00:00, execution_date=20240701T030000, start_date=20240702T030452, end_date=20240702T030519
[2024-07-01T23:05:19.213-0400] {local_task_job_runner.py:240} INFO - Task exited with return code 0
[2024-07-01T23:05:19.318-0400] {taskinstance.py:3503} INFO - 0 downstream tasks scheduled from follow-on schedule check
[2024-07-01T23:05:19.327-0400] {local_task_job_runner.py:222} INFO - ::endgroup::
