[2024-07-01T11:06:21.524-0400] {local_task_job_runner.py:120} INFO - ::group::Pre task execution logs
[2024-07-01T11:06:21.538-0400] {taskinstance.py:2076} INFO - Dependencies all met for dep_context=non-requeueable deps ti=<TaskInstance: api_cuevana3_movie.insert_into_mysql scheduled__2024-07-01T02:00:00+00:00 [queued]>
[2024-07-01T11:06:21.543-0400] {taskinstance.py:2076} INFO - Dependencies all met for dep_context=requeueable deps ti=<TaskInstance: api_cuevana3_movie.insert_into_mysql scheduled__2024-07-01T02:00:00+00:00 [queued]>
[2024-07-01T11:06:21.549-0400] {taskinstance.py:2306} INFO - Starting attempt 1 of 1
[2024-07-01T11:06:21.584-0400] {taskinstance.py:2330} INFO - Executing <Task(PythonOperator): insert_into_mysql> on 2024-07-01 02:00:00+00:00
[2024-07-01T11:06:21.591-0400] {standard_task_runner.py:63} INFO - Started process 381815 to run task
[2024-07-01T11:06:21.594-0400] {standard_task_runner.py:90} INFO - Running: ['airflow', 'tasks', 'run', 'api_cuevana3_movie', 'insert_into_mysql', 'scheduled__2024-07-01T02:00:00+00:00', '--job-id', '655', '--raw', '--subdir', 'DAGS_FOLDER/movie_recommend.py', '--cfg-path', '/tmp/tmpw96ufquo']
[2024-07-01T11:06:21.595-0400] {standard_task_runner.py:91} INFO - Job 655: Subtask insert_into_mysql
[2024-07-01T11:06:21.772-0400] {task_command.py:426} INFO - Running <TaskInstance: api_cuevana3_movie.insert_into_mysql scheduled__2024-07-01T02:00:00+00:00 [running]> on host walter-VirtualBox
[2024-07-01T11:06:21.910-0400] {taskinstance.py:2648} INFO - Exporting env vars: AIRFLOW_CTX_DAG_OWNER='airflow' AIRFLOW_CTX_DAG_ID='api_cuevana3_movie' AIRFLOW_CTX_TASK_ID='insert_into_mysql' AIRFLOW_CTX_EXECUTION_DATE='2024-07-01T02:00:00+00:00' AIRFLOW_CTX_TRY_NUMBER='1' AIRFLOW_CTX_DAG_RUN_ID='scheduled__2024-07-01T02:00:00+00:00'
[2024-07-01T11:06:21.911-0400] {taskinstance.py:430} INFO - ::endgroup::
[2024-07-01T11:06:21.925-0400] {logging_mixin.py:188} INFO - No se pudo obtener el JSON de datos de la pelicula
[2024-07-01T11:06:21.926-0400] {python.py:237} INFO - Done. Returned value was: None
[2024-07-01T11:06:21.926-0400] {taskinstance.py:441} INFO - ::group::Post task execution logs
[2024-07-01T11:06:21.929-0400] {taskinstance.py:1206} INFO - Marking task as SUCCESS. dag_id=api_cuevana3_movie, task_id=insert_into_mysql, run_id=scheduled__2024-07-01T02:00:00+00:00, execution_date=20240701T020000, start_date=20240701T150621, end_date=20240701T150621
[2024-07-01T11:06:21.961-0400] {local_task_job_runner.py:240} INFO - Task exited with return code 0
[2024-07-01T11:06:21.972-0400] {taskinstance.py:3503} INFO - 0 downstream tasks scheduled from follow-on schedule check
[2024-07-01T11:06:21.973-0400] {local_task_job_runner.py:222} INFO - ::endgroup::
[2024-07-01T21:25:14.873-0400] {local_task_job_runner.py:120} INFO - ::group::Pre task execution logs
[2024-07-01T21:25:14.889-0400] {taskinstance.py:2076} INFO - Dependencies all met for dep_context=non-requeueable deps ti=<TaskInstance: api_cuevana3_movie.insert_into_mysql scheduled__2024-07-01T02:00:00+00:00 [queued]>
[2024-07-01T21:25:14.893-0400] {taskinstance.py:2076} INFO - Dependencies all met for dep_context=requeueable deps ti=<TaskInstance: api_cuevana3_movie.insert_into_mysql scheduled__2024-07-01T02:00:00+00:00 [queued]>
[2024-07-01T21:25:14.893-0400] {taskinstance.py:2306} INFO - Starting attempt 1 of 1
[2024-07-01T21:25:14.913-0400] {taskinstance.py:2330} INFO - Executing <Task(PythonOperator): insert_into_mysql> on 2024-07-01 02:00:00+00:00
[2024-07-01T21:25:14.920-0400] {standard_task_runner.py:63} INFO - Started process 431010 to run task
[2024-07-01T21:25:14.922-0400] {standard_task_runner.py:90} INFO - Running: ['airflow', 'tasks', 'run', 'api_cuevana3_movie', 'insert_into_mysql', 'scheduled__2024-07-01T02:00:00+00:00', '--job-id', '784', '--raw', '--subdir', 'DAGS_FOLDER/movie_recommend.py', '--cfg-path', '/tmp/tmproy0lbof']
[2024-07-01T21:25:14.927-0400] {standard_task_runner.py:91} INFO - Job 784: Subtask insert_into_mysql
[2024-07-01T21:25:14.993-0400] {task_command.py:426} INFO - Running <TaskInstance: api_cuevana3_movie.insert_into_mysql scheduled__2024-07-01T02:00:00+00:00 [running]> on host walter-VirtualBox
[2024-07-01T21:25:15.125-0400] {taskinstance.py:2648} INFO - Exporting env vars: AIRFLOW_CTX_DAG_OWNER='airflow' AIRFLOW_CTX_DAG_ID='api_cuevana3_movie' AIRFLOW_CTX_TASK_ID='insert_into_mysql' AIRFLOW_CTX_EXECUTION_DATE='2024-07-01T02:00:00+00:00' AIRFLOW_CTX_TRY_NUMBER='1' AIRFLOW_CTX_DAG_RUN_ID='scheduled__2024-07-01T02:00:00+00:00'
[2024-07-01T21:25:15.129-0400] {taskinstance.py:430} INFO - ::endgroup::
[2024-07-01T21:25:15.162-0400] {logging_mixin.py:188} INFO - No se pudo obtener el JSON de datos de la pelicula
[2024-07-01T21:25:15.163-0400] {python.py:237} INFO - Done. Returned value was: None
[2024-07-01T21:25:15.163-0400] {taskinstance.py:441} INFO - ::group::Post task execution logs
[2024-07-01T21:25:15.166-0400] {taskinstance.py:1206} INFO - Marking task as SUCCESS. dag_id=api_cuevana3_movie, task_id=insert_into_mysql, run_id=scheduled__2024-07-01T02:00:00+00:00, execution_date=20240701T020000, start_date=20240702T012514, end_date=20240702T012515
[2024-07-01T21:25:15.235-0400] {local_task_job_runner.py:240} INFO - Task exited with return code 0
[2024-07-01T21:25:15.246-0400] {taskinstance.py:3503} INFO - 0 downstream tasks scheduled from follow-on schedule check
[2024-07-01T21:25:15.249-0400] {local_task_job_runner.py:222} INFO - ::endgroup::
[2024-07-01T23:03:40.390-0400] {local_task_job_runner.py:120} INFO - ::group::Pre task execution logs
[2024-07-01T23:03:40.424-0400] {taskinstance.py:2076} INFO - Dependencies all met for dep_context=non-requeueable deps ti=<TaskInstance: api_cuevana3_movie.insert_into_mysql scheduled__2024-07-01T02:00:00+00:00 [queued]>
[2024-07-01T23:03:40.429-0400] {taskinstance.py:2076} INFO - Dependencies all met for dep_context=requeueable deps ti=<TaskInstance: api_cuevana3_movie.insert_into_mysql scheduled__2024-07-01T02:00:00+00:00 [queued]>
[2024-07-01T23:03:40.430-0400] {taskinstance.py:2306} INFO - Starting attempt 1 of 1
[2024-07-01T23:03:40.488-0400] {taskinstance.py:2330} INFO - Executing <Task(PythonOperator): insert_into_mysql> on 2024-07-01 02:00:00+00:00
[2024-07-01T23:03:40.501-0400] {standard_task_runner.py:63} INFO - Started process 444786 to run task
[2024-07-01T23:03:40.504-0400] {standard_task_runner.py:90} INFO - Running: ['airflow', 'tasks', 'run', 'api_cuevana3_movie', 'insert_into_mysql', 'scheduled__2024-07-01T02:00:00+00:00', '--job-id', '814', '--raw', '--subdir', 'DAGS_FOLDER/movie_recommend.py', '--cfg-path', '/tmp/tmp996q8az1']
[2024-07-01T23:03:40.506-0400] {standard_task_runner.py:91} INFO - Job 814: Subtask insert_into_mysql
[2024-07-01T23:03:40.552-0400] {task_command.py:426} INFO - Running <TaskInstance: api_cuevana3_movie.insert_into_mysql scheduled__2024-07-01T02:00:00+00:00 [running]> on host walter-VirtualBox
[2024-07-01T23:03:40.635-0400] {taskinstance.py:2648} INFO - Exporting env vars: AIRFLOW_CTX_DAG_OWNER='airflow' AIRFLOW_CTX_DAG_ID='api_cuevana3_movie' AIRFLOW_CTX_TASK_ID='insert_into_mysql' AIRFLOW_CTX_EXECUTION_DATE='2024-07-01T02:00:00+00:00' AIRFLOW_CTX_TRY_NUMBER='1' AIRFLOW_CTX_DAG_RUN_ID='scheduled__2024-07-01T02:00:00+00:00'
[2024-07-01T23:03:40.635-0400] {taskinstance.py:430} INFO - ::endgroup::
[2024-07-01T23:03:41.087-0400] {python.py:237} INFO - Done. Returned value was: None
[2024-07-01T23:03:41.093-0400] {taskinstance.py:441} INFO - ::group::Post task execution logs
[2024-07-01T23:03:41.097-0400] {taskinstance.py:1206} INFO - Marking task as SUCCESS. dag_id=api_cuevana3_movie, task_id=insert_into_mysql, run_id=scheduled__2024-07-01T02:00:00+00:00, execution_date=20240701T020000, start_date=20240702T030340, end_date=20240702T030341
[2024-07-01T23:03:41.194-0400] {local_task_job_runner.py:240} INFO - Task exited with return code 0
[2024-07-01T23:03:41.231-0400] {taskinstance.py:3503} INFO - 1 downstream tasks scheduled from follow-on schedule check
[2024-07-01T23:03:41.247-0400] {local_task_job_runner.py:222} INFO - ::endgroup::
