[2024-07-01T20:32:36.549-0400] {local_task_job_runner.py:120} INFO - ::group::Pre task execution logs
[2024-07-01T20:32:36.565-0400] {taskinstance.py:2076} INFO - Dependencies all met for dep_context=non-requeueable deps ti=<TaskInstance: api_cuevana3_movie.print_json scheduled__2024-07-01T14:00:00+00:00 [queued]>
[2024-07-01T20:32:36.570-0400] {taskinstance.py:2076} INFO - Dependencies all met for dep_context=requeueable deps ti=<TaskInstance: api_cuevana3_movie.print_json scheduled__2024-07-01T14:00:00+00:00 [queued]>
[2024-07-01T20:32:36.571-0400] {taskinstance.py:2306} INFO - Starting attempt 1 of 1
[2024-07-01T20:32:36.599-0400] {taskinstance.py:2330} INFO - Executing <Task(PythonOperator): print_json> on 2024-07-01 14:00:00+00:00
[2024-07-01T20:32:36.606-0400] {standard_task_runner.py:63} INFO - Started process 417637 to run task
[2024-07-01T20:32:36.608-0400] {standard_task_runner.py:90} INFO - Running: ['airflow', 'tasks', 'run', 'api_cuevana3_movie', 'print_json', 'scheduled__2024-07-01T14:00:00+00:00', '--job-id', '737', '--raw', '--subdir', 'DAGS_FOLDER/movie_recommend.py', '--cfg-path', '/tmp/tmp2pqmgeok']
[2024-07-01T20:32:36.611-0400] {standard_task_runner.py:91} INFO - Job 737: Subtask print_json
[2024-07-01T20:32:36.691-0400] {task_command.py:426} INFO - Running <TaskInstance: api_cuevana3_movie.print_json scheduled__2024-07-01T14:00:00+00:00 [running]> on host walter-VirtualBox
[2024-07-01T20:32:36.933-0400] {taskinstance.py:2648} INFO - Exporting env vars: AIRFLOW_CTX_DAG_OWNER='airflow' AIRFLOW_CTX_DAG_ID='api_cuevana3_movie' AIRFLOW_CTX_TASK_ID='print_json' AIRFLOW_CTX_EXECUTION_DATE='2024-07-01T14:00:00+00:00' AIRFLOW_CTX_TRY_NUMBER='1' AIRFLOW_CTX_DAG_RUN_ID='scheduled__2024-07-01T14:00:00+00:00'
[2024-07-01T20:32:36.949-0400] {taskinstance.py:430} INFO - ::endgroup::
[2024-07-01T20:32:37.004-0400] {logging_mixin.py:188} INFO - No se pudo obtener el JSON de datos de la pelicula
[2024-07-01T20:32:37.004-0400] {python.py:237} INFO - Done. Returned value was: None
[2024-07-01T20:32:37.004-0400] {taskinstance.py:441} INFO - ::group::Post task execution logs
[2024-07-01T20:32:37.009-0400] {taskinstance.py:1206} INFO - Marking task as SUCCESS. dag_id=api_cuevana3_movie, task_id=print_json, run_id=scheduled__2024-07-01T14:00:00+00:00, execution_date=20240701T140000, start_date=20240702T003236, end_date=20240702T003237
[2024-07-01T20:32:37.084-0400] {local_task_job_runner.py:240} INFO - Task exited with return code 0
[2024-07-01T20:32:37.104-0400] {taskinstance.py:3503} INFO - 0 downstream tasks scheduled from follow-on schedule check
[2024-07-01T20:32:37.105-0400] {local_task_job_runner.py:222} INFO - ::endgroup::
[2024-07-01T23:23:48.688-0400] {local_task_job_runner.py:120} INFO - ::group::Pre task execution logs
[2024-07-01T23:23:48.712-0400] {taskinstance.py:2076} INFO - Dependencies all met for dep_context=non-requeueable deps ti=<TaskInstance: api_cuevana3_movie.print_json scheduled__2024-07-01T14:00:00+00:00 [queued]>
[2024-07-01T23:23:48.728-0400] {taskinstance.py:2076} INFO - Dependencies all met for dep_context=requeueable deps ti=<TaskInstance: api_cuevana3_movie.print_json scheduled__2024-07-01T14:00:00+00:00 [queued]>
[2024-07-01T23:23:48.728-0400] {taskinstance.py:2306} INFO - Starting attempt 1 of 1
[2024-07-01T23:23:48.751-0400] {taskinstance.py:2330} INFO - Executing <Task(PythonOperator): print_json> on 2024-07-01 14:00:00+00:00
[2024-07-01T23:23:48.758-0400] {standard_task_runner.py:63} INFO - Started process 453486 to run task
[2024-07-01T23:23:48.761-0400] {standard_task_runner.py:90} INFO - Running: ['airflow', 'tasks', 'run', 'api_cuevana3_movie', 'print_json', 'scheduled__2024-07-01T14:00:00+00:00', '--job-id', '880', '--raw', '--subdir', 'DAGS_FOLDER/movie_recommend.py', '--cfg-path', '/tmp/tmpyymaxkfb']
[2024-07-01T23:23:48.764-0400] {standard_task_runner.py:91} INFO - Job 880: Subtask print_json
[2024-07-01T23:23:48.904-0400] {task_command.py:426} INFO - Running <TaskInstance: api_cuevana3_movie.print_json scheduled__2024-07-01T14:00:00+00:00 [running]> on host walter-VirtualBox
[2024-07-01T23:23:49.047-0400] {taskinstance.py:2648} INFO - Exporting env vars: AIRFLOW_CTX_DAG_OWNER='airflow' AIRFLOW_CTX_DAG_ID='api_cuevana3_movie' AIRFLOW_CTX_TASK_ID='print_json' AIRFLOW_CTX_EXECUTION_DATE='2024-07-01T14:00:00+00:00' AIRFLOW_CTX_TRY_NUMBER='1' AIRFLOW_CTX_DAG_RUN_ID='scheduled__2024-07-01T14:00:00+00:00'
[2024-07-01T23:23:49.047-0400] {taskinstance.py:430} INFO - ::endgroup::
[2024-07-01T23:23:49.066-0400] {logging_mixin.py:188} INFO - ('{"image_url": '
 '"https://i0.wp.com/www.themoviedb.org/t/p/w185/Adh7xmtgSIUGZBaMj9VLTmq2G8z.jpg", '
 '"title": "Tarot", "rating": 6.6, "duration": "1h 32m", "year": "2024", '
 '"quality": "HD", "description": "Ver tarot Cuevana3.Un grupo de amigos de la '
 'universidad comienzan a morir de maneras relacionadas con su fortuna '
 'despu\\u00e9s de que les lean los hor\\u00f3scopos.", "genre": ["Terror"], '
 '"country": "United States", "director": "Spenser Cohen", "actors": ["Harriet '
 'Slater,", "Adain Bradley,", "Avantika,", "Jacob Batalon,", "Humberly '
 'Gonz\\u00e1lez,", "Wolfgang Novogratz,", "Larsen Thompson,", "Olwen '
 'Fou\\u00e9r\\u00e9,", "Sun\\u010dica Milanovi\\u0107,", "Alan Wells,", "Joss '
 'Carter,", "James Swanton,", "Sta\\u0161a Nikoli\\u0107,", "Anna Halberg,", '
 '"Cavin Cornwall,", "Lucy Ridley,", "Felix Leech,", "Vahidin Preli\\u0107,", '
 '"Dunja Pavlovi\\u0107,", "Vi\\u0161nja Obradovi\\u0107,"], "views": 612}')
[2024-07-01T23:23:49.066-0400] {python.py:237} INFO - Done. Returned value was: None
[2024-07-01T23:23:49.071-0400] {taskinstance.py:441} INFO - ::group::Post task execution logs
[2024-07-01T23:23:49.077-0400] {taskinstance.py:1206} INFO - Marking task as SUCCESS. dag_id=api_cuevana3_movie, task_id=print_json, run_id=scheduled__2024-07-01T14:00:00+00:00, execution_date=20240701T140000, start_date=20240702T032348, end_date=20240702T032349
[2024-07-01T23:23:49.172-0400] {local_task_job_runner.py:240} INFO - Task exited with return code 0
[2024-07-01T23:23:49.196-0400] {taskinstance.py:3503} INFO - 0 downstream tasks scheduled from follow-on schedule check
[2024-07-01T23:23:49.199-0400] {local_task_job_runner.py:222} INFO - ::endgroup::
