[2024-07-01T20:18:15.799-0400] {local_task_job_runner.py:120} INFO - ::group::Pre task execution logs
[2024-07-01T20:18:15.812-0400] {taskinstance.py:2076} INFO - Dependencies all met for dep_context=non-requeueable deps ti=<TaskInstance: api_cuevana3_movie.execute_post_url_fastapi scheduled__2024-07-01T14:00:00+00:00 [queued]>
[2024-07-01T20:18:15.816-0400] {taskinstance.py:2076} INFO - Dependencies all met for dep_context=requeueable deps ti=<TaskInstance: api_cuevana3_movie.execute_post_url_fastapi scheduled__2024-07-01T14:00:00+00:00 [queued]>
[2024-07-01T20:18:15.817-0400] {taskinstance.py:2306} INFO - Starting attempt 1 of 1
[2024-07-01T20:18:15.883-0400] {taskinstance.py:2330} INFO - Executing <Task(PythonOperator): execute_post_url_fastapi> on 2024-07-01 14:00:00+00:00
[2024-07-01T20:18:15.899-0400] {standard_task_runner.py:63} INFO - Started process 415588 to run task
[2024-07-01T20:18:15.904-0400] {standard_task_runner.py:90} INFO - Running: ['airflow', 'tasks', 'run', 'api_cuevana3_movie', 'execute_post_url_fastapi', 'scheduled__2024-07-01T14:00:00+00:00', '--job-id', '728', '--raw', '--subdir', 'DAGS_FOLDER/movie_recommend.py', '--cfg-path', '/tmp/tmp7xpt9k07']
[2024-07-01T20:18:15.913-0400] {standard_task_runner.py:91} INFO - Job 728: Subtask execute_post_url_fastapi
[2024-07-01T20:18:15.963-0400] {task_command.py:426} INFO - Running <TaskInstance: api_cuevana3_movie.execute_post_url_fastapi scheduled__2024-07-01T14:00:00+00:00 [running]> on host walter-VirtualBox
[2024-07-01T20:18:16.026-0400] {taskinstance.py:2648} INFO - Exporting env vars: AIRFLOW_CTX_DAG_OWNER='airflow' AIRFLOW_CTX_DAG_ID='api_cuevana3_movie' AIRFLOW_CTX_TASK_ID='execute_post_url_fastapi' AIRFLOW_CTX_EXECUTION_DATE='2024-07-01T14:00:00+00:00' AIRFLOW_CTX_TRY_NUMBER='1' AIRFLOW_CTX_DAG_RUN_ID='scheduled__2024-07-01T14:00:00+00:00'
[2024-07-01T20:18:16.031-0400] {taskinstance.py:430} INFO - ::endgroup::
[2024-07-01T20:18:18.131-0400] {logging_mixin.py:188} INFO - Scraping URL did not find any new URLs
[2024-07-01T20:18:18.131-0400] {python.py:237} INFO - Done. Returned value was: None
[2024-07-01T20:18:18.133-0400] {taskinstance.py:441} INFO - ::group::Post task execution logs
[2024-07-01T20:18:18.137-0400] {taskinstance.py:1206} INFO - Marking task as SUCCESS. dag_id=api_cuevana3_movie, task_id=execute_post_url_fastapi, run_id=scheduled__2024-07-01T14:00:00+00:00, execution_date=20240701T140000, start_date=20240702T001815, end_date=20240702T001818
[2024-07-01T20:18:18.227-0400] {local_task_job_runner.py:240} INFO - Task exited with return code 0
[2024-07-01T20:18:18.245-0400] {taskinstance.py:3503} INFO - 3 downstream tasks scheduled from follow-on schedule check
[2024-07-01T20:18:18.268-0400] {local_task_job_runner.py:222} INFO - ::endgroup::
[2024-07-01T23:19:26.837-0400] {local_task_job_runner.py:120} INFO - ::group::Pre task execution logs
[2024-07-01T23:19:26.850-0400] {taskinstance.py:2076} INFO - Dependencies all met for dep_context=non-requeueable deps ti=<TaskInstance: api_cuevana3_movie.execute_post_url_fastapi scheduled__2024-07-01T14:00:00+00:00 [queued]>
[2024-07-01T23:19:26.854-0400] {taskinstance.py:2076} INFO - Dependencies all met for dep_context=requeueable deps ti=<TaskInstance: api_cuevana3_movie.execute_post_url_fastapi scheduled__2024-07-01T14:00:00+00:00 [queued]>
[2024-07-01T23:19:26.854-0400] {taskinstance.py:2306} INFO - Starting attempt 1 of 1
[2024-07-01T23:19:26.868-0400] {taskinstance.py:2330} INFO - Executing <Task(PythonOperator): execute_post_url_fastapi> on 2024-07-01 14:00:00+00:00
[2024-07-01T23:19:26.873-0400] {standard_task_runner.py:63} INFO - Started process 450867 to run task
[2024-07-01T23:19:26.875-0400] {standard_task_runner.py:90} INFO - Running: ['airflow', 'tasks', 'run', 'api_cuevana3_movie', 'execute_post_url_fastapi', 'scheduled__2024-07-01T14:00:00+00:00', '--job-id', '866', '--raw', '--subdir', 'DAGS_FOLDER/movie_recommend.py', '--cfg-path', '/tmp/tmpx82wcj93']
[2024-07-01T23:19:26.877-0400] {standard_task_runner.py:91} INFO - Job 866: Subtask execute_post_url_fastapi
[2024-07-01T23:19:26.905-0400] {task_command.py:426} INFO - Running <TaskInstance: api_cuevana3_movie.execute_post_url_fastapi scheduled__2024-07-01T14:00:00+00:00 [running]> on host walter-VirtualBox
[2024-07-01T23:19:26.974-0400] {taskinstance.py:2648} INFO - Exporting env vars: AIRFLOW_CTX_DAG_OWNER='airflow' AIRFLOW_CTX_DAG_ID='api_cuevana3_movie' AIRFLOW_CTX_TASK_ID='execute_post_url_fastapi' AIRFLOW_CTX_EXECUTION_DATE='2024-07-01T14:00:00+00:00' AIRFLOW_CTX_TRY_NUMBER='1' AIRFLOW_CTX_DAG_RUN_ID='scheduled__2024-07-01T14:00:00+00:00'
[2024-07-01T23:19:26.975-0400] {taskinstance.py:430} INFO - ::endgroup::
[2024-07-01T23:19:28.441-0400] {logging_mixin.py:188} INFO - Scraping URL did not find any new URLs
[2024-07-01T23:19:28.442-0400] {python.py:237} INFO - Done. Returned value was: None
[2024-07-01T23:19:28.443-0400] {taskinstance.py:441} INFO - ::group::Post task execution logs
[2024-07-01T23:19:28.447-0400] {taskinstance.py:1206} INFO - Marking task as SUCCESS. dag_id=api_cuevana3_movie, task_id=execute_post_url_fastapi, run_id=scheduled__2024-07-01T14:00:00+00:00, execution_date=20240701T140000, start_date=20240702T031926, end_date=20240702T031928
[2024-07-01T23:19:28.504-0400] {local_task_job_runner.py:240} INFO - Task exited with return code 0
[2024-07-01T23:19:28.525-0400] {taskinstance.py:3503} INFO - 3 downstream tasks scheduled from follow-on schedule check
[2024-07-01T23:19:28.537-0400] {local_task_job_runner.py:222} INFO - ::endgroup::
