[2024-07-01T11:06:38.650-0400] {local_task_job_runner.py:120} INFO - ::group::Pre task execution logs
[2024-07-01T11:06:38.664-0400] {taskinstance.py:2076} INFO - Dependencies all met for dep_context=non-requeueable deps ti=<TaskInstance: api_cuevana3_movie.execute_post_url_fastapi scheduled__2024-07-01T05:00:00+00:00 [queued]>
[2024-07-01T11:06:38.671-0400] {taskinstance.py:2076} INFO - Dependencies all met for dep_context=requeueable deps ti=<TaskInstance: api_cuevana3_movie.execute_post_url_fastapi scheduled__2024-07-01T05:00:00+00:00 [queued]>
[2024-07-01T11:06:38.672-0400] {taskinstance.py:2306} INFO - Starting attempt 1 of 1
[2024-07-01T11:06:38.708-0400] {taskinstance.py:2330} INFO - Executing <Task(PythonOperator): execute_post_url_fastapi> on 2024-07-01 05:00:00+00:00
[2024-07-01T11:06:38.714-0400] {standard_task_runner.py:63} INFO - Started process 381900 to run task
[2024-07-01T11:06:38.718-0400] {standard_task_runner.py:90} INFO - Running: ['airflow', 'tasks', 'run', 'api_cuevana3_movie', 'execute_post_url_fastapi', 'scheduled__2024-07-01T05:00:00+00:00', '--job-id', '660', '--raw', '--subdir', 'DAGS_FOLDER/movie_recommend.py', '--cfg-path', '/tmp/tmpvf727whg']
[2024-07-01T11:06:38.721-0400] {standard_task_runner.py:91} INFO - Job 660: Subtask execute_post_url_fastapi
[2024-07-01T11:06:38.769-0400] {task_command.py:426} INFO - Running <TaskInstance: api_cuevana3_movie.execute_post_url_fastapi scheduled__2024-07-01T05:00:00+00:00 [running]> on host walter-VirtualBox
[2024-07-01T11:06:38.857-0400] {taskinstance.py:2648} INFO - Exporting env vars: AIRFLOW_CTX_DAG_OWNER='airflow' AIRFLOW_CTX_DAG_ID='api_cuevana3_movie' AIRFLOW_CTX_TASK_ID='execute_post_url_fastapi' AIRFLOW_CTX_EXECUTION_DATE='2024-07-01T05:00:00+00:00' AIRFLOW_CTX_TRY_NUMBER='1' AIRFLOW_CTX_DAG_RUN_ID='scheduled__2024-07-01T05:00:00+00:00'
[2024-07-01T11:06:38.857-0400] {taskinstance.py:430} INFO - ::endgroup::
[2024-07-01T11:06:40.749-0400] {logging_mixin.py:188} INFO - Scraping URL did not find any new URLs
[2024-07-01T11:06:40.750-0400] {python.py:237} INFO - Done. Returned value was: None
[2024-07-01T11:06:40.752-0400] {taskinstance.py:441} INFO - ::group::Post task execution logs
[2024-07-01T11:06:40.757-0400] {taskinstance.py:1206} INFO - Marking task as SUCCESS. dag_id=api_cuevana3_movie, task_id=execute_post_url_fastapi, run_id=scheduled__2024-07-01T05:00:00+00:00, execution_date=20240701T050000, start_date=20240701T150638, end_date=20240701T150640
[2024-07-01T11:06:40.848-0400] {local_task_job_runner.py:240} INFO - Task exited with return code 0
[2024-07-01T11:06:40.863-0400] {taskinstance.py:3503} INFO - 3 downstream tasks scheduled from follow-on schedule check
[2024-07-01T11:06:40.894-0400] {local_task_job_runner.py:222} INFO - ::endgroup::
[2024-07-01T11:17:41.679-0400] {local_task_job_runner.py:120} INFO - ::group::Pre task execution logs
[2024-07-01T11:17:41.701-0400] {taskinstance.py:2076} INFO - Dependencies all met for dep_context=non-requeueable deps ti=<TaskInstance: api_cuevana3_movie.execute_post_url_fastapi scheduled__2024-07-01T05:00:00+00:00 [queued]>
[2024-07-01T11:17:41.705-0400] {taskinstance.py:2076} INFO - Dependencies all met for dep_context=requeueable deps ti=<TaskInstance: api_cuevana3_movie.execute_post_url_fastapi scheduled__2024-07-01T05:00:00+00:00 [queued]>
[2024-07-01T11:17:41.705-0400] {taskinstance.py:2306} INFO - Starting attempt 1 of 1
[2024-07-01T11:17:41.744-0400] {taskinstance.py:2330} INFO - Executing <Task(PythonOperator): execute_post_url_fastapi> on 2024-07-01 05:00:00+00:00
[2024-07-01T11:17:41.750-0400] {standard_task_runner.py:63} INFO - Started process 383131 to run task
[2024-07-01T11:17:41.755-0400] {standard_task_runner.py:90} INFO - Running: ['airflow', 'tasks', 'run', 'api_cuevana3_movie', 'execute_post_url_fastapi', 'scheduled__2024-07-01T05:00:00+00:00', '--job-id', '678', '--raw', '--subdir', 'DAGS_FOLDER/movie_recommend.py', '--cfg-path', '/tmp/tmp2h7a61m9']
[2024-07-01T11:17:41.758-0400] {standard_task_runner.py:91} INFO - Job 678: Subtask execute_post_url_fastapi
[2024-07-01T11:17:41.830-0400] {task_command.py:426} INFO - Running <TaskInstance: api_cuevana3_movie.execute_post_url_fastapi scheduled__2024-07-01T05:00:00+00:00 [running]> on host walter-VirtualBox
[2024-07-01T11:17:41.934-0400] {taskinstance.py:2648} INFO - Exporting env vars: AIRFLOW_CTX_DAG_OWNER='airflow' AIRFLOW_CTX_DAG_ID='api_cuevana3_movie' AIRFLOW_CTX_TASK_ID='execute_post_url_fastapi' AIRFLOW_CTX_EXECUTION_DATE='2024-07-01T05:00:00+00:00' AIRFLOW_CTX_TRY_NUMBER='1' AIRFLOW_CTX_DAG_RUN_ID='scheduled__2024-07-01T05:00:00+00:00'
[2024-07-01T11:17:41.937-0400] {taskinstance.py:430} INFO - ::endgroup::
[2024-07-01T11:17:43.846-0400] {logging_mixin.py:188} INFO - Scraping URL did not find any new URLs
[2024-07-01T11:17:43.847-0400] {python.py:237} INFO - Done. Returned value was: None
[2024-07-01T11:17:43.847-0400] {taskinstance.py:441} INFO - ::group::Post task execution logs
[2024-07-01T11:17:43.853-0400] {taskinstance.py:1206} INFO - Marking task as SUCCESS. dag_id=api_cuevana3_movie, task_id=execute_post_url_fastapi, run_id=scheduled__2024-07-01T05:00:00+00:00, execution_date=20240701T050000, start_date=20240701T151741, end_date=20240701T151743
[2024-07-01T11:17:43.922-0400] {local_task_job_runner.py:240} INFO - Task exited with return code 0
[2024-07-01T11:17:43.946-0400] {taskinstance.py:3503} INFO - 3 downstream tasks scheduled from follow-on schedule check
[2024-07-01T11:17:43.958-0400] {local_task_job_runner.py:222} INFO - ::endgroup::
[2024-07-01T19:21:54.293-0400] {local_task_job_runner.py:120} INFO - ::group::Pre task execution logs
[2024-07-01T19:21:54.308-0400] {taskinstance.py:2076} INFO - Dependencies all met for dep_context=non-requeueable deps ti=<TaskInstance: api_cuevana3_movie.execute_post_url_fastapi scheduled__2024-07-01T05:00:00+00:00 [queued]>
[2024-07-01T19:21:54.312-0400] {taskinstance.py:2076} INFO - Dependencies all met for dep_context=requeueable deps ti=<TaskInstance: api_cuevana3_movie.execute_post_url_fastapi scheduled__2024-07-01T05:00:00+00:00 [queued]>
[2024-07-01T19:21:54.312-0400] {taskinstance.py:2306} INFO - Starting attempt 1 of 1
[2024-07-01T19:21:54.328-0400] {taskinstance.py:2330} INFO - Executing <Task(PythonOperator): execute_post_url_fastapi> on 2024-07-01 05:00:00+00:00
[2024-07-01T19:21:54.334-0400] {standard_task_runner.py:63} INFO - Started process 408977 to run task
[2024-07-01T19:21:54.337-0400] {standard_task_runner.py:90} INFO - Running: ['airflow', 'tasks', 'run', 'api_cuevana3_movie', 'execute_post_url_fastapi', 'scheduled__2024-07-01T05:00:00+00:00', '--job-id', '700', '--raw', '--subdir', 'DAGS_FOLDER/movie_recommend.py', '--cfg-path', '/tmp/tmp9p4clm96']
[2024-07-01T19:21:54.338-0400] {standard_task_runner.py:91} INFO - Job 700: Subtask execute_post_url_fastapi
[2024-07-01T19:21:54.388-0400] {task_command.py:426} INFO - Running <TaskInstance: api_cuevana3_movie.execute_post_url_fastapi scheduled__2024-07-01T05:00:00+00:00 [running]> on host walter-VirtualBox
[2024-07-01T19:21:54.465-0400] {taskinstance.py:2648} INFO - Exporting env vars: AIRFLOW_CTX_DAG_OWNER='airflow' AIRFLOW_CTX_DAG_ID='api_cuevana3_movie' AIRFLOW_CTX_TASK_ID='execute_post_url_fastapi' AIRFLOW_CTX_EXECUTION_DATE='2024-07-01T05:00:00+00:00' AIRFLOW_CTX_TRY_NUMBER='1' AIRFLOW_CTX_DAG_RUN_ID='scheduled__2024-07-01T05:00:00+00:00'
[2024-07-01T19:21:54.466-0400] {taskinstance.py:430} INFO - ::endgroup::
[2024-07-01T19:21:56.064-0400] {logging_mixin.py:188} INFO - Scraping URL did not find any new URLs
[2024-07-01T19:21:56.065-0400] {python.py:237} INFO - Done. Returned value was: None
[2024-07-01T19:21:56.065-0400] {taskinstance.py:441} INFO - ::group::Post task execution logs
[2024-07-01T19:21:56.071-0400] {taskinstance.py:1206} INFO - Marking task as SUCCESS. dag_id=api_cuevana3_movie, task_id=execute_post_url_fastapi, run_id=scheduled__2024-07-01T05:00:00+00:00, execution_date=20240701T050000, start_date=20240701T232154, end_date=20240701T232156
[2024-07-01T19:21:56.177-0400] {local_task_job_runner.py:240} INFO - Task exited with return code 0
[2024-07-01T19:21:56.219-0400] {taskinstance.py:3503} INFO - 3 downstream tasks scheduled from follow-on schedule check
[2024-07-01T19:21:56.245-0400] {local_task_job_runner.py:222} INFO - ::endgroup::
[2024-07-01T21:16:38.655-0400] {local_task_job_runner.py:120} INFO - ::group::Pre task execution logs
[2024-07-01T21:16:38.670-0400] {taskinstance.py:2076} INFO - Dependencies all met for dep_context=non-requeueable deps ti=<TaskInstance: api_cuevana3_movie.execute_post_url_fastapi scheduled__2024-07-01T05:00:00+00:00 [queued]>
[2024-07-01T21:16:38.677-0400] {taskinstance.py:2076} INFO - Dependencies all met for dep_context=requeueable deps ti=<TaskInstance: api_cuevana3_movie.execute_post_url_fastapi scheduled__2024-07-01T05:00:00+00:00 [queued]>
[2024-07-01T21:16:38.678-0400] {taskinstance.py:2306} INFO - Starting attempt 1 of 1
[2024-07-01T21:16:38.712-0400] {taskinstance.py:2330} INFO - Executing <Task(PythonOperator): execute_post_url_fastapi> on 2024-07-01 05:00:00+00:00
[2024-07-01T21:16:38.721-0400] {standard_task_runner.py:63} INFO - Started process 428759 to run task
[2024-07-01T21:16:38.724-0400] {standard_task_runner.py:90} INFO - Running: ['airflow', 'tasks', 'run', 'api_cuevana3_movie', 'execute_post_url_fastapi', 'scheduled__2024-07-01T05:00:00+00:00', '--job-id', '764', '--raw', '--subdir', 'DAGS_FOLDER/movie_recommend.py', '--cfg-path', '/tmp/tmplwm1yw1r']
[2024-07-01T21:16:38.726-0400] {standard_task_runner.py:91} INFO - Job 764: Subtask execute_post_url_fastapi
[2024-07-01T21:16:38.825-0400] {task_command.py:426} INFO - Running <TaskInstance: api_cuevana3_movie.execute_post_url_fastapi scheduled__2024-07-01T05:00:00+00:00 [running]> on host walter-VirtualBox
[2024-07-01T21:16:38.976-0400] {taskinstance.py:2648} INFO - Exporting env vars: AIRFLOW_CTX_DAG_OWNER='airflow' AIRFLOW_CTX_DAG_ID='api_cuevana3_movie' AIRFLOW_CTX_TASK_ID='execute_post_url_fastapi' AIRFLOW_CTX_EXECUTION_DATE='2024-07-01T05:00:00+00:00' AIRFLOW_CTX_TRY_NUMBER='1' AIRFLOW_CTX_DAG_RUN_ID='scheduled__2024-07-01T05:00:00+00:00'
[2024-07-01T21:16:38.982-0400] {taskinstance.py:430} INFO - ::endgroup::
[2024-07-01T21:16:41.131-0400] {logging_mixin.py:188} INFO - Scraping URL did not find any new URLs
[2024-07-01T21:16:41.132-0400] {python.py:237} INFO - Done. Returned value was: None
[2024-07-01T21:16:41.133-0400] {taskinstance.py:441} INFO - ::group::Post task execution logs
[2024-07-01T21:16:41.138-0400] {taskinstance.py:1206} INFO - Marking task as SUCCESS. dag_id=api_cuevana3_movie, task_id=execute_post_url_fastapi, run_id=scheduled__2024-07-01T05:00:00+00:00, execution_date=20240701T050000, start_date=20240702T011638, end_date=20240702T011641
[2024-07-01T21:16:41.247-0400] {local_task_job_runner.py:240} INFO - Task exited with return code 0
[2024-07-01T21:16:41.360-0400] {taskinstance.py:3503} INFO - 3 downstream tasks scheduled from follow-on schedule check
[2024-07-01T21:16:41.392-0400] {local_task_job_runner.py:222} INFO - ::endgroup::
[2024-07-01T23:05:37.529-0400] {local_task_job_runner.py:120} INFO - ::group::Pre task execution logs
[2024-07-01T23:05:37.559-0400] {taskinstance.py:2076} INFO - Dependencies all met for dep_context=non-requeueable deps ti=<TaskInstance: api_cuevana3_movie.execute_post_url_fastapi scheduled__2024-07-01T05:00:00+00:00 [queued]>
[2024-07-01T23:05:37.570-0400] {taskinstance.py:2076} INFO - Dependencies all met for dep_context=requeueable deps ti=<TaskInstance: api_cuevana3_movie.execute_post_url_fastapi scheduled__2024-07-01T05:00:00+00:00 [queued]>
[2024-07-01T23:05:37.570-0400] {taskinstance.py:2306} INFO - Starting attempt 1 of 1
[2024-07-01T23:05:37.604-0400] {taskinstance.py:2330} INFO - Executing <Task(PythonOperator): execute_post_url_fastapi> on 2024-07-01 05:00:00+00:00
[2024-07-01T23:05:37.613-0400] {standard_task_runner.py:63} INFO - Started process 445449 to run task
[2024-07-01T23:05:37.617-0400] {standard_task_runner.py:90} INFO - Running: ['airflow', 'tasks', 'run', 'api_cuevana3_movie', 'execute_post_url_fastapi', 'scheduled__2024-07-01T05:00:00+00:00', '--job-id', '821', '--raw', '--subdir', 'DAGS_FOLDER/movie_recommend.py', '--cfg-path', '/tmp/tmpxykyat28']
[2024-07-01T23:05:37.618-0400] {standard_task_runner.py:91} INFO - Job 821: Subtask execute_post_url_fastapi
[2024-07-01T23:05:37.675-0400] {task_command.py:426} INFO - Running <TaskInstance: api_cuevana3_movie.execute_post_url_fastapi scheduled__2024-07-01T05:00:00+00:00 [running]> on host walter-VirtualBox
[2024-07-01T23:05:37.877-0400] {taskinstance.py:2648} INFO - Exporting env vars: AIRFLOW_CTX_DAG_OWNER='airflow' AIRFLOW_CTX_DAG_ID='api_cuevana3_movie' AIRFLOW_CTX_TASK_ID='execute_post_url_fastapi' AIRFLOW_CTX_EXECUTION_DATE='2024-07-01T05:00:00+00:00' AIRFLOW_CTX_TRY_NUMBER='1' AIRFLOW_CTX_DAG_RUN_ID='scheduled__2024-07-01T05:00:00+00:00'
[2024-07-01T23:05:37.879-0400] {taskinstance.py:430} INFO - ::endgroup::
[2024-07-01T23:05:40.152-0400] {logging_mixin.py:188} INFO - Scraping URL did not find any new URLs
[2024-07-01T23:05:40.156-0400] {python.py:237} INFO - Done. Returned value was: None
[2024-07-01T23:05:40.159-0400] {taskinstance.py:441} INFO - ::group::Post task execution logs
[2024-07-01T23:05:40.175-0400] {taskinstance.py:1206} INFO - Marking task as SUCCESS. dag_id=api_cuevana3_movie, task_id=execute_post_url_fastapi, run_id=scheduled__2024-07-01T05:00:00+00:00, execution_date=20240701T050000, start_date=20240702T030537, end_date=20240702T030540
[2024-07-01T23:05:40.285-0400] {local_task_job_runner.py:240} INFO - Task exited with return code 0
[2024-07-01T23:05:40.385-0400] {taskinstance.py:3503} INFO - 3 downstream tasks scheduled from follow-on schedule check
[2024-07-01T23:05:40.414-0400] {local_task_job_runner.py:222} INFO - ::endgroup::
[2024-07-01T23:37:08.230-0400] {local_task_job_runner.py:120} INFO - ::group::Pre task execution logs
[2024-07-01T23:37:08.258-0400] {taskinstance.py:2076} INFO - Dependencies all met for dep_context=non-requeueable deps ti=<TaskInstance: api_cuevana3_movie.execute_post_url_fastapi scheduled__2024-07-01T05:00:00+00:00 [queued]>
[2024-07-01T23:37:08.273-0400] {taskinstance.py:2076} INFO - Dependencies all met for dep_context=requeueable deps ti=<TaskInstance: api_cuevana3_movie.execute_post_url_fastapi scheduled__2024-07-01T05:00:00+00:00 [queued]>
[2024-07-01T23:37:08.274-0400] {taskinstance.py:2306} INFO - Starting attempt 1 of 1
[2024-07-01T23:37:08.302-0400] {taskinstance.py:2330} INFO - Executing <Task(PythonOperator): execute_post_url_fastapi> on 2024-07-01 05:00:00+00:00
[2024-07-01T23:37:08.308-0400] {standard_task_runner.py:63} INFO - Started process 459742 to run task
[2024-07-01T23:37:08.312-0400] {standard_task_runner.py:90} INFO - Running: ['airflow', 'tasks', 'run', 'api_cuevana3_movie', 'execute_post_url_fastapi', 'scheduled__2024-07-01T05:00:00+00:00', '--job-id', '906', '--raw', '--subdir', 'DAGS_FOLDER/movie_recommend.py', '--cfg-path', '/tmp/tmpyfasg34p']
[2024-07-01T23:37:08.314-0400] {standard_task_runner.py:91} INFO - Job 906: Subtask execute_post_url_fastapi
[2024-07-01T23:37:08.398-0400] {task_command.py:426} INFO - Running <TaskInstance: api_cuevana3_movie.execute_post_url_fastapi scheduled__2024-07-01T05:00:00+00:00 [running]> on host walter-VirtualBox
[2024-07-01T23:37:08.554-0400] {taskinstance.py:2648} INFO - Exporting env vars: AIRFLOW_CTX_DAG_OWNER='airflow' AIRFLOW_CTX_DAG_ID='api_cuevana3_movie' AIRFLOW_CTX_TASK_ID='execute_post_url_fastapi' AIRFLOW_CTX_EXECUTION_DATE='2024-07-01T05:00:00+00:00' AIRFLOW_CTX_TRY_NUMBER='1' AIRFLOW_CTX_DAG_RUN_ID='scheduled__2024-07-01T05:00:00+00:00'
[2024-07-01T23:37:08.555-0400] {taskinstance.py:430} INFO - ::endgroup::
[2024-07-01T23:37:10.775-0400] {logging_mixin.py:188} INFO - Scraping URL did not find any new URLs
[2024-07-01T23:37:10.776-0400] {python.py:237} INFO - Done. Returned value was: None
[2024-07-01T23:37:10.777-0400] {taskinstance.py:441} INFO - ::group::Post task execution logs
[2024-07-01T23:37:10.785-0400] {taskinstance.py:1206} INFO - Marking task as SUCCESS. dag_id=api_cuevana3_movie, task_id=execute_post_url_fastapi, run_id=scheduled__2024-07-01T05:00:00+00:00, execution_date=20240701T050000, start_date=20240702T033708, end_date=20240702T033710
[2024-07-01T23:37:10.837-0400] {local_task_job_runner.py:240} INFO - Task exited with return code 0
[2024-07-01T23:37:10.856-0400] {taskinstance.py:3503} INFO - 1 downstream tasks scheduled from follow-on schedule check
[2024-07-01T23:37:10.882-0400] {local_task_job_runner.py:222} INFO - ::endgroup::
