[2024-06-27T15:38:32.408-0400] {local_task_job_runner.py:120} INFO - ::group::Pre task execution logs
[2024-06-27T15:38:32.467-0400] {taskinstance.py:2076} INFO - Dependencies all met for dep_context=non-requeueable deps ti=<TaskInstance: api_cuevana3_movie.run_kafka_producer scheduled__2024-06-27T00:01:30+00:00 [queued]>
[2024-06-27T15:38:32.492-0400] {taskinstance.py:2076} INFO - Dependencies all met for dep_context=requeueable deps ti=<TaskInstance: api_cuevana3_movie.run_kafka_producer scheduled__2024-06-27T00:01:30+00:00 [queued]>
[2024-06-27T15:38:32.493-0400] {taskinstance.py:2306} INFO - Starting attempt 1 of 1
[2024-06-27T15:38:32.541-0400] {taskinstance.py:2330} INFO - Executing <Task(PythonOperator): run_kafka_producer> on 2024-06-27 00:01:30+00:00
[2024-06-27T15:38:32.548-0400] {standard_task_runner.py:63} INFO - Started process 185443 to run task
[2024-06-27T15:38:32.554-0400] {standard_task_runner.py:90} INFO - Running: ['airflow', 'tasks', 'run', 'api_cuevana3_movie', 'run_kafka_producer', 'scheduled__2024-06-27T00:01:30+00:00', '--job-id', '85', '--raw', '--subdir', 'DAGS_FOLDER/movie_recommend.py', '--cfg-path', '/tmp/tmp9d0q_ipy']
[2024-06-27T15:38:32.555-0400] {standard_task_runner.py:91} INFO - Job 85: Subtask run_kafka_producer
[2024-06-27T15:38:32.598-0400] {task_command.py:426} INFO - Running <TaskInstance: api_cuevana3_movie.run_kafka_producer scheduled__2024-06-27T00:01:30+00:00 [running]> on host walter-VirtualBox
[2024-06-27T15:38:32.747-0400] {taskinstance.py:2648} INFO - Exporting env vars: AIRFLOW_CTX_DAG_OWNER='airflow' AIRFLOW_CTX_DAG_ID='api_cuevana3_movie' AIRFLOW_CTX_TASK_ID='run_kafka_producer' AIRFLOW_CTX_EXECUTION_DATE='2024-06-27T00:01:30+00:00' AIRFLOW_CTX_TRY_NUMBER='1' AIRFLOW_CTX_DAG_RUN_ID='scheduled__2024-06-27T00:01:30+00:00'
[2024-06-27T15:38:32.750-0400] {taskinstance.py:430} INFO - ::endgroup::
[2024-06-27T15:38:32.790-0400] {taskinstance.py:441} INFO - ::group::Post task execution logs
[2024-06-27T15:38:32.792-0400] {taskinstance.py:2905} ERROR - Task failed with exception
Traceback (most recent call last):
  File "/home/walter/Documentos/rakuntentv/venv/lib/python3.12/site-packages/airflow/models/taskinstance.py", line 465, in _execute_task
    result = _execute_callable(context=context, **execute_callable_kwargs)
             ^^^^^^^^^^^^^^^^^^^^^^^^^^^^^^^^^^^^^^^^^^^^^^^^^^^^^^^^^^^^^
  File "/home/walter/Documentos/rakuntentv/venv/lib/python3.12/site-packages/airflow/models/taskinstance.py", line 432, in _execute_callable
    return execute_callable(context=context, **execute_callable_kwargs)
           ^^^^^^^^^^^^^^^^^^^^^^^^^^^^^^^^^^^^^^^^^^^^^^^^^^^^^^^^^^^^
  File "/home/walter/Documentos/rakuntentv/venv/lib/python3.12/site-packages/airflow/models/baseoperator.py", line 401, in wrapper
    return func(self, *args, **kwargs)
           ^^^^^^^^^^^^^^^^^^^^^^^^^^^
  File "/home/walter/Documentos/rakuntentv/venv/lib/python3.12/site-packages/airflow/operators/python.py", line 235, in execute
    return_value = self.execute_callable()
                   ^^^^^^^^^^^^^^^^^^^^^^^
  File "/home/walter/Documentos/rakuntentv/venv/lib/python3.12/site-packages/airflow/operators/python.py", line 252, in execute_callable
    return self.python_callable(*self.op_args, **self.op_kwargs)
           ^^^^^^^^^^^^^^^^^^^^^^^^^^^^^^^^^^^^^^^^^^^^^^^^^^^^^
  File "/home/walter/Documentos/rakuntentv/airflow/dags/movie_recommend.py", line 34, in json_serialization
    json_data = ti.xcom_pull(tasks_ids='fetch_movie_task')
                ^^^^^^^^^^^^^^^^^^^^^^^^^^^^^^^^^^^^^^^^^^
  File "/home/walter/Documentos/rakuntentv/venv/lib/python3.12/site-packages/airflow/utils/session.py", line 79, in wrapper
    return func(*args, session=session, **kwargs)
           ^^^^^^^^^^^^^^^^^^^^^^^^^^^^^^^^^^^^^^
TypeError: TaskInstance.xcom_pull() got an unexpected keyword argument 'tasks_ids'
[2024-06-27T15:38:32.802-0400] {taskinstance.py:1206} INFO - Marking task as FAILED. dag_id=api_cuevana3_movie, task_id=run_kafka_producer, run_id=scheduled__2024-06-27T00:01:30+00:00, execution_date=20240627T000130, start_date=20240627T193832, end_date=20240627T193832
[2024-06-27T15:38:32.859-0400] {standard_task_runner.py:110} ERROR - Failed to execute job 85 for task run_kafka_producer (TaskInstance.xcom_pull() got an unexpected keyword argument 'tasks_ids'; 185443)
[2024-06-27T15:38:32.904-0400] {local_task_job_runner.py:240} INFO - Task exited with return code 1
[2024-06-27T15:38:32.913-0400] {taskinstance.py:3503} INFO - 0 downstream tasks scheduled from follow-on schedule check
[2024-06-27T15:38:32.914-0400] {local_task_job_runner.py:222} INFO - ::endgroup::
[2024-06-27T15:45:30.626-0400] {local_task_job_runner.py:120} INFO - ::group::Pre task execution logs
[2024-06-27T15:45:30.657-0400] {taskinstance.py:2076} INFO - Dependencies all met for dep_context=non-requeueable deps ti=<TaskInstance: api_cuevana3_movie.run_kafka_producer scheduled__2024-06-27T00:01:30+00:00 [queued]>
[2024-06-27T15:45:30.685-0400] {taskinstance.py:2076} INFO - Dependencies all met for dep_context=requeueable deps ti=<TaskInstance: api_cuevana3_movie.run_kafka_producer scheduled__2024-06-27T00:01:30+00:00 [queued]>
[2024-06-27T15:45:30.685-0400] {taskinstance.py:2306} INFO - Starting attempt 1 of 1
[2024-06-27T15:45:30.745-0400] {taskinstance.py:2330} INFO - Executing <Task(PythonOperator): run_kafka_producer> on 2024-06-27 00:01:30+00:00
[2024-06-27T15:45:30.759-0400] {standard_task_runner.py:63} INFO - Started process 187085 to run task
[2024-06-27T15:45:30.787-0400] {standard_task_runner.py:90} INFO - Running: ['airflow', 'tasks', 'run', 'api_cuevana3_movie', 'run_kafka_producer', 'scheduled__2024-06-27T00:01:30+00:00', '--job-id', '144', '--raw', '--subdir', 'DAGS_FOLDER/movie_recommend.py', '--cfg-path', '/tmp/tmp0syaj083']
[2024-06-27T15:45:30.791-0400] {standard_task_runner.py:91} INFO - Job 144: Subtask run_kafka_producer
[2024-06-27T15:45:30.872-0400] {task_command.py:426} INFO - Running <TaskInstance: api_cuevana3_movie.run_kafka_producer scheduled__2024-06-27T00:01:30+00:00 [running]> on host walter-VirtualBox
[2024-06-27T15:45:31.015-0400] {taskinstance.py:2648} INFO - Exporting env vars: AIRFLOW_CTX_DAG_OWNER='airflow' AIRFLOW_CTX_DAG_ID='api_cuevana3_movie' AIRFLOW_CTX_TASK_ID='run_kafka_producer' AIRFLOW_CTX_EXECUTION_DATE='2024-06-27T00:01:30+00:00' AIRFLOW_CTX_TRY_NUMBER='1' AIRFLOW_CTX_DAG_RUN_ID='scheduled__2024-06-27T00:01:30+00:00'
[2024-06-27T15:45:31.018-0400] {taskinstance.py:430} INFO - ::endgroup::
[2024-06-27T15:45:31.039-0400] {taskinstance.py:441} INFO - ::group::Post task execution logs
[2024-06-27T15:45:31.040-0400] {taskinstance.py:2905} ERROR - Task failed with exception
Traceback (most recent call last):
  File "/home/walter/Documentos/rakuntentv/venv/lib/python3.12/site-packages/airflow/models/taskinstance.py", line 465, in _execute_task
    result = _execute_callable(context=context, **execute_callable_kwargs)
             ^^^^^^^^^^^^^^^^^^^^^^^^^^^^^^^^^^^^^^^^^^^^^^^^^^^^^^^^^^^^^
  File "/home/walter/Documentos/rakuntentv/venv/lib/python3.12/site-packages/airflow/models/taskinstance.py", line 432, in _execute_callable
    return execute_callable(context=context, **execute_callable_kwargs)
           ^^^^^^^^^^^^^^^^^^^^^^^^^^^^^^^^^^^^^^^^^^^^^^^^^^^^^^^^^^^^
  File "/home/walter/Documentos/rakuntentv/venv/lib/python3.12/site-packages/airflow/models/baseoperator.py", line 401, in wrapper
    return func(self, *args, **kwargs)
           ^^^^^^^^^^^^^^^^^^^^^^^^^^^
  File "/home/walter/Documentos/rakuntentv/venv/lib/python3.12/site-packages/airflow/operators/python.py", line 235, in execute
    return_value = self.execute_callable()
                   ^^^^^^^^^^^^^^^^^^^^^^^
  File "/home/walter/Documentos/rakuntentv/venv/lib/python3.12/site-packages/airflow/operators/python.py", line 252, in execute_callable
    return self.python_callable(*self.op_args, **self.op_kwargs)
           ^^^^^^^^^^^^^^^^^^^^^^^^^^^^^^^^^^^^^^^^^^^^^^^^^^^^^
  File "/home/walter/Documentos/rakuntentv/airflow/dags/movie_recommend.py", line 41, in json_serialization
    producer = Producer(producer_config)
               ^^^^^^^^^^^^^^^^^^^^^^^^^
cimpl.KafkaException: KafkaError{code=_INVALID_ARG,val=-186,str="No such configuration property: "bootstrap_server""}
[2024-06-27T15:45:31.051-0400] {taskinstance.py:1206} INFO - Marking task as FAILED. dag_id=api_cuevana3_movie, task_id=run_kafka_producer, run_id=scheduled__2024-06-27T00:01:30+00:00, execution_date=20240627T000130, start_date=20240627T194530, end_date=20240627T194531
[2024-06-27T15:45:31.086-0400] {standard_task_runner.py:110} ERROR - Failed to execute job 144 for task run_kafka_producer (KafkaError{code=_INVALID_ARG,val=-186,str="No such configuration property: "bootstrap_server""}; 187085)
[2024-06-27T15:45:31.125-0400] {local_task_job_runner.py:240} INFO - Task exited with return code 1
[2024-06-27T15:45:31.158-0400] {taskinstance.py:3503} INFO - 0 downstream tasks scheduled from follow-on schedule check
[2024-06-27T15:45:31.159-0400] {local_task_job_runner.py:222} INFO - ::endgroup::
[2024-06-27T20:35:37.883-0400] {local_task_job_runner.py:120} INFO - ::group::Pre task execution logs
[2024-06-27T20:35:37.906-0400] {taskinstance.py:2076} INFO - Dependencies all met for dep_context=non-requeueable deps ti=<TaskInstance: api_cuevana3_movie.run_kafka_producer scheduled__2024-06-27T00:01:30+00:00 [queued]>
[2024-06-27T20:35:37.913-0400] {taskinstance.py:2076} INFO - Dependencies all met for dep_context=requeueable deps ti=<TaskInstance: api_cuevana3_movie.run_kafka_producer scheduled__2024-06-27T00:01:30+00:00 [queued]>
[2024-06-27T20:35:37.914-0400] {taskinstance.py:2306} INFO - Starting attempt 1 of 1
[2024-06-27T20:35:37.939-0400] {taskinstance.py:2330} INFO - Executing <Task(PythonOperator): run_kafka_producer> on 2024-06-27 00:01:30+00:00
[2024-06-27T20:35:37.945-0400] {standard_task_runner.py:63} INFO - Started process 207639 to run task
[2024-06-27T20:35:37.948-0400] {standard_task_runner.py:90} INFO - Running: ['airflow', 'tasks', 'run', 'api_cuevana3_movie', 'run_kafka_producer', 'scheduled__2024-06-27T00:01:30+00:00', '--job-id', '234', '--raw', '--subdir', 'DAGS_FOLDER/movie_recommend.py', '--cfg-path', '/tmp/tmpe0slgygy']
[2024-06-27T20:35:37.949-0400] {standard_task_runner.py:91} INFO - Job 234: Subtask run_kafka_producer
[2024-06-27T20:35:38.064-0400] {task_command.py:426} INFO - Running <TaskInstance: api_cuevana3_movie.run_kafka_producer scheduled__2024-06-27T00:01:30+00:00 [running]> on host walter-VirtualBox
[2024-06-27T20:35:38.281-0400] {taskinstance.py:2648} INFO - Exporting env vars: AIRFLOW_CTX_DAG_OWNER='airflow' AIRFLOW_CTX_DAG_ID='api_cuevana3_movie' AIRFLOW_CTX_TASK_ID='run_kafka_producer' AIRFLOW_CTX_EXECUTION_DATE='2024-06-27T00:01:30+00:00' AIRFLOW_CTX_TRY_NUMBER='1' AIRFLOW_CTX_DAG_RUN_ID='scheduled__2024-06-27T00:01:30+00:00'
[2024-06-27T20:35:38.286-0400] {taskinstance.py:430} INFO - ::endgroup::
[2024-06-27T20:35:38.335-0400] {python.py:237} INFO - Done. Returned value was: None
[2024-06-27T20:35:38.336-0400] {taskinstance.py:441} INFO - ::group::Post task execution logs
[2024-06-27T20:35:38.343-0400] {taskinstance.py:1206} INFO - Marking task as SUCCESS. dag_id=api_cuevana3_movie, task_id=run_kafka_producer, run_id=scheduled__2024-06-27T00:01:30+00:00, execution_date=20240627T000130, start_date=20240628T003537, end_date=20240628T003538
[2024-06-27T20:35:38.392-0400] {local_task_job_runner.py:240} INFO - Task exited with return code 0
[2024-06-27T20:35:38.435-0400] {taskinstance.py:3503} INFO - 1 downstream tasks scheduled from follow-on schedule check
[2024-06-27T20:35:38.455-0400] {local_task_job_runner.py:222} INFO - ::endgroup::
[2024-06-27T20:41:43.636-0400] {local_task_job_runner.py:120} INFO - ::group::Pre task execution logs
[2024-06-27T20:41:43.649-0400] {taskinstance.py:2076} INFO - Dependencies all met for dep_context=non-requeueable deps ti=<TaskInstance: api_cuevana3_movie.run_kafka_producer scheduled__2024-06-27T00:01:30+00:00 [queued]>
[2024-06-27T20:41:43.656-0400] {taskinstance.py:2076} INFO - Dependencies all met for dep_context=requeueable deps ti=<TaskInstance: api_cuevana3_movie.run_kafka_producer scheduled__2024-06-27T00:01:30+00:00 [queued]>
[2024-06-27T20:41:43.656-0400] {taskinstance.py:2306} INFO - Starting attempt 1 of 1
[2024-06-27T20:41:43.678-0400] {taskinstance.py:2330} INFO - Executing <Task(PythonOperator): run_kafka_producer> on 2024-06-27 00:01:30+00:00
[2024-06-27T20:41:43.701-0400] {standard_task_runner.py:63} INFO - Started process 209561 to run task
[2024-06-27T20:41:43.709-0400] {standard_task_runner.py:90} INFO - Running: ['airflow', 'tasks', 'run', 'api_cuevana3_movie', 'run_kafka_producer', 'scheduled__2024-06-27T00:01:30+00:00', '--job-id', '261', '--raw', '--subdir', 'DAGS_FOLDER/movie_recommend.py', '--cfg-path', '/tmp/tmpochowz1n']
[2024-06-27T20:41:43.712-0400] {standard_task_runner.py:91} INFO - Job 261: Subtask run_kafka_producer
[2024-06-27T20:41:43.802-0400] {task_command.py:426} INFO - Running <TaskInstance: api_cuevana3_movie.run_kafka_producer scheduled__2024-06-27T00:01:30+00:00 [running]> on host walter-VirtualBox
[2024-06-27T20:41:43.935-0400] {taskinstance.py:2648} INFO - Exporting env vars: AIRFLOW_CTX_DAG_OWNER='airflow' AIRFLOW_CTX_DAG_ID='api_cuevana3_movie' AIRFLOW_CTX_TASK_ID='run_kafka_producer' AIRFLOW_CTX_EXECUTION_DATE='2024-06-27T00:01:30+00:00' AIRFLOW_CTX_TRY_NUMBER='1' AIRFLOW_CTX_DAG_RUN_ID='scheduled__2024-06-27T00:01:30+00:00'
[2024-06-27T20:41:43.936-0400] {taskinstance.py:430} INFO - ::endgroup::
[2024-06-27T20:41:44.013-0400] {python.py:237} INFO - Done. Returned value was: None
[2024-06-27T20:41:44.013-0400] {taskinstance.py:441} INFO - ::group::Post task execution logs
[2024-06-27T20:41:44.031-0400] {taskinstance.py:1206} INFO - Marking task as SUCCESS. dag_id=api_cuevana3_movie, task_id=run_kafka_producer, run_id=scheduled__2024-06-27T00:01:30+00:00, execution_date=20240627T000130, start_date=20240628T004143, end_date=20240628T004144
[2024-06-27T20:41:44.133-0400] {local_task_job_runner.py:240} INFO - Task exited with return code 0
[2024-06-27T20:41:44.166-0400] {taskinstance.py:3503} INFO - 1 downstream tasks scheduled from follow-on schedule check
[2024-06-27T20:41:44.215-0400] {local_task_job_runner.py:222} INFO - ::endgroup::
[2024-06-27T20:55:29.027-0400] {local_task_job_runner.py:120} INFO - ::group::Pre task execution logs
[2024-06-27T20:55:29.079-0400] {taskinstance.py:2076} INFO - Dependencies all met for dep_context=non-requeueable deps ti=<TaskInstance: api_cuevana3_movie.run_kafka_producer scheduled__2024-06-27T00:01:30+00:00 [queued]>
[2024-06-27T20:55:29.090-0400] {taskinstance.py:2076} INFO - Dependencies all met for dep_context=requeueable deps ti=<TaskInstance: api_cuevana3_movie.run_kafka_producer scheduled__2024-06-27T00:01:30+00:00 [queued]>
[2024-06-27T20:55:29.091-0400] {taskinstance.py:2306} INFO - Starting attempt 1 of 1
[2024-06-27T20:55:29.180-0400] {taskinstance.py:2330} INFO - Executing <Task(PythonOperator): run_kafka_producer> on 2024-06-27 00:01:30+00:00
[2024-06-27T20:55:29.197-0400] {standard_task_runner.py:63} INFO - Started process 211631 to run task
[2024-06-27T20:55:29.201-0400] {standard_task_runner.py:90} INFO - Running: ['airflow', 'tasks', 'run', 'api_cuevana3_movie', 'run_kafka_producer', 'scheduled__2024-06-27T00:01:30+00:00', '--job-id', '279', '--raw', '--subdir', 'DAGS_FOLDER/movie_recommend.py', '--cfg-path', '/tmp/tmpj5sdjhv7']
[2024-06-27T20:55:29.204-0400] {standard_task_runner.py:91} INFO - Job 279: Subtask run_kafka_producer
[2024-06-27T20:55:29.303-0400] {task_command.py:426} INFO - Running <TaskInstance: api_cuevana3_movie.run_kafka_producer scheduled__2024-06-27T00:01:30+00:00 [running]> on host walter-VirtualBox
[2024-06-27T20:55:29.422-0400] {taskinstance.py:2648} INFO - Exporting env vars: AIRFLOW_CTX_DAG_OWNER='airflow' AIRFLOW_CTX_DAG_ID='api_cuevana3_movie' AIRFLOW_CTX_TASK_ID='run_kafka_producer' AIRFLOW_CTX_EXECUTION_DATE='2024-06-27T00:01:30+00:00' AIRFLOW_CTX_TRY_NUMBER='1' AIRFLOW_CTX_DAG_RUN_ID='scheduled__2024-06-27T00:01:30+00:00'
[2024-06-27T20:55:29.423-0400] {taskinstance.py:430} INFO - ::endgroup::
[2024-06-27T20:55:29.489-0400] {python.py:237} INFO - Done. Returned value was: None
[2024-06-27T20:55:29.490-0400] {taskinstance.py:441} INFO - ::group::Post task execution logs
[2024-06-27T20:55:29.499-0400] {taskinstance.py:1206} INFO - Marking task as SUCCESS. dag_id=api_cuevana3_movie, task_id=run_kafka_producer, run_id=scheduled__2024-06-27T00:01:30+00:00, execution_date=20240627T000130, start_date=20240628T005529, end_date=20240628T005529
[2024-06-27T20:55:29.555-0400] {local_task_job_runner.py:240} INFO - Task exited with return code 0
[2024-06-27T20:55:29.580-0400] {taskinstance.py:3503} INFO - 1 downstream tasks scheduled from follow-on schedule check
[2024-06-27T20:55:29.595-0400] {local_task_job_runner.py:222} INFO - ::endgroup::
[2024-06-27T21:10:27.650-0400] {local_task_job_runner.py:120} INFO - ::group::Pre task execution logs
[2024-06-27T21:10:27.671-0400] {taskinstance.py:2076} INFO - Dependencies all met for dep_context=non-requeueable deps ti=<TaskInstance: api_cuevana3_movie.run_kafka_producer scheduled__2024-06-27T00:01:30+00:00 [queued]>
[2024-06-27T21:10:27.681-0400] {taskinstance.py:2076} INFO - Dependencies all met for dep_context=requeueable deps ti=<TaskInstance: api_cuevana3_movie.run_kafka_producer scheduled__2024-06-27T00:01:30+00:00 [queued]>
[2024-06-27T21:10:27.681-0400] {taskinstance.py:2306} INFO - Starting attempt 1 of 1
[2024-06-27T21:10:27.756-0400] {taskinstance.py:2330} INFO - Executing <Task(PythonOperator): run_kafka_producer> on 2024-06-27 00:01:30+00:00
[2024-06-27T21:10:27.766-0400] {standard_task_runner.py:63} INFO - Started process 213800 to run task
[2024-06-27T21:10:27.791-0400] {standard_task_runner.py:90} INFO - Running: ['airflow', 'tasks', 'run', 'api_cuevana3_movie', 'run_kafka_producer', 'scheduled__2024-06-27T00:01:30+00:00', '--job-id', '297', '--raw', '--subdir', 'DAGS_FOLDER/movie_recommend.py', '--cfg-path', '/tmp/tmpcqu3fcvj']
[2024-06-27T21:10:27.807-0400] {standard_task_runner.py:91} INFO - Job 297: Subtask run_kafka_producer
[2024-06-27T21:10:28.006-0400] {task_command.py:426} INFO - Running <TaskInstance: api_cuevana3_movie.run_kafka_producer scheduled__2024-06-27T00:01:30+00:00 [running]> on host walter-VirtualBox
[2024-06-27T21:10:28.107-0400] {taskinstance.py:2648} INFO - Exporting env vars: AIRFLOW_CTX_DAG_OWNER='airflow' AIRFLOW_CTX_DAG_ID='api_cuevana3_movie' AIRFLOW_CTX_TASK_ID='run_kafka_producer' AIRFLOW_CTX_EXECUTION_DATE='2024-06-27T00:01:30+00:00' AIRFLOW_CTX_TRY_NUMBER='1' AIRFLOW_CTX_DAG_RUN_ID='scheduled__2024-06-27T00:01:30+00:00'
[2024-06-27T21:10:28.108-0400] {taskinstance.py:430} INFO - ::endgroup::
[2024-06-27T21:10:28.249-0400] {python.py:237} INFO - Done. Returned value was: None
[2024-06-27T21:10:28.267-0400] {taskinstance.py:441} INFO - ::group::Post task execution logs
[2024-06-27T21:10:28.285-0400] {taskinstance.py:1206} INFO - Marking task as SUCCESS. dag_id=api_cuevana3_movie, task_id=run_kafka_producer, run_id=scheduled__2024-06-27T00:01:30+00:00, execution_date=20240627T000130, start_date=20240628T011027, end_date=20240628T011028
[2024-06-27T21:10:28.366-0400] {local_task_job_runner.py:240} INFO - Task exited with return code 0
[2024-06-27T21:10:28.448-0400] {taskinstance.py:3503} INFO - 1 downstream tasks scheduled from follow-on schedule check
[2024-06-27T21:10:28.501-0400] {local_task_job_runner.py:222} INFO - ::endgroup::
[2024-06-27T21:43:58.733-0400] {local_task_job_runner.py:120} INFO - ::group::Pre task execution logs
[2024-06-27T21:43:58.762-0400] {taskinstance.py:2076} INFO - Dependencies all met for dep_context=non-requeueable deps ti=<TaskInstance: api_cuevana3_movie.run_kafka_producer scheduled__2024-06-27T00:01:30+00:00 [queued]>
[2024-06-27T21:43:58.773-0400] {taskinstance.py:2076} INFO - Dependencies all met for dep_context=requeueable deps ti=<TaskInstance: api_cuevana3_movie.run_kafka_producer scheduled__2024-06-27T00:01:30+00:00 [queued]>
[2024-06-27T21:43:58.774-0400] {taskinstance.py:2306} INFO - Starting attempt 1 of 1
[2024-06-27T21:43:58.898-0400] {taskinstance.py:2330} INFO - Executing <Task(PythonOperator): run_kafka_producer> on 2024-06-27 00:01:30+00:00
[2024-06-27T21:43:58.907-0400] {standard_task_runner.py:63} INFO - Started process 220369 to run task
[2024-06-27T21:43:58.917-0400] {standard_task_runner.py:90} INFO - Running: ['airflow', 'tasks', 'run', 'api_cuevana3_movie', 'run_kafka_producer', 'scheduled__2024-06-27T00:01:30+00:00', '--job-id', '345', '--raw', '--subdir', 'DAGS_FOLDER/movie_recommend.py', '--cfg-path', '/tmp/tmprg8hzg5e']
[2024-06-27T21:43:58.920-0400] {standard_task_runner.py:91} INFO - Job 345: Subtask run_kafka_producer
[2024-06-27T21:43:59.014-0400] {task_command.py:426} INFO - Running <TaskInstance: api_cuevana3_movie.run_kafka_producer scheduled__2024-06-27T00:01:30+00:00 [running]> on host walter-VirtualBox
[2024-06-27T21:43:59.197-0400] {taskinstance.py:2648} INFO - Exporting env vars: AIRFLOW_CTX_DAG_OWNER='airflow' AIRFLOW_CTX_DAG_ID='api_cuevana3_movie' AIRFLOW_CTX_TASK_ID='run_kafka_producer' AIRFLOW_CTX_EXECUTION_DATE='2024-06-27T00:01:30+00:00' AIRFLOW_CTX_TRY_NUMBER='1' AIRFLOW_CTX_DAG_RUN_ID='scheduled__2024-06-27T00:01:30+00:00'
[2024-06-27T21:43:59.218-0400] {taskinstance.py:430} INFO - ::endgroup::
[2024-06-27T21:43:59.371-0400] {python.py:237} INFO - Done. Returned value was: None
[2024-06-27T21:43:59.371-0400] {taskinstance.py:441} INFO - ::group::Post task execution logs
[2024-06-27T21:43:59.405-0400] {taskinstance.py:1206} INFO - Marking task as SUCCESS. dag_id=api_cuevana3_movie, task_id=run_kafka_producer, run_id=scheduled__2024-06-27T00:01:30+00:00, execution_date=20240627T000130, start_date=20240628T014358, end_date=20240628T014359
[2024-06-27T21:43:59.464-0400] {local_task_job_runner.py:240} INFO - Task exited with return code 0
[2024-06-27T21:43:59.494-0400] {taskinstance.py:3503} INFO - 1 downstream tasks scheduled from follow-on schedule check
[2024-06-27T21:43:59.565-0400] {local_task_job_runner.py:222} INFO - ::endgroup::
[2024-06-27T22:25:04.474-0400] {local_task_job_runner.py:120} INFO - ::group::Pre task execution logs
[2024-06-27T22:25:04.507-0400] {taskinstance.py:2076} INFO - Dependencies all met for dep_context=non-requeueable deps ti=<TaskInstance: api_cuevana3_movie.run_kafka_producer scheduled__2024-06-27T00:01:30+00:00 [queued]>
[2024-06-27T22:25:04.518-0400] {taskinstance.py:2076} INFO - Dependencies all met for dep_context=requeueable deps ti=<TaskInstance: api_cuevana3_movie.run_kafka_producer scheduled__2024-06-27T00:01:30+00:00 [queued]>
[2024-06-27T22:25:04.518-0400] {taskinstance.py:2306} INFO - Starting attempt 1 of 1
[2024-06-27T22:25:04.568-0400] {taskinstance.py:2330} INFO - Executing <Task(PythonOperator): run_kafka_producer> on 2024-06-27 00:01:30+00:00
[2024-06-27T22:25:04.600-0400] {standard_task_runner.py:63} INFO - Started process 226174 to run task
[2024-06-27T22:25:04.604-0400] {standard_task_runner.py:90} INFO - Running: ['airflow', 'tasks', 'run', 'api_cuevana3_movie', 'run_kafka_producer', 'scheduled__2024-06-27T00:01:30+00:00', '--job-id', '368', '--raw', '--subdir', 'DAGS_FOLDER/movie_recommend.py', '--cfg-path', '/tmp/tmpaqnpenmy']
[2024-06-27T22:25:04.607-0400] {standard_task_runner.py:91} INFO - Job 368: Subtask run_kafka_producer
[2024-06-27T22:25:04.779-0400] {task_command.py:426} INFO - Running <TaskInstance: api_cuevana3_movie.run_kafka_producer scheduled__2024-06-27T00:01:30+00:00 [running]> on host walter-VirtualBox
[2024-06-27T22:25:05.023-0400] {taskinstance.py:2648} INFO - Exporting env vars: AIRFLOW_CTX_DAG_OWNER='airflow' AIRFLOW_CTX_DAG_ID='api_cuevana3_movie' AIRFLOW_CTX_TASK_ID='run_kafka_producer' AIRFLOW_CTX_EXECUTION_DATE='2024-06-27T00:01:30+00:00' AIRFLOW_CTX_TRY_NUMBER='1' AIRFLOW_CTX_DAG_RUN_ID='scheduled__2024-06-27T00:01:30+00:00'
[2024-06-27T22:25:05.025-0400] {taskinstance.py:430} INFO - ::endgroup::
[2024-06-27T22:25:05.198-0400] {python.py:237} INFO - Done. Returned value was: None
[2024-06-27T22:25:05.199-0400] {taskinstance.py:441} INFO - ::group::Post task execution logs
[2024-06-27T22:25:05.208-0400] {taskinstance.py:1206} INFO - Marking task as SUCCESS. dag_id=api_cuevana3_movie, task_id=run_kafka_producer, run_id=scheduled__2024-06-27T00:01:30+00:00, execution_date=20240627T000130, start_date=20240628T022504, end_date=20240628T022505
[2024-06-27T22:25:05.283-0400] {local_task_job_runner.py:240} INFO - Task exited with return code 0
[2024-06-27T22:25:05.314-0400] {taskinstance.py:3503} INFO - 1 downstream tasks scheduled from follow-on schedule check
[2024-06-27T22:25:05.337-0400] {local_task_job_runner.py:222} INFO - ::endgroup::
[2024-06-28T09:51:48.073-0400] {local_task_job_runner.py:120} INFO - ::group::Pre task execution logs
[2024-06-28T09:51:48.093-0400] {taskinstance.py:2076} INFO - Dependencies all met for dep_context=non-requeueable deps ti=<TaskInstance: api_cuevana3_movie.run_kafka_producer scheduled__2024-06-27T00:01:30+00:00 [queued]>
[2024-06-28T09:51:48.100-0400] {taskinstance.py:2076} INFO - Dependencies all met for dep_context=requeueable deps ti=<TaskInstance: api_cuevana3_movie.run_kafka_producer scheduled__2024-06-27T00:01:30+00:00 [queued]>
[2024-06-28T09:51:48.101-0400] {taskinstance.py:2306} INFO - Starting attempt 1 of 1
[2024-06-28T09:51:48.138-0400] {taskinstance.py:2330} INFO - Executing <Task(PythonOperator): run_kafka_producer> on 2024-06-27 00:01:30+00:00
[2024-06-28T09:51:48.146-0400] {standard_task_runner.py:63} INFO - Started process 229818 to run task
[2024-06-28T09:51:48.151-0400] {standard_task_runner.py:90} INFO - Running: ['airflow', 'tasks', 'run', 'api_cuevana3_movie', 'run_kafka_producer', 'scheduled__2024-06-27T00:01:30+00:00', '--job-id', '388', '--raw', '--subdir', 'DAGS_FOLDER/movie_recommend.py', '--cfg-path', '/tmp/tmp6eld27sy']
[2024-06-28T09:51:48.155-0400] {standard_task_runner.py:91} INFO - Job 388: Subtask run_kafka_producer
[2024-06-28T09:51:48.297-0400] {task_command.py:426} INFO - Running <TaskInstance: api_cuevana3_movie.run_kafka_producer scheduled__2024-06-27T00:01:30+00:00 [running]> on host walter-VirtualBox
[2024-06-28T09:51:48.472-0400] {taskinstance.py:2648} INFO - Exporting env vars: AIRFLOW_CTX_DAG_OWNER='airflow' AIRFLOW_CTX_DAG_ID='api_cuevana3_movie' AIRFLOW_CTX_TASK_ID='run_kafka_producer' AIRFLOW_CTX_EXECUTION_DATE='2024-06-27T00:01:30+00:00' AIRFLOW_CTX_TRY_NUMBER='1' AIRFLOW_CTX_DAG_RUN_ID='scheduled__2024-06-27T00:01:30+00:00'
[2024-06-28T09:51:48.473-0400] {taskinstance.py:430} INFO - ::endgroup::
[2024-06-28T09:51:48.561-0400] {python.py:237} INFO - Done. Returned value was: None
[2024-06-28T09:51:48.562-0400] {taskinstance.py:441} INFO - ::group::Post task execution logs
[2024-06-28T09:51:48.570-0400] {taskinstance.py:1206} INFO - Marking task as SUCCESS. dag_id=api_cuevana3_movie, task_id=run_kafka_producer, run_id=scheduled__2024-06-27T00:01:30+00:00, execution_date=20240627T000130, start_date=20240628T135148, end_date=20240628T135148
[2024-06-28T09:51:48.636-0400] {local_task_job_runner.py:240} INFO - Task exited with return code 0
[2024-06-28T09:51:48.669-0400] {taskinstance.py:3503} INFO - 1 downstream tasks scheduled from follow-on schedule check
[2024-06-28T09:51:48.679-0400] {local_task_job_runner.py:222} INFO - ::endgroup::
[2024-06-28T10:48:27.332-0400] {local_task_job_runner.py:120} INFO - ::group::Pre task execution logs
[2024-06-28T10:48:27.364-0400] {taskinstance.py:2076} INFO - Dependencies all met for dep_context=non-requeueable deps ti=<TaskInstance: api_cuevana3_movie.run_kafka_producer scheduled__2024-06-27T00:01:30+00:00 [queued]>
[2024-06-28T10:48:27.377-0400] {taskinstance.py:2076} INFO - Dependencies all met for dep_context=requeueable deps ti=<TaskInstance: api_cuevana3_movie.run_kafka_producer scheduled__2024-06-27T00:01:30+00:00 [queued]>
[2024-06-28T10:48:27.378-0400] {taskinstance.py:2306} INFO - Starting attempt 1 of 1
[2024-06-28T10:48:27.419-0400] {taskinstance.py:2330} INFO - Executing <Task(PythonOperator): run_kafka_producer> on 2024-06-27 00:01:30+00:00
[2024-06-28T10:48:27.433-0400] {standard_task_runner.py:63} INFO - Started process 235552 to run task
[2024-06-28T10:48:27.437-0400] {standard_task_runner.py:90} INFO - Running: ['airflow', 'tasks', 'run', 'api_cuevana3_movie', 'run_kafka_producer', 'scheduled__2024-06-27T00:01:30+00:00', '--job-id', '438', '--raw', '--subdir', 'DAGS_FOLDER/movie_recommend.py', '--cfg-path', '/tmp/tmpkj5koywv']
[2024-06-28T10:48:27.440-0400] {standard_task_runner.py:91} INFO - Job 438: Subtask run_kafka_producer
[2024-06-28T10:48:27.569-0400] {task_command.py:426} INFO - Running <TaskInstance: api_cuevana3_movie.run_kafka_producer scheduled__2024-06-27T00:01:30+00:00 [running]> on host walter-VirtualBox
[2024-06-28T10:48:27.745-0400] {taskinstance.py:2648} INFO - Exporting env vars: AIRFLOW_CTX_DAG_OWNER='airflow' AIRFLOW_CTX_DAG_ID='api_cuevana3_movie' AIRFLOW_CTX_TASK_ID='run_kafka_producer' AIRFLOW_CTX_EXECUTION_DATE='2024-06-27T00:01:30+00:00' AIRFLOW_CTX_TRY_NUMBER='1' AIRFLOW_CTX_DAG_RUN_ID='scheduled__2024-06-27T00:01:30+00:00'
[2024-06-28T10:48:27.752-0400] {taskinstance.py:430} INFO - ::endgroup::
[2024-06-28T10:48:27.889-0400] {python.py:237} INFO - Done. Returned value was: None
[2024-06-28T10:48:27.890-0400] {taskinstance.py:441} INFO - ::group::Post task execution logs
[2024-06-28T10:48:27.905-0400] {taskinstance.py:1206} INFO - Marking task as SUCCESS. dag_id=api_cuevana3_movie, task_id=run_kafka_producer, run_id=scheduled__2024-06-27T00:01:30+00:00, execution_date=20240627T000130, start_date=20240628T144827, end_date=20240628T144827
[2024-06-28T10:48:27.995-0400] {local_task_job_runner.py:240} INFO - Task exited with return code 0
[2024-06-28T10:48:28.035-0400] {taskinstance.py:3503} INFO - 1 downstream tasks scheduled from follow-on schedule check
[2024-06-28T10:48:28.095-0400] {local_task_job_runner.py:222} INFO - ::endgroup::
[2024-06-28T11:01:05.594-0400] {local_task_job_runner.py:120} INFO - ::group::Pre task execution logs
[2024-06-28T11:01:05.617-0400] {taskinstance.py:2076} INFO - Dependencies all met for dep_context=non-requeueable deps ti=<TaskInstance: api_cuevana3_movie.run_kafka_producer scheduled__2024-06-27T00:01:30+00:00 [queued]>
[2024-06-28T11:01:05.625-0400] {taskinstance.py:2076} INFO - Dependencies all met for dep_context=requeueable deps ti=<TaskInstance: api_cuevana3_movie.run_kafka_producer scheduled__2024-06-27T00:01:30+00:00 [queued]>
[2024-06-28T11:01:05.625-0400] {taskinstance.py:2306} INFO - Starting attempt 1 of 1
[2024-06-28T11:01:05.653-0400] {taskinstance.py:2330} INFO - Executing <Task(PythonOperator): run_kafka_producer> on 2024-06-27 00:01:30+00:00
[2024-06-28T11:01:05.673-0400] {standard_task_runner.py:63} INFO - Started process 236541 to run task
[2024-06-28T11:01:05.695-0400] {standard_task_runner.py:90} INFO - Running: ['airflow', 'tasks', 'run', 'api_cuevana3_movie', 'run_kafka_producer', 'scheduled__2024-06-27T00:01:30+00:00', '--job-id', '449', '--raw', '--subdir', 'DAGS_FOLDER/movie_recommend.py', '--cfg-path', '/tmp/tmp0fjljidr']
[2024-06-28T11:01:05.703-0400] {standard_task_runner.py:91} INFO - Job 449: Subtask run_kafka_producer
[2024-06-28T11:01:05.802-0400] {task_command.py:426} INFO - Running <TaskInstance: api_cuevana3_movie.run_kafka_producer scheduled__2024-06-27T00:01:30+00:00 [running]> on host walter-VirtualBox
[2024-06-28T11:01:06.033-0400] {taskinstance.py:2648} INFO - Exporting env vars: AIRFLOW_CTX_DAG_OWNER='airflow' AIRFLOW_CTX_DAG_ID='api_cuevana3_movie' AIRFLOW_CTX_TASK_ID='run_kafka_producer' AIRFLOW_CTX_EXECUTION_DATE='2024-06-27T00:01:30+00:00' AIRFLOW_CTX_TRY_NUMBER='1' AIRFLOW_CTX_DAG_RUN_ID='scheduled__2024-06-27T00:01:30+00:00'
[2024-06-28T11:01:06.036-0400] {taskinstance.py:430} INFO - ::endgroup::
[2024-06-28T11:01:06.155-0400] {python.py:237} INFO - Done. Returned value was: None
[2024-06-28T11:01:06.155-0400] {taskinstance.py:441} INFO - ::group::Post task execution logs
[2024-06-28T11:01:06.160-0400] {taskinstance.py:1206} INFO - Marking task as SUCCESS. dag_id=api_cuevana3_movie, task_id=run_kafka_producer, run_id=scheduled__2024-06-27T00:01:30+00:00, execution_date=20240627T000130, start_date=20240628T150105, end_date=20240628T150106
[2024-06-28T11:01:06.276-0400] {local_task_job_runner.py:240} INFO - Task exited with return code 0
[2024-06-28T11:01:06.315-0400] {taskinstance.py:3503} INFO - 1 downstream tasks scheduled from follow-on schedule check
[2024-06-28T11:01:06.329-0400] {local_task_job_runner.py:222} INFO - ::endgroup::
[2024-06-28T11:16:00.908-0400] {local_task_job_runner.py:120} INFO - ::group::Pre task execution logs
[2024-06-28T11:16:00.944-0400] {taskinstance.py:2076} INFO - Dependencies all met for dep_context=non-requeueable deps ti=<TaskInstance: api_cuevana3_movie.run_kafka_producer scheduled__2024-06-27T00:01:30+00:00 [queued]>
[2024-06-28T11:16:00.956-0400] {taskinstance.py:2076} INFO - Dependencies all met for dep_context=requeueable deps ti=<TaskInstance: api_cuevana3_movie.run_kafka_producer scheduled__2024-06-27T00:01:30+00:00 [queued]>
[2024-06-28T11:16:00.957-0400] {taskinstance.py:2306} INFO - Starting attempt 1 of 1
[2024-06-28T11:16:00.993-0400] {taskinstance.py:2330} INFO - Executing <Task(PythonOperator): run_kafka_producer> on 2024-06-27 00:01:30+00:00
[2024-06-28T11:16:01.010-0400] {standard_task_runner.py:63} INFO - Started process 240978 to run task
[2024-06-28T11:16:01.015-0400] {standard_task_runner.py:90} INFO - Running: ['airflow', 'tasks', 'run', 'api_cuevana3_movie', 'run_kafka_producer', 'scheduled__2024-06-27T00:01:30+00:00', '--job-id', '518', '--raw', '--subdir', 'DAGS_FOLDER/movie_recommend.py', '--cfg-path', '/tmp/tmp97be_ob0']
[2024-06-28T11:16:01.019-0400] {standard_task_runner.py:91} INFO - Job 518: Subtask run_kafka_producer
[2024-06-28T11:16:01.145-0400] {task_command.py:426} INFO - Running <TaskInstance: api_cuevana3_movie.run_kafka_producer scheduled__2024-06-27T00:01:30+00:00 [running]> on host walter-VirtualBox
[2024-06-28T11:16:01.309-0400] {taskinstance.py:2648} INFO - Exporting env vars: AIRFLOW_CTX_DAG_OWNER='airflow' AIRFLOW_CTX_DAG_ID='api_cuevana3_movie' AIRFLOW_CTX_TASK_ID='run_kafka_producer' AIRFLOW_CTX_EXECUTION_DATE='2024-06-27T00:01:30+00:00' AIRFLOW_CTX_TRY_NUMBER='1' AIRFLOW_CTX_DAG_RUN_ID='scheduled__2024-06-27T00:01:30+00:00'
[2024-06-28T11:16:01.310-0400] {taskinstance.py:430} INFO - ::endgroup::
[2024-06-28T11:16:01.440-0400] {python.py:237} INFO - Done. Returned value was: None
[2024-06-28T11:16:01.441-0400] {taskinstance.py:441} INFO - ::group::Post task execution logs
[2024-06-28T11:16:01.446-0400] {taskinstance.py:1206} INFO - Marking task as SUCCESS. dag_id=api_cuevana3_movie, task_id=run_kafka_producer, run_id=scheduled__2024-06-27T00:01:30+00:00, execution_date=20240627T000130, start_date=20240628T151600, end_date=20240628T151601
[2024-06-28T11:16:01.500-0400] {local_task_job_runner.py:240} INFO - Task exited with return code 0
[2024-06-28T11:16:01.533-0400] {taskinstance.py:3503} INFO - 1 downstream tasks scheduled from follow-on schedule check
[2024-06-28T11:16:01.548-0400] {local_task_job_runner.py:222} INFO - ::endgroup::
[2024-06-28T15:59:10.674-0400] {local_task_job_runner.py:120} INFO - ::group::Pre task execution logs
[2024-06-28T15:59:10.722-0400] {taskinstance.py:2076} INFO - Dependencies all met for dep_context=non-requeueable deps ti=<TaskInstance: api_cuevana3_movie.run_kafka_producer scheduled__2024-06-27T00:01:30+00:00 [queued]>
[2024-06-28T15:59:10.739-0400] {taskinstance.py:2076} INFO - Dependencies all met for dep_context=requeueable deps ti=<TaskInstance: api_cuevana3_movie.run_kafka_producer scheduled__2024-06-27T00:01:30+00:00 [queued]>
[2024-06-28T15:59:10.741-0400] {taskinstance.py:2306} INFO - Starting attempt 1 of 1
[2024-06-28T15:59:10.796-0400] {taskinstance.py:2330} INFO - Executing <Task(PythonOperator): run_kafka_producer> on 2024-06-27 00:01:30+00:00
[2024-06-28T15:59:10.807-0400] {standard_task_runner.py:63} INFO - Started process 245107 to run task
[2024-06-28T15:59:10.819-0400] {standard_task_runner.py:90} INFO - Running: ['airflow', 'tasks', 'run', 'api_cuevana3_movie', 'run_kafka_producer', 'scheduled__2024-06-27T00:01:30+00:00', '--job-id', '568', '--raw', '--subdir', 'DAGS_FOLDER/movie_recommend.py', '--cfg-path', '/tmp/tmpqarz9r_s']
[2024-06-28T15:59:10.822-0400] {standard_task_runner.py:91} INFO - Job 568: Subtask run_kafka_producer
[2024-06-28T15:59:10.923-0400] {task_command.py:426} INFO - Running <TaskInstance: api_cuevana3_movie.run_kafka_producer scheduled__2024-06-27T00:01:30+00:00 [running]> on host walter-VirtualBox
[2024-06-28T15:59:11.030-0400] {taskinstance.py:2648} INFO - Exporting env vars: AIRFLOW_CTX_DAG_OWNER='airflow' AIRFLOW_CTX_DAG_ID='api_cuevana3_movie' AIRFLOW_CTX_TASK_ID='run_kafka_producer' AIRFLOW_CTX_EXECUTION_DATE='2024-06-27T00:01:30+00:00' AIRFLOW_CTX_TRY_NUMBER='1' AIRFLOW_CTX_DAG_RUN_ID='scheduled__2024-06-27T00:01:30+00:00'
[2024-06-28T15:59:11.030-0400] {taskinstance.py:430} INFO - ::endgroup::
[2024-06-28T15:59:11.097-0400] {python.py:237} INFO - Done. Returned value was: None
[2024-06-28T15:59:11.098-0400] {taskinstance.py:441} INFO - ::group::Post task execution logs
[2024-06-28T15:59:11.102-0400] {taskinstance.py:1206} INFO - Marking task as SUCCESS. dag_id=api_cuevana3_movie, task_id=run_kafka_producer, run_id=scheduled__2024-06-27T00:01:30+00:00, execution_date=20240627T000130, start_date=20240628T195910, end_date=20240628T195911
[2024-06-28T15:59:11.192-0400] {local_task_job_runner.py:240} INFO - Task exited with return code 0
[2024-06-28T15:59:11.225-0400] {taskinstance.py:3503} INFO - 1 downstream tasks scheduled from follow-on schedule check
[2024-06-28T15:59:11.253-0400] {local_task_job_runner.py:222} INFO - ::endgroup::
[2024-06-28T16:18:16.212-0400] {local_task_job_runner.py:120} INFO - ::group::Pre task execution logs
[2024-06-28T16:18:16.274-0400] {taskinstance.py:2076} INFO - Dependencies all met for dep_context=non-requeueable deps ti=<TaskInstance: api_cuevana3_movie.run_kafka_producer scheduled__2024-06-27T00:01:30+00:00 [queued]>
[2024-06-28T16:18:16.281-0400] {taskinstance.py:2076} INFO - Dependencies all met for dep_context=requeueable deps ti=<TaskInstance: api_cuevana3_movie.run_kafka_producer scheduled__2024-06-27T00:01:30+00:00 [queued]>
[2024-06-28T16:18:16.281-0400] {taskinstance.py:2306} INFO - Starting attempt 1 of 1
[2024-06-28T16:18:16.324-0400] {taskinstance.py:2330} INFO - Executing <Task(PythonOperator): run_kafka_producer> on 2024-06-27 00:01:30+00:00
[2024-06-28T16:18:16.332-0400] {standard_task_runner.py:63} INFO - Started process 247785 to run task
[2024-06-28T16:18:16.338-0400] {standard_task_runner.py:90} INFO - Running: ['airflow', 'tasks', 'run', 'api_cuevana3_movie', 'run_kafka_producer', 'scheduled__2024-06-27T00:01:30+00:00', '--job-id', '593', '--raw', '--subdir', 'DAGS_FOLDER/movie_recommend.py', '--cfg-path', '/tmp/tmpqmtbi4ql']
[2024-06-28T16:18:16.343-0400] {standard_task_runner.py:91} INFO - Job 593: Subtask run_kafka_producer
[2024-06-28T16:18:16.477-0400] {task_command.py:426} INFO - Running <TaskInstance: api_cuevana3_movie.run_kafka_producer scheduled__2024-06-27T00:01:30+00:00 [running]> on host walter-VirtualBox
[2024-06-28T16:18:16.629-0400] {taskinstance.py:2648} INFO - Exporting env vars: AIRFLOW_CTX_DAG_OWNER='airflow' AIRFLOW_CTX_DAG_ID='api_cuevana3_movie' AIRFLOW_CTX_TASK_ID='run_kafka_producer' AIRFLOW_CTX_EXECUTION_DATE='2024-06-27T00:01:30+00:00' AIRFLOW_CTX_TRY_NUMBER='1' AIRFLOW_CTX_DAG_RUN_ID='scheduled__2024-06-27T00:01:30+00:00'
[2024-06-28T16:18:16.631-0400] {taskinstance.py:430} INFO - ::endgroup::
[2024-06-28T16:18:16.767-0400] {python.py:237} INFO - Done. Returned value was: None
[2024-06-28T16:18:16.769-0400] {taskinstance.py:441} INFO - ::group::Post task execution logs
[2024-06-28T16:18:16.783-0400] {taskinstance.py:1206} INFO - Marking task as SUCCESS. dag_id=api_cuevana3_movie, task_id=run_kafka_producer, run_id=scheduled__2024-06-27T00:01:30+00:00, execution_date=20240627T000130, start_date=20240628T201816, end_date=20240628T201816
[2024-06-28T16:18:16.863-0400] {local_task_job_runner.py:240} INFO - Task exited with return code 0
[2024-06-28T16:18:16.905-0400] {taskinstance.py:3503} INFO - 1 downstream tasks scheduled from follow-on schedule check
[2024-06-28T16:18:16.949-0400] {local_task_job_runner.py:222} INFO - ::endgroup::
[2024-06-28T16:30:17.055-0400] {local_task_job_runner.py:120} INFO - ::group::Pre task execution logs
[2024-06-28T16:30:17.074-0400] {taskinstance.py:2076} INFO - Dependencies all met for dep_context=non-requeueable deps ti=<TaskInstance: api_cuevana3_movie.run_kafka_producer scheduled__2024-06-27T00:01:30+00:00 [queued]>
[2024-06-28T16:30:17.083-0400] {taskinstance.py:2076} INFO - Dependencies all met for dep_context=requeueable deps ti=<TaskInstance: api_cuevana3_movie.run_kafka_producer scheduled__2024-06-27T00:01:30+00:00 [queued]>
[2024-06-28T16:30:17.085-0400] {taskinstance.py:2306} INFO - Starting attempt 1 of 1
[2024-06-28T16:30:17.128-0400] {taskinstance.py:2330} INFO - Executing <Task(PythonOperator): run_kafka_producer> on 2024-06-27 00:01:30+00:00
[2024-06-28T16:30:17.144-0400] {standard_task_runner.py:63} INFO - Started process 249997 to run task
[2024-06-28T16:30:17.150-0400] {standard_task_runner.py:90} INFO - Running: ['airflow', 'tasks', 'run', 'api_cuevana3_movie', 'run_kafka_producer', 'scheduled__2024-06-27T00:01:30+00:00', '--job-id', '618', '--raw', '--subdir', 'DAGS_FOLDER/movie_recommend.py', '--cfg-path', '/tmp/tmpiakr31jb']
[2024-06-28T16:30:17.158-0400] {standard_task_runner.py:91} INFO - Job 618: Subtask run_kafka_producer
[2024-06-28T16:30:17.282-0400] {task_command.py:426} INFO - Running <TaskInstance: api_cuevana3_movie.run_kafka_producer scheduled__2024-06-27T00:01:30+00:00 [running]> on host walter-VirtualBox
[2024-06-28T16:30:17.523-0400] {taskinstance.py:2648} INFO - Exporting env vars: AIRFLOW_CTX_DAG_OWNER='airflow' AIRFLOW_CTX_DAG_ID='api_cuevana3_movie' AIRFLOW_CTX_TASK_ID='run_kafka_producer' AIRFLOW_CTX_EXECUTION_DATE='2024-06-27T00:01:30+00:00' AIRFLOW_CTX_TRY_NUMBER='1' AIRFLOW_CTX_DAG_RUN_ID='scheduled__2024-06-27T00:01:30+00:00'
[2024-06-28T16:30:17.524-0400] {taskinstance.py:430} INFO - ::endgroup::
[2024-06-28T16:30:17.753-0400] {python.py:237} INFO - Done. Returned value was: None
[2024-06-28T16:30:17.754-0400] {taskinstance.py:441} INFO - ::group::Post task execution logs
[2024-06-28T16:30:17.764-0400] {taskinstance.py:1206} INFO - Marking task as SUCCESS. dag_id=api_cuevana3_movie, task_id=run_kafka_producer, run_id=scheduled__2024-06-27T00:01:30+00:00, execution_date=20240627T000130, start_date=20240628T203017, end_date=20240628T203017
[2024-06-28T16:30:17.846-0400] {local_task_job_runner.py:240} INFO - Task exited with return code 0
[2024-06-28T16:30:17.890-0400] {taskinstance.py:3503} INFO - 1 downstream tasks scheduled from follow-on schedule check
[2024-06-28T16:30:17.946-0400] {local_task_job_runner.py:222} INFO - ::endgroup::
