[2024-06-27T15:34:44.464-0400] {local_task_job_runner.py:120} INFO - ::group::Pre task execution logs
[2024-06-27T15:34:44.543-0400] {taskinstance.py:2076} INFO - Dependencies all met for dep_context=non-requeueable deps ti=<TaskInstance: api_cuevana3_movie.run_kafka_producer scheduled__2024-06-27T00:00:00+00:00 [queued]>
[2024-06-27T15:34:44.565-0400] {taskinstance.py:2076} INFO - Dependencies all met for dep_context=requeueable deps ti=<TaskInstance: api_cuevana3_movie.run_kafka_producer scheduled__2024-06-27T00:00:00+00:00 [queued]>
[2024-06-27T15:34:44.565-0400] {taskinstance.py:2306} INFO - Starting attempt 1 of 1
[2024-06-27T15:34:44.638-0400] {taskinstance.py:2330} INFO - Executing <Task(PythonOperator): run_kafka_producer> on 2024-06-27 00:00:00+00:00
[2024-06-27T15:34:44.654-0400] {standard_task_runner.py:63} INFO - Started process 184698 to run task
[2024-06-27T15:34:44.658-0400] {standard_task_runner.py:90} INFO - Running: ['airflow', 'tasks', 'run', 'api_cuevana3_movie', 'run_kafka_producer', 'scheduled__2024-06-27T00:00:00+00:00', '--job-id', '73', '--raw', '--subdir', 'DAGS_FOLDER/movie_recommend.py', '--cfg-path', '/tmp/tmpd6p3zf4o']
[2024-06-27T15:34:44.667-0400] {standard_task_runner.py:91} INFO - Job 73: Subtask run_kafka_producer
[2024-06-27T15:34:44.775-0400] {task_command.py:426} INFO - Running <TaskInstance: api_cuevana3_movie.run_kafka_producer scheduled__2024-06-27T00:00:00+00:00 [running]> on host walter-VirtualBox
[2024-06-27T15:34:44.954-0400] {taskinstance.py:2648} INFO - Exporting env vars: AIRFLOW_CTX_DAG_OWNER='airflow' AIRFLOW_CTX_DAG_ID='api_cuevana3_movie' AIRFLOW_CTX_TASK_ID='run_kafka_producer' AIRFLOW_CTX_EXECUTION_DATE='2024-06-27T00:00:00+00:00' AIRFLOW_CTX_TRY_NUMBER='1' AIRFLOW_CTX_DAG_RUN_ID='scheduled__2024-06-27T00:00:00+00:00'
[2024-06-27T15:34:44.955-0400] {taskinstance.py:430} INFO - ::endgroup::
[2024-06-27T15:34:44.977-0400] {taskinstance.py:441} INFO - ::group::Post task execution logs
[2024-06-27T15:34:44.978-0400] {taskinstance.py:2905} ERROR - Task failed with exception
Traceback (most recent call last):
  File "/home/walter/Documentos/rakuntentv/venv/lib/python3.12/site-packages/airflow/models/taskinstance.py", line 465, in _execute_task
    result = _execute_callable(context=context, **execute_callable_kwargs)
             ^^^^^^^^^^^^^^^^^^^^^^^^^^^^^^^^^^^^^^^^^^^^^^^^^^^^^^^^^^^^^
  File "/home/walter/Documentos/rakuntentv/venv/lib/python3.12/site-packages/airflow/models/taskinstance.py", line 432, in _execute_callable
    return execute_callable(context=context, **execute_callable_kwargs)
           ^^^^^^^^^^^^^^^^^^^^^^^^^^^^^^^^^^^^^^^^^^^^^^^^^^^^^^^^^^^^
  File "/home/walter/Documentos/rakuntentv/venv/lib/python3.12/site-packages/airflow/models/baseoperator.py", line 401, in wrapper
    return func(self, *args, **kwargs)
           ^^^^^^^^^^^^^^^^^^^^^^^^^^^
  File "/home/walter/Documentos/rakuntentv/venv/lib/python3.12/site-packages/airflow/operators/python.py", line 235, in execute
    return_value = self.execute_callable()
                   ^^^^^^^^^^^^^^^^^^^^^^^
  File "/home/walter/Documentos/rakuntentv/venv/lib/python3.12/site-packages/airflow/operators/python.py", line 252, in execute_callable
    return self.python_callable(*self.op_args, **self.op_kwargs)
           ^^^^^^^^^^^^^^^^^^^^^^^^^^^^^^^^^^^^^^^^^^^^^^^^^^^^^
  File "/home/walter/Documentos/rakuntentv/airflow/dags/movie_recommend.py", line 34, in json_serialization
    json_data = ti.xcom_pull(tasks_id='fetch_movie_task')
                ^^^^^^^^^^^^^^^^^^^^^^^^^^^^^^^^^^^^^^^^^
  File "/home/walter/Documentos/rakuntentv/venv/lib/python3.12/site-packages/airflow/utils/session.py", line 79, in wrapper
    return func(*args, session=session, **kwargs)
           ^^^^^^^^^^^^^^^^^^^^^^^^^^^^^^^^^^^^^^
TypeError: TaskInstance.xcom_pull() got an unexpected keyword argument 'tasks_id'
[2024-06-27T15:34:44.983-0400] {taskinstance.py:1206} INFO - Marking task as FAILED. dag_id=api_cuevana3_movie, task_id=run_kafka_producer, run_id=scheduled__2024-06-27T00:00:00+00:00, execution_date=20240627T000000, start_date=20240627T193444, end_date=20240627T193444
[2024-06-27T15:34:45.035-0400] {standard_task_runner.py:110} ERROR - Failed to execute job 73 for task run_kafka_producer (TaskInstance.xcom_pull() got an unexpected keyword argument 'tasks_id'; 184698)
[2024-06-27T15:34:45.073-0400] {local_task_job_runner.py:240} INFO - Task exited with return code 1
[2024-06-27T15:34:45.094-0400] {taskinstance.py:3503} INFO - 0 downstream tasks scheduled from follow-on schedule check
[2024-06-27T15:34:45.097-0400] {local_task_job_runner.py:222} INFO - ::endgroup::
[2024-06-27T15:45:10.196-0400] {local_task_job_runner.py:120} INFO - ::group::Pre task execution logs
[2024-06-27T15:45:10.231-0400] {taskinstance.py:2076} INFO - Dependencies all met for dep_context=non-requeueable deps ti=<TaskInstance: api_cuevana3_movie.run_kafka_producer scheduled__2024-06-27T00:00:00+00:00 [queued]>
[2024-06-27T15:45:10.238-0400] {taskinstance.py:2076} INFO - Dependencies all met for dep_context=requeueable deps ti=<TaskInstance: api_cuevana3_movie.run_kafka_producer scheduled__2024-06-27T00:00:00+00:00 [queued]>
[2024-06-27T15:45:10.238-0400] {taskinstance.py:2306} INFO - Starting attempt 1 of 1
[2024-06-27T15:45:10.263-0400] {taskinstance.py:2330} INFO - Executing <Task(PythonOperator): run_kafka_producer> on 2024-06-27 00:00:00+00:00
[2024-06-27T15:45:10.276-0400] {standard_task_runner.py:63} INFO - Started process 187022 to run task
[2024-06-27T15:45:10.279-0400] {standard_task_runner.py:90} INFO - Running: ['airflow', 'tasks', 'run', 'api_cuevana3_movie', 'run_kafka_producer', 'scheduled__2024-06-27T00:00:00+00:00', '--job-id', '138', '--raw', '--subdir', 'DAGS_FOLDER/movie_recommend.py', '--cfg-path', '/tmp/tmpq7zf8rue']
[2024-06-27T15:45:10.282-0400] {standard_task_runner.py:91} INFO - Job 138: Subtask run_kafka_producer
[2024-06-27T15:45:10.328-0400] {task_command.py:426} INFO - Running <TaskInstance: api_cuevana3_movie.run_kafka_producer scheduled__2024-06-27T00:00:00+00:00 [running]> on host walter-VirtualBox
[2024-06-27T15:45:10.445-0400] {taskinstance.py:2648} INFO - Exporting env vars: AIRFLOW_CTX_DAG_OWNER='airflow' AIRFLOW_CTX_DAG_ID='api_cuevana3_movie' AIRFLOW_CTX_TASK_ID='run_kafka_producer' AIRFLOW_CTX_EXECUTION_DATE='2024-06-27T00:00:00+00:00' AIRFLOW_CTX_TRY_NUMBER='1' AIRFLOW_CTX_DAG_RUN_ID='scheduled__2024-06-27T00:00:00+00:00'
[2024-06-27T15:45:10.446-0400] {taskinstance.py:430} INFO - ::endgroup::
[2024-06-27T15:45:10.466-0400] {taskinstance.py:441} INFO - ::group::Post task execution logs
[2024-06-27T15:45:10.467-0400] {taskinstance.py:2905} ERROR - Task failed with exception
Traceback (most recent call last):
  File "/home/walter/Documentos/rakuntentv/venv/lib/python3.12/site-packages/airflow/models/taskinstance.py", line 465, in _execute_task
    result = _execute_callable(context=context, **execute_callable_kwargs)
             ^^^^^^^^^^^^^^^^^^^^^^^^^^^^^^^^^^^^^^^^^^^^^^^^^^^^^^^^^^^^^
  File "/home/walter/Documentos/rakuntentv/venv/lib/python3.12/site-packages/airflow/models/taskinstance.py", line 432, in _execute_callable
    return execute_callable(context=context, **execute_callable_kwargs)
           ^^^^^^^^^^^^^^^^^^^^^^^^^^^^^^^^^^^^^^^^^^^^^^^^^^^^^^^^^^^^
  File "/home/walter/Documentos/rakuntentv/venv/lib/python3.12/site-packages/airflow/models/baseoperator.py", line 401, in wrapper
    return func(self, *args, **kwargs)
           ^^^^^^^^^^^^^^^^^^^^^^^^^^^
  File "/home/walter/Documentos/rakuntentv/venv/lib/python3.12/site-packages/airflow/operators/python.py", line 235, in execute
    return_value = self.execute_callable()
                   ^^^^^^^^^^^^^^^^^^^^^^^
  File "/home/walter/Documentos/rakuntentv/venv/lib/python3.12/site-packages/airflow/operators/python.py", line 252, in execute_callable
    return self.python_callable(*self.op_args, **self.op_kwargs)
           ^^^^^^^^^^^^^^^^^^^^^^^^^^^^^^^^^^^^^^^^^^^^^^^^^^^^^
  File "/home/walter/Documentos/rakuntentv/airflow/dags/movie_recommend.py", line 41, in json_serialization
    producer = Producer(producer_config)
               ^^^^^^^^^^^^^^^^^^^^^^^^^
cimpl.KafkaException: KafkaError{code=_INVALID_ARG,val=-186,str="No such configuration property: "bootstrap_server""}
[2024-06-27T15:45:10.472-0400] {taskinstance.py:1206} INFO - Marking task as FAILED. dag_id=api_cuevana3_movie, task_id=run_kafka_producer, run_id=scheduled__2024-06-27T00:00:00+00:00, execution_date=20240627T000000, start_date=20240627T194510, end_date=20240627T194510
[2024-06-27T15:45:10.499-0400] {standard_task_runner.py:110} ERROR - Failed to execute job 138 for task run_kafka_producer (KafkaError{code=_INVALID_ARG,val=-186,str="No such configuration property: "bootstrap_server""}; 187022)
[2024-06-27T15:45:10.547-0400] {local_task_job_runner.py:240} INFO - Task exited with return code 1
[2024-06-27T15:45:10.564-0400] {taskinstance.py:3503} INFO - 0 downstream tasks scheduled from follow-on schedule check
[2024-06-27T15:45:10.566-0400] {local_task_job_runner.py:222} INFO - ::endgroup::
[2024-06-27T20:30:19.757-0400] {local_task_job_runner.py:120} INFO - ::group::Pre task execution logs
[2024-06-27T20:30:19.772-0400] {taskinstance.py:2076} INFO - Dependencies all met for dep_context=non-requeueable deps ti=<TaskInstance: api_cuevana3_movie.run_kafka_producer scheduled__2024-06-27T00:00:00+00:00 [queued]>
[2024-06-27T20:30:19.778-0400] {taskinstance.py:2076} INFO - Dependencies all met for dep_context=requeueable deps ti=<TaskInstance: api_cuevana3_movie.run_kafka_producer scheduled__2024-06-27T00:00:00+00:00 [queued]>
[2024-06-27T20:30:19.778-0400] {taskinstance.py:2306} INFO - Starting attempt 1 of 1
[2024-06-27T20:30:19.797-0400] {taskinstance.py:2330} INFO - Executing <Task(PythonOperator): run_kafka_producer> on 2024-06-27 00:00:00+00:00
[2024-06-27T20:30:19.808-0400] {standard_task_runner.py:63} INFO - Started process 206874 to run task
[2024-06-27T20:30:19.810-0400] {standard_task_runner.py:90} INFO - Running: ['airflow', 'tasks', 'run', 'api_cuevana3_movie', 'run_kafka_producer', 'scheduled__2024-06-27T00:00:00+00:00', '--job-id', '223', '--raw', '--subdir', 'DAGS_FOLDER/movie_recommend.py', '--cfg-path', '/tmp/tmp3cn8blv_']
[2024-06-27T20:30:19.812-0400] {standard_task_runner.py:91} INFO - Job 223: Subtask run_kafka_producer
[2024-06-27T20:30:19.904-0400] {task_command.py:426} INFO - Running <TaskInstance: api_cuevana3_movie.run_kafka_producer scheduled__2024-06-27T00:00:00+00:00 [running]> on host walter-VirtualBox
[2024-06-27T20:30:20.056-0400] {taskinstance.py:2648} INFO - Exporting env vars: AIRFLOW_CTX_DAG_OWNER='airflow' AIRFLOW_CTX_DAG_ID='api_cuevana3_movie' AIRFLOW_CTX_TASK_ID='run_kafka_producer' AIRFLOW_CTX_EXECUTION_DATE='2024-06-27T00:00:00+00:00' AIRFLOW_CTX_TRY_NUMBER='1' AIRFLOW_CTX_DAG_RUN_ID='scheduled__2024-06-27T00:00:00+00:00'
[2024-06-27T20:30:20.056-0400] {taskinstance.py:430} INFO - ::endgroup::
[2024-06-27T20:30:21.679-0400] {python.py:237} INFO - Done. Returned value was: None
[2024-06-27T20:30:21.681-0400] {taskinstance.py:441} INFO - ::group::Post task execution logs
[2024-06-27T20:30:21.686-0400] {taskinstance.py:1206} INFO - Marking task as SUCCESS. dag_id=api_cuevana3_movie, task_id=run_kafka_producer, run_id=scheduled__2024-06-27T00:00:00+00:00, execution_date=20240627T000000, start_date=20240628T003019, end_date=20240628T003021
[2024-06-27T20:30:21.781-0400] {local_task_job_runner.py:240} INFO - Task exited with return code 0
[2024-06-27T20:30:21.861-0400] {taskinstance.py:3503} INFO - 1 downstream tasks scheduled from follow-on schedule check
[2024-06-27T20:30:21.887-0400] {local_task_job_runner.py:222} INFO - ::endgroup::
[2024-06-27T20:40:48.362-0400] {local_task_job_runner.py:120} INFO - ::group::Pre task execution logs
[2024-06-27T20:40:48.392-0400] {taskinstance.py:2076} INFO - Dependencies all met for dep_context=non-requeueable deps ti=<TaskInstance: api_cuevana3_movie.run_kafka_producer scheduled__2024-06-27T00:00:00+00:00 [queued]>
[2024-06-27T20:40:48.399-0400] {taskinstance.py:2076} INFO - Dependencies all met for dep_context=requeueable deps ti=<TaskInstance: api_cuevana3_movie.run_kafka_producer scheduled__2024-06-27T00:00:00+00:00 [queued]>
[2024-06-27T20:40:48.401-0400] {taskinstance.py:2306} INFO - Starting attempt 1 of 1
[2024-06-27T20:40:48.467-0400] {taskinstance.py:2330} INFO - Executing <Task(PythonOperator): run_kafka_producer> on 2024-06-27 00:00:00+00:00
[2024-06-27T20:40:48.479-0400] {standard_task_runner.py:63} INFO - Started process 209143 to run task
[2024-06-27T20:40:48.483-0400] {standard_task_runner.py:90} INFO - Running: ['airflow', 'tasks', 'run', 'api_cuevana3_movie', 'run_kafka_producer', 'scheduled__2024-06-27T00:00:00+00:00', '--job-id', '251', '--raw', '--subdir', 'DAGS_FOLDER/movie_recommend.py', '--cfg-path', '/tmp/tmp_0ssxgs4']
[2024-06-27T20:40:48.490-0400] {standard_task_runner.py:91} INFO - Job 251: Subtask run_kafka_producer
[2024-06-27T20:40:48.665-0400] {task_command.py:426} INFO - Running <TaskInstance: api_cuevana3_movie.run_kafka_producer scheduled__2024-06-27T00:00:00+00:00 [running]> on host walter-VirtualBox
[2024-06-27T20:40:48.900-0400] {taskinstance.py:2648} INFO - Exporting env vars: AIRFLOW_CTX_DAG_OWNER='airflow' AIRFLOW_CTX_DAG_ID='api_cuevana3_movie' AIRFLOW_CTX_TASK_ID='run_kafka_producer' AIRFLOW_CTX_EXECUTION_DATE='2024-06-27T00:00:00+00:00' AIRFLOW_CTX_TRY_NUMBER='1' AIRFLOW_CTX_DAG_RUN_ID='scheduled__2024-06-27T00:00:00+00:00'
[2024-06-27T20:40:48.901-0400] {taskinstance.py:430} INFO - ::endgroup::
[2024-06-27T20:40:49.041-0400] {python.py:237} INFO - Done. Returned value was: None
[2024-06-27T20:40:49.041-0400] {taskinstance.py:441} INFO - ::group::Post task execution logs
[2024-06-27T20:40:49.052-0400] {taskinstance.py:1206} INFO - Marking task as SUCCESS. dag_id=api_cuevana3_movie, task_id=run_kafka_producer, run_id=scheduled__2024-06-27T00:00:00+00:00, execution_date=20240627T000000, start_date=20240628T004048, end_date=20240628T004049
[2024-06-27T20:40:49.167-0400] {local_task_job_runner.py:240} INFO - Task exited with return code 0
[2024-06-27T20:40:49.189-0400] {taskinstance.py:3503} INFO - 1 downstream tasks scheduled from follow-on schedule check
[2024-06-27T20:40:49.202-0400] {local_task_job_runner.py:222} INFO - ::endgroup::
[2024-06-27T20:53:59.980-0400] {local_task_job_runner.py:120} INFO - ::group::Pre task execution logs
[2024-06-27T20:53:59.997-0400] {taskinstance.py:2076} INFO - Dependencies all met for dep_context=non-requeueable deps ti=<TaskInstance: api_cuevana3_movie.run_kafka_producer scheduled__2024-06-27T00:00:00+00:00 [queued]>
[2024-06-27T20:54:00.008-0400] {taskinstance.py:2076} INFO - Dependencies all met for dep_context=requeueable deps ti=<TaskInstance: api_cuevana3_movie.run_kafka_producer scheduled__2024-06-27T00:00:00+00:00 [queued]>
[2024-06-27T20:54:00.010-0400] {taskinstance.py:2306} INFO - Starting attempt 1 of 1
[2024-06-27T20:54:00.043-0400] {taskinstance.py:2330} INFO - Executing <Task(PythonOperator): run_kafka_producer> on 2024-06-27 00:00:00+00:00
[2024-06-27T20:54:00.052-0400] {standard_task_runner.py:63} INFO - Started process 210974 to run task
[2024-06-27T20:54:00.055-0400] {standard_task_runner.py:90} INFO - Running: ['airflow', 'tasks', 'run', 'api_cuevana3_movie', 'run_kafka_producer', 'scheduled__2024-06-27T00:00:00+00:00', '--job-id', '268', '--raw', '--subdir', 'DAGS_FOLDER/movie_recommend.py', '--cfg-path', '/tmp/tmp95l4rvf1']
[2024-06-27T20:54:00.056-0400] {standard_task_runner.py:91} INFO - Job 268: Subtask run_kafka_producer
[2024-06-27T20:54:00.174-0400] {task_command.py:426} INFO - Running <TaskInstance: api_cuevana3_movie.run_kafka_producer scheduled__2024-06-27T00:00:00+00:00 [running]> on host walter-VirtualBox
[2024-06-27T20:54:00.333-0400] {taskinstance.py:2648} INFO - Exporting env vars: AIRFLOW_CTX_DAG_OWNER='airflow' AIRFLOW_CTX_DAG_ID='api_cuevana3_movie' AIRFLOW_CTX_TASK_ID='run_kafka_producer' AIRFLOW_CTX_EXECUTION_DATE='2024-06-27T00:00:00+00:00' AIRFLOW_CTX_TRY_NUMBER='1' AIRFLOW_CTX_DAG_RUN_ID='scheduled__2024-06-27T00:00:00+00:00'
[2024-06-27T20:54:00.335-0400] {taskinstance.py:430} INFO - ::endgroup::
[2024-06-27T20:54:00.414-0400] {python.py:237} INFO - Done. Returned value was: None
[2024-06-27T20:54:00.415-0400] {taskinstance.py:441} INFO - ::group::Post task execution logs
[2024-06-27T20:54:00.421-0400] {taskinstance.py:1206} INFO - Marking task as SUCCESS. dag_id=api_cuevana3_movie, task_id=run_kafka_producer, run_id=scheduled__2024-06-27T00:00:00+00:00, execution_date=20240627T000000, start_date=20240628T005359, end_date=20240628T005400
[2024-06-27T20:54:00.500-0400] {local_task_job_runner.py:240} INFO - Task exited with return code 0
[2024-06-27T20:54:00.549-0400] {taskinstance.py:3503} INFO - 1 downstream tasks scheduled from follow-on schedule check
[2024-06-27T20:54:00.588-0400] {local_task_job_runner.py:222} INFO - ::endgroup::
[2024-06-27T21:08:43.944-0400] {local_task_job_runner.py:120} INFO - ::group::Pre task execution logs
[2024-06-27T21:08:43.969-0400] {taskinstance.py:2076} INFO - Dependencies all met for dep_context=non-requeueable deps ti=<TaskInstance: api_cuevana3_movie.run_kafka_producer scheduled__2024-06-27T00:00:00+00:00 [queued]>
[2024-06-27T21:08:43.977-0400] {taskinstance.py:2076} INFO - Dependencies all met for dep_context=requeueable deps ti=<TaskInstance: api_cuevana3_movie.run_kafka_producer scheduled__2024-06-27T00:00:00+00:00 [queued]>
[2024-06-27T21:08:43.977-0400] {taskinstance.py:2306} INFO - Starting attempt 1 of 1
[2024-06-27T21:08:44.009-0400] {taskinstance.py:2330} INFO - Executing <Task(PythonOperator): run_kafka_producer> on 2024-06-27 00:00:00+00:00
[2024-06-27T21:08:44.019-0400] {standard_task_runner.py:63} INFO - Started process 213121 to run task
[2024-06-27T21:08:44.023-0400] {standard_task_runner.py:90} INFO - Running: ['airflow', 'tasks', 'run', 'api_cuevana3_movie', 'run_kafka_producer', 'scheduled__2024-06-27T00:00:00+00:00', '--job-id', '286', '--raw', '--subdir', 'DAGS_FOLDER/movie_recommend.py', '--cfg-path', '/tmp/tmpg26u33zr']
[2024-06-27T21:08:44.025-0400] {standard_task_runner.py:91} INFO - Job 286: Subtask run_kafka_producer
[2024-06-27T21:08:44.186-0400] {task_command.py:426} INFO - Running <TaskInstance: api_cuevana3_movie.run_kafka_producer scheduled__2024-06-27T00:00:00+00:00 [running]> on host walter-VirtualBox
[2024-06-27T21:08:44.305-0400] {taskinstance.py:2648} INFO - Exporting env vars: AIRFLOW_CTX_DAG_OWNER='airflow' AIRFLOW_CTX_DAG_ID='api_cuevana3_movie' AIRFLOW_CTX_TASK_ID='run_kafka_producer' AIRFLOW_CTX_EXECUTION_DATE='2024-06-27T00:00:00+00:00' AIRFLOW_CTX_TRY_NUMBER='1' AIRFLOW_CTX_DAG_RUN_ID='scheduled__2024-06-27T00:00:00+00:00'
[2024-06-27T21:08:44.306-0400] {taskinstance.py:430} INFO - ::endgroup::
[2024-06-27T21:08:44.992-0400] {python.py:237} INFO - Done. Returned value was: None
[2024-06-27T21:08:44.996-0400] {taskinstance.py:441} INFO - ::group::Post task execution logs
[2024-06-27T21:08:45.013-0400] {taskinstance.py:1206} INFO - Marking task as SUCCESS. dag_id=api_cuevana3_movie, task_id=run_kafka_producer, run_id=scheduled__2024-06-27T00:00:00+00:00, execution_date=20240627T000000, start_date=20240628T010843, end_date=20240628T010845
[2024-06-27T21:08:45.137-0400] {local_task_job_runner.py:240} INFO - Task exited with return code 0
[2024-06-27T21:08:45.176-0400] {taskinstance.py:3503} INFO - 1 downstream tasks scheduled from follow-on schedule check
[2024-06-27T21:08:45.236-0400] {local_task_job_runner.py:222} INFO - ::endgroup::
[2024-06-27T21:42:12.512-0400] {local_task_job_runner.py:120} INFO - ::group::Pre task execution logs
[2024-06-27T21:42:12.530-0400] {taskinstance.py:2076} INFO - Dependencies all met for dep_context=non-requeueable deps ti=<TaskInstance: api_cuevana3_movie.run_kafka_producer scheduled__2024-06-27T00:00:00+00:00 [queued]>
[2024-06-27T21:42:12.534-0400] {taskinstance.py:2076} INFO - Dependencies all met for dep_context=requeueable deps ti=<TaskInstance: api_cuevana3_movie.run_kafka_producer scheduled__2024-06-27T00:00:00+00:00 [queued]>
[2024-06-27T21:42:12.534-0400] {taskinstance.py:2306} INFO - Starting attempt 1 of 1
[2024-06-27T21:42:12.555-0400] {taskinstance.py:2330} INFO - Executing <Task(PythonOperator): run_kafka_producer> on 2024-06-27 00:00:00+00:00
[2024-06-27T21:42:12.564-0400] {standard_task_runner.py:63} INFO - Started process 219719 to run task
[2024-06-27T21:42:12.567-0400] {standard_task_runner.py:90} INFO - Running: ['airflow', 'tasks', 'run', 'api_cuevana3_movie', 'run_kafka_producer', 'scheduled__2024-06-27T00:00:00+00:00', '--job-id', '334', '--raw', '--subdir', 'DAGS_FOLDER/movie_recommend.py', '--cfg-path', '/tmp/tmp3pk_m_3o']
[2024-06-27T21:42:12.569-0400] {standard_task_runner.py:91} INFO - Job 334: Subtask run_kafka_producer
[2024-06-27T21:42:12.649-0400] {task_command.py:426} INFO - Running <TaskInstance: api_cuevana3_movie.run_kafka_producer scheduled__2024-06-27T00:00:00+00:00 [running]> on host walter-VirtualBox
[2024-06-27T21:42:12.774-0400] {taskinstance.py:2648} INFO - Exporting env vars: AIRFLOW_CTX_DAG_OWNER='airflow' AIRFLOW_CTX_DAG_ID='api_cuevana3_movie' AIRFLOW_CTX_TASK_ID='run_kafka_producer' AIRFLOW_CTX_EXECUTION_DATE='2024-06-27T00:00:00+00:00' AIRFLOW_CTX_TRY_NUMBER='1' AIRFLOW_CTX_DAG_RUN_ID='scheduled__2024-06-27T00:00:00+00:00'
[2024-06-27T21:42:12.775-0400] {taskinstance.py:430} INFO - ::endgroup::
[2024-06-27T21:42:13.079-0400] {python.py:237} INFO - Done. Returned value was: None
[2024-06-27T21:42:13.080-0400] {taskinstance.py:441} INFO - ::group::Post task execution logs
[2024-06-27T21:42:13.099-0400] {taskinstance.py:1206} INFO - Marking task as SUCCESS. dag_id=api_cuevana3_movie, task_id=run_kafka_producer, run_id=scheduled__2024-06-27T00:00:00+00:00, execution_date=20240627T000000, start_date=20240628T014212, end_date=20240628T014213
[2024-06-27T21:42:13.175-0400] {local_task_job_runner.py:240} INFO - Task exited with return code 0
[2024-06-27T21:42:13.200-0400] {taskinstance.py:3503} INFO - 1 downstream tasks scheduled from follow-on schedule check
[2024-06-27T21:42:13.222-0400] {local_task_job_runner.py:222} INFO - ::endgroup::
[2024-06-27T22:19:53.267-0400] {local_task_job_runner.py:120} INFO - ::group::Pre task execution logs
[2024-06-27T22:19:53.285-0400] {taskinstance.py:2076} INFO - Dependencies all met for dep_context=non-requeueable deps ti=<TaskInstance: api_cuevana3_movie.run_kafka_producer scheduled__2024-06-27T00:00:00+00:00 [queued]>
[2024-06-27T22:19:53.292-0400] {taskinstance.py:2076} INFO - Dependencies all met for dep_context=requeueable deps ti=<TaskInstance: api_cuevana3_movie.run_kafka_producer scheduled__2024-06-27T00:00:00+00:00 [queued]>
[2024-06-27T22:19:53.292-0400] {taskinstance.py:2306} INFO - Starting attempt 1 of 1
[2024-06-27T22:19:53.331-0400] {taskinstance.py:2330} INFO - Executing <Task(PythonOperator): run_kafka_producer> on 2024-06-27 00:00:00+00:00
[2024-06-27T22:19:53.346-0400] {standard_task_runner.py:63} INFO - Started process 225439 to run task
[2024-06-27T22:19:53.349-0400] {standard_task_runner.py:90} INFO - Running: ['airflow', 'tasks', 'run', 'api_cuevana3_movie', 'run_kafka_producer', 'scheduled__2024-06-27T00:00:00+00:00', '--job-id', '356', '--raw', '--subdir', 'DAGS_FOLDER/movie_recommend.py', '--cfg-path', '/tmp/tmpwbr395pz']
[2024-06-27T22:19:53.351-0400] {standard_task_runner.py:91} INFO - Job 356: Subtask run_kafka_producer
[2024-06-27T22:19:53.429-0400] {task_command.py:426} INFO - Running <TaskInstance: api_cuevana3_movie.run_kafka_producer scheduled__2024-06-27T00:00:00+00:00 [running]> on host walter-VirtualBox
[2024-06-27T22:19:53.556-0400] {taskinstance.py:2648} INFO - Exporting env vars: AIRFLOW_CTX_DAG_OWNER='airflow' AIRFLOW_CTX_DAG_ID='api_cuevana3_movie' AIRFLOW_CTX_TASK_ID='run_kafka_producer' AIRFLOW_CTX_EXECUTION_DATE='2024-06-27T00:00:00+00:00' AIRFLOW_CTX_TRY_NUMBER='1' AIRFLOW_CTX_DAG_RUN_ID='scheduled__2024-06-27T00:00:00+00:00'
[2024-06-27T22:19:53.557-0400] {taskinstance.py:430} INFO - ::endgroup::
[2024-06-27T22:19:53.783-0400] {python.py:237} INFO - Done. Returned value was: None
[2024-06-27T22:19:53.785-0400] {taskinstance.py:441} INFO - ::group::Post task execution logs
[2024-06-27T22:19:53.798-0400] {taskinstance.py:1206} INFO - Marking task as SUCCESS. dag_id=api_cuevana3_movie, task_id=run_kafka_producer, run_id=scheduled__2024-06-27T00:00:00+00:00, execution_date=20240627T000000, start_date=20240628T021953, end_date=20240628T021953
[2024-06-27T22:19:53.870-0400] {local_task_job_runner.py:240} INFO - Task exited with return code 0
[2024-06-27T22:19:53.900-0400] {taskinstance.py:3503} INFO - 1 downstream tasks scheduled from follow-on schedule check
[2024-06-27T22:19:53.944-0400] {local_task_job_runner.py:222} INFO - ::endgroup::
[2024-06-28T09:50:16.234-0400] {local_task_job_runner.py:120} INFO - ::group::Pre task execution logs
[2024-06-28T09:50:16.262-0400] {taskinstance.py:2076} INFO - Dependencies all met for dep_context=non-requeueable deps ti=<TaskInstance: api_cuevana3_movie.run_kafka_producer scheduled__2024-06-27T00:00:00+00:00 [queued]>
[2024-06-28T09:50:16.270-0400] {taskinstance.py:2076} INFO - Dependencies all met for dep_context=requeueable deps ti=<TaskInstance: api_cuevana3_movie.run_kafka_producer scheduled__2024-06-27T00:00:00+00:00 [queued]>
[2024-06-28T09:50:16.271-0400] {taskinstance.py:2306} INFO - Starting attempt 1 of 1
[2024-06-28T09:50:16.288-0400] {taskinstance.py:2330} INFO - Executing <Task(PythonOperator): run_kafka_producer> on 2024-06-27 00:00:00+00:00
[2024-06-28T09:50:16.294-0400] {standard_task_runner.py:63} INFO - Started process 229172 to run task
[2024-06-28T09:50:16.299-0400] {standard_task_runner.py:90} INFO - Running: ['airflow', 'tasks', 'run', 'api_cuevana3_movie', 'run_kafka_producer', 'scheduled__2024-06-27T00:00:00+00:00', '--job-id', '376', '--raw', '--subdir', 'DAGS_FOLDER/movie_recommend.py', '--cfg-path', '/tmp/tmpwc5uo8vb']
[2024-06-28T09:50:16.301-0400] {standard_task_runner.py:91} INFO - Job 376: Subtask run_kafka_producer
[2024-06-28T09:50:16.372-0400] {task_command.py:426} INFO - Running <TaskInstance: api_cuevana3_movie.run_kafka_producer scheduled__2024-06-27T00:00:00+00:00 [running]> on host walter-VirtualBox
[2024-06-28T09:50:16.486-0400] {taskinstance.py:2648} INFO - Exporting env vars: AIRFLOW_CTX_DAG_OWNER='airflow' AIRFLOW_CTX_DAG_ID='api_cuevana3_movie' AIRFLOW_CTX_TASK_ID='run_kafka_producer' AIRFLOW_CTX_EXECUTION_DATE='2024-06-27T00:00:00+00:00' AIRFLOW_CTX_TRY_NUMBER='1' AIRFLOW_CTX_DAG_RUN_ID='scheduled__2024-06-27T00:00:00+00:00'
[2024-06-28T09:50:16.487-0400] {taskinstance.py:430} INFO - ::endgroup::
[2024-06-28T09:50:16.697-0400] {python.py:237} INFO - Done. Returned value was: None
[2024-06-28T09:50:16.698-0400] {taskinstance.py:441} INFO - ::group::Post task execution logs
[2024-06-28T09:50:16.713-0400] {taskinstance.py:1206} INFO - Marking task as SUCCESS. dag_id=api_cuevana3_movie, task_id=run_kafka_producer, run_id=scheduled__2024-06-27T00:00:00+00:00, execution_date=20240627T000000, start_date=20240628T135016, end_date=20240628T135016
[2024-06-28T09:50:16.783-0400] {local_task_job_runner.py:240} INFO - Task exited with return code 0
[2024-06-28T09:50:16.799-0400] {taskinstance.py:3503} INFO - 1 downstream tasks scheduled from follow-on schedule check
[2024-06-28T09:50:16.848-0400] {local_task_job_runner.py:222} INFO - ::endgroup::
[2024-06-28T10:47:00.357-0400] {local_task_job_runner.py:120} INFO - ::group::Pre task execution logs
[2024-06-28T10:47:00.379-0400] {taskinstance.py:2076} INFO - Dependencies all met for dep_context=non-requeueable deps ti=<TaskInstance: api_cuevana3_movie.run_kafka_producer scheduled__2024-06-27T00:00:00+00:00 [queued]>
[2024-06-28T10:47:00.406-0400] {taskinstance.py:2076} INFO - Dependencies all met for dep_context=requeueable deps ti=<TaskInstance: api_cuevana3_movie.run_kafka_producer scheduled__2024-06-27T00:00:00+00:00 [queued]>
[2024-06-28T10:47:00.409-0400] {taskinstance.py:2306} INFO - Starting attempt 1 of 1
[2024-06-28T10:47:00.523-0400] {taskinstance.py:2330} INFO - Executing <Task(PythonOperator): run_kafka_producer> on 2024-06-27 00:00:00+00:00
[2024-06-28T10:47:00.543-0400] {standard_task_runner.py:63} INFO - Started process 234906 to run task
[2024-06-28T10:47:00.560-0400] {standard_task_runner.py:90} INFO - Running: ['airflow', 'tasks', 'run', 'api_cuevana3_movie', 'run_kafka_producer', 'scheduled__2024-06-27T00:00:00+00:00', '--job-id', '426', '--raw', '--subdir', 'DAGS_FOLDER/movie_recommend.py', '--cfg-path', '/tmp/tmptz31m9wq']
[2024-06-28T10:47:00.564-0400] {standard_task_runner.py:91} INFO - Job 426: Subtask run_kafka_producer
[2024-06-28T10:47:00.632-0400] {task_command.py:426} INFO - Running <TaskInstance: api_cuevana3_movie.run_kafka_producer scheduled__2024-06-27T00:00:00+00:00 [running]> on host walter-VirtualBox
[2024-06-28T10:47:00.796-0400] {taskinstance.py:2648} INFO - Exporting env vars: AIRFLOW_CTX_DAG_OWNER='airflow' AIRFLOW_CTX_DAG_ID='api_cuevana3_movie' AIRFLOW_CTX_TASK_ID='run_kafka_producer' AIRFLOW_CTX_EXECUTION_DATE='2024-06-27T00:00:00+00:00' AIRFLOW_CTX_TRY_NUMBER='1' AIRFLOW_CTX_DAG_RUN_ID='scheduled__2024-06-27T00:00:00+00:00'
[2024-06-28T10:47:00.800-0400] {taskinstance.py:430} INFO - ::endgroup::
[2024-06-28T10:47:00.872-0400] {python.py:237} INFO - Done. Returned value was: None
[2024-06-28T10:47:00.872-0400] {taskinstance.py:441} INFO - ::group::Post task execution logs
[2024-06-28T10:47:00.879-0400] {taskinstance.py:1206} INFO - Marking task as SUCCESS. dag_id=api_cuevana3_movie, task_id=run_kafka_producer, run_id=scheduled__2024-06-27T00:00:00+00:00, execution_date=20240627T000000, start_date=20240628T144700, end_date=20240628T144700
[2024-06-28T10:47:00.949-0400] {local_task_job_runner.py:240} INFO - Task exited with return code 0
[2024-06-28T10:47:00.982-0400] {taskinstance.py:3503} INFO - 1 downstream tasks scheduled from follow-on schedule check
[2024-06-28T10:47:01.037-0400] {local_task_job_runner.py:222} INFO - ::endgroup::
[2024-06-28T11:14:21.925-0400] {local_task_job_runner.py:120} INFO - ::group::Pre task execution logs
[2024-06-28T11:14:21.938-0400] {taskinstance.py:2076} INFO - Dependencies all met for dep_context=non-requeueable deps ti=<TaskInstance: api_cuevana3_movie.run_kafka_producer scheduled__2024-06-27T00:00:00+00:00 [queued]>
[2024-06-28T11:14:21.950-0400] {taskinstance.py:2076} INFO - Dependencies all met for dep_context=requeueable deps ti=<TaskInstance: api_cuevana3_movie.run_kafka_producer scheduled__2024-06-27T00:00:00+00:00 [queued]>
[2024-06-28T11:14:21.951-0400] {taskinstance.py:2306} INFO - Starting attempt 1 of 1
[2024-06-28T11:14:21.973-0400] {taskinstance.py:2330} INFO - Executing <Task(PythonOperator): run_kafka_producer> on 2024-06-27 00:00:00+00:00
[2024-06-28T11:14:21.981-0400] {standard_task_runner.py:63} INFO - Started process 240335 to run task
[2024-06-28T11:14:21.984-0400] {standard_task_runner.py:90} INFO - Running: ['airflow', 'tasks', 'run', 'api_cuevana3_movie', 'run_kafka_producer', 'scheduled__2024-06-27T00:00:00+00:00', '--job-id', '506', '--raw', '--subdir', 'DAGS_FOLDER/movie_recommend.py', '--cfg-path', '/tmp/tmp6dfs03wf']
[2024-06-28T11:14:21.986-0400] {standard_task_runner.py:91} INFO - Job 506: Subtask run_kafka_producer
[2024-06-28T11:14:22.049-0400] {task_command.py:426} INFO - Running <TaskInstance: api_cuevana3_movie.run_kafka_producer scheduled__2024-06-27T00:00:00+00:00 [running]> on host walter-VirtualBox
[2024-06-28T11:14:22.160-0400] {taskinstance.py:2648} INFO - Exporting env vars: AIRFLOW_CTX_DAG_OWNER='airflow' AIRFLOW_CTX_DAG_ID='api_cuevana3_movie' AIRFLOW_CTX_TASK_ID='run_kafka_producer' AIRFLOW_CTX_EXECUTION_DATE='2024-06-27T00:00:00+00:00' AIRFLOW_CTX_TRY_NUMBER='1' AIRFLOW_CTX_DAG_RUN_ID='scheduled__2024-06-27T00:00:00+00:00'
[2024-06-28T11:14:22.161-0400] {taskinstance.py:430} INFO - ::endgroup::
[2024-06-28T11:14:22.302-0400] {python.py:237} INFO - Done. Returned value was: None
[2024-06-28T11:14:22.303-0400] {taskinstance.py:441} INFO - ::group::Post task execution logs
[2024-06-28T11:14:22.309-0400] {taskinstance.py:1206} INFO - Marking task as SUCCESS. dag_id=api_cuevana3_movie, task_id=run_kafka_producer, run_id=scheduled__2024-06-27T00:00:00+00:00, execution_date=20240627T000000, start_date=20240628T151421, end_date=20240628T151422
[2024-06-28T11:14:22.377-0400] {local_task_job_runner.py:240} INFO - Task exited with return code 0
[2024-06-28T11:14:22.402-0400] {taskinstance.py:3503} INFO - 1 downstream tasks scheduled from follow-on schedule check
[2024-06-28T11:14:22.414-0400] {local_task_job_runner.py:222} INFO - ::endgroup::
[2024-06-28T15:57:29.183-0400] {local_task_job_runner.py:120} INFO - ::group::Pre task execution logs
[2024-06-28T15:57:29.210-0400] {taskinstance.py:2076} INFO - Dependencies all met for dep_context=non-requeueable deps ti=<TaskInstance: api_cuevana3_movie.run_kafka_producer scheduled__2024-06-27T00:00:00+00:00 [queued]>
[2024-06-28T15:57:29.220-0400] {taskinstance.py:2076} INFO - Dependencies all met for dep_context=requeueable deps ti=<TaskInstance: api_cuevana3_movie.run_kafka_producer scheduled__2024-06-27T00:00:00+00:00 [queued]>
[2024-06-28T15:57:29.220-0400] {taskinstance.py:2306} INFO - Starting attempt 1 of 1
[2024-06-28T15:57:29.242-0400] {taskinstance.py:2330} INFO - Executing <Task(PythonOperator): run_kafka_producer> on 2024-06-27 00:00:00+00:00
[2024-06-28T15:57:29.251-0400] {standard_task_runner.py:63} INFO - Started process 244450 to run task
[2024-06-28T15:57:29.255-0400] {standard_task_runner.py:90} INFO - Running: ['airflow', 'tasks', 'run', 'api_cuevana3_movie', 'run_kafka_producer', 'scheduled__2024-06-27T00:00:00+00:00', '--job-id', '556', '--raw', '--subdir', 'DAGS_FOLDER/movie_recommend.py', '--cfg-path', '/tmp/tmpcp9t9sye']
[2024-06-28T15:57:29.257-0400] {standard_task_runner.py:91} INFO - Job 556: Subtask run_kafka_producer
[2024-06-28T15:57:29.323-0400] {task_command.py:426} INFO - Running <TaskInstance: api_cuevana3_movie.run_kafka_producer scheduled__2024-06-27T00:00:00+00:00 [running]> on host walter-VirtualBox
[2024-06-28T15:57:29.429-0400] {taskinstance.py:2648} INFO - Exporting env vars: AIRFLOW_CTX_DAG_OWNER='airflow' AIRFLOW_CTX_DAG_ID='api_cuevana3_movie' AIRFLOW_CTX_TASK_ID='run_kafka_producer' AIRFLOW_CTX_EXECUTION_DATE='2024-06-27T00:00:00+00:00' AIRFLOW_CTX_TRY_NUMBER='1' AIRFLOW_CTX_DAG_RUN_ID='scheduled__2024-06-27T00:00:00+00:00'
[2024-06-28T15:57:29.430-0400] {taskinstance.py:430} INFO - ::endgroup::
[2024-06-28T15:57:29.524-0400] {python.py:237} INFO - Done. Returned value was: None
[2024-06-28T15:57:29.525-0400] {taskinstance.py:441} INFO - ::group::Post task execution logs
[2024-06-28T15:57:29.529-0400] {taskinstance.py:1206} INFO - Marking task as SUCCESS. dag_id=api_cuevana3_movie, task_id=run_kafka_producer, run_id=scheduled__2024-06-27T00:00:00+00:00, execution_date=20240627T000000, start_date=20240628T195729, end_date=20240628T195729
[2024-06-28T15:57:29.604-0400] {local_task_job_runner.py:240} INFO - Task exited with return code 0
[2024-06-28T15:57:29.634-0400] {taskinstance.py:3503} INFO - 1 downstream tasks scheduled from follow-on schedule check
[2024-06-28T15:57:29.652-0400] {local_task_job_runner.py:222} INFO - ::endgroup::
[2024-06-28T16:16:54.228-0400] {local_task_job_runner.py:120} INFO - ::group::Pre task execution logs
[2024-06-28T16:16:54.244-0400] {taskinstance.py:2076} INFO - Dependencies all met for dep_context=non-requeueable deps ti=<TaskInstance: api_cuevana3_movie.run_kafka_producer scheduled__2024-06-27T00:00:00+00:00 [queued]>
[2024-06-28T16:16:54.250-0400] {taskinstance.py:2076} INFO - Dependencies all met for dep_context=requeueable deps ti=<TaskInstance: api_cuevana3_movie.run_kafka_producer scheduled__2024-06-27T00:00:00+00:00 [queued]>
[2024-06-28T16:16:54.251-0400] {taskinstance.py:2306} INFO - Starting attempt 1 of 1
[2024-06-28T16:16:54.267-0400] {taskinstance.py:2330} INFO - Executing <Task(PythonOperator): run_kafka_producer> on 2024-06-27 00:00:00+00:00
[2024-06-28T16:16:54.279-0400] {standard_task_runner.py:63} INFO - Started process 247171 to run task
[2024-06-28T16:16:54.284-0400] {standard_task_runner.py:90} INFO - Running: ['airflow', 'tasks', 'run', 'api_cuevana3_movie', 'run_kafka_producer', 'scheduled__2024-06-27T00:00:00+00:00', '--job-id', '581', '--raw', '--subdir', 'DAGS_FOLDER/movie_recommend.py', '--cfg-path', '/tmp/tmps825qg79']
[2024-06-28T16:16:54.287-0400] {standard_task_runner.py:91} INFO - Job 581: Subtask run_kafka_producer
[2024-06-28T16:16:54.351-0400] {task_command.py:426} INFO - Running <TaskInstance: api_cuevana3_movie.run_kafka_producer scheduled__2024-06-27T00:00:00+00:00 [running]> on host walter-VirtualBox
[2024-06-28T16:16:54.467-0400] {taskinstance.py:2648} INFO - Exporting env vars: AIRFLOW_CTX_DAG_OWNER='airflow' AIRFLOW_CTX_DAG_ID='api_cuevana3_movie' AIRFLOW_CTX_TASK_ID='run_kafka_producer' AIRFLOW_CTX_EXECUTION_DATE='2024-06-27T00:00:00+00:00' AIRFLOW_CTX_TRY_NUMBER='1' AIRFLOW_CTX_DAG_RUN_ID='scheduled__2024-06-27T00:00:00+00:00'
[2024-06-28T16:16:54.468-0400] {taskinstance.py:430} INFO - ::endgroup::
[2024-06-28T16:16:54.518-0400] {python.py:237} INFO - Done. Returned value was: None
[2024-06-28T16:16:54.519-0400] {taskinstance.py:441} INFO - ::group::Post task execution logs
[2024-06-28T16:16:54.527-0400] {taskinstance.py:1206} INFO - Marking task as SUCCESS. dag_id=api_cuevana3_movie, task_id=run_kafka_producer, run_id=scheduled__2024-06-27T00:00:00+00:00, execution_date=20240627T000000, start_date=20240628T201654, end_date=20240628T201654
[2024-06-28T16:16:54.602-0400] {local_task_job_runner.py:240} INFO - Task exited with return code 0
[2024-06-28T16:16:54.631-0400] {taskinstance.py:3503} INFO - 1 downstream tasks scheduled from follow-on schedule check
[2024-06-28T16:16:54.655-0400] {local_task_job_runner.py:222} INFO - ::endgroup::
[2024-06-28T16:28:32.204-0400] {local_task_job_runner.py:120} INFO - ::group::Pre task execution logs
[2024-06-28T16:28:32.222-0400] {taskinstance.py:2076} INFO - Dependencies all met for dep_context=non-requeueable deps ti=<TaskInstance: api_cuevana3_movie.run_kafka_producer scheduled__2024-06-27T00:00:00+00:00 [queued]>
[2024-06-28T16:28:32.226-0400] {taskinstance.py:2076} INFO - Dependencies all met for dep_context=requeueable deps ti=<TaskInstance: api_cuevana3_movie.run_kafka_producer scheduled__2024-06-27T00:00:00+00:00 [queued]>
[2024-06-28T16:28:32.227-0400] {taskinstance.py:2306} INFO - Starting attempt 1 of 1
[2024-06-28T16:28:32.271-0400] {taskinstance.py:2330} INFO - Executing <Task(PythonOperator): run_kafka_producer> on 2024-06-27 00:00:00+00:00
[2024-06-28T16:28:32.279-0400] {standard_task_runner.py:63} INFO - Started process 249331 to run task
[2024-06-28T16:28:32.282-0400] {standard_task_runner.py:90} INFO - Running: ['airflow', 'tasks', 'run', 'api_cuevana3_movie', 'run_kafka_producer', 'scheduled__2024-06-27T00:00:00+00:00', '--job-id', '606', '--raw', '--subdir', 'DAGS_FOLDER/movie_recommend.py', '--cfg-path', '/tmp/tmpue5m4oq_']
[2024-06-28T16:28:32.284-0400] {standard_task_runner.py:91} INFO - Job 606: Subtask run_kafka_producer
[2024-06-28T16:28:32.357-0400] {task_command.py:426} INFO - Running <TaskInstance: api_cuevana3_movie.run_kafka_producer scheduled__2024-06-27T00:00:00+00:00 [running]> on host walter-VirtualBox
[2024-06-28T16:28:32.513-0400] {taskinstance.py:2648} INFO - Exporting env vars: AIRFLOW_CTX_DAG_OWNER='airflow' AIRFLOW_CTX_DAG_ID='api_cuevana3_movie' AIRFLOW_CTX_TASK_ID='run_kafka_producer' AIRFLOW_CTX_EXECUTION_DATE='2024-06-27T00:00:00+00:00' AIRFLOW_CTX_TRY_NUMBER='1' AIRFLOW_CTX_DAG_RUN_ID='scheduled__2024-06-27T00:00:00+00:00'
[2024-06-28T16:28:32.514-0400] {taskinstance.py:430} INFO - ::endgroup::
[2024-06-28T16:28:32.624-0400] {python.py:237} INFO - Done. Returned value was: None
[2024-06-28T16:28:32.624-0400] {taskinstance.py:441} INFO - ::group::Post task execution logs
[2024-06-28T16:28:32.630-0400] {taskinstance.py:1206} INFO - Marking task as SUCCESS. dag_id=api_cuevana3_movie, task_id=run_kafka_producer, run_id=scheduled__2024-06-27T00:00:00+00:00, execution_date=20240627T000000, start_date=20240628T202832, end_date=20240628T202832
[2024-06-28T16:28:32.673-0400] {local_task_job_runner.py:240} INFO - Task exited with return code 0
[2024-06-28T16:28:32.696-0400] {taskinstance.py:3503} INFO - 1 downstream tasks scheduled from follow-on schedule check
[2024-06-28T16:28:32.719-0400] {local_task_job_runner.py:222} INFO - ::endgroup::
