[2024-07-01T20:14:51.250-0400] {local_task_job_runner.py:120} INFO - ::group::Pre task execution logs
[2024-07-01T20:14:51.276-0400] {taskinstance.py:2076} INFO - Dependencies all met for dep_context=non-requeueable deps ti=<TaskInstance: api_cuevana3_movie.insert_into_mysql scheduled__2024-07-01T10:00:00+00:00 [queued]>
[2024-07-01T20:14:51.305-0400] {taskinstance.py:2076} INFO - Dependencies all met for dep_context=requeueable deps ti=<TaskInstance: api_cuevana3_movie.insert_into_mysql scheduled__2024-07-01T10:00:00+00:00 [queued]>
[2024-07-01T20:14:51.306-0400] {taskinstance.py:2306} INFO - Starting attempt 1 of 1
[2024-07-01T20:14:51.351-0400] {taskinstance.py:2330} INFO - Executing <Task(PythonOperator): insert_into_mysql> on 2024-07-01 10:00:00+00:00
[2024-07-01T20:14:51.369-0400] {standard_task_runner.py:63} INFO - Started process 414873 to run task
[2024-07-01T20:14:51.378-0400] {standard_task_runner.py:90} INFO - Running: ['airflow', 'tasks', 'run', 'api_cuevana3_movie', 'insert_into_mysql', 'scheduled__2024-07-01T10:00:00+00:00', '--job-id', '722', '--raw', '--subdir', 'DAGS_FOLDER/movie_recommend.py', '--cfg-path', '/tmp/tmpxdaw9k4f']
[2024-07-01T20:14:51.380-0400] {standard_task_runner.py:91} INFO - Job 722: Subtask insert_into_mysql
[2024-07-01T20:14:51.464-0400] {task_command.py:426} INFO - Running <TaskInstance: api_cuevana3_movie.insert_into_mysql scheduled__2024-07-01T10:00:00+00:00 [running]> on host walter-VirtualBox
[2024-07-01T20:14:51.615-0400] {taskinstance.py:2648} INFO - Exporting env vars: AIRFLOW_CTX_DAG_OWNER='airflow' AIRFLOW_CTX_DAG_ID='api_cuevana3_movie' AIRFLOW_CTX_TASK_ID='insert_into_mysql' AIRFLOW_CTX_EXECUTION_DATE='2024-07-01T10:00:00+00:00' AIRFLOW_CTX_TRY_NUMBER='1' AIRFLOW_CTX_DAG_RUN_ID='scheduled__2024-07-01T10:00:00+00:00'
[2024-07-01T20:14:51.616-0400] {taskinstance.py:430} INFO - ::endgroup::
[2024-07-01T20:14:51.650-0400] {logging_mixin.py:188} INFO - No se pudo obtener el JSON de datos de la pelicula
[2024-07-01T20:14:51.650-0400] {python.py:237} INFO - Done. Returned value was: None
[2024-07-01T20:14:51.651-0400] {taskinstance.py:441} INFO - ::group::Post task execution logs
[2024-07-01T20:14:51.660-0400] {taskinstance.py:1206} INFO - Marking task as SUCCESS. dag_id=api_cuevana3_movie, task_id=insert_into_mysql, run_id=scheduled__2024-07-01T10:00:00+00:00, execution_date=20240701T100000, start_date=20240702T001451, end_date=20240702T001451
[2024-07-01T20:14:51.721-0400] {local_task_job_runner.py:240} INFO - Task exited with return code 0
[2024-07-01T20:14:51.752-0400] {taskinstance.py:3503} INFO - 0 downstream tasks scheduled from follow-on schedule check
[2024-07-01T20:14:51.755-0400] {local_task_job_runner.py:222} INFO - ::endgroup::
[2024-07-01T23:16:46.701-0400] {local_task_job_runner.py:120} INFO - ::group::Pre task execution logs
[2024-07-01T23:16:46.719-0400] {taskinstance.py:2076} INFO - Dependencies all met for dep_context=non-requeueable deps ti=<TaskInstance: api_cuevana3_movie.insert_into_mysql scheduled__2024-07-01T10:00:00+00:00 [queued]>
[2024-07-01T23:16:46.723-0400] {taskinstance.py:2076} INFO - Dependencies all met for dep_context=requeueable deps ti=<TaskInstance: api_cuevana3_movie.insert_into_mysql scheduled__2024-07-01T10:00:00+00:00 [queued]>
[2024-07-01T23:16:46.723-0400] {taskinstance.py:2306} INFO - Starting attempt 1 of 1
[2024-07-01T23:16:46.750-0400] {taskinstance.py:2330} INFO - Executing <Task(PythonOperator): insert_into_mysql> on 2024-07-01 10:00:00+00:00
[2024-07-01T23:16:46.756-0400] {standard_task_runner.py:63} INFO - Started process 449710 to run task
[2024-07-01T23:16:46.758-0400] {standard_task_runner.py:90} INFO - Running: ['airflow', 'tasks', 'run', 'api_cuevana3_movie', 'insert_into_mysql', 'scheduled__2024-07-01T10:00:00+00:00', '--job-id', '854', '--raw', '--subdir', 'DAGS_FOLDER/movie_recommend.py', '--cfg-path', '/tmp/tmpqi9kwahs']
[2024-07-01T23:16:46.764-0400] {standard_task_runner.py:91} INFO - Job 854: Subtask insert_into_mysql
[2024-07-01T23:16:46.828-0400] {task_command.py:426} INFO - Running <TaskInstance: api_cuevana3_movie.insert_into_mysql scheduled__2024-07-01T10:00:00+00:00 [running]> on host walter-VirtualBox
[2024-07-01T23:16:46.895-0400] {taskinstance.py:2648} INFO - Exporting env vars: AIRFLOW_CTX_DAG_OWNER='airflow' AIRFLOW_CTX_DAG_ID='api_cuevana3_movie' AIRFLOW_CTX_TASK_ID='insert_into_mysql' AIRFLOW_CTX_EXECUTION_DATE='2024-07-01T10:00:00+00:00' AIRFLOW_CTX_TRY_NUMBER='1' AIRFLOW_CTX_DAG_RUN_ID='scheduled__2024-07-01T10:00:00+00:00'
[2024-07-01T23:16:46.897-0400] {taskinstance.py:430} INFO - ::endgroup::
[2024-07-01T23:16:47.018-0400] {python.py:237} INFO - Done. Returned value was: None
[2024-07-01T23:16:47.031-0400] {taskinstance.py:441} INFO - ::group::Post task execution logs
[2024-07-01T23:16:47.050-0400] {taskinstance.py:1206} INFO - Marking task as SUCCESS. dag_id=api_cuevana3_movie, task_id=insert_into_mysql, run_id=scheduled__2024-07-01T10:00:00+00:00, execution_date=20240701T100000, start_date=20240702T031646, end_date=20240702T031647
[2024-07-01T23:16:47.106-0400] {local_task_job_runner.py:240} INFO - Task exited with return code 0
[2024-07-01T23:16:47.122-0400] {taskinstance.py:3503} INFO - 1 downstream tasks scheduled from follow-on schedule check
[2024-07-01T23:16:47.150-0400] {local_task_job_runner.py:222} INFO - ::endgroup::
