[2024-07-01T20:16:35.961-0400] {local_task_job_runner.py:120} INFO - ::group::Pre task execution logs
[2024-07-01T20:16:35.975-0400] {taskinstance.py:2076} INFO - Dependencies all met for dep_context=non-requeueable deps ti=<TaskInstance: api_cuevana3_movie.execute_post_url_fastapi scheduled__2024-07-01T12:00:00+00:00 [queued]>
[2024-07-01T20:16:35.980-0400] {taskinstance.py:2076} INFO - Dependencies all met for dep_context=requeueable deps ti=<TaskInstance: api_cuevana3_movie.execute_post_url_fastapi scheduled__2024-07-01T12:00:00+00:00 [queued]>
[2024-07-01T20:16:35.981-0400] {taskinstance.py:2306} INFO - Starting attempt 1 of 1
[2024-07-01T20:16:36.025-0400] {taskinstance.py:2330} INFO - Executing <Task(PythonOperator): execute_post_url_fastapi> on 2024-07-01 12:00:00+00:00
[2024-07-01T20:16:36.033-0400] {standard_task_runner.py:63} INFO - Started process 415015 to run task
[2024-07-01T20:16:36.036-0400] {standard_task_runner.py:90} INFO - Running: ['airflow', 'tasks', 'run', 'api_cuevana3_movie', 'execute_post_url_fastapi', 'scheduled__2024-07-01T12:00:00+00:00', '--job-id', '723', '--raw', '--subdir', 'DAGS_FOLDER/movie_recommend.py', '--cfg-path', '/tmp/tmp87077ati']
[2024-07-01T20:16:36.037-0400] {standard_task_runner.py:91} INFO - Job 723: Subtask execute_post_url_fastapi
[2024-07-01T20:16:36.091-0400] {task_command.py:426} INFO - Running <TaskInstance: api_cuevana3_movie.execute_post_url_fastapi scheduled__2024-07-01T12:00:00+00:00 [running]> on host walter-VirtualBox
[2024-07-01T20:16:36.192-0400] {taskinstance.py:2648} INFO - Exporting env vars: AIRFLOW_CTX_DAG_OWNER='airflow' AIRFLOW_CTX_DAG_ID='api_cuevana3_movie' AIRFLOW_CTX_TASK_ID='execute_post_url_fastapi' AIRFLOW_CTX_EXECUTION_DATE='2024-07-01T12:00:00+00:00' AIRFLOW_CTX_TRY_NUMBER='1' AIRFLOW_CTX_DAG_RUN_ID='scheduled__2024-07-01T12:00:00+00:00'
[2024-07-01T20:16:36.196-0400] {taskinstance.py:430} INFO - ::endgroup::
[2024-07-01T20:16:38.812-0400] {logging_mixin.py:188} INFO - Scraping URL did not find any new URLs
[2024-07-01T20:16:38.818-0400] {python.py:237} INFO - Done. Returned value was: None
[2024-07-01T20:16:38.818-0400] {taskinstance.py:441} INFO - ::group::Post task execution logs
[2024-07-01T20:16:38.826-0400] {taskinstance.py:1206} INFO - Marking task as SUCCESS. dag_id=api_cuevana3_movie, task_id=execute_post_url_fastapi, run_id=scheduled__2024-07-01T12:00:00+00:00, execution_date=20240701T120000, start_date=20240702T001635, end_date=20240702T001638
[2024-07-01T20:16:39.047-0400] {local_task_job_runner.py:240} INFO - Task exited with return code 0
[2024-07-01T20:16:39.133-0400] {taskinstance.py:3503} INFO - 3 downstream tasks scheduled from follow-on schedule check
[2024-07-01T20:16:39.185-0400] {local_task_job_runner.py:222} INFO - ::endgroup::
[2024-07-01T23:16:51.951-0400] {local_task_job_runner.py:120} INFO - ::group::Pre task execution logs
[2024-07-01T23:16:51.962-0400] {taskinstance.py:2076} INFO - Dependencies all met for dep_context=non-requeueable deps ti=<TaskInstance: api_cuevana3_movie.execute_post_url_fastapi scheduled__2024-07-01T12:00:00+00:00 [queued]>
[2024-07-01T23:16:51.965-0400] {taskinstance.py:2076} INFO - Dependencies all met for dep_context=requeueable deps ti=<TaskInstance: api_cuevana3_movie.execute_post_url_fastapi scheduled__2024-07-01T12:00:00+00:00 [queued]>
[2024-07-01T23:16:51.965-0400] {taskinstance.py:2306} INFO - Starting attempt 1 of 1
[2024-07-01T23:16:51.984-0400] {taskinstance.py:2330} INFO - Executing <Task(PythonOperator): execute_post_url_fastapi> on 2024-07-01 12:00:00+00:00
[2024-07-01T23:16:51.991-0400] {standard_task_runner.py:63} INFO - Started process 449720 to run task
[2024-07-01T23:16:51.994-0400] {standard_task_runner.py:90} INFO - Running: ['airflow', 'tasks', 'run', 'api_cuevana3_movie', 'execute_post_url_fastapi', 'scheduled__2024-07-01T12:00:00+00:00', '--job-id', '856', '--raw', '--subdir', 'DAGS_FOLDER/movie_recommend.py', '--cfg-path', '/tmp/tmp6z739j5w']
[2024-07-01T23:16:51.995-0400] {standard_task_runner.py:91} INFO - Job 856: Subtask execute_post_url_fastapi
[2024-07-01T23:16:52.026-0400] {task_command.py:426} INFO - Running <TaskInstance: api_cuevana3_movie.execute_post_url_fastapi scheduled__2024-07-01T12:00:00+00:00 [running]> on host walter-VirtualBox
[2024-07-01T23:16:52.099-0400] {taskinstance.py:2648} INFO - Exporting env vars: AIRFLOW_CTX_DAG_OWNER='airflow' AIRFLOW_CTX_DAG_ID='api_cuevana3_movie' AIRFLOW_CTX_TASK_ID='execute_post_url_fastapi' AIRFLOW_CTX_EXECUTION_DATE='2024-07-01T12:00:00+00:00' AIRFLOW_CTX_TRY_NUMBER='1' AIRFLOW_CTX_DAG_RUN_ID='scheduled__2024-07-01T12:00:00+00:00'
[2024-07-01T23:16:52.100-0400] {taskinstance.py:430} INFO - ::endgroup::
[2024-07-01T23:16:54.004-0400] {logging_mixin.py:188} INFO - Scraping URL did not find any new URLs
[2024-07-01T23:16:54.004-0400] {python.py:237} INFO - Done. Returned value was: None
[2024-07-01T23:16:54.005-0400] {taskinstance.py:441} INFO - ::group::Post task execution logs
[2024-07-01T23:16:54.018-0400] {taskinstance.py:1206} INFO - Marking task as SUCCESS. dag_id=api_cuevana3_movie, task_id=execute_post_url_fastapi, run_id=scheduled__2024-07-01T12:00:00+00:00, execution_date=20240701T120000, start_date=20240702T031651, end_date=20240702T031654
[2024-07-01T23:16:54.094-0400] {local_task_job_runner.py:240} INFO - Task exited with return code 0
[2024-07-01T23:16:54.128-0400] {taskinstance.py:3503} INFO - 3 downstream tasks scheduled from follow-on schedule check
[2024-07-01T23:16:54.142-0400] {local_task_job_runner.py:222} INFO - ::endgroup::
