[2024-06-27T21:37:18.504-0400] {local_task_job_runner.py:120} INFO - ::group::Pre task execution logs
[2024-06-27T21:37:18.582-0400] {taskinstance.py:2076} INFO - Dependencies all met for dep_context=non-requeueable deps ti=<TaskInstance: api_cuevana3_movie.transform_with_spark scheduled__2024-06-27T00:05:30+00:00 [queued]>
[2024-06-27T21:37:18.613-0400] {taskinstance.py:2076} INFO - Dependencies all met for dep_context=requeueable deps ti=<TaskInstance: api_cuevana3_movie.transform_with_spark scheduled__2024-06-27T00:05:30+00:00 [queued]>
[2024-06-27T21:37:18.616-0400] {taskinstance.py:2306} INFO - Starting attempt 1 of 1
[2024-06-27T21:37:18.695-0400] {taskinstance.py:2330} INFO - Executing <Task(PythonOperator): transform_with_spark> on 2024-06-27 00:05:30+00:00
[2024-06-27T21:37:18.709-0400] {standard_task_runner.py:63} INFO - Started process 218535 to run task
[2024-06-27T21:37:18.712-0400] {standard_task_runner.py:90} INFO - Running: ['airflow', 'tasks', 'run', 'api_cuevana3_movie', 'transform_with_spark', 'scheduled__2024-06-27T00:05:30+00:00', '--job-id', '328', '--raw', '--subdir', 'DAGS_FOLDER/movie_recommend.py', '--cfg-path', '/tmp/tmpmd1mn5vs']
[2024-06-27T21:37:18.715-0400] {standard_task_runner.py:91} INFO - Job 328: Subtask transform_with_spark
[2024-06-27T21:37:18.791-0400] {task_command.py:426} INFO - Running <TaskInstance: api_cuevana3_movie.transform_with_spark scheduled__2024-06-27T00:05:30+00:00 [running]> on host walter-VirtualBox
[2024-06-27T21:37:18.941-0400] {taskinstance.py:2648} INFO - Exporting env vars: AIRFLOW_CTX_DAG_OWNER='airflow' AIRFLOW_CTX_DAG_ID='api_cuevana3_movie' AIRFLOW_CTX_TASK_ID='transform_with_spark' AIRFLOW_CTX_EXECUTION_DATE='2024-06-27T00:05:30+00:00' AIRFLOW_CTX_TRY_NUMBER='1' AIRFLOW_CTX_DAG_RUN_ID='scheduled__2024-06-27T00:05:30+00:00'
[2024-06-27T21:37:18.942-0400] {taskinstance.py:430} INFO - ::endgroup::
[2024-06-27T21:37:47.543-0400] {logging_mixin.py:188} INFO - Error al transformar datos con Spark: 
  An exception was thrown from the Python worker. Please see the stack trace below.
Traceback (most recent call last):
  File "/home/walter/Descargas/spark/python/lib/pyspark.zip/pyspark/worker.py", line 1247, in main
    process()
  File "/home/walter/Descargas/spark/python/lib/pyspark.zip/pyspark/worker.py", line 1239, in process
    serializer.dump_stream(out_iter, outfile)
  File "/home/walter/Descargas/spark/python/lib/pyspark.zip/pyspark/serializers.py", line 225, in dump_stream
    self.serializer.dump_stream(self._batched(iterator), stream)
  File "/home/walter/Descargas/spark/python/lib/pyspark.zip/pyspark/serializers.py", line 146, in dump_stream
    for obj in iterator:
  File "/home/walter/Descargas/spark/python/lib/pyspark.zip/pyspark/serializers.py", line 214, in _batched
    for item in iterator:
  File "/home/walter/Descargas/spark/python/lib/pyspark.zip/pyspark/worker.py", line 1070, in mapper
    result = tuple(f(*[a[o] for o in arg_offsets]) for (arg_offsets, f) in udfs)
             ^^^^^^^^^^^^^^^^^^^^^^^^^^^^^^^^^^^^^^^^^^^^^^^^^^^^^^^^^^^^^^^^^^^
  File "/home/walter/Descargas/spark/python/lib/pyspark.zip/pyspark/worker.py", line 1070, in <genexpr>
    result = tuple(f(*[a[o] for o in arg_offsets]) for (arg_offsets, f) in udfs)
                   ^^^^^^^^^^^^^^^^^^^^^^^^^^^^^^^
  File "/home/walter/Descargas/spark/python/lib/pyspark.zip/pyspark/worker.py", line 106, in <lambda>
    return lambda *a: f(*a)
                      ^^^^^
  File "/home/walter/Descargas/spark/python/lib/pyspark.zip/pyspark/util.py", line 83, in wrapper
    return f(*args, **kwargs)
           ^^^^^^^^^^^^^^^^^^
TypeError: transform_with_spark.<locals>.clean_description() takes 0 positional arguments but 1 was given
[2024-06-27T21:37:47.550-0400] {python.py:237} INFO - Done. Returned value was: None
[2024-06-27T21:37:47.550-0400] {taskinstance.py:441} INFO - ::group::Post task execution logs
[2024-06-27T21:37:47.635-0400] {taskinstance.py:1206} INFO - Marking task as SUCCESS. dag_id=api_cuevana3_movie, task_id=transform_with_spark, run_id=scheduled__2024-06-27T00:05:30+00:00, execution_date=20240627T000530, start_date=20240628T013718, end_date=20240628T013747
[2024-06-27T21:37:47.788-0400] {local_task_job_runner.py:240} INFO - Task exited with return code 0
[2024-06-27T21:37:47.924-0400] {taskinstance.py:3503} INFO - 0 downstream tasks scheduled from follow-on schedule check
[2024-06-27T21:37:47.926-0400] {local_task_job_runner.py:222} INFO - ::endgroup::
