[2024-06-27T15:39:22.426-0400] {local_task_job_runner.py:120} INFO - ::group::Pre task execution logs
[2024-06-27T15:39:22.440-0400] {taskinstance.py:2076} INFO - Dependencies all met for dep_context=non-requeueable deps ti=<TaskInstance: api_cuevana3_movie.run_kafka_producer scheduled__2024-06-27T00:03:30+00:00 [queued]>
[2024-06-27T15:39:22.447-0400] {taskinstance.py:2076} INFO - Dependencies all met for dep_context=requeueable deps ti=<TaskInstance: api_cuevana3_movie.run_kafka_producer scheduled__2024-06-27T00:03:30+00:00 [queued]>
[2024-06-27T15:39:22.448-0400] {taskinstance.py:2306} INFO - Starting attempt 1 of 1
[2024-06-27T15:39:22.466-0400] {taskinstance.py:2330} INFO - Executing <Task(PythonOperator): run_kafka_producer> on 2024-06-27 00:03:30+00:00
[2024-06-27T15:39:22.476-0400] {standard_task_runner.py:63} INFO - Started process 185669 to run task
[2024-06-27T15:39:22.481-0400] {standard_task_runner.py:90} INFO - Running: ['airflow', 'tasks', 'run', 'api_cuevana3_movie', 'run_kafka_producer', 'scheduled__2024-06-27T00:03:30+00:00', '--job-id', '97', '--raw', '--subdir', 'DAGS_FOLDER/movie_recommend.py', '--cfg-path', '/tmp/tmp1bwz_i6x']
[2024-06-27T15:39:22.484-0400] {standard_task_runner.py:91} INFO - Job 97: Subtask run_kafka_producer
[2024-06-27T15:39:22.552-0400] {task_command.py:426} INFO - Running <TaskInstance: api_cuevana3_movie.run_kafka_producer scheduled__2024-06-27T00:03:30+00:00 [running]> on host walter-VirtualBox
[2024-06-27T15:39:22.661-0400] {taskinstance.py:2648} INFO - Exporting env vars: AIRFLOW_CTX_DAG_OWNER='airflow' AIRFLOW_CTX_DAG_ID='api_cuevana3_movie' AIRFLOW_CTX_TASK_ID='run_kafka_producer' AIRFLOW_CTX_EXECUTION_DATE='2024-06-27T00:03:30+00:00' AIRFLOW_CTX_TRY_NUMBER='1' AIRFLOW_CTX_DAG_RUN_ID='scheduled__2024-06-27T00:03:30+00:00'
[2024-06-27T15:39:22.662-0400] {taskinstance.py:430} INFO - ::endgroup::
[2024-06-27T15:39:22.684-0400] {taskinstance.py:441} INFO - ::group::Post task execution logs
[2024-06-27T15:39:22.688-0400] {taskinstance.py:2905} ERROR - Task failed with exception
Traceback (most recent call last):
  File "/home/walter/Documentos/rakuntentv/venv/lib/python3.12/site-packages/airflow/models/taskinstance.py", line 465, in _execute_task
    result = _execute_callable(context=context, **execute_callable_kwargs)
             ^^^^^^^^^^^^^^^^^^^^^^^^^^^^^^^^^^^^^^^^^^^^^^^^^^^^^^^^^^^^^
  File "/home/walter/Documentos/rakuntentv/venv/lib/python3.12/site-packages/airflow/models/taskinstance.py", line 432, in _execute_callable
    return execute_callable(context=context, **execute_callable_kwargs)
           ^^^^^^^^^^^^^^^^^^^^^^^^^^^^^^^^^^^^^^^^^^^^^^^^^^^^^^^^^^^^
  File "/home/walter/Documentos/rakuntentv/venv/lib/python3.12/site-packages/airflow/models/baseoperator.py", line 401, in wrapper
    return func(self, *args, **kwargs)
           ^^^^^^^^^^^^^^^^^^^^^^^^^^^
  File "/home/walter/Documentos/rakuntentv/venv/lib/python3.12/site-packages/airflow/operators/python.py", line 235, in execute
    return_value = self.execute_callable()
                   ^^^^^^^^^^^^^^^^^^^^^^^
  File "/home/walter/Documentos/rakuntentv/venv/lib/python3.12/site-packages/airflow/operators/python.py", line 252, in execute_callable
    return self.python_callable(*self.op_args, **self.op_kwargs)
           ^^^^^^^^^^^^^^^^^^^^^^^^^^^^^^^^^^^^^^^^^^^^^^^^^^^^^
  File "/home/walter/Documentos/rakuntentv/airflow/dags/movie_recommend.py", line 41, in json_serialization
    producer = Producer(producer_config)
               ^^^^^^^^^^^^^^^^^^^^^^^^^
cimpl.KafkaException: KafkaError{code=_INVALID_ARG,val=-186,str="No such configuration property: "bootstrap_server""}
[2024-06-27T15:39:22.695-0400] {taskinstance.py:1206} INFO - Marking task as FAILED. dag_id=api_cuevana3_movie, task_id=run_kafka_producer, run_id=scheduled__2024-06-27T00:03:30+00:00, execution_date=20240627T000330, start_date=20240627T193922, end_date=20240627T193922
[2024-06-27T15:39:22.722-0400] {standard_task_runner.py:110} ERROR - Failed to execute job 97 for task run_kafka_producer (KafkaError{code=_INVALID_ARG,val=-186,str="No such configuration property: "bootstrap_server""}; 185669)
[2024-06-27T15:39:22.749-0400] {local_task_job_runner.py:240} INFO - Task exited with return code 1
[2024-06-27T15:39:22.760-0400] {taskinstance.py:3503} INFO - 0 downstream tasks scheduled from follow-on schedule check
[2024-06-27T15:39:22.760-0400] {local_task_job_runner.py:222} INFO - ::endgroup::
[2024-06-27T16:01:15.067-0400] {local_task_job_runner.py:120} INFO - ::group::Pre task execution logs
[2024-06-27T16:01:15.094-0400] {taskinstance.py:2076} INFO - Dependencies all met for dep_context=non-requeueable deps ti=<TaskInstance: api_cuevana3_movie.run_kafka_producer scheduled__2024-06-27T00:03:30+00:00 [queued]>
[2024-06-27T16:01:15.109-0400] {taskinstance.py:2076} INFO - Dependencies all met for dep_context=requeueable deps ti=<TaskInstance: api_cuevana3_movie.run_kafka_producer scheduled__2024-06-27T00:03:30+00:00 [queued]>
[2024-06-27T16:01:15.109-0400] {taskinstance.py:2306} INFO - Starting attempt 1 of 1
[2024-06-27T16:01:15.125-0400] {taskinstance.py:2330} INFO - Executing <Task(PythonOperator): run_kafka_producer> on 2024-06-27 00:03:30+00:00
[2024-06-27T16:01:15.132-0400] {standard_task_runner.py:63} INFO - Started process 188618 to run task
[2024-06-27T16:01:15.134-0400] {standard_task_runner.py:90} INFO - Running: ['airflow', 'tasks', 'run', 'api_cuevana3_movie', 'run_kafka_producer', 'scheduled__2024-06-27T00:03:30+00:00', '--job-id', '156', '--raw', '--subdir', 'DAGS_FOLDER/movie_recommend.py', '--cfg-path', '/tmp/tmp7p9mq_18']
[2024-06-27T16:01:15.136-0400] {standard_task_runner.py:91} INFO - Job 156: Subtask run_kafka_producer
[2024-06-27T16:01:15.258-0400] {task_command.py:426} INFO - Running <TaskInstance: api_cuevana3_movie.run_kafka_producer scheduled__2024-06-27T00:03:30+00:00 [running]> on host walter-VirtualBox
[2024-06-27T16:01:15.442-0400] {taskinstance.py:2648} INFO - Exporting env vars: AIRFLOW_CTX_DAG_OWNER='airflow' AIRFLOW_CTX_DAG_ID='api_cuevana3_movie' AIRFLOW_CTX_TASK_ID='run_kafka_producer' AIRFLOW_CTX_EXECUTION_DATE='2024-06-27T00:03:30+00:00' AIRFLOW_CTX_TRY_NUMBER='1' AIRFLOW_CTX_DAG_RUN_ID='scheduled__2024-06-27T00:03:30+00:00'
[2024-06-27T16:01:15.442-0400] {taskinstance.py:430} INFO - ::endgroup::
[2024-06-27T16:01:15.659-0400] {python.py:237} INFO - Done. Returned value was: None
[2024-06-27T16:01:15.662-0400] {taskinstance.py:441} INFO - ::group::Post task execution logs
[2024-06-27T16:01:15.673-0400] {taskinstance.py:1206} INFO - Marking task as SUCCESS. dag_id=api_cuevana3_movie, task_id=run_kafka_producer, run_id=scheduled__2024-06-27T00:03:30+00:00, execution_date=20240627T000330, start_date=20240627T200115, end_date=20240627T200115
[2024-06-27T16:01:15.749-0400] {local_task_job_runner.py:240} INFO - Task exited with return code 0
[2024-06-27T16:01:15.770-0400] {taskinstance.py:3503} INFO - 0 downstream tasks scheduled from follow-on schedule check
[2024-06-27T16:01:15.772-0400] {local_task_job_runner.py:222} INFO - ::endgroup::
[2024-06-27T21:33:17.558-0400] {local_task_job_runner.py:120} INFO - ::group::Pre task execution logs
[2024-06-27T21:33:17.575-0400] {taskinstance.py:2076} INFO - Dependencies all met for dep_context=non-requeueable deps ti=<TaskInstance: api_cuevana3_movie.run_kafka_producer scheduled__2024-06-27T00:03:30+00:00 [queued]>
[2024-06-27T21:33:17.582-0400] {taskinstance.py:2076} INFO - Dependencies all met for dep_context=requeueable deps ti=<TaskInstance: api_cuevana3_movie.run_kafka_producer scheduled__2024-06-27T00:03:30+00:00 [queued]>
[2024-06-27T21:33:17.584-0400] {taskinstance.py:2306} INFO - Starting attempt 1 of 1
[2024-06-27T21:33:17.605-0400] {taskinstance.py:2330} INFO - Executing <Task(PythonOperator): run_kafka_producer> on 2024-06-27 00:03:30+00:00
[2024-06-27T21:33:17.613-0400] {standard_task_runner.py:63} INFO - Started process 217283 to run task
[2024-06-27T21:33:17.616-0400] {standard_task_runner.py:90} INFO - Running: ['airflow', 'tasks', 'run', 'api_cuevana3_movie', 'run_kafka_producer', 'scheduled__2024-06-27T00:03:30+00:00', '--job-id', '308', '--raw', '--subdir', 'DAGS_FOLDER/movie_recommend.py', '--cfg-path', '/tmp/tmpu3lathe9']
[2024-06-27T21:33:17.618-0400] {standard_task_runner.py:91} INFO - Job 308: Subtask run_kafka_producer
[2024-06-27T21:33:17.702-0400] {task_command.py:426} INFO - Running <TaskInstance: api_cuevana3_movie.run_kafka_producer scheduled__2024-06-27T00:03:30+00:00 [running]> on host walter-VirtualBox
[2024-06-27T21:33:17.796-0400] {taskinstance.py:2648} INFO - Exporting env vars: AIRFLOW_CTX_DAG_OWNER='airflow' AIRFLOW_CTX_DAG_ID='api_cuevana3_movie' AIRFLOW_CTX_TASK_ID='run_kafka_producer' AIRFLOW_CTX_EXECUTION_DATE='2024-06-27T00:03:30+00:00' AIRFLOW_CTX_TRY_NUMBER='1' AIRFLOW_CTX_DAG_RUN_ID='scheduled__2024-06-27T00:03:30+00:00'
[2024-06-27T21:33:17.798-0400] {taskinstance.py:430} INFO - ::endgroup::
[2024-06-27T21:33:17.985-0400] {python.py:237} INFO - Done. Returned value was: None
[2024-06-27T21:33:17.986-0400] {taskinstance.py:441} INFO - ::group::Post task execution logs
[2024-06-27T21:33:17.992-0400] {taskinstance.py:1206} INFO - Marking task as SUCCESS. dag_id=api_cuevana3_movie, task_id=run_kafka_producer, run_id=scheduled__2024-06-27T00:03:30+00:00, execution_date=20240627T000330, start_date=20240628T013317, end_date=20240628T013317
[2024-06-27T21:33:18.070-0400] {local_task_job_runner.py:240} INFO - Task exited with return code 0
[2024-06-27T21:33:18.135-0400] {taskinstance.py:3503} INFO - 1 downstream tasks scheduled from follow-on schedule check
[2024-06-27T21:33:18.143-0400] {local_task_job_runner.py:222} INFO - ::endgroup::
[2024-06-28T11:05:42.528-0400] {local_task_job_runner.py:120} INFO - ::group::Pre task execution logs
[2024-06-28T11:05:42.561-0400] {taskinstance.py:2076} INFO - Dependencies all met for dep_context=non-requeueable deps ti=<TaskInstance: api_cuevana3_movie.run_kafka_producer scheduled__2024-06-27T00:03:30+00:00 [queued]>
[2024-06-28T11:05:42.568-0400] {taskinstance.py:2076} INFO - Dependencies all met for dep_context=requeueable deps ti=<TaskInstance: api_cuevana3_movie.run_kafka_producer scheduled__2024-06-27T00:03:30+00:00 [queued]>
[2024-06-28T11:05:42.569-0400] {taskinstance.py:2306} INFO - Starting attempt 1 of 1
[2024-06-28T11:05:42.622-0400] {taskinstance.py:2330} INFO - Executing <Task(PythonOperator): run_kafka_producer> on 2024-06-27 00:03:30+00:00
[2024-06-28T11:05:42.653-0400] {standard_task_runner.py:63} INFO - Started process 238180 to run task
[2024-06-28T11:05:42.656-0400] {standard_task_runner.py:90} INFO - Running: ['airflow', 'tasks', 'run', 'api_cuevana3_movie', 'run_kafka_producer', 'scheduled__2024-06-27T00:03:30+00:00', '--job-id', '478', '--raw', '--subdir', 'DAGS_FOLDER/movie_recommend.py', '--cfg-path', '/tmp/tmpc3ze30hh']
[2024-06-28T11:05:42.658-0400] {standard_task_runner.py:91} INFO - Job 478: Subtask run_kafka_producer
[2024-06-28T11:05:42.760-0400] {task_command.py:426} INFO - Running <TaskInstance: api_cuevana3_movie.run_kafka_producer scheduled__2024-06-27T00:03:30+00:00 [running]> on host walter-VirtualBox
[2024-06-28T11:05:42.911-0400] {taskinstance.py:2648} INFO - Exporting env vars: AIRFLOW_CTX_DAG_OWNER='airflow' AIRFLOW_CTX_DAG_ID='api_cuevana3_movie' AIRFLOW_CTX_TASK_ID='run_kafka_producer' AIRFLOW_CTX_EXECUTION_DATE='2024-06-27T00:03:30+00:00' AIRFLOW_CTX_TRY_NUMBER='1' AIRFLOW_CTX_DAG_RUN_ID='scheduled__2024-06-27T00:03:30+00:00'
[2024-06-28T11:05:42.912-0400] {taskinstance.py:430} INFO - ::endgroup::
[2024-06-28T11:05:42.961-0400] {python.py:237} INFO - Done. Returned value was: None
[2024-06-28T11:05:42.962-0400] {taskinstance.py:441} INFO - ::group::Post task execution logs
[2024-06-28T11:05:42.968-0400] {taskinstance.py:1206} INFO - Marking task as SUCCESS. dag_id=api_cuevana3_movie, task_id=run_kafka_producer, run_id=scheduled__2024-06-27T00:03:30+00:00, execution_date=20240627T000330, start_date=20240628T150542, end_date=20240628T150542
[2024-06-28T11:05:43.057-0400] {local_task_job_runner.py:240} INFO - Task exited with return code 0
[2024-06-28T11:05:43.106-0400] {taskinstance.py:3503} INFO - 1 downstream tasks scheduled from follow-on schedule check
[2024-06-28T11:05:43.124-0400] {local_task_job_runner.py:222} INFO - ::endgroup::
[2024-06-28T11:22:13.802-0400] {local_task_job_runner.py:120} INFO - ::group::Pre task execution logs
[2024-06-28T11:22:13.835-0400] {taskinstance.py:2076} INFO - Dependencies all met for dep_context=non-requeueable deps ti=<TaskInstance: api_cuevana3_movie.run_kafka_producer scheduled__2024-06-27T00:03:30+00:00 [queued]>
[2024-06-28T11:22:13.844-0400] {taskinstance.py:2076} INFO - Dependencies all met for dep_context=requeueable deps ti=<TaskInstance: api_cuevana3_movie.run_kafka_producer scheduled__2024-06-27T00:03:30+00:00 [queued]>
[2024-06-28T11:22:13.844-0400] {taskinstance.py:2306} INFO - Starting attempt 1 of 1
[2024-06-28T11:22:13.895-0400] {taskinstance.py:2330} INFO - Executing <Task(PythonOperator): run_kafka_producer> on 2024-06-27 00:03:30+00:00
[2024-06-28T11:22:13.914-0400] {standard_task_runner.py:63} INFO - Started process 242213 to run task
[2024-06-28T11:22:13.927-0400] {standard_task_runner.py:90} INFO - Running: ['airflow', 'tasks', 'run', 'api_cuevana3_movie', 'run_kafka_producer', 'scheduled__2024-06-27T00:03:30+00:00', '--job-id', '531', '--raw', '--subdir', 'DAGS_FOLDER/movie_recommend.py', '--cfg-path', '/tmp/tmplkpio1m4']
[2024-06-28T11:22:13.930-0400] {standard_task_runner.py:91} INFO - Job 531: Subtask run_kafka_producer
[2024-06-28T11:22:14.031-0400] {task_command.py:426} INFO - Running <TaskInstance: api_cuevana3_movie.run_kafka_producer scheduled__2024-06-27T00:03:30+00:00 [running]> on host walter-VirtualBox
[2024-06-28T11:22:14.160-0400] {taskinstance.py:2648} INFO - Exporting env vars: AIRFLOW_CTX_DAG_OWNER='airflow' AIRFLOW_CTX_DAG_ID='api_cuevana3_movie' AIRFLOW_CTX_TASK_ID='run_kafka_producer' AIRFLOW_CTX_EXECUTION_DATE='2024-06-27T00:03:30+00:00' AIRFLOW_CTX_TRY_NUMBER='1' AIRFLOW_CTX_DAG_RUN_ID='scheduled__2024-06-27T00:03:30+00:00'
[2024-06-28T11:22:14.161-0400] {taskinstance.py:430} INFO - ::endgroup::
[2024-06-28T11:22:15.218-0400] {python.py:237} INFO - Done. Returned value was: None
[2024-06-28T11:22:15.219-0400] {taskinstance.py:441} INFO - ::group::Post task execution logs
[2024-06-28T11:22:15.237-0400] {taskinstance.py:1206} INFO - Marking task as SUCCESS. dag_id=api_cuevana3_movie, task_id=run_kafka_producer, run_id=scheduled__2024-06-27T00:03:30+00:00, execution_date=20240627T000330, start_date=20240628T152213, end_date=20240628T152215
[2024-06-28T11:22:15.312-0400] {local_task_job_runner.py:240} INFO - Task exited with return code 0
[2024-06-28T11:22:15.350-0400] {taskinstance.py:3503} INFO - 1 downstream tasks scheduled from follow-on schedule check
[2024-06-28T11:22:15.366-0400] {local_task_job_runner.py:222} INFO - ::endgroup::
