[2024-07-01T11:06:24.403-0400] {local_task_job_runner.py:120} INFO - ::group::Pre task execution logs
[2024-07-01T11:06:24.422-0400] {taskinstance.py:2076} INFO - Dependencies all met for dep_context=non-requeueable deps ti=<TaskInstance: api_cuevana3_movie.execute_post_url_fastapi scheduled__2024-07-01T04:00:00+00:00 [queued]>
[2024-07-01T11:06:24.428-0400] {taskinstance.py:2076} INFO - Dependencies all met for dep_context=requeueable deps ti=<TaskInstance: api_cuevana3_movie.execute_post_url_fastapi scheduled__2024-07-01T04:00:00+00:00 [queued]>
[2024-07-01T11:06:24.428-0400] {taskinstance.py:2306} INFO - Starting attempt 1 of 1
[2024-07-01T11:06:24.448-0400] {taskinstance.py:2330} INFO - Executing <Task(PythonOperator): execute_post_url_fastapi> on 2024-07-01 04:00:00+00:00
[2024-07-01T11:06:24.455-0400] {standard_task_runner.py:63} INFO - Started process 381824 to run task
[2024-07-01T11:06:24.460-0400] {standard_task_runner.py:90} INFO - Running: ['airflow', 'tasks', 'run', 'api_cuevana3_movie', 'execute_post_url_fastapi', 'scheduled__2024-07-01T04:00:00+00:00', '--job-id', '656', '--raw', '--subdir', 'DAGS_FOLDER/movie_recommend.py', '--cfg-path', '/tmp/tmpq2uipg4m']
[2024-07-01T11:06:24.462-0400] {standard_task_runner.py:91} INFO - Job 656: Subtask execute_post_url_fastapi
[2024-07-01T11:06:24.520-0400] {task_command.py:426} INFO - Running <TaskInstance: api_cuevana3_movie.execute_post_url_fastapi scheduled__2024-07-01T04:00:00+00:00 [running]> on host walter-VirtualBox
[2024-07-01T11:06:24.610-0400] {taskinstance.py:2648} INFO - Exporting env vars: AIRFLOW_CTX_DAG_OWNER='airflow' AIRFLOW_CTX_DAG_ID='api_cuevana3_movie' AIRFLOW_CTX_TASK_ID='execute_post_url_fastapi' AIRFLOW_CTX_EXECUTION_DATE='2024-07-01T04:00:00+00:00' AIRFLOW_CTX_TRY_NUMBER='1' AIRFLOW_CTX_DAG_RUN_ID='scheduled__2024-07-01T04:00:00+00:00'
[2024-07-01T11:06:24.610-0400] {taskinstance.py:430} INFO - ::endgroup::
[2024-07-01T11:06:26.422-0400] {logging_mixin.py:188} INFO - Scraping URL did not find any new URLs
[2024-07-01T11:06:26.423-0400] {python.py:237} INFO - Done. Returned value was: None
[2024-07-01T11:06:26.423-0400] {taskinstance.py:441} INFO - ::group::Post task execution logs
[2024-07-01T11:06:26.428-0400] {taskinstance.py:1206} INFO - Marking task as SUCCESS. dag_id=api_cuevana3_movie, task_id=execute_post_url_fastapi, run_id=scheduled__2024-07-01T04:00:00+00:00, execution_date=20240701T040000, start_date=20240701T150624, end_date=20240701T150626
[2024-07-01T11:06:26.497-0400] {local_task_job_runner.py:240} INFO - Task exited with return code 0
[2024-07-01T11:06:26.538-0400] {taskinstance.py:3503} INFO - 3 downstream tasks scheduled from follow-on schedule check
[2024-07-01T11:06:26.557-0400] {local_task_job_runner.py:222} INFO - ::endgroup::
[2024-07-01T11:17:26.661-0400] {local_task_job_runner.py:120} INFO - ::group::Pre task execution logs
[2024-07-01T11:17:26.685-0400] {taskinstance.py:2076} INFO - Dependencies all met for dep_context=non-requeueable deps ti=<TaskInstance: api_cuevana3_movie.execute_post_url_fastapi scheduled__2024-07-01T04:00:00+00:00 [queued]>
[2024-07-01T11:17:26.692-0400] {taskinstance.py:2076} INFO - Dependencies all met for dep_context=requeueable deps ti=<TaskInstance: api_cuevana3_movie.execute_post_url_fastapi scheduled__2024-07-01T04:00:00+00:00 [queued]>
[2024-07-01T11:17:26.692-0400] {taskinstance.py:2306} INFO - Starting attempt 1 of 1
[2024-07-01T11:17:26.720-0400] {taskinstance.py:2330} INFO - Executing <Task(PythonOperator): execute_post_url_fastapi> on 2024-07-01 04:00:00+00:00
[2024-07-01T11:17:26.726-0400] {standard_task_runner.py:63} INFO - Started process 383042 to run task
[2024-07-01T11:17:26.731-0400] {standard_task_runner.py:90} INFO - Running: ['airflow', 'tasks', 'run', 'api_cuevana3_movie', 'execute_post_url_fastapi', 'scheduled__2024-07-01T04:00:00+00:00', '--job-id', '674', '--raw', '--subdir', 'DAGS_FOLDER/movie_recommend.py', '--cfg-path', '/tmp/tmpmqgyv7zv']
[2024-07-01T11:17:26.733-0400] {standard_task_runner.py:91} INFO - Job 674: Subtask execute_post_url_fastapi
[2024-07-01T11:17:26.811-0400] {task_command.py:426} INFO - Running <TaskInstance: api_cuevana3_movie.execute_post_url_fastapi scheduled__2024-07-01T04:00:00+00:00 [running]> on host walter-VirtualBox
[2024-07-01T11:17:26.915-0400] {taskinstance.py:2648} INFO - Exporting env vars: AIRFLOW_CTX_DAG_OWNER='airflow' AIRFLOW_CTX_DAG_ID='api_cuevana3_movie' AIRFLOW_CTX_TASK_ID='execute_post_url_fastapi' AIRFLOW_CTX_EXECUTION_DATE='2024-07-01T04:00:00+00:00' AIRFLOW_CTX_TRY_NUMBER='1' AIRFLOW_CTX_DAG_RUN_ID='scheduled__2024-07-01T04:00:00+00:00'
[2024-07-01T11:17:26.920-0400] {taskinstance.py:430} INFO - ::endgroup::
[2024-07-01T11:17:28.849-0400] {logging_mixin.py:188} INFO - Scraping URL did not find any new URLs
[2024-07-01T11:17:28.855-0400] {python.py:237} INFO - Done. Returned value was: None
[2024-07-01T11:17:28.856-0400] {taskinstance.py:441} INFO - ::group::Post task execution logs
[2024-07-01T11:17:28.861-0400] {taskinstance.py:1206} INFO - Marking task as SUCCESS. dag_id=api_cuevana3_movie, task_id=execute_post_url_fastapi, run_id=scheduled__2024-07-01T04:00:00+00:00, execution_date=20240701T040000, start_date=20240701T151726, end_date=20240701T151728
[2024-07-01T11:17:28.955-0400] {local_task_job_runner.py:240} INFO - Task exited with return code 0
[2024-07-01T11:17:28.994-0400] {taskinstance.py:3503} INFO - 3 downstream tasks scheduled from follow-on schedule check
[2024-07-01T11:17:29.006-0400] {local_task_job_runner.py:222} INFO - ::endgroup::
[2024-07-01T19:20:38.693-0400] {local_task_job_runner.py:120} INFO - ::group::Pre task execution logs
[2024-07-01T19:20:38.709-0400] {taskinstance.py:2076} INFO - Dependencies all met for dep_context=non-requeueable deps ti=<TaskInstance: api_cuevana3_movie.execute_post_url_fastapi scheduled__2024-07-01T04:00:00+00:00 [queued]>
[2024-07-01T19:20:38.713-0400] {taskinstance.py:2076} INFO - Dependencies all met for dep_context=requeueable deps ti=<TaskInstance: api_cuevana3_movie.execute_post_url_fastapi scheduled__2024-07-01T04:00:00+00:00 [queued]>
[2024-07-01T19:20:38.713-0400] {taskinstance.py:2306} INFO - Starting attempt 1 of 1
[2024-07-01T19:20:38.738-0400] {taskinstance.py:2330} INFO - Executing <Task(PythonOperator): execute_post_url_fastapi> on 2024-07-01 04:00:00+00:00
[2024-07-01T19:20:38.747-0400] {standard_task_runner.py:63} INFO - Started process 408826 to run task
[2024-07-01T19:20:38.748-0400] {standard_task_runner.py:90} INFO - Running: ['airflow', 'tasks', 'run', 'api_cuevana3_movie', 'execute_post_url_fastapi', 'scheduled__2024-07-01T04:00:00+00:00', '--job-id', '696', '--raw', '--subdir', 'DAGS_FOLDER/movie_recommend.py', '--cfg-path', '/tmp/tmp3bdemwfr']
[2024-07-01T19:20:38.750-0400] {standard_task_runner.py:91} INFO - Job 696: Subtask execute_post_url_fastapi
[2024-07-01T19:20:38.789-0400] {task_command.py:426} INFO - Running <TaskInstance: api_cuevana3_movie.execute_post_url_fastapi scheduled__2024-07-01T04:00:00+00:00 [running]> on host walter-VirtualBox
[2024-07-01T19:20:38.870-0400] {taskinstance.py:2648} INFO - Exporting env vars: AIRFLOW_CTX_DAG_OWNER='airflow' AIRFLOW_CTX_DAG_ID='api_cuevana3_movie' AIRFLOW_CTX_TASK_ID='execute_post_url_fastapi' AIRFLOW_CTX_EXECUTION_DATE='2024-07-01T04:00:00+00:00' AIRFLOW_CTX_TRY_NUMBER='1' AIRFLOW_CTX_DAG_RUN_ID='scheduled__2024-07-01T04:00:00+00:00'
[2024-07-01T19:20:38.871-0400] {taskinstance.py:430} INFO - ::endgroup::
[2024-07-01T19:20:40.952-0400] {logging_mixin.py:188} INFO - Scraping URL did not find any new URLs
[2024-07-01T19:20:40.952-0400] {python.py:237} INFO - Done. Returned value was: None
[2024-07-01T19:20:40.953-0400] {taskinstance.py:441} INFO - ::group::Post task execution logs
[2024-07-01T19:20:40.957-0400] {taskinstance.py:1206} INFO - Marking task as SUCCESS. dag_id=api_cuevana3_movie, task_id=execute_post_url_fastapi, run_id=scheduled__2024-07-01T04:00:00+00:00, execution_date=20240701T040000, start_date=20240701T232038, end_date=20240701T232040
[2024-07-01T19:20:41.017-0400] {local_task_job_runner.py:240} INFO - Task exited with return code 0
[2024-07-01T19:20:41.033-0400] {taskinstance.py:3503} INFO - 3 downstream tasks scheduled from follow-on schedule check
[2024-07-01T19:20:41.047-0400] {local_task_job_runner.py:222} INFO - ::endgroup::
[2024-07-01T21:15:05.143-0400] {local_task_job_runner.py:120} INFO - ::group::Pre task execution logs
[2024-07-01T21:15:05.165-0400] {taskinstance.py:2076} INFO - Dependencies all met for dep_context=non-requeueable deps ti=<TaskInstance: api_cuevana3_movie.execute_post_url_fastapi scheduled__2024-07-01T04:00:00+00:00 [queued]>
[2024-07-01T21:15:05.172-0400] {taskinstance.py:2076} INFO - Dependencies all met for dep_context=requeueable deps ti=<TaskInstance: api_cuevana3_movie.execute_post_url_fastapi scheduled__2024-07-01T04:00:00+00:00 [queued]>
[2024-07-01T21:15:05.172-0400] {taskinstance.py:2306} INFO - Starting attempt 1 of 1
[2024-07-01T21:15:05.249-0400] {taskinstance.py:2330} INFO - Executing <Task(PythonOperator): execute_post_url_fastapi> on 2024-07-01 04:00:00+00:00
[2024-07-01T21:15:05.268-0400] {standard_task_runner.py:63} INFO - Started process 428264 to run task
[2024-07-01T21:15:05.274-0400] {standard_task_runner.py:90} INFO - Running: ['airflow', 'tasks', 'run', 'api_cuevana3_movie', 'execute_post_url_fastapi', 'scheduled__2024-07-01T04:00:00+00:00', '--job-id', '760', '--raw', '--subdir', 'DAGS_FOLDER/movie_recommend.py', '--cfg-path', '/tmp/tmpn_tg9du0']
[2024-07-01T21:15:05.276-0400] {standard_task_runner.py:91} INFO - Job 760: Subtask execute_post_url_fastapi
[2024-07-01T21:15:05.351-0400] {task_command.py:426} INFO - Running <TaskInstance: api_cuevana3_movie.execute_post_url_fastapi scheduled__2024-07-01T04:00:00+00:00 [running]> on host walter-VirtualBox
[2024-07-01T21:15:05.540-0400] {taskinstance.py:2648} INFO - Exporting env vars: AIRFLOW_CTX_DAG_OWNER='airflow' AIRFLOW_CTX_DAG_ID='api_cuevana3_movie' AIRFLOW_CTX_TASK_ID='execute_post_url_fastapi' AIRFLOW_CTX_EXECUTION_DATE='2024-07-01T04:00:00+00:00' AIRFLOW_CTX_TRY_NUMBER='1' AIRFLOW_CTX_DAG_RUN_ID='scheduled__2024-07-01T04:00:00+00:00'
[2024-07-01T21:15:05.541-0400] {taskinstance.py:430} INFO - ::endgroup::
[2024-07-01T21:15:07.591-0400] {logging_mixin.py:188} INFO - Scraping URL did not find any new URLs
[2024-07-01T21:15:07.592-0400] {python.py:237} INFO - Done. Returned value was: None
[2024-07-01T21:15:07.593-0400] {taskinstance.py:441} INFO - ::group::Post task execution logs
[2024-07-01T21:15:07.604-0400] {taskinstance.py:1206} INFO - Marking task as SUCCESS. dag_id=api_cuevana3_movie, task_id=execute_post_url_fastapi, run_id=scheduled__2024-07-01T04:00:00+00:00, execution_date=20240701T040000, start_date=20240702T011505, end_date=20240702T011507
[2024-07-01T21:15:07.681-0400] {local_task_job_runner.py:240} INFO - Task exited with return code 0
[2024-07-01T21:15:07.762-0400] {taskinstance.py:3503} INFO - 3 downstream tasks scheduled from follow-on schedule check
[2024-07-01T21:15:07.818-0400] {local_task_job_runner.py:222} INFO - ::endgroup::
[2024-07-01T23:03:49.449-0400] {local_task_job_runner.py:120} INFO - ::group::Pre task execution logs
[2024-07-01T23:03:49.492-0400] {taskinstance.py:2076} INFO - Dependencies all met for dep_context=non-requeueable deps ti=<TaskInstance: api_cuevana3_movie.execute_post_url_fastapi scheduled__2024-07-01T04:00:00+00:00 [queued]>
[2024-07-01T23:03:49.504-0400] {taskinstance.py:2076} INFO - Dependencies all met for dep_context=requeueable deps ti=<TaskInstance: api_cuevana3_movie.execute_post_url_fastapi scheduled__2024-07-01T04:00:00+00:00 [queued]>
[2024-07-01T23:03:49.509-0400] {taskinstance.py:2306} INFO - Starting attempt 1 of 1
[2024-07-01T23:03:49.576-0400] {taskinstance.py:2330} INFO - Executing <Task(PythonOperator): execute_post_url_fastapi> on 2024-07-01 04:00:00+00:00
[2024-07-01T23:03:49.582-0400] {standard_task_runner.py:63} INFO - Started process 444797 to run task
[2024-07-01T23:03:49.587-0400] {standard_task_runner.py:90} INFO - Running: ['airflow', 'tasks', 'run', 'api_cuevana3_movie', 'execute_post_url_fastapi', 'scheduled__2024-07-01T04:00:00+00:00', '--job-id', '816', '--raw', '--subdir', 'DAGS_FOLDER/movie_recommend.py', '--cfg-path', '/tmp/tmp3zdcpq8y']
[2024-07-01T23:03:49.592-0400] {standard_task_runner.py:91} INFO - Job 816: Subtask execute_post_url_fastapi
[2024-07-01T23:03:49.686-0400] {task_command.py:426} INFO - Running <TaskInstance: api_cuevana3_movie.execute_post_url_fastapi scheduled__2024-07-01T04:00:00+00:00 [running]> on host walter-VirtualBox
[2024-07-01T23:03:49.784-0400] {taskinstance.py:2648} INFO - Exporting env vars: AIRFLOW_CTX_DAG_OWNER='airflow' AIRFLOW_CTX_DAG_ID='api_cuevana3_movie' AIRFLOW_CTX_TASK_ID='execute_post_url_fastapi' AIRFLOW_CTX_EXECUTION_DATE='2024-07-01T04:00:00+00:00' AIRFLOW_CTX_TRY_NUMBER='1' AIRFLOW_CTX_DAG_RUN_ID='scheduled__2024-07-01T04:00:00+00:00'
[2024-07-01T23:03:49.785-0400] {taskinstance.py:430} INFO - ::endgroup::
[2024-07-01T23:03:52.635-0400] {logging_mixin.py:188} INFO - Scraping URL did not find any new URLs
[2024-07-01T23:03:52.635-0400] {python.py:237} INFO - Done. Returned value was: None
[2024-07-01T23:03:52.636-0400] {taskinstance.py:441} INFO - ::group::Post task execution logs
[2024-07-01T23:03:52.649-0400] {taskinstance.py:1206} INFO - Marking task as SUCCESS. dag_id=api_cuevana3_movie, task_id=execute_post_url_fastapi, run_id=scheduled__2024-07-01T04:00:00+00:00, execution_date=20240701T040000, start_date=20240702T030349, end_date=20240702T030352
[2024-07-01T23:03:52.723-0400] {local_task_job_runner.py:240} INFO - Task exited with return code 0
[2024-07-01T23:03:52.772-0400] {taskinstance.py:3503} INFO - 3 downstream tasks scheduled from follow-on schedule check
[2024-07-01T23:03:52.816-0400] {local_task_job_runner.py:222} INFO - ::endgroup::
[2024-07-01T23:35:24.971-0400] {local_task_job_runner.py:120} INFO - ::group::Pre task execution logs
[2024-07-01T23:35:24.988-0400] {taskinstance.py:2076} INFO - Dependencies all met for dep_context=non-requeueable deps ti=<TaskInstance: api_cuevana3_movie.execute_post_url_fastapi scheduled__2024-07-01T04:00:00+00:00 [queued]>
[2024-07-01T23:35:24.992-0400] {taskinstance.py:2076} INFO - Dependencies all met for dep_context=requeueable deps ti=<TaskInstance: api_cuevana3_movie.execute_post_url_fastapi scheduled__2024-07-01T04:00:00+00:00 [queued]>
[2024-07-01T23:35:24.993-0400] {taskinstance.py:2306} INFO - Starting attempt 1 of 1
[2024-07-01T23:35:25.008-0400] {taskinstance.py:2330} INFO - Executing <Task(PythonOperator): execute_post_url_fastapi> on 2024-07-01 04:00:00+00:00
[2024-07-01T23:35:25.015-0400] {standard_task_runner.py:63} INFO - Started process 459075 to run task
[2024-07-01T23:35:25.017-0400] {standard_task_runner.py:90} INFO - Running: ['airflow', 'tasks', 'run', 'api_cuevana3_movie', 'execute_post_url_fastapi', 'scheduled__2024-07-01T04:00:00+00:00', '--job-id', '901', '--raw', '--subdir', 'DAGS_FOLDER/movie_recommend.py', '--cfg-path', '/tmp/tmpwddpcuv2']
[2024-07-01T23:35:25.020-0400] {standard_task_runner.py:91} INFO - Job 901: Subtask execute_post_url_fastapi
[2024-07-01T23:35:25.087-0400] {task_command.py:426} INFO - Running <TaskInstance: api_cuevana3_movie.execute_post_url_fastapi scheduled__2024-07-01T04:00:00+00:00 [running]> on host walter-VirtualBox
[2024-07-01T23:35:25.193-0400] {taskinstance.py:2648} INFO - Exporting env vars: AIRFLOW_CTX_DAG_OWNER='airflow' AIRFLOW_CTX_DAG_ID='api_cuevana3_movie' AIRFLOW_CTX_TASK_ID='execute_post_url_fastapi' AIRFLOW_CTX_EXECUTION_DATE='2024-07-01T04:00:00+00:00' AIRFLOW_CTX_TRY_NUMBER='1' AIRFLOW_CTX_DAG_RUN_ID='scheduled__2024-07-01T04:00:00+00:00'
[2024-07-01T23:35:25.194-0400] {taskinstance.py:430} INFO - ::endgroup::
[2024-07-01T23:35:27.519-0400] {logging_mixin.py:188} INFO - Scraping URL did not find any new URLs
[2024-07-01T23:35:27.521-0400] {python.py:237} INFO - Done. Returned value was: None
[2024-07-01T23:35:27.522-0400] {taskinstance.py:441} INFO - ::group::Post task execution logs
[2024-07-01T23:35:27.533-0400] {taskinstance.py:1206} INFO - Marking task as SUCCESS. dag_id=api_cuevana3_movie, task_id=execute_post_url_fastapi, run_id=scheduled__2024-07-01T04:00:00+00:00, execution_date=20240701T040000, start_date=20240702T033524, end_date=20240702T033527
[2024-07-01T23:35:27.603-0400] {local_task_job_runner.py:240} INFO - Task exited with return code 0
[2024-07-01T23:35:27.634-0400] {taskinstance.py:3503} INFO - 1 downstream tasks scheduled from follow-on schedule check
[2024-07-01T23:35:27.642-0400] {local_task_job_runner.py:222} INFO - ::endgroup::
