[2024-07-01T20:17:47.383-0400] {local_task_job_runner.py:120} INFO - ::group::Pre task execution logs
[2024-07-01T20:17:47.404-0400] {taskinstance.py:2076} INFO - Dependencies all met for dep_context=non-requeueable deps ti=<TaskInstance: api_cuevana3_movie.transform_with_spark scheduled__2024-07-01T12:00:00+00:00 [queued]>
[2024-07-01T20:17:47.424-0400] {taskinstance.py:2076} INFO - Dependencies all met for dep_context=requeueable deps ti=<TaskInstance: api_cuevana3_movie.transform_with_spark scheduled__2024-07-01T12:00:00+00:00 [queued]>
[2024-07-01T20:17:47.425-0400] {taskinstance.py:2306} INFO - Starting attempt 1 of 1
[2024-07-01T20:17:47.470-0400] {taskinstance.py:2330} INFO - Executing <Task(PythonOperator): transform_with_spark> on 2024-07-01 12:00:00+00:00
[2024-07-01T20:17:47.481-0400] {standard_task_runner.py:63} INFO - Started process 415498 to run task
[2024-07-01T20:17:47.489-0400] {standard_task_runner.py:90} INFO - Running: ['airflow', 'tasks', 'run', 'api_cuevana3_movie', 'transform_with_spark', 'scheduled__2024-07-01T12:00:00+00:00', '--job-id', '726', '--raw', '--subdir', 'DAGS_FOLDER/movie_recommend.py', '--cfg-path', '/tmp/tmpbwat4o92']
[2024-07-01T20:17:47.495-0400] {standard_task_runner.py:91} INFO - Job 726: Subtask transform_with_spark
[2024-07-01T20:17:47.597-0400] {task_command.py:426} INFO - Running <TaskInstance: api_cuevana3_movie.transform_with_spark scheduled__2024-07-01T12:00:00+00:00 [running]> on host walter-VirtualBox
[2024-07-01T20:17:47.739-0400] {taskinstance.py:2648} INFO - Exporting env vars: AIRFLOW_CTX_DAG_OWNER='airflow' AIRFLOW_CTX_DAG_ID='api_cuevana3_movie' AIRFLOW_CTX_TASK_ID='transform_with_spark' AIRFLOW_CTX_EXECUTION_DATE='2024-07-01T12:00:00+00:00' AIRFLOW_CTX_TRY_NUMBER='1' AIRFLOW_CTX_DAG_RUN_ID='scheduled__2024-07-01T12:00:00+00:00'
[2024-07-01T20:17:47.742-0400] {taskinstance.py:430} INFO - ::endgroup::
[2024-07-01T20:17:47.772-0400] {logging_mixin.py:188} INFO - No se pudo obtener el JSON de datos de la pelicula
[2024-07-01T20:17:47.783-0400] {python.py:237} INFO - Done. Returned value was: None
[2024-07-01T20:17:47.783-0400] {taskinstance.py:441} INFO - ::group::Post task execution logs
[2024-07-01T20:17:47.797-0400] {taskinstance.py:1206} INFO - Marking task as SUCCESS. dag_id=api_cuevana3_movie, task_id=transform_with_spark, run_id=scheduled__2024-07-01T12:00:00+00:00, execution_date=20240701T120000, start_date=20240702T001747, end_date=20240702T001747
[2024-07-01T20:17:47.840-0400] {local_task_job_runner.py:240} INFO - Task exited with return code 0
[2024-07-01T20:17:47.877-0400] {taskinstance.py:3503} INFO - 0 downstream tasks scheduled from follow-on schedule check
[2024-07-01T20:17:47.878-0400] {local_task_job_runner.py:222} INFO - ::endgroup::
[2024-07-01T23:19:08.812-0400] {local_task_job_runner.py:120} INFO - ::group::Pre task execution logs
[2024-07-01T23:19:08.824-0400] {taskinstance.py:2076} INFO - Dependencies all met for dep_context=non-requeueable deps ti=<TaskInstance: api_cuevana3_movie.transform_with_spark scheduled__2024-07-01T12:00:00+00:00 [queued]>
[2024-07-01T23:19:08.828-0400] {taskinstance.py:2076} INFO - Dependencies all met for dep_context=requeueable deps ti=<TaskInstance: api_cuevana3_movie.transform_with_spark scheduled__2024-07-01T12:00:00+00:00 [queued]>
[2024-07-01T23:19:08.828-0400] {taskinstance.py:2306} INFO - Starting attempt 1 of 1
[2024-07-01T23:19:08.853-0400] {taskinstance.py:2330} INFO - Executing <Task(PythonOperator): transform_with_spark> on 2024-07-01 12:00:00+00:00
[2024-07-01T23:19:08.859-0400] {standard_task_runner.py:63} INFO - Started process 450609 to run task
[2024-07-01T23:19:08.862-0400] {standard_task_runner.py:90} INFO - Running: ['airflow', 'tasks', 'run', 'api_cuevana3_movie', 'transform_with_spark', 'scheduled__2024-07-01T12:00:00+00:00', '--job-id', '863', '--raw', '--subdir', 'DAGS_FOLDER/movie_recommend.py', '--cfg-path', '/tmp/tmpnsel4b4g']
[2024-07-01T23:19:08.863-0400] {standard_task_runner.py:91} INFO - Job 863: Subtask transform_with_spark
[2024-07-01T23:19:08.897-0400] {task_command.py:426} INFO - Running <TaskInstance: api_cuevana3_movie.transform_with_spark scheduled__2024-07-01T12:00:00+00:00 [running]> on host walter-VirtualBox
[2024-07-01T23:19:09.005-0400] {taskinstance.py:2648} INFO - Exporting env vars: AIRFLOW_CTX_DAG_OWNER='airflow' AIRFLOW_CTX_DAG_ID='api_cuevana3_movie' AIRFLOW_CTX_TASK_ID='transform_with_spark' AIRFLOW_CTX_EXECUTION_DATE='2024-07-01T12:00:00+00:00' AIRFLOW_CTX_TRY_NUMBER='1' AIRFLOW_CTX_DAG_RUN_ID='scheduled__2024-07-01T12:00:00+00:00'
[2024-07-01T23:19:09.006-0400] {taskinstance.py:430} INFO - ::endgroup::
[2024-07-01T23:19:19.356-0400] {python.py:237} INFO - Done. Returned value was: [{'actors': ['Antonina Litwiniak,', 'Tomasz Kot,', 'Piotr Fronczewski,', 'Sebastian Stankiewicz,', 'Agnieszka Grochowska,', 'Danuta Stenka,', 'Daniel Walasek,', 'Konrad Repiński,', 'Igor Fernandez-Kowalczyk,', 'Apolonia Gałęska,', 'Daria Kalinchuk,', 'Amelia Lutyńska,', 'Enkhkhangaluun Byambadul,', 'Jan Makowski,', 'Jana Jachimek,', 'Liu Sitkowska,', 'Maria Al Tlfah,', 'Dima Al Tlfah,', 'Nikodem Adamski,', 'Julian Mrówczyński,', 'Adam Panikowski,'], 'country': 'Bulgaria', 'description': 'En busca de su padre, que ha desaparecido, una adolescente aparentemente normal acepta asistir a una universidad mágica dirigida por un profesor excéntrico, el Sr. Kleks.', 'director': 'Maciej Kawulski', 'duration': 130, 'genre': ['Fantasía', 'Aventura', 'Familia'], 'image_url': 'https://i0.wp.com/www.themoviedb.org/t/p/w185/3HoBhPg6T5st6K09QfZh4lGB0hz.jpg', 'quality': 'HD', 'rating': 6.1, 'title': 'La academia del Sr. Kleks', 'views': 50, 'year': '2024'}]
[2024-07-01T23:19:19.356-0400] {taskinstance.py:441} INFO - ::group::Post task execution logs
[2024-07-01T23:19:19.366-0400] {taskinstance.py:1206} INFO - Marking task as SUCCESS. dag_id=api_cuevana3_movie, task_id=transform_with_spark, run_id=scheduled__2024-07-01T12:00:00+00:00, execution_date=20240701T120000, start_date=20240702T031908, end_date=20240702T031919
[2024-07-01T23:19:19.410-0400] {local_task_job_runner.py:240} INFO - Task exited with return code 0
[2024-07-01T23:19:19.438-0400] {taskinstance.py:3503} INFO - 0 downstream tasks scheduled from follow-on schedule check
[2024-07-01T23:19:19.439-0400] {local_task_job_runner.py:222} INFO - ::endgroup::
