[2024-06-27T20:36:48.680-0400] {local_task_job_runner.py:120} INFO - ::group::Pre task execution logs
[2024-06-27T20:36:48.703-0400] {taskinstance.py:2076} INFO - Dependencies all met for dep_context=non-requeueable deps ti=<TaskInstance: api_cuevana3_movie.transform_with_spark scheduled__2024-06-27T00:02:30+00:00 [queued]>
[2024-06-27T20:36:48.712-0400] {taskinstance.py:2076} INFO - Dependencies all met for dep_context=requeueable deps ti=<TaskInstance: api_cuevana3_movie.transform_with_spark scheduled__2024-06-27T00:02:30+00:00 [queued]>
[2024-06-27T20:36:48.713-0400] {taskinstance.py:2306} INFO - Starting attempt 1 of 1
[2024-06-27T20:36:48.731-0400] {taskinstance.py:2330} INFO - Executing <Task(PythonOperator): transform_with_spark> on 2024-06-27 00:02:30+00:00
[2024-06-27T20:36:48.739-0400] {standard_task_runner.py:63} INFO - Started process 208231 to run task
[2024-06-27T20:36:48.743-0400] {standard_task_runner.py:90} INFO - Running: ['airflow', 'tasks', 'run', 'api_cuevana3_movie', 'transform_with_spark', 'scheduled__2024-06-27T00:02:30+00:00', '--job-id', '245', '--raw', '--subdir', 'DAGS_FOLDER/movie_recommend.py', '--cfg-path', '/tmp/tmpk2p4tjg5']
[2024-06-27T20:36:48.749-0400] {standard_task_runner.py:91} INFO - Job 245: Subtask transform_with_spark
[2024-06-27T20:36:48.818-0400] {task_command.py:426} INFO - Running <TaskInstance: api_cuevana3_movie.transform_with_spark scheduled__2024-06-27T00:02:30+00:00 [running]> on host walter-VirtualBox
[2024-06-27T20:36:49.019-0400] {taskinstance.py:2648} INFO - Exporting env vars: AIRFLOW_CTX_DAG_OWNER='airflow' AIRFLOW_CTX_DAG_ID='api_cuevana3_movie' AIRFLOW_CTX_TASK_ID='transform_with_spark' AIRFLOW_CTX_EXECUTION_DATE='2024-06-27T00:02:30+00:00' AIRFLOW_CTX_TRY_NUMBER='1' AIRFLOW_CTX_DAG_RUN_ID='scheduled__2024-06-27T00:02:30+00:00'
[2024-06-27T20:36:49.019-0400] {taskinstance.py:430} INFO - ::endgroup::
[2024-06-27T20:36:55.478-0400] {logging_mixin.py:188} INFO - Error al transformar datos con Spark: [CANNOT_INFER_EMPTY_SCHEMA] Can not infer schema from empty dataset.
[2024-06-27T20:36:55.479-0400] {python.py:237} INFO - Done. Returned value was: None
[2024-06-27T20:36:55.480-0400] {taskinstance.py:441} INFO - ::group::Post task execution logs
[2024-06-27T20:36:55.488-0400] {taskinstance.py:1206} INFO - Marking task as SUCCESS. dag_id=api_cuevana3_movie, task_id=transform_with_spark, run_id=scheduled__2024-06-27T00:02:30+00:00, execution_date=20240627T000230, start_date=20240628T003648, end_date=20240628T003655
[2024-06-27T20:36:55.536-0400] {local_task_job_runner.py:240} INFO - Task exited with return code 0
[2024-06-27T20:36:55.549-0400] {taskinstance.py:3503} INFO - 0 downstream tasks scheduled from follow-on schedule check
[2024-06-27T20:36:55.550-0400] {local_task_job_runner.py:222} INFO - ::endgroup::
[2024-06-28T11:05:04.730-0400] {local_task_job_runner.py:120} INFO - ::group::Pre task execution logs
[2024-06-28T11:05:04.757-0400] {taskinstance.py:2076} INFO - Dependencies all met for dep_context=non-requeueable deps ti=<TaskInstance: api_cuevana3_movie.transform_with_spark scheduled__2024-06-27T00:02:30+00:00 [queued]>
[2024-06-28T11:05:04.767-0400] {taskinstance.py:2076} INFO - Dependencies all met for dep_context=requeueable deps ti=<TaskInstance: api_cuevana3_movie.transform_with_spark scheduled__2024-06-27T00:02:30+00:00 [queued]>
[2024-06-28T11:05:04.767-0400] {taskinstance.py:2306} INFO - Starting attempt 1 of 1
[2024-06-28T11:05:04.831-0400] {taskinstance.py:2330} INFO - Executing <Task(PythonOperator): transform_with_spark> on 2024-06-27 00:02:30+00:00
[2024-06-28T11:05:04.846-0400] {standard_task_runner.py:63} INFO - Started process 237902 to run task
[2024-06-28T11:05:04.858-0400] {standard_task_runner.py:90} INFO - Running: ['airflow', 'tasks', 'run', 'api_cuevana3_movie', 'transform_with_spark', 'scheduled__2024-06-27T00:02:30+00:00', '--job-id', '474', '--raw', '--subdir', 'DAGS_FOLDER/movie_recommend.py', '--cfg-path', '/tmp/tmp2xrh14k5']
[2024-06-28T11:05:04.868-0400] {standard_task_runner.py:91} INFO - Job 474: Subtask transform_with_spark
[2024-06-28T11:05:04.932-0400] {task_command.py:426} INFO - Running <TaskInstance: api_cuevana3_movie.transform_with_spark scheduled__2024-06-27T00:02:30+00:00 [running]> on host walter-VirtualBox
[2024-06-28T11:05:05.046-0400] {taskinstance.py:2648} INFO - Exporting env vars: AIRFLOW_CTX_DAG_OWNER='airflow' AIRFLOW_CTX_DAG_ID='api_cuevana3_movie' AIRFLOW_CTX_TASK_ID='transform_with_spark' AIRFLOW_CTX_EXECUTION_DATE='2024-06-27T00:02:30+00:00' AIRFLOW_CTX_TRY_NUMBER='1' AIRFLOW_CTX_DAG_RUN_ID='scheduled__2024-06-27T00:02:30+00:00'
[2024-06-28T11:05:05.047-0400] {taskinstance.py:430} INFO - ::endgroup::
[2024-06-28T11:05:23.951-0400] {python.py:237} INFO - Done. Returned value was: {'actors': ['Amy Poehler,', 'Maya Hawke,', 'Kensington Tallman,', 'Liza Lapira,', 'Phyllis Smith,', 'Lewis Black,', 'Tony Hale,', 'Ayo Edebiri,', 'Adèle Exarchopoulos,', 'Lilimar,', 'Grace Lu,', 'Sumayyah Nuriddin-Green,', 'Diane Lane,', 'Kyle MacLachlan,', 'Paul Walter Hauser,', 'Yvette Nicole Brown,', 'Ron Funches,', 'James Austin Johnson,', 'Yong Yea,', 'Steve Purcell,', 'Dave Goelz,'], 'country': 'United States', 'description': 'Vuelve a la mente de Riley, quien acaba de convertirse en adolescente, en el momento en que la Central se enfrenta a una reforma para hacer sitio a algo completamente inesperado: ¡nuevas Emociones! Alegría, Tristeza, Ira, Miedo y Asco, que llevan muchos años al mando de una operación exitosa, no saben muy bien qué sentir cuando aparece Ansiedad, que además no ha llegado sola. Se ha traído a Vergüenza, Envidia y Ennui.', 'director': 'Kelsey Mann', 'duration': 97, 'genre': ['Animación', 'Familia', 'Aventura', 'Comedia'], 'image_url': 'https://i0.wp.com/www.themoviedb.org/t/p/w185/2PuAY3xSvbchQWqpSiXw08Yt0NP.jpg', 'quality': 'HD', 'rating': 7.7, 'title': 'Del revés 2 (Inside Out 2)', 'views': 979, 'year': '2024'}
[2024-06-28T11:05:23.953-0400] {taskinstance.py:441} INFO - ::group::Post task execution logs
[2024-06-28T11:05:24.003-0400] {taskinstance.py:1206} INFO - Marking task as SUCCESS. dag_id=api_cuevana3_movie, task_id=transform_with_spark, run_id=scheduled__2024-06-27T00:02:30+00:00, execution_date=20240627T000230, start_date=20240628T150504, end_date=20240628T150524
[2024-06-28T11:05:24.086-0400] {local_task_job_runner.py:240} INFO - Task exited with return code 0
[2024-06-28T11:05:24.128-0400] {taskinstance.py:3503} INFO - 1 downstream tasks scheduled from follow-on schedule check
[2024-06-28T11:05:24.171-0400] {local_task_job_runner.py:222} INFO - ::endgroup::
