[2024-07-01T23:53:21.883-0400] {local_task_job_runner.py:120} INFO - ::group::Pre task execution logs
[2024-07-01T23:53:21.973-0400] {taskinstance.py:2076} INFO - Dependencies all met for dep_context=non-requeueable deps ti=<TaskInstance: api_cuevana3_movie.print_json scheduled__2024-07-01T00:00:15+00:00 [queued]>
[2024-07-01T23:53:21.993-0400] {taskinstance.py:2076} INFO - Dependencies all met for dep_context=requeueable deps ti=<TaskInstance: api_cuevana3_movie.print_json scheduled__2024-07-01T00:00:15+00:00 [queued]>
[2024-07-01T23:53:21.993-0400] {taskinstance.py:2306} INFO - Starting attempt 1 of 1
[2024-07-01T23:53:22.044-0400] {taskinstance.py:2330} INFO - Executing <Task(PythonOperator): print_json> on 2024-07-01 00:00:15+00:00
[2024-07-01T23:53:22.056-0400] {standard_task_runner.py:63} INFO - Started process 465736 to run task
[2024-07-01T23:53:22.059-0400] {standard_task_runner.py:90} INFO - Running: ['airflow', 'tasks', 'run', 'api_cuevana3_movie', 'print_json', 'scheduled__2024-07-01T00:00:15+00:00', '--job-id', '926', '--raw', '--subdir', 'DAGS_FOLDER/movie_recommend.py', '--cfg-path', '/tmp/tmpj0_ykiq7']
[2024-07-01T23:53:22.061-0400] {standard_task_runner.py:91} INFO - Job 926: Subtask print_json
[2024-07-01T23:53:22.113-0400] {task_command.py:426} INFO - Running <TaskInstance: api_cuevana3_movie.print_json scheduled__2024-07-01T00:00:15+00:00 [running]> on host walter-VirtualBox
[2024-07-01T23:53:22.209-0400] {taskinstance.py:2648} INFO - Exporting env vars: AIRFLOW_CTX_DAG_OWNER='airflow' AIRFLOW_CTX_DAG_ID='api_cuevana3_movie' AIRFLOW_CTX_TASK_ID='print_json' AIRFLOW_CTX_EXECUTION_DATE='2024-07-01T00:00:15+00:00' AIRFLOW_CTX_TRY_NUMBER='1' AIRFLOW_CTX_DAG_RUN_ID='scheduled__2024-07-01T00:00:15+00:00'
[2024-07-01T23:53:22.210-0400] {taskinstance.py:430} INFO - ::endgroup::
[2024-07-01T23:53:22.240-0400] {logging_mixin.py:188} INFO - No se pudo obtener el JSON de datos de la pelicula
[2024-07-01T23:53:22.240-0400] {python.py:237} INFO - Done. Returned value was: None
[2024-07-01T23:53:22.240-0400] {taskinstance.py:441} INFO - ::group::Post task execution logs
[2024-07-01T23:53:22.252-0400] {taskinstance.py:1206} INFO - Marking task as SUCCESS. dag_id=api_cuevana3_movie, task_id=print_json, run_id=scheduled__2024-07-01T00:00:15+00:00, execution_date=20240701T000015, start_date=20240702T035321, end_date=20240702T035322
[2024-07-01T23:53:22.330-0400] {local_task_job_runner.py:240} INFO - Task exited with return code 0
[2024-07-01T23:53:22.367-0400] {taskinstance.py:3503} INFO - 0 downstream tasks scheduled from follow-on schedule check
[2024-07-01T23:53:22.370-0400] {local_task_job_runner.py:222} INFO - ::endgroup::
[2024-07-02T09:33:21.470-0400] {local_task_job_runner.py:120} INFO - ::group::Pre task execution logs
[2024-07-02T09:33:21.522-0400] {taskinstance.py:2076} INFO - Dependencies all met for dep_context=non-requeueable deps ti=<TaskInstance: api_cuevana3_movie.print_json scheduled__2024-07-01T00:00:15+00:00 [queued]>
[2024-07-02T09:33:21.539-0400] {taskinstance.py:2076} INFO - Dependencies all met for dep_context=requeueable deps ti=<TaskInstance: api_cuevana3_movie.print_json scheduled__2024-07-01T00:00:15+00:00 [queued]>
[2024-07-02T09:33:21.541-0400] {taskinstance.py:2306} INFO - Starting attempt 1 of 1
[2024-07-02T09:33:21.637-0400] {taskinstance.py:2330} INFO - Executing <Task(PythonOperator): print_json> on 2024-07-01 00:00:15+00:00
[2024-07-02T09:33:21.654-0400] {standard_task_runner.py:63} INFO - Started process 479722 to run task
[2024-07-02T09:33:21.657-0400] {standard_task_runner.py:90} INFO - Running: ['airflow', 'tasks', 'run', 'api_cuevana3_movie', 'print_json', 'scheduled__2024-07-01T00:00:15+00:00', '--job-id', '963', '--raw', '--subdir', 'DAGS_FOLDER/movie_recommend.py', '--cfg-path', '/tmp/tmpoy8mtbtp']
[2024-07-02T09:33:21.659-0400] {standard_task_runner.py:91} INFO - Job 963: Subtask print_json
[2024-07-02T09:33:21.722-0400] {task_command.py:426} INFO - Running <TaskInstance: api_cuevana3_movie.print_json scheduled__2024-07-01T00:00:15+00:00 [running]> on host walter-VirtualBox
[2024-07-02T09:33:21.822-0400] {taskinstance.py:2648} INFO - Exporting env vars: AIRFLOW_CTX_DAG_OWNER='airflow' AIRFLOW_CTX_DAG_ID='api_cuevana3_movie' AIRFLOW_CTX_TASK_ID='print_json' AIRFLOW_CTX_EXECUTION_DATE='2024-07-01T00:00:15+00:00' AIRFLOW_CTX_TRY_NUMBER='1' AIRFLOW_CTX_DAG_RUN_ID='scheduled__2024-07-01T00:00:15+00:00'
[2024-07-02T09:33:21.825-0400] {taskinstance.py:430} INFO - ::endgroup::
[2024-07-02T09:33:21.856-0400] {logging_mixin.py:188} INFO - No se pudo obtener el JSON de datos de la pelicula
[2024-07-02T09:33:21.857-0400] {python.py:237} INFO - Done. Returned value was: None
[2024-07-02T09:33:21.857-0400] {taskinstance.py:441} INFO - ::group::Post task execution logs
[2024-07-02T09:33:21.865-0400] {taskinstance.py:1206} INFO - Marking task as SUCCESS. dag_id=api_cuevana3_movie, task_id=print_json, run_id=scheduled__2024-07-01T00:00:15+00:00, execution_date=20240701T000015, start_date=20240702T133321, end_date=20240702T133321
[2024-07-02T09:33:21.982-0400] {local_task_job_runner.py:240} INFO - Task exited with return code 0
[2024-07-02T09:33:22.009-0400] {taskinstance.py:3503} INFO - 0 downstream tasks scheduled from follow-on schedule check
[2024-07-02T09:33:22.010-0400] {local_task_job_runner.py:222} INFO - ::endgroup::
