[2024-07-15T18:04:24.065-0400] {processor.py:161} INFO - Started process (PID=529451) to work on /home/walter/Documentos/rakuntentv/airflow/dags/movie_recommend.py
[2024-07-15T18:04:24.068-0400] {processor.py:830} INFO - Processing file /home/walter/Documentos/rakuntentv/airflow/dags/movie_recommend.py for tasks to queue
[2024-07-15T18:04:24.069-0400] {logging_mixin.py:188} INFO - [2024-07-15T18:04:24.069-0400] {dagbag.py:545} INFO - Filling up the DagBag from /home/walter/Documentos/rakuntentv/airflow/dags/movie_recommend.py
[2024-07-15T18:04:25.382-0400] {processor.py:840} INFO - DAG(s) 'api_cuevana3_movie' retrieved from /home/walter/Documentos/rakuntentv/airflow/dags/movie_recommend.py
[2024-07-15T18:04:25.657-0400] {logging_mixin.py:188} INFO - [2024-07-15T18:04:25.657-0400] {dag.py:3096} INFO - Sync 1 DAGs
[2024-07-15T18:04:25.796-0400] {logging_mixin.py:188} INFO - [2024-07-15T18:04:25.795-0400] {dag.py:3954} INFO - Setting next_dagrun for api_cuevana3_movie to 2024-07-01 00:01:30+00:00, run_after=2024-07-01 00:01:45+00:00
[2024-07-15T18:04:25.877-0400] {processor.py:183} INFO - Processing /home/walter/Documentos/rakuntentv/airflow/dags/movie_recommend.py took 1.824 seconds
[2024-07-15T18:04:56.587-0400] {processor.py:161} INFO - Started process (PID=530190) to work on /home/walter/Documentos/rakuntentv/airflow/dags/movie_recommend.py
[2024-07-15T18:04:56.591-0400] {processor.py:830} INFO - Processing file /home/walter/Documentos/rakuntentv/airflow/dags/movie_recommend.py for tasks to queue
[2024-07-15T18:04:56.596-0400] {logging_mixin.py:188} INFO - [2024-07-15T18:04:56.595-0400] {dagbag.py:545} INFO - Filling up the DagBag from /home/walter/Documentos/rakuntentv/airflow/dags/movie_recommend.py
[2024-07-15T18:04:57.635-0400] {processor.py:840} INFO - DAG(s) 'api_cuevana3_movie' retrieved from /home/walter/Documentos/rakuntentv/airflow/dags/movie_recommend.py
[2024-07-15T18:04:57.758-0400] {logging_mixin.py:188} INFO - [2024-07-15T18:04:57.758-0400] {dag.py:3096} INFO - Sync 1 DAGs
[2024-07-15T18:04:57.800-0400] {logging_mixin.py:188} INFO - [2024-07-15T18:04:57.799-0400] {dag.py:3954} INFO - Setting next_dagrun for api_cuevana3_movie to 2024-07-01 00:01:30+00:00, run_after=2024-07-01 00:01:45+00:00
[2024-07-15T18:04:57.840-0400] {processor.py:183} INFO - Processing /home/walter/Documentos/rakuntentv/airflow/dags/movie_recommend.py took 1.271 seconds
[2024-07-15T18:05:29.432-0400] {processor.py:161} INFO - Started process (PID=530228) to work on /home/walter/Documentos/rakuntentv/airflow/dags/movie_recommend.py
[2024-07-15T18:05:29.438-0400] {processor.py:830} INFO - Processing file /home/walter/Documentos/rakuntentv/airflow/dags/movie_recommend.py for tasks to queue
[2024-07-15T18:05:29.441-0400] {logging_mixin.py:188} INFO - [2024-07-15T18:05:29.440-0400] {dagbag.py:545} INFO - Filling up the DagBag from /home/walter/Documentos/rakuntentv/airflow/dags/movie_recommend.py
[2024-07-15T18:05:32.013-0400] {processor.py:840} INFO - DAG(s) 'api_cuevana3_movie' retrieved from /home/walter/Documentos/rakuntentv/airflow/dags/movie_recommend.py
[2024-07-15T18:05:32.073-0400] {logging_mixin.py:188} INFO - [2024-07-15T18:05:32.073-0400] {dag.py:3096} INFO - Sync 1 DAGs
[2024-07-15T18:05:32.106-0400] {logging_mixin.py:188} INFO - [2024-07-15T18:05:32.105-0400] {dag.py:3954} INFO - Setting next_dagrun for api_cuevana3_movie to 2024-07-01 00:01:30+00:00, run_after=2024-07-01 00:01:45+00:00
[2024-07-15T18:05:32.288-0400] {processor.py:183} INFO - Processing /home/walter/Documentos/rakuntentv/airflow/dags/movie_recommend.py took 2.877 seconds
[2024-07-15T18:06:02.868-0400] {processor.py:161} INFO - Started process (PID=530487) to work on /home/walter/Documentos/rakuntentv/airflow/dags/movie_recommend.py
[2024-07-15T18:06:02.874-0400] {processor.py:830} INFO - Processing file /home/walter/Documentos/rakuntentv/airflow/dags/movie_recommend.py for tasks to queue
[2024-07-15T18:06:02.879-0400] {logging_mixin.py:188} INFO - [2024-07-15T18:06:02.879-0400] {dagbag.py:545} INFO - Filling up the DagBag from /home/walter/Documentos/rakuntentv/airflow/dags/movie_recommend.py
[2024-07-15T18:06:03.474-0400] {processor.py:840} INFO - DAG(s) 'api_cuevana3_movie' retrieved from /home/walter/Documentos/rakuntentv/airflow/dags/movie_recommend.py
[2024-07-15T18:06:03.506-0400] {logging_mixin.py:188} INFO - [2024-07-15T18:06:03.506-0400] {dag.py:3096} INFO - Sync 1 DAGs
[2024-07-15T18:06:03.527-0400] {logging_mixin.py:188} INFO - [2024-07-15T18:06:03.527-0400] {dag.py:3954} INFO - Setting next_dagrun for api_cuevana3_movie to 2024-07-01 00:01:30+00:00, run_after=2024-07-01 00:01:45+00:00
[2024-07-15T18:06:03.566-0400] {processor.py:183} INFO - Processing /home/walter/Documentos/rakuntentv/airflow/dags/movie_recommend.py took 0.705 seconds
[2024-07-15T18:06:34.176-0400] {processor.py:161} INFO - Started process (PID=531078) to work on /home/walter/Documentos/rakuntentv/airflow/dags/movie_recommend.py
[2024-07-15T18:06:34.177-0400] {processor.py:830} INFO - Processing file /home/walter/Documentos/rakuntentv/airflow/dags/movie_recommend.py for tasks to queue
[2024-07-15T18:06:34.191-0400] {logging_mixin.py:188} INFO - [2024-07-15T18:06:34.178-0400] {dagbag.py:545} INFO - Filling up the DagBag from /home/walter/Documentos/rakuntentv/airflow/dags/movie_recommend.py
[2024-07-15T18:06:34.835-0400] {processor.py:840} INFO - DAG(s) 'api_cuevana3_movie' retrieved from /home/walter/Documentos/rakuntentv/airflow/dags/movie_recommend.py
[2024-07-15T18:06:34.883-0400] {logging_mixin.py:188} INFO - [2024-07-15T18:06:34.883-0400] {dag.py:3096} INFO - Sync 1 DAGs
[2024-07-15T18:06:34.902-0400] {logging_mixin.py:188} INFO - [2024-07-15T18:06:34.901-0400] {dag.py:3954} INFO - Setting next_dagrun for api_cuevana3_movie to 2024-07-01 00:01:30+00:00, run_after=2024-07-01 00:01:45+00:00
[2024-07-15T18:06:35.001-0400] {processor.py:183} INFO - Processing /home/walter/Documentos/rakuntentv/airflow/dags/movie_recommend.py took 0.839 seconds
[2024-07-15T18:07:05.225-0400] {processor.py:161} INFO - Started process (PID=531318) to work on /home/walter/Documentos/rakuntentv/airflow/dags/movie_recommend.py
[2024-07-15T18:07:05.227-0400] {processor.py:830} INFO - Processing file /home/walter/Documentos/rakuntentv/airflow/dags/movie_recommend.py for tasks to queue
[2024-07-15T18:07:05.245-0400] {logging_mixin.py:188} INFO - [2024-07-15T18:07:05.230-0400] {dagbag.py:545} INFO - Filling up the DagBag from /home/walter/Documentos/rakuntentv/airflow/dags/movie_recommend.py
[2024-07-15T18:07:08.023-0400] {processor.py:840} INFO - DAG(s) 'api_cuevana3_movie' retrieved from /home/walter/Documentos/rakuntentv/airflow/dags/movie_recommend.py
[2024-07-15T18:07:08.426-0400] {logging_mixin.py:188} INFO - [2024-07-15T18:07:08.426-0400] {dag.py:3096} INFO - Sync 1 DAGs
[2024-07-15T18:07:08.605-0400] {logging_mixin.py:188} INFO - [2024-07-15T18:07:08.603-0400] {dag.py:3954} INFO - Setting next_dagrun for api_cuevana3_movie to 2024-07-01 00:01:30+00:00, run_after=2024-07-01 00:01:45+00:00
[2024-07-15T18:07:08.759-0400] {processor.py:183} INFO - Processing /home/walter/Documentos/rakuntentv/airflow/dags/movie_recommend.py took 3.552 seconds
[2024-07-15T18:07:39.215-0400] {processor.py:161} INFO - Started process (PID=531366) to work on /home/walter/Documentos/rakuntentv/airflow/dags/movie_recommend.py
[2024-07-15T18:07:39.217-0400] {processor.py:830} INFO - Processing file /home/walter/Documentos/rakuntentv/airflow/dags/movie_recommend.py for tasks to queue
[2024-07-15T18:07:39.221-0400] {logging_mixin.py:188} INFO - [2024-07-15T18:07:39.220-0400] {dagbag.py:545} INFO - Filling up the DagBag from /home/walter/Documentos/rakuntentv/airflow/dags/movie_recommend.py
[2024-07-15T18:07:39.988-0400] {processor.py:840} INFO - DAG(s) 'api_cuevana3_movie' retrieved from /home/walter/Documentos/rakuntentv/airflow/dags/movie_recommend.py
[2024-07-15T18:07:40.018-0400] {logging_mixin.py:188} INFO - [2024-07-15T18:07:40.018-0400] {dag.py:3096} INFO - Sync 1 DAGs
[2024-07-15T18:07:40.043-0400] {logging_mixin.py:188} INFO - [2024-07-15T18:07:40.042-0400] {dag.py:3954} INFO - Setting next_dagrun for api_cuevana3_movie to 2024-07-01 00:01:30+00:00, run_after=2024-07-01 00:01:45+00:00
[2024-07-15T18:07:40.174-0400] {processor.py:183} INFO - Processing /home/walter/Documentos/rakuntentv/airflow/dags/movie_recommend.py took 0.973 seconds
[2024-07-15T18:08:10.565-0400] {processor.py:161} INFO - Started process (PID=531413) to work on /home/walter/Documentos/rakuntentv/airflow/dags/movie_recommend.py
[2024-07-15T18:08:10.581-0400] {processor.py:830} INFO - Processing file /home/walter/Documentos/rakuntentv/airflow/dags/movie_recommend.py for tasks to queue
[2024-07-15T18:08:10.589-0400] {logging_mixin.py:188} INFO - [2024-07-15T18:08:10.583-0400] {dagbag.py:545} INFO - Filling up the DagBag from /home/walter/Documentos/rakuntentv/airflow/dags/movie_recommend.py
[2024-07-15T18:08:11.500-0400] {processor.py:840} INFO - DAG(s) 'api_cuevana3_movie' retrieved from /home/walter/Documentos/rakuntentv/airflow/dags/movie_recommend.py
[2024-07-15T18:08:11.560-0400] {logging_mixin.py:188} INFO - [2024-07-15T18:08:11.559-0400] {dag.py:3096} INFO - Sync 1 DAGs
[2024-07-15T18:08:11.611-0400] {logging_mixin.py:188} INFO - [2024-07-15T18:08:11.611-0400] {dag.py:3954} INFO - Setting next_dagrun for api_cuevana3_movie to 2024-07-01 00:01:30+00:00, run_after=2024-07-01 00:01:45+00:00
[2024-07-15T18:08:11.749-0400] {processor.py:183} INFO - Processing /home/walter/Documentos/rakuntentv/airflow/dags/movie_recommend.py took 1.196 seconds
[2024-07-15T18:08:42.010-0400] {processor.py:161} INFO - Started process (PID=531481) to work on /home/walter/Documentos/rakuntentv/airflow/dags/movie_recommend.py
[2024-07-15T18:08:42.012-0400] {processor.py:830} INFO - Processing file /home/walter/Documentos/rakuntentv/airflow/dags/movie_recommend.py for tasks to queue
[2024-07-15T18:08:42.016-0400] {logging_mixin.py:188} INFO - [2024-07-15T18:08:42.013-0400] {dagbag.py:545} INFO - Filling up the DagBag from /home/walter/Documentos/rakuntentv/airflow/dags/movie_recommend.py
[2024-07-15T18:08:43.931-0400] {processor.py:840} INFO - DAG(s) 'api_cuevana3_movie' retrieved from /home/walter/Documentos/rakuntentv/airflow/dags/movie_recommend.py
[2024-07-15T18:08:44.043-0400] {logging_mixin.py:188} INFO - [2024-07-15T18:08:44.042-0400] {dag.py:3096} INFO - Sync 1 DAGs
[2024-07-15T18:08:44.102-0400] {logging_mixin.py:188} INFO - [2024-07-15T18:08:44.102-0400] {dag.py:3954} INFO - Setting next_dagrun for api_cuevana3_movie to 2024-07-01 00:01:30+00:00, run_after=2024-07-01 00:01:45+00:00
[2024-07-15T18:08:44.239-0400] {processor.py:183} INFO - Processing /home/walter/Documentos/rakuntentv/airflow/dags/movie_recommend.py took 2.250 seconds
[2024-07-15T18:09:14.628-0400] {processor.py:161} INFO - Started process (PID=533697) to work on /home/walter/Documentos/rakuntentv/airflow/dags/movie_recommend.py
[2024-07-15T18:09:14.633-0400] {processor.py:830} INFO - Processing file /home/walter/Documentos/rakuntentv/airflow/dags/movie_recommend.py for tasks to queue
[2024-07-15T18:09:14.638-0400] {logging_mixin.py:188} INFO - [2024-07-15T18:09:14.635-0400] {dagbag.py:545} INFO - Filling up the DagBag from /home/walter/Documentos/rakuntentv/airflow/dags/movie_recommend.py
[2024-07-15T18:09:15.335-0400] {processor.py:840} INFO - DAG(s) 'api_cuevana3_movie' retrieved from /home/walter/Documentos/rakuntentv/airflow/dags/movie_recommend.py
[2024-07-15T18:09:15.406-0400] {logging_mixin.py:188} INFO - [2024-07-15T18:09:15.406-0400] {dag.py:3096} INFO - Sync 1 DAGs
[2024-07-15T18:09:15.473-0400] {logging_mixin.py:188} INFO - [2024-07-15T18:09:15.473-0400] {dag.py:3954} INFO - Setting next_dagrun for api_cuevana3_movie to 2024-07-01 00:01:30+00:00, run_after=2024-07-01 00:01:45+00:00
[2024-07-15T18:09:15.518-0400] {processor.py:183} INFO - Processing /home/walter/Documentos/rakuntentv/airflow/dags/movie_recommend.py took 0.915 seconds
[2024-07-15T18:09:45.873-0400] {processor.py:161} INFO - Started process (PID=536249) to work on /home/walter/Documentos/rakuntentv/airflow/dags/movie_recommend.py
[2024-07-15T18:09:45.909-0400] {processor.py:830} INFO - Processing file /home/walter/Documentos/rakuntentv/airflow/dags/movie_recommend.py for tasks to queue
[2024-07-15T18:09:45.943-0400] {logging_mixin.py:188} INFO - [2024-07-15T18:09:45.909-0400] {dagbag.py:545} INFO - Filling up the DagBag from /home/walter/Documentos/rakuntentv/airflow/dags/movie_recommend.py
[2024-07-15T18:09:48.675-0400] {processor.py:840} INFO - DAG(s) 'api_cuevana3_movie' retrieved from /home/walter/Documentos/rakuntentv/airflow/dags/movie_recommend.py
[2024-07-15T18:09:48.880-0400] {logging_mixin.py:188} INFO - [2024-07-15T18:09:48.872-0400] {dag.py:3096} INFO - Sync 1 DAGs
[2024-07-15T18:09:48.970-0400] {logging_mixin.py:188} INFO - [2024-07-15T18:09:48.965-0400] {dag.py:3954} INFO - Setting next_dagrun for api_cuevana3_movie to 2024-07-01 00:01:30+00:00, run_after=2024-07-01 00:01:45+00:00
[2024-07-15T18:09:49.144-0400] {processor.py:183} INFO - Processing /home/walter/Documentos/rakuntentv/airflow/dags/movie_recommend.py took 3.298 seconds
[2024-07-15T18:12:32.770-0400] {processor.py:161} INFO - Started process (PID=536741) to work on /home/walter/Documentos/rakuntentv/airflow/dags/movie_recommend.py
[2024-07-15T18:12:32.778-0400] {processor.py:830} INFO - Processing file /home/walter/Documentos/rakuntentv/airflow/dags/movie_recommend.py for tasks to queue
[2024-07-15T18:12:32.842-0400] {logging_mixin.py:188} INFO - [2024-07-15T18:12:32.784-0400] {dagbag.py:545} INFO - Filling up the DagBag from /home/walter/Documentos/rakuntentv/airflow/dags/movie_recommend.py
[2024-07-15T18:12:36.225-0400] {processor.py:840} INFO - DAG(s) 'api_cuevana3_movie' retrieved from /home/walter/Documentos/rakuntentv/airflow/dags/movie_recommend.py
[2024-07-15T18:12:36.403-0400] {logging_mixin.py:188} INFO - [2024-07-15T18:12:36.402-0400] {dag.py:3096} INFO - Sync 1 DAGs
[2024-07-15T18:12:36.459-0400] {logging_mixin.py:188} INFO - [2024-07-15T18:12:36.458-0400] {dag.py:3954} INFO - Setting next_dagrun for api_cuevana3_movie to 2024-07-01 00:01:30+00:00, run_after=2024-07-01 00:01:45+00:00
[2024-07-15T18:12:36.535-0400] {processor.py:183} INFO - Processing /home/walter/Documentos/rakuntentv/airflow/dags/movie_recommend.py took 3.799 seconds
[2024-07-15T18:13:07.441-0400] {processor.py:161} INFO - Started process (PID=540810) to work on /home/walter/Documentos/rakuntentv/airflow/dags/movie_recommend.py
[2024-07-15T18:13:07.446-0400] {processor.py:830} INFO - Processing file /home/walter/Documentos/rakuntentv/airflow/dags/movie_recommend.py for tasks to queue
[2024-07-15T18:13:07.448-0400] {logging_mixin.py:188} INFO - [2024-07-15T18:13:07.447-0400] {dagbag.py:545} INFO - Filling up the DagBag from /home/walter/Documentos/rakuntentv/airflow/dags/movie_recommend.py
[2024-07-15T18:13:08.207-0400] {processor.py:840} INFO - DAG(s) 'api_cuevana3_movie' retrieved from /home/walter/Documentos/rakuntentv/airflow/dags/movie_recommend.py
[2024-07-15T18:13:08.282-0400] {logging_mixin.py:188} INFO - [2024-07-15T18:13:08.282-0400] {dag.py:3096} INFO - Sync 1 DAGs
[2024-07-15T18:13:08.308-0400] {logging_mixin.py:188} INFO - [2024-07-15T18:13:08.308-0400] {dag.py:3954} INFO - Setting next_dagrun for api_cuevana3_movie to 2024-07-01 00:01:30+00:00, run_after=2024-07-01 00:01:45+00:00
[2024-07-15T18:13:08.383-0400] {processor.py:183} INFO - Processing /home/walter/Documentos/rakuntentv/airflow/dags/movie_recommend.py took 0.964 seconds
[2024-07-15T18:13:39.044-0400] {processor.py:161} INFO - Started process (PID=542073) to work on /home/walter/Documentos/rakuntentv/airflow/dags/movie_recommend.py
[2024-07-15T18:13:39.054-0400] {processor.py:830} INFO - Processing file /home/walter/Documentos/rakuntentv/airflow/dags/movie_recommend.py for tasks to queue
[2024-07-15T18:13:39.055-0400] {logging_mixin.py:188} INFO - [2024-07-15T18:13:39.055-0400] {dagbag.py:545} INFO - Filling up the DagBag from /home/walter/Documentos/rakuntentv/airflow/dags/movie_recommend.py
[2024-07-15T18:13:39.610-0400] {processor.py:840} INFO - DAG(s) 'api_cuevana3_movie' retrieved from /home/walter/Documentos/rakuntentv/airflow/dags/movie_recommend.py
[2024-07-15T18:13:39.637-0400] {logging_mixin.py:188} INFO - [2024-07-15T18:13:39.636-0400] {dag.py:3096} INFO - Sync 1 DAGs
[2024-07-15T18:13:39.656-0400] {logging_mixin.py:188} INFO - [2024-07-15T18:13:39.656-0400] {dag.py:3954} INFO - Setting next_dagrun for api_cuevana3_movie to 2024-07-01 00:01:30+00:00, run_after=2024-07-01 00:01:45+00:00
[2024-07-15T18:13:39.737-0400] {processor.py:183} INFO - Processing /home/walter/Documentos/rakuntentv/airflow/dags/movie_recommend.py took 0.701 seconds
[2024-07-15T18:14:10.045-0400] {processor.py:161} INFO - Started process (PID=542388) to work on /home/walter/Documentos/rakuntentv/airflow/dags/movie_recommend.py
[2024-07-15T18:14:10.051-0400] {processor.py:830} INFO - Processing file /home/walter/Documentos/rakuntentv/airflow/dags/movie_recommend.py for tasks to queue
[2024-07-15T18:14:10.056-0400] {logging_mixin.py:188} INFO - [2024-07-15T18:14:10.054-0400] {dagbag.py:545} INFO - Filling up the DagBag from /home/walter/Documentos/rakuntentv/airflow/dags/movie_recommend.py
[2024-07-15T18:14:10.564-0400] {processor.py:840} INFO - DAG(s) 'api_cuevana3_movie' retrieved from /home/walter/Documentos/rakuntentv/airflow/dags/movie_recommend.py
[2024-07-15T18:14:10.592-0400] {logging_mixin.py:188} INFO - [2024-07-15T18:14:10.591-0400] {dag.py:3096} INFO - Sync 1 DAGs
[2024-07-15T18:14:10.614-0400] {logging_mixin.py:188} INFO - [2024-07-15T18:14:10.614-0400] {dag.py:3954} INFO - Setting next_dagrun for api_cuevana3_movie to 2024-07-01 00:01:30+00:00, run_after=2024-07-01 00:01:45+00:00
[2024-07-15T18:14:10.640-0400] {processor.py:183} INFO - Processing /home/walter/Documentos/rakuntentv/airflow/dags/movie_recommend.py took 0.605 seconds
[2024-07-15T18:14:40.922-0400] {processor.py:161} INFO - Started process (PID=542433) to work on /home/walter/Documentos/rakuntentv/airflow/dags/movie_recommend.py
[2024-07-15T18:14:40.924-0400] {processor.py:830} INFO - Processing file /home/walter/Documentos/rakuntentv/airflow/dags/movie_recommend.py for tasks to queue
[2024-07-15T18:14:40.925-0400] {logging_mixin.py:188} INFO - [2024-07-15T18:14:40.925-0400] {dagbag.py:545} INFO - Filling up the DagBag from /home/walter/Documentos/rakuntentv/airflow/dags/movie_recommend.py
[2024-07-15T18:14:41.396-0400] {processor.py:840} INFO - DAG(s) 'api_cuevana3_movie' retrieved from /home/walter/Documentos/rakuntentv/airflow/dags/movie_recommend.py
[2024-07-15T18:14:41.428-0400] {logging_mixin.py:188} INFO - [2024-07-15T18:14:41.428-0400] {dag.py:3096} INFO - Sync 1 DAGs
[2024-07-15T18:14:41.440-0400] {logging_mixin.py:188} INFO - [2024-07-15T18:14:41.440-0400] {dag.py:3954} INFO - Setting next_dagrun for api_cuevana3_movie to 2024-07-01 00:01:30+00:00, run_after=2024-07-01 00:01:45+00:00
[2024-07-15T18:14:41.473-0400] {processor.py:183} INFO - Processing /home/walter/Documentos/rakuntentv/airflow/dags/movie_recommend.py took 0.559 seconds
[2024-07-15T18:15:11.683-0400] {processor.py:161} INFO - Started process (PID=542457) to work on /home/walter/Documentos/rakuntentv/airflow/dags/movie_recommend.py
[2024-07-15T18:15:11.688-0400] {processor.py:830} INFO - Processing file /home/walter/Documentos/rakuntentv/airflow/dags/movie_recommend.py for tasks to queue
[2024-07-15T18:15:11.689-0400] {logging_mixin.py:188} INFO - [2024-07-15T18:15:11.689-0400] {dagbag.py:545} INFO - Filling up the DagBag from /home/walter/Documentos/rakuntentv/airflow/dags/movie_recommend.py
[2024-07-15T18:15:12.123-0400] {processor.py:840} INFO - DAG(s) 'api_cuevana3_movie' retrieved from /home/walter/Documentos/rakuntentv/airflow/dags/movie_recommend.py
[2024-07-15T18:15:12.142-0400] {logging_mixin.py:188} INFO - [2024-07-15T18:15:12.142-0400] {dag.py:3096} INFO - Sync 1 DAGs
[2024-07-15T18:15:12.154-0400] {logging_mixin.py:188} INFO - [2024-07-15T18:15:12.154-0400] {dag.py:3954} INFO - Setting next_dagrun for api_cuevana3_movie to 2024-07-01 00:01:30+00:00, run_after=2024-07-01 00:01:45+00:00
[2024-07-15T18:15:12.186-0400] {processor.py:183} INFO - Processing /home/walter/Documentos/rakuntentv/airflow/dags/movie_recommend.py took 0.512 seconds
[2024-07-15T18:15:42.299-0400] {processor.py:161} INFO - Started process (PID=542491) to work on /home/walter/Documentos/rakuntentv/airflow/dags/movie_recommend.py
[2024-07-15T18:15:42.300-0400] {processor.py:830} INFO - Processing file /home/walter/Documentos/rakuntentv/airflow/dags/movie_recommend.py for tasks to queue
[2024-07-15T18:15:42.301-0400] {logging_mixin.py:188} INFO - [2024-07-15T18:15:42.300-0400] {dagbag.py:545} INFO - Filling up the DagBag from /home/walter/Documentos/rakuntentv/airflow/dags/movie_recommend.py
[2024-07-15T18:15:42.831-0400] {processor.py:840} INFO - DAG(s) 'api_cuevana3_movie' retrieved from /home/walter/Documentos/rakuntentv/airflow/dags/movie_recommend.py
[2024-07-15T18:15:42.852-0400] {logging_mixin.py:188} INFO - [2024-07-15T18:15:42.851-0400] {dag.py:3096} INFO - Sync 1 DAGs
[2024-07-15T18:15:42.866-0400] {logging_mixin.py:188} INFO - [2024-07-15T18:15:42.866-0400] {dag.py:3954} INFO - Setting next_dagrun for api_cuevana3_movie to 2024-07-01 00:01:30+00:00, run_after=2024-07-01 00:01:45+00:00
[2024-07-15T18:15:42.910-0400] {processor.py:183} INFO - Processing /home/walter/Documentos/rakuntentv/airflow/dags/movie_recommend.py took 0.618 seconds
[2024-07-15T18:16:13.238-0400] {processor.py:161} INFO - Started process (PID=542545) to work on /home/walter/Documentos/rakuntentv/airflow/dags/movie_recommend.py
[2024-07-15T18:16:13.241-0400] {processor.py:830} INFO - Processing file /home/walter/Documentos/rakuntentv/airflow/dags/movie_recommend.py for tasks to queue
[2024-07-15T18:16:13.244-0400] {logging_mixin.py:188} INFO - [2024-07-15T18:16:13.243-0400] {dagbag.py:545} INFO - Filling up the DagBag from /home/walter/Documentos/rakuntentv/airflow/dags/movie_recommend.py
[2024-07-15T18:16:14.089-0400] {processor.py:840} INFO - DAG(s) 'api_cuevana3_movie' retrieved from /home/walter/Documentos/rakuntentv/airflow/dags/movie_recommend.py
[2024-07-15T18:16:14.153-0400] {logging_mixin.py:188} INFO - [2024-07-15T18:16:14.153-0400] {dag.py:3096} INFO - Sync 1 DAGs
[2024-07-15T18:16:14.172-0400] {logging_mixin.py:188} INFO - [2024-07-15T18:16:14.172-0400] {dag.py:3954} INFO - Setting next_dagrun for api_cuevana3_movie to 2024-07-01 00:01:30+00:00, run_after=2024-07-01 00:01:45+00:00
[2024-07-15T18:16:14.344-0400] {processor.py:183} INFO - Processing /home/walter/Documentos/rakuntentv/airflow/dags/movie_recommend.py took 1.117 seconds
[2024-07-15T18:16:44.676-0400] {processor.py:161} INFO - Started process (PID=542574) to work on /home/walter/Documentos/rakuntentv/airflow/dags/movie_recommend.py
[2024-07-15T18:16:44.677-0400] {processor.py:830} INFO - Processing file /home/walter/Documentos/rakuntentv/airflow/dags/movie_recommend.py for tasks to queue
[2024-07-15T18:16:44.682-0400] {logging_mixin.py:188} INFO - [2024-07-15T18:16:44.681-0400] {dagbag.py:545} INFO - Filling up the DagBag from /home/walter/Documentos/rakuntentv/airflow/dags/movie_recommend.py
[2024-07-15T18:16:45.780-0400] {processor.py:840} INFO - DAG(s) 'api_cuevana3_movie' retrieved from /home/walter/Documentos/rakuntentv/airflow/dags/movie_recommend.py
[2024-07-15T18:16:45.822-0400] {logging_mixin.py:188} INFO - [2024-07-15T18:16:45.822-0400] {dag.py:3096} INFO - Sync 1 DAGs
[2024-07-15T18:16:45.867-0400] {logging_mixin.py:188} INFO - [2024-07-15T18:16:45.867-0400] {dag.py:3954} INFO - Setting next_dagrun for api_cuevana3_movie to 2024-07-01 00:01:30+00:00, run_after=2024-07-01 00:01:45+00:00
[2024-07-15T18:16:45.910-0400] {processor.py:183} INFO - Processing /home/walter/Documentos/rakuntentv/airflow/dags/movie_recommend.py took 1.244 seconds
[2024-07-15T18:17:16.150-0400] {processor.py:161} INFO - Started process (PID=542596) to work on /home/walter/Documentos/rakuntentv/airflow/dags/movie_recommend.py
[2024-07-15T18:17:16.151-0400] {processor.py:830} INFO - Processing file /home/walter/Documentos/rakuntentv/airflow/dags/movie_recommend.py for tasks to queue
[2024-07-15T18:17:16.156-0400] {logging_mixin.py:188} INFO - [2024-07-15T18:17:16.155-0400] {dagbag.py:545} INFO - Filling up the DagBag from /home/walter/Documentos/rakuntentv/airflow/dags/movie_recommend.py
[2024-07-15T18:17:16.404-0400] {processor.py:840} INFO - DAG(s) 'api_cuevana3_movie' retrieved from /home/walter/Documentos/rakuntentv/airflow/dags/movie_recommend.py
[2024-07-15T18:17:16.427-0400] {logging_mixin.py:188} INFO - [2024-07-15T18:17:16.426-0400] {dag.py:3096} INFO - Sync 1 DAGs
[2024-07-15T18:17:16.443-0400] {logging_mixin.py:188} INFO - [2024-07-15T18:17:16.443-0400] {dag.py:3954} INFO - Setting next_dagrun for api_cuevana3_movie to 2024-07-01 00:01:30+00:00, run_after=2024-07-01 00:01:45+00:00
[2024-07-15T18:17:16.471-0400] {processor.py:183} INFO - Processing /home/walter/Documentos/rakuntentv/airflow/dags/movie_recommend.py took 0.327 seconds
[2024-07-15T18:17:46.662-0400] {processor.py:161} INFO - Started process (PID=542623) to work on /home/walter/Documentos/rakuntentv/airflow/dags/movie_recommend.py
[2024-07-15T18:17:46.668-0400] {processor.py:830} INFO - Processing file /home/walter/Documentos/rakuntentv/airflow/dags/movie_recommend.py for tasks to queue
[2024-07-15T18:17:46.670-0400] {logging_mixin.py:188} INFO - [2024-07-15T18:17:46.669-0400] {dagbag.py:545} INFO - Filling up the DagBag from /home/walter/Documentos/rakuntentv/airflow/dags/movie_recommend.py
[2024-07-15T18:17:47.111-0400] {processor.py:840} INFO - DAG(s) 'api_cuevana3_movie' retrieved from /home/walter/Documentos/rakuntentv/airflow/dags/movie_recommend.py
[2024-07-15T18:17:47.143-0400] {logging_mixin.py:188} INFO - [2024-07-15T18:17:47.142-0400] {dag.py:3096} INFO - Sync 1 DAGs
[2024-07-15T18:17:47.157-0400] {logging_mixin.py:188} INFO - [2024-07-15T18:17:47.157-0400] {dag.py:3954} INFO - Setting next_dagrun for api_cuevana3_movie to 2024-07-01 00:01:30+00:00, run_after=2024-07-01 00:01:45+00:00
[2024-07-15T18:17:47.185-0400] {processor.py:183} INFO - Processing /home/walter/Documentos/rakuntentv/airflow/dags/movie_recommend.py took 0.530 seconds
[2024-07-15T18:18:17.419-0400] {processor.py:161} INFO - Started process (PID=542653) to work on /home/walter/Documentos/rakuntentv/airflow/dags/movie_recommend.py
[2024-07-15T18:18:17.422-0400] {processor.py:830} INFO - Processing file /home/walter/Documentos/rakuntentv/airflow/dags/movie_recommend.py for tasks to queue
[2024-07-15T18:18:17.426-0400] {logging_mixin.py:188} INFO - [2024-07-15T18:18:17.425-0400] {dagbag.py:545} INFO - Filling up the DagBag from /home/walter/Documentos/rakuntentv/airflow/dags/movie_recommend.py
[2024-07-15T18:18:17.974-0400] {processor.py:840} INFO - DAG(s) 'api_cuevana3_movie' retrieved from /home/walter/Documentos/rakuntentv/airflow/dags/movie_recommend.py
[2024-07-15T18:18:18.000-0400] {logging_mixin.py:188} INFO - [2024-07-15T18:18:18.000-0400] {dag.py:3096} INFO - Sync 1 DAGs
[2024-07-15T18:18:18.018-0400] {logging_mixin.py:188} INFO - [2024-07-15T18:18:18.018-0400] {dag.py:3954} INFO - Setting next_dagrun for api_cuevana3_movie to 2024-07-01 00:01:30+00:00, run_after=2024-07-01 00:01:45+00:00
[2024-07-15T18:18:18.045-0400] {processor.py:183} INFO - Processing /home/walter/Documentos/rakuntentv/airflow/dags/movie_recommend.py took 0.634 seconds
[2024-07-15T18:18:48.255-0400] {processor.py:161} INFO - Started process (PID=542676) to work on /home/walter/Documentos/rakuntentv/airflow/dags/movie_recommend.py
[2024-07-15T18:18:48.256-0400] {processor.py:830} INFO - Processing file /home/walter/Documentos/rakuntentv/airflow/dags/movie_recommend.py for tasks to queue
[2024-07-15T18:18:48.257-0400] {logging_mixin.py:188} INFO - [2024-07-15T18:18:48.257-0400] {dagbag.py:545} INFO - Filling up the DagBag from /home/walter/Documentos/rakuntentv/airflow/dags/movie_recommend.py
[2024-07-15T18:18:48.729-0400] {processor.py:840} INFO - DAG(s) 'api_cuevana3_movie' retrieved from /home/walter/Documentos/rakuntentv/airflow/dags/movie_recommend.py
[2024-07-15T18:18:48.749-0400] {logging_mixin.py:188} INFO - [2024-07-15T18:18:48.749-0400] {dag.py:3096} INFO - Sync 1 DAGs
[2024-07-15T18:18:48.767-0400] {logging_mixin.py:188} INFO - [2024-07-15T18:18:48.766-0400] {dag.py:3954} INFO - Setting next_dagrun for api_cuevana3_movie to 2024-07-01 00:01:30+00:00, run_after=2024-07-01 00:01:45+00:00
[2024-07-15T18:18:48.815-0400] {processor.py:183} INFO - Processing /home/walter/Documentos/rakuntentv/airflow/dags/movie_recommend.py took 0.568 seconds
[2024-07-15T18:19:19.016-0400] {processor.py:161} INFO - Started process (PID=542702) to work on /home/walter/Documentos/rakuntentv/airflow/dags/movie_recommend.py
[2024-07-15T18:19:19.020-0400] {processor.py:830} INFO - Processing file /home/walter/Documentos/rakuntentv/airflow/dags/movie_recommend.py for tasks to queue
[2024-07-15T18:19:19.022-0400] {logging_mixin.py:188} INFO - [2024-07-15T18:19:19.021-0400] {dagbag.py:545} INFO - Filling up the DagBag from /home/walter/Documentos/rakuntentv/airflow/dags/movie_recommend.py
[2024-07-15T18:19:19.506-0400] {processor.py:840} INFO - DAG(s) 'api_cuevana3_movie' retrieved from /home/walter/Documentos/rakuntentv/airflow/dags/movie_recommend.py
[2024-07-15T18:19:19.532-0400] {logging_mixin.py:188} INFO - [2024-07-15T18:19:19.531-0400] {dag.py:3096} INFO - Sync 1 DAGs
[2024-07-15T18:19:19.550-0400] {logging_mixin.py:188} INFO - [2024-07-15T18:19:19.549-0400] {dag.py:3954} INFO - Setting next_dagrun for api_cuevana3_movie to 2024-07-01 00:01:30+00:00, run_after=2024-07-01 00:01:45+00:00
[2024-07-15T18:19:19.591-0400] {processor.py:183} INFO - Processing /home/walter/Documentos/rakuntentv/airflow/dags/movie_recommend.py took 0.592 seconds
[2024-07-15T18:19:49.817-0400] {processor.py:161} INFO - Started process (PID=542729) to work on /home/walter/Documentos/rakuntentv/airflow/dags/movie_recommend.py
[2024-07-15T18:19:49.819-0400] {processor.py:830} INFO - Processing file /home/walter/Documentos/rakuntentv/airflow/dags/movie_recommend.py for tasks to queue
[2024-07-15T18:19:49.821-0400] {logging_mixin.py:188} INFO - [2024-07-15T18:19:49.819-0400] {dagbag.py:545} INFO - Filling up the DagBag from /home/walter/Documentos/rakuntentv/airflow/dags/movie_recommend.py
[2024-07-15T18:19:50.307-0400] {processor.py:840} INFO - DAG(s) 'api_cuevana3_movie' retrieved from /home/walter/Documentos/rakuntentv/airflow/dags/movie_recommend.py
[2024-07-15T18:19:50.336-0400] {logging_mixin.py:188} INFO - [2024-07-15T18:19:50.336-0400] {dag.py:3096} INFO - Sync 1 DAGs
[2024-07-15T18:19:50.349-0400] {logging_mixin.py:188} INFO - [2024-07-15T18:19:50.349-0400] {dag.py:3954} INFO - Setting next_dagrun for api_cuevana3_movie to 2024-07-01 00:01:30+00:00, run_after=2024-07-01 00:01:45+00:00
[2024-07-15T18:19:50.407-0400] {processor.py:183} INFO - Processing /home/walter/Documentos/rakuntentv/airflow/dags/movie_recommend.py took 0.598 seconds
[2024-07-15T18:20:20.603-0400] {processor.py:161} INFO - Started process (PID=542755) to work on /home/walter/Documentos/rakuntentv/airflow/dags/movie_recommend.py
[2024-07-15T18:20:20.605-0400] {processor.py:830} INFO - Processing file /home/walter/Documentos/rakuntentv/airflow/dags/movie_recommend.py for tasks to queue
[2024-07-15T18:20:20.607-0400] {logging_mixin.py:188} INFO - [2024-07-15T18:20:20.606-0400] {dagbag.py:545} INFO - Filling up the DagBag from /home/walter/Documentos/rakuntentv/airflow/dags/movie_recommend.py
[2024-07-15T18:20:21.131-0400] {processor.py:840} INFO - DAG(s) 'api_cuevana3_movie' retrieved from /home/walter/Documentos/rakuntentv/airflow/dags/movie_recommend.py
[2024-07-15T18:20:21.150-0400] {logging_mixin.py:188} INFO - [2024-07-15T18:20:21.150-0400] {dag.py:3096} INFO - Sync 1 DAGs
[2024-07-15T18:20:21.179-0400] {logging_mixin.py:188} INFO - [2024-07-15T18:20:21.179-0400] {dag.py:3954} INFO - Setting next_dagrun for api_cuevana3_movie to 2024-07-01 00:01:30+00:00, run_after=2024-07-01 00:01:45+00:00
[2024-07-15T18:20:21.216-0400] {processor.py:183} INFO - Processing /home/walter/Documentos/rakuntentv/airflow/dags/movie_recommend.py took 0.622 seconds
[2024-07-15T18:20:51.494-0400] {processor.py:161} INFO - Started process (PID=542786) to work on /home/walter/Documentos/rakuntentv/airflow/dags/movie_recommend.py
[2024-07-15T18:20:51.495-0400] {processor.py:830} INFO - Processing file /home/walter/Documentos/rakuntentv/airflow/dags/movie_recommend.py for tasks to queue
[2024-07-15T18:20:51.497-0400] {logging_mixin.py:188} INFO - [2024-07-15T18:20:51.496-0400] {dagbag.py:545} INFO - Filling up the DagBag from /home/walter/Documentos/rakuntentv/airflow/dags/movie_recommend.py
[2024-07-15T18:20:52.010-0400] {processor.py:840} INFO - DAG(s) 'api_cuevana3_movie' retrieved from /home/walter/Documentos/rakuntentv/airflow/dags/movie_recommend.py
[2024-07-15T18:20:52.036-0400] {logging_mixin.py:188} INFO - [2024-07-15T18:20:52.036-0400] {dag.py:3096} INFO - Sync 1 DAGs
[2024-07-15T18:20:52.050-0400] {logging_mixin.py:188} INFO - [2024-07-15T18:20:52.050-0400] {dag.py:3954} INFO - Setting next_dagrun for api_cuevana3_movie to 2024-07-01 00:01:30+00:00, run_after=2024-07-01 00:01:45+00:00
[2024-07-15T18:20:52.099-0400] {processor.py:183} INFO - Processing /home/walter/Documentos/rakuntentv/airflow/dags/movie_recommend.py took 0.613 seconds
[2024-07-15T18:21:22.335-0400] {processor.py:161} INFO - Started process (PID=542810) to work on /home/walter/Documentos/rakuntentv/airflow/dags/movie_recommend.py
[2024-07-15T18:21:22.336-0400] {processor.py:830} INFO - Processing file /home/walter/Documentos/rakuntentv/airflow/dags/movie_recommend.py for tasks to queue
[2024-07-15T18:21:22.337-0400] {logging_mixin.py:188} INFO - [2024-07-15T18:21:22.337-0400] {dagbag.py:545} INFO - Filling up the DagBag from /home/walter/Documentos/rakuntentv/airflow/dags/movie_recommend.py
[2024-07-15T18:21:22.816-0400] {processor.py:840} INFO - DAG(s) 'api_cuevana3_movie' retrieved from /home/walter/Documentos/rakuntentv/airflow/dags/movie_recommend.py
[2024-07-15T18:21:22.841-0400] {logging_mixin.py:188} INFO - [2024-07-15T18:21:22.840-0400] {dag.py:3096} INFO - Sync 1 DAGs
[2024-07-15T18:21:22.854-0400] {logging_mixin.py:188} INFO - [2024-07-15T18:21:22.854-0400] {dag.py:3954} INFO - Setting next_dagrun for api_cuevana3_movie to 2024-07-01 00:01:30+00:00, run_after=2024-07-01 00:01:45+00:00
[2024-07-15T18:21:22.914-0400] {processor.py:183} INFO - Processing /home/walter/Documentos/rakuntentv/airflow/dags/movie_recommend.py took 0.587 seconds
[2024-07-15T18:21:53.121-0400] {processor.py:161} INFO - Started process (PID=542841) to work on /home/walter/Documentos/rakuntentv/airflow/dags/movie_recommend.py
[2024-07-15T18:21:53.122-0400] {processor.py:830} INFO - Processing file /home/walter/Documentos/rakuntentv/airflow/dags/movie_recommend.py for tasks to queue
[2024-07-15T18:21:53.123-0400] {logging_mixin.py:188} INFO - [2024-07-15T18:21:53.122-0400] {dagbag.py:545} INFO - Filling up the DagBag from /home/walter/Documentos/rakuntentv/airflow/dags/movie_recommend.py
[2024-07-15T18:21:53.663-0400] {processor.py:840} INFO - DAG(s) 'api_cuevana3_movie' retrieved from /home/walter/Documentos/rakuntentv/airflow/dags/movie_recommend.py
[2024-07-15T18:21:53.682-0400] {logging_mixin.py:188} INFO - [2024-07-15T18:21:53.681-0400] {dag.py:3096} INFO - Sync 1 DAGs
[2024-07-15T18:21:53.706-0400] {logging_mixin.py:188} INFO - [2024-07-15T18:21:53.706-0400] {dag.py:3954} INFO - Setting next_dagrun for api_cuevana3_movie to 2024-07-01 00:01:30+00:00, run_after=2024-07-01 00:01:45+00:00
[2024-07-15T18:21:53.735-0400] {processor.py:183} INFO - Processing /home/walter/Documentos/rakuntentv/airflow/dags/movie_recommend.py took 0.622 seconds
[2024-07-15T18:22:23.993-0400] {processor.py:161} INFO - Started process (PID=542863) to work on /home/walter/Documentos/rakuntentv/airflow/dags/movie_recommend.py
[2024-07-15T18:22:23.995-0400] {processor.py:830} INFO - Processing file /home/walter/Documentos/rakuntentv/airflow/dags/movie_recommend.py for tasks to queue
[2024-07-15T18:22:24.000-0400] {logging_mixin.py:188} INFO - [2024-07-15T18:22:23.996-0400] {dagbag.py:545} INFO - Filling up the DagBag from /home/walter/Documentos/rakuntentv/airflow/dags/movie_recommend.py
[2024-07-15T18:22:24.482-0400] {processor.py:840} INFO - DAG(s) 'api_cuevana3_movie' retrieved from /home/walter/Documentos/rakuntentv/airflow/dags/movie_recommend.py
[2024-07-15T18:22:24.501-0400] {logging_mixin.py:188} INFO - [2024-07-15T18:22:24.501-0400] {dag.py:3096} INFO - Sync 1 DAGs
[2024-07-15T18:22:24.526-0400] {logging_mixin.py:188} INFO - [2024-07-15T18:22:24.526-0400] {dag.py:3954} INFO - Setting next_dagrun for api_cuevana3_movie to 2024-07-01 00:01:30+00:00, run_after=2024-07-01 00:01:45+00:00
[2024-07-15T18:22:24.550-0400] {processor.py:183} INFO - Processing /home/walter/Documentos/rakuntentv/airflow/dags/movie_recommend.py took 0.567 seconds
[2024-07-15T18:22:54.756-0400] {processor.py:161} INFO - Started process (PID=542893) to work on /home/walter/Documentos/rakuntentv/airflow/dags/movie_recommend.py
[2024-07-15T18:22:54.758-0400] {processor.py:830} INFO - Processing file /home/walter/Documentos/rakuntentv/airflow/dags/movie_recommend.py for tasks to queue
[2024-07-15T18:22:54.764-0400] {logging_mixin.py:188} INFO - [2024-07-15T18:22:54.759-0400] {dagbag.py:545} INFO - Filling up the DagBag from /home/walter/Documentos/rakuntentv/airflow/dags/movie_recommend.py
[2024-07-15T18:22:55.438-0400] {processor.py:840} INFO - DAG(s) 'api_cuevana3_movie' retrieved from /home/walter/Documentos/rakuntentv/airflow/dags/movie_recommend.py
[2024-07-15T18:22:55.489-0400] {logging_mixin.py:188} INFO - [2024-07-15T18:22:55.488-0400] {dag.py:3096} INFO - Sync 1 DAGs
[2024-07-15T18:22:55.548-0400] {logging_mixin.py:188} INFO - [2024-07-15T18:22:55.548-0400] {dag.py:3954} INFO - Setting next_dagrun for api_cuevana3_movie to 2024-07-01 00:01:30+00:00, run_after=2024-07-01 00:01:45+00:00
[2024-07-15T18:22:55.793-0400] {processor.py:183} INFO - Processing /home/walter/Documentos/rakuntentv/airflow/dags/movie_recommend.py took 1.046 seconds
[2024-07-15T18:23:26.143-0400] {processor.py:161} INFO - Started process (PID=542935) to work on /home/walter/Documentos/rakuntentv/airflow/dags/movie_recommend.py
[2024-07-15T18:23:26.144-0400] {processor.py:830} INFO - Processing file /home/walter/Documentos/rakuntentv/airflow/dags/movie_recommend.py for tasks to queue
[2024-07-15T18:23:26.145-0400] {logging_mixin.py:188} INFO - [2024-07-15T18:23:26.145-0400] {dagbag.py:545} INFO - Filling up the DagBag from /home/walter/Documentos/rakuntentv/airflow/dags/movie_recommend.py
[2024-07-15T18:23:26.568-0400] {processor.py:840} INFO - DAG(s) 'api_cuevana3_movie' retrieved from /home/walter/Documentos/rakuntentv/airflow/dags/movie_recommend.py
[2024-07-15T18:23:26.587-0400] {logging_mixin.py:188} INFO - [2024-07-15T18:23:26.587-0400] {dag.py:3096} INFO - Sync 1 DAGs
[2024-07-15T18:23:26.602-0400] {logging_mixin.py:188} INFO - [2024-07-15T18:23:26.602-0400] {dag.py:3954} INFO - Setting next_dagrun for api_cuevana3_movie to 2024-07-01 00:01:30+00:00, run_after=2024-07-01 00:01:45+00:00
[2024-07-15T18:23:26.639-0400] {processor.py:183} INFO - Processing /home/walter/Documentos/rakuntentv/airflow/dags/movie_recommend.py took 0.505 seconds
[2024-07-15T18:23:56.892-0400] {processor.py:161} INFO - Started process (PID=542956) to work on /home/walter/Documentos/rakuntentv/airflow/dags/movie_recommend.py
[2024-07-15T18:23:56.900-0400] {processor.py:830} INFO - Processing file /home/walter/Documentos/rakuntentv/airflow/dags/movie_recommend.py for tasks to queue
[2024-07-15T18:23:56.903-0400] {logging_mixin.py:188} INFO - [2024-07-15T18:23:56.901-0400] {dagbag.py:545} INFO - Filling up the DagBag from /home/walter/Documentos/rakuntentv/airflow/dags/movie_recommend.py
[2024-07-15T18:23:57.338-0400] {processor.py:840} INFO - DAG(s) 'api_cuevana3_movie' retrieved from /home/walter/Documentos/rakuntentv/airflow/dags/movie_recommend.py
[2024-07-15T18:23:57.360-0400] {logging_mixin.py:188} INFO - [2024-07-15T18:23:57.359-0400] {dag.py:3096} INFO - Sync 1 DAGs
[2024-07-15T18:23:57.372-0400] {logging_mixin.py:188} INFO - [2024-07-15T18:23:57.372-0400] {dag.py:3954} INFO - Setting next_dagrun for api_cuevana3_movie to 2024-07-01 00:01:30+00:00, run_after=2024-07-01 00:01:45+00:00
[2024-07-15T18:23:57.418-0400] {processor.py:183} INFO - Processing /home/walter/Documentos/rakuntentv/airflow/dags/movie_recommend.py took 0.531 seconds
[2024-07-15T18:24:27.682-0400] {processor.py:161} INFO - Started process (PID=542981) to work on /home/walter/Documentos/rakuntentv/airflow/dags/movie_recommend.py
[2024-07-15T18:24:27.684-0400] {processor.py:830} INFO - Processing file /home/walter/Documentos/rakuntentv/airflow/dags/movie_recommend.py for tasks to queue
[2024-07-15T18:24:27.693-0400] {logging_mixin.py:188} INFO - [2024-07-15T18:24:27.692-0400] {dagbag.py:545} INFO - Filling up the DagBag from /home/walter/Documentos/rakuntentv/airflow/dags/movie_recommend.py
[2024-07-15T18:24:28.168-0400] {processor.py:840} INFO - DAG(s) 'api_cuevana3_movie' retrieved from /home/walter/Documentos/rakuntentv/airflow/dags/movie_recommend.py
[2024-07-15T18:24:28.198-0400] {logging_mixin.py:188} INFO - [2024-07-15T18:24:28.198-0400] {dag.py:3096} INFO - Sync 1 DAGs
[2024-07-15T18:24:28.211-0400] {logging_mixin.py:188} INFO - [2024-07-15T18:24:28.210-0400] {dag.py:3954} INFO - Setting next_dagrun for api_cuevana3_movie to 2024-07-01 00:01:30+00:00, run_after=2024-07-01 00:01:45+00:00
[2024-07-15T18:24:28.232-0400] {processor.py:183} INFO - Processing /home/walter/Documentos/rakuntentv/airflow/dags/movie_recommend.py took 0.565 seconds
[2024-07-15T18:24:58.443-0400] {processor.py:161} INFO - Started process (PID=543007) to work on /home/walter/Documentos/rakuntentv/airflow/dags/movie_recommend.py
[2024-07-15T18:24:58.445-0400] {processor.py:830} INFO - Processing file /home/walter/Documentos/rakuntentv/airflow/dags/movie_recommend.py for tasks to queue
[2024-07-15T18:24:58.447-0400] {logging_mixin.py:188} INFO - [2024-07-15T18:24:58.446-0400] {dagbag.py:545} INFO - Filling up the DagBag from /home/walter/Documentos/rakuntentv/airflow/dags/movie_recommend.py
[2024-07-15T18:24:58.694-0400] {processor.py:840} INFO - DAG(s) 'api_cuevana3_movie' retrieved from /home/walter/Documentos/rakuntentv/airflow/dags/movie_recommend.py
[2024-07-15T18:24:58.708-0400] {logging_mixin.py:188} INFO - [2024-07-15T18:24:58.707-0400] {dag.py:3096} INFO - Sync 1 DAGs
[2024-07-15T18:24:58.717-0400] {logging_mixin.py:188} INFO - [2024-07-15T18:24:58.716-0400] {dag.py:3954} INFO - Setting next_dagrun for api_cuevana3_movie to 2024-07-01 00:01:30+00:00, run_after=2024-07-01 00:01:45+00:00
[2024-07-15T18:24:58.741-0400] {processor.py:183} INFO - Processing /home/walter/Documentos/rakuntentv/airflow/dags/movie_recommend.py took 0.306 seconds
[2024-07-15T18:25:29.136-0400] {processor.py:161} INFO - Started process (PID=543072) to work on /home/walter/Documentos/rakuntentv/airflow/dags/movie_recommend.py
[2024-07-15T18:25:29.162-0400] {processor.py:830} INFO - Processing file /home/walter/Documentos/rakuntentv/airflow/dags/movie_recommend.py for tasks to queue
[2024-07-15T18:25:29.225-0400] {logging_mixin.py:188} INFO - [2024-07-15T18:25:29.163-0400] {dagbag.py:545} INFO - Filling up the DagBag from /home/walter/Documentos/rakuntentv/airflow/dags/movie_recommend.py
[2024-07-15T18:25:34.373-0400] {processor.py:840} INFO - DAG(s) 'api_cuevana3_movie' retrieved from /home/walter/Documentos/rakuntentv/airflow/dags/movie_recommend.py
[2024-07-15T18:25:34.539-0400] {logging_mixin.py:188} INFO - [2024-07-15T18:25:34.538-0400] {dag.py:3096} INFO - Sync 1 DAGs
[2024-07-15T18:25:34.588-0400] {logging_mixin.py:188} INFO - [2024-07-15T18:25:34.587-0400] {dag.py:3954} INFO - Setting next_dagrun for api_cuevana3_movie to 2024-07-01 00:01:30+00:00, run_after=2024-07-01 00:01:45+00:00
[2024-07-15T18:25:34.657-0400] {processor.py:183} INFO - Processing /home/walter/Documentos/rakuntentv/airflow/dags/movie_recommend.py took 5.592 seconds
[2024-07-15T18:26:04.962-0400] {processor.py:161} INFO - Started process (PID=543130) to work on /home/walter/Documentos/rakuntentv/airflow/dags/movie_recommend.py
[2024-07-15T18:26:04.964-0400] {processor.py:830} INFO - Processing file /home/walter/Documentos/rakuntentv/airflow/dags/movie_recommend.py for tasks to queue
[2024-07-15T18:26:04.967-0400] {logging_mixin.py:188} INFO - [2024-07-15T18:26:04.965-0400] {dagbag.py:545} INFO - Filling up the DagBag from /home/walter/Documentos/rakuntentv/airflow/dags/movie_recommend.py
[2024-07-15T18:26:05.698-0400] {processor.py:840} INFO - DAG(s) 'api_cuevana3_movie' retrieved from /home/walter/Documentos/rakuntentv/airflow/dags/movie_recommend.py
[2024-07-15T18:26:05.794-0400] {logging_mixin.py:188} INFO - [2024-07-15T18:26:05.794-0400] {dag.py:3096} INFO - Sync 1 DAGs
[2024-07-15T18:26:05.839-0400] {logging_mixin.py:188} INFO - [2024-07-15T18:26:05.838-0400] {dag.py:3954} INFO - Setting next_dagrun for api_cuevana3_movie to 2024-07-01 00:01:30+00:00, run_after=2024-07-01 00:01:45+00:00
[2024-07-15T18:26:05.902-0400] {processor.py:183} INFO - Processing /home/walter/Documentos/rakuntentv/airflow/dags/movie_recommend.py took 0.947 seconds
[2024-07-15T18:26:36.010-0400] {processor.py:161} INFO - Started process (PID=543154) to work on /home/walter/Documentos/rakuntentv/airflow/dags/movie_recommend.py
[2024-07-15T18:26:36.012-0400] {processor.py:830} INFO - Processing file /home/walter/Documentos/rakuntentv/airflow/dags/movie_recommend.py for tasks to queue
[2024-07-15T18:26:36.014-0400] {logging_mixin.py:188} INFO - [2024-07-15T18:26:36.013-0400] {dagbag.py:545} INFO - Filling up the DagBag from /home/walter/Documentos/rakuntentv/airflow/dags/movie_recommend.py
[2024-07-15T18:26:37.124-0400] {processor.py:840} INFO - DAG(s) 'api_cuevana3_movie' retrieved from /home/walter/Documentos/rakuntentv/airflow/dags/movie_recommend.py
[2024-07-15T18:26:37.155-0400] {logging_mixin.py:188} INFO - [2024-07-15T18:26:37.154-0400] {dag.py:3096} INFO - Sync 1 DAGs
[2024-07-15T18:26:37.181-0400] {logging_mixin.py:188} INFO - [2024-07-15T18:26:37.181-0400] {dag.py:3954} INFO - Setting next_dagrun for api_cuevana3_movie to 2024-07-01 00:01:30+00:00, run_after=2024-07-01 00:01:45+00:00
[2024-07-15T18:26:37.213-0400] {processor.py:183} INFO - Processing /home/walter/Documentos/rakuntentv/airflow/dags/movie_recommend.py took 1.216 seconds
[2024-07-15T18:27:07.425-0400] {processor.py:161} INFO - Started process (PID=543180) to work on /home/walter/Documentos/rakuntentv/airflow/dags/movie_recommend.py
[2024-07-15T18:27:07.428-0400] {processor.py:830} INFO - Processing file /home/walter/Documentos/rakuntentv/airflow/dags/movie_recommend.py for tasks to queue
[2024-07-15T18:27:07.430-0400] {logging_mixin.py:188} INFO - [2024-07-15T18:27:07.429-0400] {dagbag.py:545} INFO - Filling up the DagBag from /home/walter/Documentos/rakuntentv/airflow/dags/movie_recommend.py
[2024-07-15T18:27:08.119-0400] {processor.py:840} INFO - DAG(s) 'api_cuevana3_movie' retrieved from /home/walter/Documentos/rakuntentv/airflow/dags/movie_recommend.py
[2024-07-15T18:27:08.150-0400] {logging_mixin.py:188} INFO - [2024-07-15T18:27:08.149-0400] {dag.py:3096} INFO - Sync 1 DAGs
[2024-07-15T18:27:08.171-0400] {logging_mixin.py:188} INFO - [2024-07-15T18:27:08.171-0400] {dag.py:3954} INFO - Setting next_dagrun for api_cuevana3_movie to 2024-07-01 00:01:30+00:00, run_after=2024-07-01 00:01:45+00:00
[2024-07-15T18:27:08.213-0400] {processor.py:183} INFO - Processing /home/walter/Documentos/rakuntentv/airflow/dags/movie_recommend.py took 0.799 seconds
[2024-07-15T18:27:38.408-0400] {processor.py:161} INFO - Started process (PID=543205) to work on /home/walter/Documentos/rakuntentv/airflow/dags/movie_recommend.py
[2024-07-15T18:27:38.410-0400] {processor.py:830} INFO - Processing file /home/walter/Documentos/rakuntentv/airflow/dags/movie_recommend.py for tasks to queue
[2024-07-15T18:27:38.412-0400] {logging_mixin.py:188} INFO - [2024-07-15T18:27:38.411-0400] {dagbag.py:545} INFO - Filling up the DagBag from /home/walter/Documentos/rakuntentv/airflow/dags/movie_recommend.py
[2024-07-15T18:27:38.955-0400] {processor.py:840} INFO - DAG(s) 'api_cuevana3_movie' retrieved from /home/walter/Documentos/rakuntentv/airflow/dags/movie_recommend.py
[2024-07-15T18:27:38.984-0400] {logging_mixin.py:188} INFO - [2024-07-15T18:27:38.983-0400] {dag.py:3096} INFO - Sync 1 DAGs
[2024-07-15T18:27:39.012-0400] {logging_mixin.py:188} INFO - [2024-07-15T18:27:39.012-0400] {dag.py:3954} INFO - Setting next_dagrun for api_cuevana3_movie to 2024-07-01 00:01:30+00:00, run_after=2024-07-01 00:01:45+00:00
[2024-07-15T18:27:39.039-0400] {processor.py:183} INFO - Processing /home/walter/Documentos/rakuntentv/airflow/dags/movie_recommend.py took 0.648 seconds
[2024-07-15T18:28:09.281-0400] {processor.py:161} INFO - Started process (PID=543225) to work on /home/walter/Documentos/rakuntentv/airflow/dags/movie_recommend.py
[2024-07-15T18:28:09.283-0400] {processor.py:830} INFO - Processing file /home/walter/Documentos/rakuntentv/airflow/dags/movie_recommend.py for tasks to queue
[2024-07-15T18:28:09.286-0400] {logging_mixin.py:188} INFO - [2024-07-15T18:28:09.284-0400] {dagbag.py:545} INFO - Filling up the DagBag from /home/walter/Documentos/rakuntentv/airflow/dags/movie_recommend.py
[2024-07-15T18:28:09.880-0400] {processor.py:840} INFO - DAG(s) 'api_cuevana3_movie' retrieved from /home/walter/Documentos/rakuntentv/airflow/dags/movie_recommend.py
[2024-07-15T18:28:09.923-0400] {logging_mixin.py:188} INFO - [2024-07-15T18:28:09.922-0400] {dag.py:3096} INFO - Sync 1 DAGs
[2024-07-15T18:28:09.949-0400] {logging_mixin.py:188} INFO - [2024-07-15T18:28:09.948-0400] {dag.py:3954} INFO - Setting next_dagrun for api_cuevana3_movie to 2024-07-01 00:01:30+00:00, run_after=2024-07-01 00:01:45+00:00
[2024-07-15T18:28:10.040-0400] {processor.py:183} INFO - Processing /home/walter/Documentos/rakuntentv/airflow/dags/movie_recommend.py took 0.773 seconds
[2024-07-15T18:28:40.322-0400] {processor.py:161} INFO - Started process (PID=543256) to work on /home/walter/Documentos/rakuntentv/airflow/dags/movie_recommend.py
[2024-07-15T18:28:40.324-0400] {processor.py:830} INFO - Processing file /home/walter/Documentos/rakuntentv/airflow/dags/movie_recommend.py for tasks to queue
[2024-07-15T18:28:40.326-0400] {logging_mixin.py:188} INFO - [2024-07-15T18:28:40.325-0400] {dagbag.py:545} INFO - Filling up the DagBag from /home/walter/Documentos/rakuntentv/airflow/dags/movie_recommend.py
[2024-07-15T18:28:40.933-0400] {processor.py:840} INFO - DAG(s) 'api_cuevana3_movie' retrieved from /home/walter/Documentos/rakuntentv/airflow/dags/movie_recommend.py
[2024-07-15T18:28:40.959-0400] {logging_mixin.py:188} INFO - [2024-07-15T18:28:40.958-0400] {dag.py:3096} INFO - Sync 1 DAGs
[2024-07-15T18:28:40.978-0400] {logging_mixin.py:188} INFO - [2024-07-15T18:28:40.978-0400] {dag.py:3954} INFO - Setting next_dagrun for api_cuevana3_movie to 2024-07-01 00:01:30+00:00, run_after=2024-07-01 00:01:45+00:00
[2024-07-15T18:28:41.017-0400] {processor.py:183} INFO - Processing /home/walter/Documentos/rakuntentv/airflow/dags/movie_recommend.py took 0.708 seconds
[2024-07-15T18:29:11.307-0400] {processor.py:161} INFO - Started process (PID=543276) to work on /home/walter/Documentos/rakuntentv/airflow/dags/movie_recommend.py
[2024-07-15T18:29:11.310-0400] {processor.py:830} INFO - Processing file /home/walter/Documentos/rakuntentv/airflow/dags/movie_recommend.py for tasks to queue
[2024-07-15T18:29:11.312-0400] {logging_mixin.py:188} INFO - [2024-07-15T18:29:11.311-0400] {dagbag.py:545} INFO - Filling up the DagBag from /home/walter/Documentos/rakuntentv/airflow/dags/movie_recommend.py
[2024-07-15T18:29:11.625-0400] {processor.py:840} INFO - DAG(s) 'api_cuevana3_movie' retrieved from /home/walter/Documentos/rakuntentv/airflow/dags/movie_recommend.py
[2024-07-15T18:29:11.660-0400] {logging_mixin.py:188} INFO - [2024-07-15T18:29:11.660-0400] {dag.py:3096} INFO - Sync 1 DAGs
[2024-07-15T18:29:11.682-0400] {logging_mixin.py:188} INFO - [2024-07-15T18:29:11.681-0400] {dag.py:3954} INFO - Setting next_dagrun for api_cuevana3_movie to 2024-07-01 00:01:30+00:00, run_after=2024-07-01 00:01:45+00:00
[2024-07-15T18:29:11.764-0400] {processor.py:183} INFO - Processing /home/walter/Documentos/rakuntentv/airflow/dags/movie_recommend.py took 0.467 seconds
[2024-07-15T18:29:42.038-0400] {processor.py:161} INFO - Started process (PID=543304) to work on /home/walter/Documentos/rakuntentv/airflow/dags/movie_recommend.py
[2024-07-15T18:29:42.039-0400] {processor.py:830} INFO - Processing file /home/walter/Documentos/rakuntentv/airflow/dags/movie_recommend.py for tasks to queue
[2024-07-15T18:29:42.040-0400] {logging_mixin.py:188} INFO - [2024-07-15T18:29:42.040-0400] {dagbag.py:545} INFO - Filling up the DagBag from /home/walter/Documentos/rakuntentv/airflow/dags/movie_recommend.py
[2024-07-15T18:29:42.543-0400] {processor.py:840} INFO - DAG(s) 'api_cuevana3_movie' retrieved from /home/walter/Documentos/rakuntentv/airflow/dags/movie_recommend.py
[2024-07-15T18:29:42.576-0400] {logging_mixin.py:188} INFO - [2024-07-15T18:29:42.575-0400] {dag.py:3096} INFO - Sync 1 DAGs
[2024-07-15T18:29:42.596-0400] {logging_mixin.py:188} INFO - [2024-07-15T18:29:42.596-0400] {dag.py:3954} INFO - Setting next_dagrun for api_cuevana3_movie to 2024-07-01 00:01:30+00:00, run_after=2024-07-01 00:01:45+00:00
[2024-07-15T18:29:42.647-0400] {processor.py:183} INFO - Processing /home/walter/Documentos/rakuntentv/airflow/dags/movie_recommend.py took 0.617 seconds
[2024-07-15T18:30:12.916-0400] {processor.py:161} INFO - Started process (PID=543330) to work on /home/walter/Documentos/rakuntentv/airflow/dags/movie_recommend.py
[2024-07-15T18:30:12.917-0400] {processor.py:830} INFO - Processing file /home/walter/Documentos/rakuntentv/airflow/dags/movie_recommend.py for tasks to queue
[2024-07-15T18:30:12.919-0400] {logging_mixin.py:188} INFO - [2024-07-15T18:30:12.918-0400] {dagbag.py:545} INFO - Filling up the DagBag from /home/walter/Documentos/rakuntentv/airflow/dags/movie_recommend.py
[2024-07-15T18:30:13.473-0400] {processor.py:840} INFO - DAG(s) 'api_cuevana3_movie' retrieved from /home/walter/Documentos/rakuntentv/airflow/dags/movie_recommend.py
[2024-07-15T18:30:13.519-0400] {logging_mixin.py:188} INFO - [2024-07-15T18:30:13.518-0400] {dag.py:3096} INFO - Sync 1 DAGs
[2024-07-15T18:30:13.540-0400] {logging_mixin.py:188} INFO - [2024-07-15T18:30:13.540-0400] {dag.py:3954} INFO - Setting next_dagrun for api_cuevana3_movie to 2024-07-01 00:01:30+00:00, run_after=2024-07-01 00:01:45+00:00
[2024-07-15T18:30:13.589-0400] {processor.py:183} INFO - Processing /home/walter/Documentos/rakuntentv/airflow/dags/movie_recommend.py took 0.690 seconds
[2024-07-15T18:30:43.800-0400] {processor.py:161} INFO - Started process (PID=543357) to work on /home/walter/Documentos/rakuntentv/airflow/dags/movie_recommend.py
[2024-07-15T18:30:43.806-0400] {processor.py:830} INFO - Processing file /home/walter/Documentos/rakuntentv/airflow/dags/movie_recommend.py for tasks to queue
[2024-07-15T18:30:43.808-0400] {logging_mixin.py:188} INFO - [2024-07-15T18:30:43.807-0400] {dagbag.py:545} INFO - Filling up the DagBag from /home/walter/Documentos/rakuntentv/airflow/dags/movie_recommend.py
[2024-07-15T18:30:44.412-0400] {processor.py:840} INFO - DAG(s) 'api_cuevana3_movie' retrieved from /home/walter/Documentos/rakuntentv/airflow/dags/movie_recommend.py
[2024-07-15T18:30:44.451-0400] {logging_mixin.py:188} INFO - [2024-07-15T18:30:44.450-0400] {dag.py:3096} INFO - Sync 1 DAGs
[2024-07-15T18:30:44.466-0400] {logging_mixin.py:188} INFO - [2024-07-15T18:30:44.465-0400] {dag.py:3954} INFO - Setting next_dagrun for api_cuevana3_movie to 2024-07-01 00:01:30+00:00, run_after=2024-07-01 00:01:45+00:00
[2024-07-15T18:30:44.511-0400] {processor.py:183} INFO - Processing /home/walter/Documentos/rakuntentv/airflow/dags/movie_recommend.py took 0.719 seconds
[2024-07-15T18:31:14.774-0400] {processor.py:161} INFO - Started process (PID=543380) to work on /home/walter/Documentos/rakuntentv/airflow/dags/movie_recommend.py
[2024-07-15T18:31:14.776-0400] {processor.py:830} INFO - Processing file /home/walter/Documentos/rakuntentv/airflow/dags/movie_recommend.py for tasks to queue
[2024-07-15T18:31:14.778-0400] {logging_mixin.py:188} INFO - [2024-07-15T18:31:14.777-0400] {dagbag.py:545} INFO - Filling up the DagBag from /home/walter/Documentos/rakuntentv/airflow/dags/movie_recommend.py
[2024-07-15T18:31:15.094-0400] {processor.py:840} INFO - DAG(s) 'api_cuevana3_movie' retrieved from /home/walter/Documentos/rakuntentv/airflow/dags/movie_recommend.py
[2024-07-15T18:31:15.123-0400] {logging_mixin.py:188} INFO - [2024-07-15T18:31:15.123-0400] {dag.py:3096} INFO - Sync 1 DAGs
[2024-07-15T18:31:15.140-0400] {logging_mixin.py:188} INFO - [2024-07-15T18:31:15.140-0400] {dag.py:3954} INFO - Setting next_dagrun for api_cuevana3_movie to 2024-07-01 00:01:30+00:00, run_after=2024-07-01 00:01:45+00:00
[2024-07-15T18:31:15.246-0400] {processor.py:183} INFO - Processing /home/walter/Documentos/rakuntentv/airflow/dags/movie_recommend.py took 0.485 seconds
[2024-07-15T18:31:45.511-0400] {processor.py:161} INFO - Started process (PID=543410) to work on /home/walter/Documentos/rakuntentv/airflow/dags/movie_recommend.py
[2024-07-15T18:31:45.512-0400] {processor.py:830} INFO - Processing file /home/walter/Documentos/rakuntentv/airflow/dags/movie_recommend.py for tasks to queue
[2024-07-15T18:31:45.517-0400] {logging_mixin.py:188} INFO - [2024-07-15T18:31:45.516-0400] {dagbag.py:545} INFO - Filling up the DagBag from /home/walter/Documentos/rakuntentv/airflow/dags/movie_recommend.py
[2024-07-15T18:31:46.122-0400] {processor.py:840} INFO - DAG(s) 'api_cuevana3_movie' retrieved from /home/walter/Documentos/rakuntentv/airflow/dags/movie_recommend.py
[2024-07-15T18:31:46.150-0400] {logging_mixin.py:188} INFO - [2024-07-15T18:31:46.149-0400] {dag.py:3096} INFO - Sync 1 DAGs
[2024-07-15T18:31:46.170-0400] {logging_mixin.py:188} INFO - [2024-07-15T18:31:46.170-0400] {dag.py:3954} INFO - Setting next_dagrun for api_cuevana3_movie to 2024-07-01 00:01:30+00:00, run_after=2024-07-01 00:01:45+00:00
[2024-07-15T18:31:46.231-0400] {processor.py:183} INFO - Processing /home/walter/Documentos/rakuntentv/airflow/dags/movie_recommend.py took 0.729 seconds
[2024-07-15T18:32:16.490-0400] {processor.py:161} INFO - Started process (PID=543443) to work on /home/walter/Documentos/rakuntentv/airflow/dags/movie_recommend.py
[2024-07-15T18:32:16.494-0400] {processor.py:830} INFO - Processing file /home/walter/Documentos/rakuntentv/airflow/dags/movie_recommend.py for tasks to queue
[2024-07-15T18:32:16.495-0400] {logging_mixin.py:188} INFO - [2024-07-15T18:32:16.495-0400] {dagbag.py:545} INFO - Filling up the DagBag from /home/walter/Documentos/rakuntentv/airflow/dags/movie_recommend.py
[2024-07-15T18:32:17.082-0400] {processor.py:840} INFO - DAG(s) 'api_cuevana3_movie' retrieved from /home/walter/Documentos/rakuntentv/airflow/dags/movie_recommend.py
[2024-07-15T18:32:17.104-0400] {logging_mixin.py:188} INFO - [2024-07-15T18:32:17.104-0400] {dag.py:3096} INFO - Sync 1 DAGs
[2024-07-15T18:32:17.121-0400] {logging_mixin.py:188} INFO - [2024-07-15T18:32:17.121-0400] {dag.py:3954} INFO - Setting next_dagrun for api_cuevana3_movie to 2024-07-01 00:01:30+00:00, run_after=2024-07-01 00:01:45+00:00
[2024-07-15T18:32:17.161-0400] {processor.py:183} INFO - Processing /home/walter/Documentos/rakuntentv/airflow/dags/movie_recommend.py took 0.687 seconds
[2024-07-15T18:32:47.377-0400] {processor.py:161} INFO - Started process (PID=543467) to work on /home/walter/Documentos/rakuntentv/airflow/dags/movie_recommend.py
[2024-07-15T18:32:47.378-0400] {processor.py:830} INFO - Processing file /home/walter/Documentos/rakuntentv/airflow/dags/movie_recommend.py for tasks to queue
[2024-07-15T18:32:47.379-0400] {logging_mixin.py:188} INFO - [2024-07-15T18:32:47.378-0400] {dagbag.py:545} INFO - Filling up the DagBag from /home/walter/Documentos/rakuntentv/airflow/dags/movie_recommend.py
[2024-07-15T18:32:47.665-0400] {processor.py:840} INFO - DAG(s) 'api_cuevana3_movie' retrieved from /home/walter/Documentos/rakuntentv/airflow/dags/movie_recommend.py
[2024-07-15T18:32:47.689-0400] {logging_mixin.py:188} INFO - [2024-07-15T18:32:47.689-0400] {dag.py:3096} INFO - Sync 1 DAGs
[2024-07-15T18:32:47.715-0400] {logging_mixin.py:188} INFO - [2024-07-15T18:32:47.715-0400] {dag.py:3954} INFO - Setting next_dagrun for api_cuevana3_movie to 2024-07-01 00:01:30+00:00, run_after=2024-07-01 00:01:45+00:00
[2024-07-15T18:32:47.745-0400] {processor.py:183} INFO - Processing /home/walter/Documentos/rakuntentv/airflow/dags/movie_recommend.py took 0.380 seconds
[2024-07-15T18:33:18.022-0400] {processor.py:161} INFO - Started process (PID=543494) to work on /home/walter/Documentos/rakuntentv/airflow/dags/movie_recommend.py
[2024-07-15T18:33:18.024-0400] {processor.py:830} INFO - Processing file /home/walter/Documentos/rakuntentv/airflow/dags/movie_recommend.py for tasks to queue
[2024-07-15T18:33:18.027-0400] {logging_mixin.py:188} INFO - [2024-07-15T18:33:18.027-0400] {dagbag.py:545} INFO - Filling up the DagBag from /home/walter/Documentos/rakuntentv/airflow/dags/movie_recommend.py
[2024-07-15T18:33:18.570-0400] {processor.py:840} INFO - DAG(s) 'api_cuevana3_movie' retrieved from /home/walter/Documentos/rakuntentv/airflow/dags/movie_recommend.py
[2024-07-15T18:33:18.607-0400] {logging_mixin.py:188} INFO - [2024-07-15T18:33:18.607-0400] {dag.py:3096} INFO - Sync 1 DAGs
[2024-07-15T18:33:18.621-0400] {logging_mixin.py:188} INFO - [2024-07-15T18:33:18.620-0400] {dag.py:3954} INFO - Setting next_dagrun for api_cuevana3_movie to 2024-07-01 00:01:30+00:00, run_after=2024-07-01 00:01:45+00:00
[2024-07-15T18:33:18.676-0400] {processor.py:183} INFO - Processing /home/walter/Documentos/rakuntentv/airflow/dags/movie_recommend.py took 0.665 seconds
[2024-07-15T18:33:48.953-0400] {processor.py:161} INFO - Started process (PID=543520) to work on /home/walter/Documentos/rakuntentv/airflow/dags/movie_recommend.py
[2024-07-15T18:33:48.955-0400] {processor.py:830} INFO - Processing file /home/walter/Documentos/rakuntentv/airflow/dags/movie_recommend.py for tasks to queue
[2024-07-15T18:33:48.957-0400] {logging_mixin.py:188} INFO - [2024-07-15T18:33:48.956-0400] {dagbag.py:545} INFO - Filling up the DagBag from /home/walter/Documentos/rakuntentv/airflow/dags/movie_recommend.py
[2024-07-15T18:33:49.333-0400] {processor.py:840} INFO - DAG(s) 'api_cuevana3_movie' retrieved from /home/walter/Documentos/rakuntentv/airflow/dags/movie_recommend.py
[2024-07-15T18:33:49.359-0400] {logging_mixin.py:188} INFO - [2024-07-15T18:33:49.358-0400] {dag.py:3096} INFO - Sync 1 DAGs
[2024-07-15T18:33:49.374-0400] {logging_mixin.py:188} INFO - [2024-07-15T18:33:49.374-0400] {dag.py:3954} INFO - Setting next_dagrun for api_cuevana3_movie to 2024-07-01 00:01:30+00:00, run_after=2024-07-01 00:01:45+00:00
[2024-07-15T18:33:49.417-0400] {processor.py:183} INFO - Processing /home/walter/Documentos/rakuntentv/airflow/dags/movie_recommend.py took 0.475 seconds
[2024-07-15T18:34:19.666-0400] {processor.py:161} INFO - Started process (PID=543544) to work on /home/walter/Documentos/rakuntentv/airflow/dags/movie_recommend.py
[2024-07-15T18:34:19.668-0400] {processor.py:830} INFO - Processing file /home/walter/Documentos/rakuntentv/airflow/dags/movie_recommend.py for tasks to queue
[2024-07-15T18:34:19.669-0400] {logging_mixin.py:188} INFO - [2024-07-15T18:34:19.669-0400] {dagbag.py:545} INFO - Filling up the DagBag from /home/walter/Documentos/rakuntentv/airflow/dags/movie_recommend.py
[2024-07-15T18:34:19.988-0400] {processor.py:840} INFO - DAG(s) 'api_cuevana3_movie' retrieved from /home/walter/Documentos/rakuntentv/airflow/dags/movie_recommend.py
[2024-07-15T18:34:20.010-0400] {logging_mixin.py:188} INFO - [2024-07-15T18:34:20.009-0400] {dag.py:3096} INFO - Sync 1 DAGs
[2024-07-15T18:34:20.030-0400] {logging_mixin.py:188} INFO - [2024-07-15T18:34:20.029-0400] {dag.py:3954} INFO - Setting next_dagrun for api_cuevana3_movie to 2024-07-01 00:01:30+00:00, run_after=2024-07-01 00:01:45+00:00
[2024-07-15T18:34:20.088-0400] {processor.py:183} INFO - Processing /home/walter/Documentos/rakuntentv/airflow/dags/movie_recommend.py took 0.438 seconds
[2024-07-15T18:34:50.382-0400] {processor.py:161} INFO - Started process (PID=543581) to work on /home/walter/Documentos/rakuntentv/airflow/dags/movie_recommend.py
[2024-07-15T18:34:50.385-0400] {processor.py:830} INFO - Processing file /home/walter/Documentos/rakuntentv/airflow/dags/movie_recommend.py for tasks to queue
[2024-07-15T18:34:50.387-0400] {logging_mixin.py:188} INFO - [2024-07-15T18:34:50.386-0400] {dagbag.py:545} INFO - Filling up the DagBag from /home/walter/Documentos/rakuntentv/airflow/dags/movie_recommend.py
[2024-07-15T18:34:50.954-0400] {processor.py:840} INFO - DAG(s) 'api_cuevana3_movie' retrieved from /home/walter/Documentos/rakuntentv/airflow/dags/movie_recommend.py
[2024-07-15T18:34:50.984-0400] {logging_mixin.py:188} INFO - [2024-07-15T18:34:50.984-0400] {dag.py:3096} INFO - Sync 1 DAGs
[2024-07-15T18:34:51.012-0400] {logging_mixin.py:188} INFO - [2024-07-15T18:34:51.011-0400] {dag.py:3954} INFO - Setting next_dagrun for api_cuevana3_movie to 2024-07-01 00:01:30+00:00, run_after=2024-07-01 00:01:45+00:00
[2024-07-15T18:34:51.051-0400] {processor.py:183} INFO - Processing /home/walter/Documentos/rakuntentv/airflow/dags/movie_recommend.py took 0.676 seconds
[2024-07-15T18:35:21.253-0400] {processor.py:161} INFO - Started process (PID=543604) to work on /home/walter/Documentos/rakuntentv/airflow/dags/movie_recommend.py
[2024-07-15T18:35:21.255-0400] {processor.py:830} INFO - Processing file /home/walter/Documentos/rakuntentv/airflow/dags/movie_recommend.py for tasks to queue
[2024-07-15T18:35:21.257-0400] {logging_mixin.py:188} INFO - [2024-07-15T18:35:21.256-0400] {dagbag.py:545} INFO - Filling up the DagBag from /home/walter/Documentos/rakuntentv/airflow/dags/movie_recommend.py
[2024-07-15T18:35:21.849-0400] {processor.py:840} INFO - DAG(s) 'api_cuevana3_movie' retrieved from /home/walter/Documentos/rakuntentv/airflow/dags/movie_recommend.py
[2024-07-15T18:35:21.882-0400] {logging_mixin.py:188} INFO - [2024-07-15T18:35:21.882-0400] {dag.py:3096} INFO - Sync 1 DAGs
[2024-07-15T18:35:21.906-0400] {logging_mixin.py:188} INFO - [2024-07-15T18:35:21.905-0400] {dag.py:3954} INFO - Setting next_dagrun for api_cuevana3_movie to 2024-07-01 00:01:30+00:00, run_after=2024-07-01 00:01:45+00:00
[2024-07-15T18:35:21.954-0400] {processor.py:183} INFO - Processing /home/walter/Documentos/rakuntentv/airflow/dags/movie_recommend.py took 0.707 seconds
[2024-07-15T18:35:52.205-0400] {processor.py:161} INFO - Started process (PID=543632) to work on /home/walter/Documentos/rakuntentv/airflow/dags/movie_recommend.py
[2024-07-15T18:35:52.209-0400] {processor.py:830} INFO - Processing file /home/walter/Documentos/rakuntentv/airflow/dags/movie_recommend.py for tasks to queue
[2024-07-15T18:35:52.217-0400] {logging_mixin.py:188} INFO - [2024-07-15T18:35:52.216-0400] {dagbag.py:545} INFO - Filling up the DagBag from /home/walter/Documentos/rakuntentv/airflow/dags/movie_recommend.py
[2024-07-15T18:35:52.929-0400] {processor.py:840} INFO - DAG(s) 'api_cuevana3_movie' retrieved from /home/walter/Documentos/rakuntentv/airflow/dags/movie_recommend.py
[2024-07-15T18:35:52.957-0400] {logging_mixin.py:188} INFO - [2024-07-15T18:35:52.956-0400] {dag.py:3096} INFO - Sync 1 DAGs
[2024-07-15T18:35:52.989-0400] {logging_mixin.py:188} INFO - [2024-07-15T18:35:52.989-0400] {dag.py:3954} INFO - Setting next_dagrun for api_cuevana3_movie to 2024-07-01 00:01:30+00:00, run_after=2024-07-01 00:01:45+00:00
[2024-07-15T18:35:53.049-0400] {processor.py:183} INFO - Processing /home/walter/Documentos/rakuntentv/airflow/dags/movie_recommend.py took 0.857 seconds
[2024-07-15T18:36:23.312-0400] {processor.py:161} INFO - Started process (PID=543810) to work on /home/walter/Documentos/rakuntentv/airflow/dags/movie_recommend.py
[2024-07-15T18:36:23.314-0400] {processor.py:830} INFO - Processing file /home/walter/Documentos/rakuntentv/airflow/dags/movie_recommend.py for tasks to queue
[2024-07-15T18:36:23.315-0400] {logging_mixin.py:188} INFO - [2024-07-15T18:36:23.315-0400] {dagbag.py:545} INFO - Filling up the DagBag from /home/walter/Documentos/rakuntentv/airflow/dags/movie_recommend.py
[2024-07-15T18:36:24.000-0400] {processor.py:840} INFO - DAG(s) 'api_cuevana3_movie' retrieved from /home/walter/Documentos/rakuntentv/airflow/dags/movie_recommend.py
[2024-07-15T18:36:24.025-0400] {logging_mixin.py:188} INFO - [2024-07-15T18:36:24.024-0400] {dag.py:3096} INFO - Sync 1 DAGs
[2024-07-15T18:36:24.043-0400] {logging_mixin.py:188} INFO - [2024-07-15T18:36:24.043-0400] {dag.py:3954} INFO - Setting next_dagrun for api_cuevana3_movie to 2024-07-01 00:01:30+00:00, run_after=2024-07-01 00:01:45+00:00
[2024-07-15T18:36:24.102-0400] {processor.py:183} INFO - Processing /home/walter/Documentos/rakuntentv/airflow/dags/movie_recommend.py took 0.803 seconds
[2024-07-15T18:36:54.379-0400] {processor.py:161} INFO - Started process (PID=543839) to work on /home/walter/Documentos/rakuntentv/airflow/dags/movie_recommend.py
[2024-07-15T18:36:54.381-0400] {processor.py:830} INFO - Processing file /home/walter/Documentos/rakuntentv/airflow/dags/movie_recommend.py for tasks to queue
[2024-07-15T18:36:54.382-0400] {logging_mixin.py:188} INFO - [2024-07-15T18:36:54.381-0400] {dagbag.py:545} INFO - Filling up the DagBag from /home/walter/Documentos/rakuntentv/airflow/dags/movie_recommend.py
[2024-07-15T18:36:54.658-0400] {processor.py:840} INFO - DAG(s) 'api_cuevana3_movie' retrieved from /home/walter/Documentos/rakuntentv/airflow/dags/movie_recommend.py
[2024-07-15T18:36:54.696-0400] {logging_mixin.py:188} INFO - [2024-07-15T18:36:54.696-0400] {dag.py:3096} INFO - Sync 1 DAGs
[2024-07-15T18:36:54.714-0400] {logging_mixin.py:188} INFO - [2024-07-15T18:36:54.713-0400] {dag.py:3954} INFO - Setting next_dagrun for api_cuevana3_movie to 2024-07-01 00:01:30+00:00, run_after=2024-07-01 00:01:45+00:00
[2024-07-15T18:36:54.761-0400] {processor.py:183} INFO - Processing /home/walter/Documentos/rakuntentv/airflow/dags/movie_recommend.py took 0.393 seconds
[2024-07-15T18:37:25.039-0400] {processor.py:161} INFO - Started process (PID=543867) to work on /home/walter/Documentos/rakuntentv/airflow/dags/movie_recommend.py
[2024-07-15T18:37:25.042-0400] {processor.py:830} INFO - Processing file /home/walter/Documentos/rakuntentv/airflow/dags/movie_recommend.py for tasks to queue
[2024-07-15T18:37:25.043-0400] {logging_mixin.py:188} INFO - [2024-07-15T18:37:25.043-0400] {dagbag.py:545} INFO - Filling up the DagBag from /home/walter/Documentos/rakuntentv/airflow/dags/movie_recommend.py
[2024-07-15T18:37:25.619-0400] {processor.py:840} INFO - DAG(s) 'api_cuevana3_movie' retrieved from /home/walter/Documentos/rakuntentv/airflow/dags/movie_recommend.py
[2024-07-15T18:37:25.649-0400] {logging_mixin.py:188} INFO - [2024-07-15T18:37:25.649-0400] {dag.py:3096} INFO - Sync 1 DAGs
[2024-07-15T18:37:25.671-0400] {logging_mixin.py:188} INFO - [2024-07-15T18:37:25.671-0400] {dag.py:3954} INFO - Setting next_dagrun for api_cuevana3_movie to 2024-07-01 00:01:30+00:00, run_after=2024-07-01 00:01:45+00:00
[2024-07-15T18:37:25.702-0400] {processor.py:183} INFO - Processing /home/walter/Documentos/rakuntentv/airflow/dags/movie_recommend.py took 0.672 seconds
[2024-07-15T18:37:55.981-0400] {processor.py:161} INFO - Started process (PID=543890) to work on /home/walter/Documentos/rakuntentv/airflow/dags/movie_recommend.py
[2024-07-15T18:37:55.982-0400] {processor.py:830} INFO - Processing file /home/walter/Documentos/rakuntentv/airflow/dags/movie_recommend.py for tasks to queue
[2024-07-15T18:37:55.984-0400] {logging_mixin.py:188} INFO - [2024-07-15T18:37:55.983-0400] {dagbag.py:545} INFO - Filling up the DagBag from /home/walter/Documentos/rakuntentv/airflow/dags/movie_recommend.py
[2024-07-15T18:37:56.568-0400] {processor.py:840} INFO - DAG(s) 'api_cuevana3_movie' retrieved from /home/walter/Documentos/rakuntentv/airflow/dags/movie_recommend.py
[2024-07-15T18:37:56.596-0400] {logging_mixin.py:188} INFO - [2024-07-15T18:37:56.596-0400] {dag.py:3096} INFO - Sync 1 DAGs
[2024-07-15T18:37:56.614-0400] {logging_mixin.py:188} INFO - [2024-07-15T18:37:56.613-0400] {dag.py:3954} INFO - Setting next_dagrun for api_cuevana3_movie to 2024-07-01 00:01:30+00:00, run_after=2024-07-01 00:01:45+00:00
[2024-07-15T18:37:56.660-0400] {processor.py:183} INFO - Processing /home/walter/Documentos/rakuntentv/airflow/dags/movie_recommend.py took 0.700 seconds
