[2024-07-01T23:48:45.561-0400] {local_task_job_runner.py:120} INFO - ::group::Pre task execution logs
[2024-07-01T23:48:45.641-0400] {taskinstance.py:2076} INFO - Dependencies all met for dep_context=non-requeueable deps ti=<TaskInstance: api_cuevana3_movie.execute_post_url_fastapi scheduled__2024-07-01T00:00:15+00:00 [queued]>
[2024-07-01T23:48:45.679-0400] {taskinstance.py:2076} INFO - Dependencies all met for dep_context=requeueable deps ti=<TaskInstance: api_cuevana3_movie.execute_post_url_fastapi scheduled__2024-07-01T00:00:15+00:00 [queued]>
[2024-07-01T23:48:45.680-0400] {taskinstance.py:2306} INFO - Starting attempt 1 of 1
[2024-07-01T23:48:45.765-0400] {taskinstance.py:2330} INFO - Executing <Task(PythonOperator): execute_post_url_fastapi> on 2024-07-01 00:00:15+00:00
[2024-07-01T23:48:45.775-0400] {standard_task_runner.py:63} INFO - Started process 464235 to run task
[2024-07-01T23:48:45.779-0400] {standard_task_runner.py:90} INFO - Running: ['airflow', 'tasks', 'run', 'api_cuevana3_movie', 'execute_post_url_fastapi', 'scheduled__2024-07-01T00:00:15+00:00', '--job-id', '913', '--raw', '--subdir', 'DAGS_FOLDER/movie_recommend.py', '--cfg-path', '/tmp/tmpd70dc3b4']
[2024-07-01T23:48:45.781-0400] {standard_task_runner.py:91} INFO - Job 913: Subtask execute_post_url_fastapi
[2024-07-01T23:48:45.877-0400] {task_command.py:426} INFO - Running <TaskInstance: api_cuevana3_movie.execute_post_url_fastapi scheduled__2024-07-01T00:00:15+00:00 [running]> on host walter-VirtualBox
[2024-07-01T23:48:46.014-0400] {taskinstance.py:2648} INFO - Exporting env vars: AIRFLOW_CTX_DAG_OWNER='airflow' AIRFLOW_CTX_DAG_ID='api_cuevana3_movie' AIRFLOW_CTX_TASK_ID='execute_post_url_fastapi' AIRFLOW_CTX_EXECUTION_DATE='2024-07-01T00:00:15+00:00' AIRFLOW_CTX_TRY_NUMBER='1' AIRFLOW_CTX_DAG_RUN_ID='scheduled__2024-07-01T00:00:15+00:00'
[2024-07-01T23:48:46.022-0400] {taskinstance.py:430} INFO - ::endgroup::
[2024-07-01T23:48:48.156-0400] {logging_mixin.py:188} INFO - Scraping URL did not find any new URLs
[2024-07-01T23:48:48.156-0400] {python.py:237} INFO - Done. Returned value was: None
[2024-07-01T23:48:48.157-0400] {taskinstance.py:441} INFO - ::group::Post task execution logs
[2024-07-01T23:48:48.172-0400] {taskinstance.py:1206} INFO - Marking task as SUCCESS. dag_id=api_cuevana3_movie, task_id=execute_post_url_fastapi, run_id=scheduled__2024-07-01T00:00:15+00:00, execution_date=20240701T000015, start_date=20240702T034845, end_date=20240702T034848
[2024-07-01T23:48:48.242-0400] {local_task_job_runner.py:240} INFO - Task exited with return code 0
[2024-07-01T23:48:48.277-0400] {taskinstance.py:3503} INFO - 3 downstream tasks scheduled from follow-on schedule check
[2024-07-01T23:48:48.297-0400] {local_task_job_runner.py:222} INFO - ::endgroup::
[2024-07-01T23:54:42.029-0400] {local_task_job_runner.py:120} INFO - ::group::Pre task execution logs
[2024-07-01T23:54:42.085-0400] {taskinstance.py:2076} INFO - Dependencies all met for dep_context=non-requeueable deps ti=<TaskInstance: api_cuevana3_movie.execute_post_url_fastapi scheduled__2024-07-01T00:00:15+00:00 [queued]>
[2024-07-01T23:54:42.098-0400] {taskinstance.py:2076} INFO - Dependencies all met for dep_context=requeueable deps ti=<TaskInstance: api_cuevana3_movie.execute_post_url_fastapi scheduled__2024-07-01T00:00:15+00:00 [queued]>
[2024-07-01T23:54:42.100-0400] {taskinstance.py:2306} INFO - Starting attempt 1 of 1
[2024-07-01T23:54:42.178-0400] {taskinstance.py:2330} INFO - Executing <Task(PythonOperator): execute_post_url_fastapi> on 2024-07-01 00:00:15+00:00
[2024-07-01T23:54:42.191-0400] {standard_task_runner.py:63} INFO - Started process 466206 to run task
[2024-07-01T23:54:42.203-0400] {standard_task_runner.py:90} INFO - Running: ['airflow', 'tasks', 'run', 'api_cuevana3_movie', 'execute_post_url_fastapi', 'scheduled__2024-07-01T00:00:15+00:00', '--job-id', '930', '--raw', '--subdir', 'DAGS_FOLDER/movie_recommend.py', '--cfg-path', '/tmp/tmpypj9cf_1']
[2024-07-01T23:54:42.206-0400] {standard_task_runner.py:91} INFO - Job 930: Subtask execute_post_url_fastapi
[2024-07-01T23:54:42.329-0400] {task_command.py:426} INFO - Running <TaskInstance: api_cuevana3_movie.execute_post_url_fastapi scheduled__2024-07-01T00:00:15+00:00 [running]> on host walter-VirtualBox
[2024-07-01T23:54:42.474-0400] {taskinstance.py:2648} INFO - Exporting env vars: AIRFLOW_CTX_DAG_OWNER='airflow' AIRFLOW_CTX_DAG_ID='api_cuevana3_movie' AIRFLOW_CTX_TASK_ID='execute_post_url_fastapi' AIRFLOW_CTX_EXECUTION_DATE='2024-07-01T00:00:15+00:00' AIRFLOW_CTX_TRY_NUMBER='1' AIRFLOW_CTX_DAG_RUN_ID='scheduled__2024-07-01T00:00:15+00:00'
[2024-07-01T23:54:42.474-0400] {taskinstance.py:430} INFO - ::endgroup::
[2024-07-01T23:54:44.424-0400] {logging_mixin.py:188} INFO - Scraping URL did not find any new URLs
[2024-07-01T23:54:44.425-0400] {python.py:237} INFO - Done. Returned value was: None
[2024-07-01T23:54:44.425-0400] {taskinstance.py:441} INFO - ::group::Post task execution logs
[2024-07-01T23:54:44.429-0400] {taskinstance.py:1206} INFO - Marking task as SUCCESS. dag_id=api_cuevana3_movie, task_id=execute_post_url_fastapi, run_id=scheduled__2024-07-01T00:00:15+00:00, execution_date=20240701T000015, start_date=20240702T035442, end_date=20240702T035444
[2024-07-01T23:54:44.487-0400] {local_task_job_runner.py:240} INFO - Task exited with return code 0
[2024-07-01T23:54:44.504-0400] {taskinstance.py:3503} INFO - 3 downstream tasks scheduled from follow-on schedule check
[2024-07-01T23:54:44.518-0400] {local_task_job_runner.py:222} INFO - ::endgroup::
[2024-07-02T09:19:49.773-0400] {local_task_job_runner.py:120} INFO - ::group::Pre task execution logs
[2024-07-02T09:19:49.792-0400] {taskinstance.py:2076} INFO - Dependencies all met for dep_context=non-requeueable deps ti=<TaskInstance: api_cuevana3_movie.execute_post_url_fastapi scheduled__2024-07-01T00:00:15+00:00 [queued]>
[2024-07-02T09:19:49.804-0400] {taskinstance.py:2076} INFO - Dependencies all met for dep_context=requeueable deps ti=<TaskInstance: api_cuevana3_movie.execute_post_url_fastapi scheduled__2024-07-01T00:00:15+00:00 [queued]>
[2024-07-02T09:19:49.805-0400] {taskinstance.py:2306} INFO - Starting attempt 1 of 1
[2024-07-02T09:19:49.877-0400] {taskinstance.py:2330} INFO - Executing <Task(PythonOperator): execute_post_url_fastapi> on 2024-07-01 00:00:15+00:00
[2024-07-02T09:19:49.887-0400] {standard_task_runner.py:63} INFO - Started process 474910 to run task
[2024-07-02T09:19:49.892-0400] {standard_task_runner.py:90} INFO - Running: ['airflow', 'tasks', 'run', 'api_cuevana3_movie', 'execute_post_url_fastapi', 'scheduled__2024-07-01T00:00:15+00:00', '--job-id', '945', '--raw', '--subdir', 'DAGS_FOLDER/movie_recommend.py', '--cfg-path', '/tmp/tmpfl8gfwc6']
[2024-07-02T09:19:49.895-0400] {standard_task_runner.py:91} INFO - Job 945: Subtask execute_post_url_fastapi
[2024-07-02T09:19:50.057-0400] {task_command.py:426} INFO - Running <TaskInstance: api_cuevana3_movie.execute_post_url_fastapi scheduled__2024-07-01T00:00:15+00:00 [running]> on host walter-VirtualBox
[2024-07-02T09:19:50.253-0400] {taskinstance.py:2648} INFO - Exporting env vars: AIRFLOW_CTX_DAG_OWNER='airflow' AIRFLOW_CTX_DAG_ID='api_cuevana3_movie' AIRFLOW_CTX_TASK_ID='execute_post_url_fastapi' AIRFLOW_CTX_EXECUTION_DATE='2024-07-01T00:00:15+00:00' AIRFLOW_CTX_TRY_NUMBER='1' AIRFLOW_CTX_DAG_RUN_ID='scheduled__2024-07-01T00:00:15+00:00'
[2024-07-02T09:19:50.254-0400] {taskinstance.py:430} INFO - ::endgroup::
[2024-07-02T09:19:52.199-0400] {logging_mixin.py:188} INFO - Scraping URL did not find any new URLs
[2024-07-02T09:19:52.199-0400] {python.py:237} INFO - Done. Returned value was: None
[2024-07-02T09:19:52.200-0400] {taskinstance.py:441} INFO - ::group::Post task execution logs
[2024-07-02T09:19:52.207-0400] {taskinstance.py:1206} INFO - Marking task as SUCCESS. dag_id=api_cuevana3_movie, task_id=execute_post_url_fastapi, run_id=scheduled__2024-07-01T00:00:15+00:00, execution_date=20240701T000015, start_date=20240702T131949, end_date=20240702T131952
[2024-07-02T09:19:52.267-0400] {local_task_job_runner.py:240} INFO - Task exited with return code 0
[2024-07-02T09:19:52.292-0400] {taskinstance.py:3503} INFO - 3 downstream tasks scheduled from follow-on schedule check
[2024-07-02T09:19:52.334-0400] {local_task_job_runner.py:222} INFO - ::endgroup::
[2024-07-02T09:30:50.466-0400] {local_task_job_runner.py:120} INFO - ::group::Pre task execution logs
[2024-07-02T09:30:50.491-0400] {taskinstance.py:2076} INFO - Dependencies all met for dep_context=non-requeueable deps ti=<TaskInstance: api_cuevana3_movie.execute_post_url_fastapi scheduled__2024-07-01T00:00:15+00:00 [queued]>
[2024-07-02T09:30:50.499-0400] {taskinstance.py:2076} INFO - Dependencies all met for dep_context=requeueable deps ti=<TaskInstance: api_cuevana3_movie.execute_post_url_fastapi scheduled__2024-07-01T00:00:15+00:00 [queued]>
[2024-07-02T09:30:50.500-0400] {taskinstance.py:2306} INFO - Starting attempt 1 of 1
[2024-07-02T09:30:50.578-0400] {taskinstance.py:2330} INFO - Executing <Task(PythonOperator): execute_post_url_fastapi> on 2024-07-01 00:00:15+00:00
[2024-07-02T09:30:50.590-0400] {standard_task_runner.py:63} INFO - Started process 478927 to run task
[2024-07-02T09:30:50.595-0400] {standard_task_runner.py:90} INFO - Running: ['airflow', 'tasks', 'run', 'api_cuevana3_movie', 'execute_post_url_fastapi', 'scheduled__2024-07-01T00:00:15+00:00', '--job-id', '954', '--raw', '--subdir', 'DAGS_FOLDER/movie_recommend.py', '--cfg-path', '/tmp/tmp47r35ahs']
[2024-07-02T09:30:50.596-0400] {standard_task_runner.py:91} INFO - Job 954: Subtask execute_post_url_fastapi
[2024-07-02T09:30:50.689-0400] {task_command.py:426} INFO - Running <TaskInstance: api_cuevana3_movie.execute_post_url_fastapi scheduled__2024-07-01T00:00:15+00:00 [running]> on host walter-VirtualBox
[2024-07-02T09:30:51.151-0400] {taskinstance.py:2648} INFO - Exporting env vars: AIRFLOW_CTX_DAG_OWNER='airflow' AIRFLOW_CTX_DAG_ID='api_cuevana3_movie' AIRFLOW_CTX_TASK_ID='execute_post_url_fastapi' AIRFLOW_CTX_EXECUTION_DATE='2024-07-01T00:00:15+00:00' AIRFLOW_CTX_TRY_NUMBER='1' AIRFLOW_CTX_DAG_RUN_ID='scheduled__2024-07-01T00:00:15+00:00'
[2024-07-02T09:30:51.176-0400] {taskinstance.py:430} INFO - ::endgroup::
[2024-07-02T09:30:53.739-0400] {logging_mixin.py:188} INFO - Scraping URL did not find any new URLs
[2024-07-02T09:30:53.740-0400] {python.py:237} INFO - Done. Returned value was: None
[2024-07-02T09:30:53.745-0400] {taskinstance.py:441} INFO - ::group::Post task execution logs
[2024-07-02T09:30:53.751-0400] {taskinstance.py:1206} INFO - Marking task as SUCCESS. dag_id=api_cuevana3_movie, task_id=execute_post_url_fastapi, run_id=scheduled__2024-07-01T00:00:15+00:00, execution_date=20240701T000015, start_date=20240702T133050, end_date=20240702T133053
[2024-07-02T09:30:53.965-0400] {local_task_job_runner.py:240} INFO - Task exited with return code 0
[2024-07-02T09:30:53.996-0400] {taskinstance.py:3503} INFO - 3 downstream tasks scheduled from follow-on schedule check
[2024-07-02T09:30:54.021-0400] {local_task_job_runner.py:222} INFO - ::endgroup::
[2024-07-02T10:13:37.000-0400] {local_task_job_runner.py:120} INFO - ::group::Pre task execution logs
[2024-07-02T10:13:37.021-0400] {taskinstance.py:2076} INFO - Dependencies all met for dep_context=non-requeueable deps ti=<TaskInstance: api_cuevana3_movie.execute_post_url_fastapi scheduled__2024-07-01T00:00:15+00:00 [queued]>
[2024-07-02T10:13:37.034-0400] {taskinstance.py:2076} INFO - Dependencies all met for dep_context=requeueable deps ti=<TaskInstance: api_cuevana3_movie.execute_post_url_fastapi scheduled__2024-07-01T00:00:15+00:00 [queued]>
[2024-07-02T10:13:37.035-0400] {taskinstance.py:2306} INFO - Starting attempt 1 of 1
[2024-07-02T10:13:37.055-0400] {taskinstance.py:2330} INFO - Executing <Task(PythonOperator): execute_post_url_fastapi> on 2024-07-01 00:00:15+00:00
[2024-07-02T10:13:37.064-0400] {standard_task_runner.py:63} INFO - Started process 491290 to run task
[2024-07-02T10:13:37.068-0400] {standard_task_runner.py:90} INFO - Running: ['airflow', 'tasks', 'run', 'api_cuevana3_movie', 'execute_post_url_fastapi', 'scheduled__2024-07-01T00:00:15+00:00', '--job-id', '1127', '--raw', '--subdir', 'DAGS_FOLDER/movie_recommend.py', '--cfg-path', '/tmp/tmpppkn936z']
[2024-07-02T10:13:37.070-0400] {standard_task_runner.py:91} INFO - Job 1127: Subtask execute_post_url_fastapi
[2024-07-02T10:13:37.156-0400] {task_command.py:426} INFO - Running <TaskInstance: api_cuevana3_movie.execute_post_url_fastapi scheduled__2024-07-01T00:00:15+00:00 [running]> on host walter-VirtualBox
[2024-07-02T10:13:37.248-0400] {taskinstance.py:2648} INFO - Exporting env vars: AIRFLOW_CTX_DAG_OWNER='airflow' AIRFLOW_CTX_DAG_ID='api_cuevana3_movie' AIRFLOW_CTX_TASK_ID='execute_post_url_fastapi' AIRFLOW_CTX_EXECUTION_DATE='2024-07-01T00:00:15+00:00' AIRFLOW_CTX_TRY_NUMBER='1' AIRFLOW_CTX_DAG_RUN_ID='scheduled__2024-07-01T00:00:15+00:00'
[2024-07-02T10:13:37.248-0400] {taskinstance.py:430} INFO - ::endgroup::
[2024-07-02T10:13:39.209-0400] {logging_mixin.py:188} INFO - Scraping URL did not find any new URLs
[2024-07-02T10:13:39.211-0400] {python.py:237} INFO - Done. Returned value was: None
[2024-07-02T10:13:39.217-0400] {taskinstance.py:441} INFO - ::group::Post task execution logs
[2024-07-02T10:13:39.225-0400] {taskinstance.py:1206} INFO - Marking task as SUCCESS. dag_id=api_cuevana3_movie, task_id=execute_post_url_fastapi, run_id=scheduled__2024-07-01T00:00:15+00:00, execution_date=20240701T000015, start_date=20240702T141337, end_date=20240702T141339
[2024-07-02T10:13:39.282-0400] {local_task_job_runner.py:240} INFO - Task exited with return code 0
[2024-07-02T10:13:39.320-0400] {taskinstance.py:3503} INFO - 1 downstream tasks scheduled from follow-on schedule check
[2024-07-02T10:13:39.332-0400] {local_task_job_runner.py:222} INFO - ::endgroup::
[2024-07-02T10:51:43.184-0400] {local_task_job_runner.py:120} INFO - ::group::Pre task execution logs
[2024-07-02T10:51:43.225-0400] {taskinstance.py:2076} INFO - Dependencies all met for dep_context=non-requeueable deps ti=<TaskInstance: api_cuevana3_movie.execute_post_url_fastapi scheduled__2024-07-01T00:00:15+00:00 [queued]>
[2024-07-02T10:51:43.244-0400] {taskinstance.py:2076} INFO - Dependencies all met for dep_context=requeueable deps ti=<TaskInstance: api_cuevana3_movie.execute_post_url_fastapi scheduled__2024-07-01T00:00:15+00:00 [queued]>
[2024-07-02T10:51:43.245-0400] {taskinstance.py:2306} INFO - Starting attempt 1 of 1
[2024-07-02T10:51:43.384-0400] {taskinstance.py:2330} INFO - Executing <Task(PythonOperator): execute_post_url_fastapi> on 2024-07-01 00:00:15+00:00
[2024-07-02T10:51:43.415-0400] {standard_task_runner.py:63} INFO - Started process 499532 to run task
[2024-07-02T10:51:43.450-0400] {standard_task_runner.py:90} INFO - Running: ['airflow', 'tasks', 'run', 'api_cuevana3_movie', 'execute_post_url_fastapi', 'scheduled__2024-07-01T00:00:15+00:00', '--job-id', '1316', '--raw', '--subdir', 'DAGS_FOLDER/movie_recommend.py', '--cfg-path', '/tmp/tmpoweal82k']
[2024-07-02T10:51:43.453-0400] {standard_task_runner.py:91} INFO - Job 1316: Subtask execute_post_url_fastapi
[2024-07-02T10:51:43.590-0400] {task_command.py:426} INFO - Running <TaskInstance: api_cuevana3_movie.execute_post_url_fastapi scheduled__2024-07-01T00:00:15+00:00 [running]> on host walter-VirtualBox
[2024-07-02T10:51:43.862-0400] {taskinstance.py:2648} INFO - Exporting env vars: AIRFLOW_CTX_DAG_OWNER='airflow' AIRFLOW_CTX_DAG_ID='api_cuevana3_movie' AIRFLOW_CTX_TASK_ID='execute_post_url_fastapi' AIRFLOW_CTX_EXECUTION_DATE='2024-07-01T00:00:15+00:00' AIRFLOW_CTX_TRY_NUMBER='1' AIRFLOW_CTX_DAG_RUN_ID='scheduled__2024-07-01T00:00:15+00:00'
[2024-07-02T10:51:43.863-0400] {taskinstance.py:430} INFO - ::endgroup::
[2024-07-02T10:51:46.146-0400] {logging_mixin.py:188} INFO - Scraping URL did not find any new URLs
[2024-07-02T10:51:46.147-0400] {python.py:237} INFO - Done. Returned value was: None
[2024-07-02T10:51:46.147-0400] {taskinstance.py:441} INFO - ::group::Post task execution logs
[2024-07-02T10:51:46.164-0400] {taskinstance.py:1206} INFO - Marking task as SUCCESS. dag_id=api_cuevana3_movie, task_id=execute_post_url_fastapi, run_id=scheduled__2024-07-01T00:00:15+00:00, execution_date=20240701T000015, start_date=20240702T145143, end_date=20240702T145146
[2024-07-02T10:51:46.505-0400] {local_task_job_runner.py:240} INFO - Task exited with return code 0
[2024-07-02T10:51:46.543-0400] {taskinstance.py:3503} INFO - 1 downstream tasks scheduled from follow-on schedule check
[2024-07-02T10:51:46.622-0400] {local_task_job_runner.py:222} INFO - ::endgroup::
[2024-07-02T11:23:52.427-0400] {local_task_job_runner.py:120} INFO - ::group::Pre task execution logs
[2024-07-02T11:23:52.465-0400] {taskinstance.py:2076} INFO - Dependencies all met for dep_context=non-requeueable deps ti=<TaskInstance: api_cuevana3_movie.execute_post_url_fastapi scheduled__2024-07-01T00:00:15+00:00 [queued]>
[2024-07-02T11:23:52.476-0400] {taskinstance.py:2076} INFO - Dependencies all met for dep_context=requeueable deps ti=<TaskInstance: api_cuevana3_movie.execute_post_url_fastapi scheduled__2024-07-01T00:00:15+00:00 [queued]>
[2024-07-02T11:23:52.479-0400] {taskinstance.py:2306} INFO - Starting attempt 1 of 1
[2024-07-02T11:23:52.556-0400] {taskinstance.py:2330} INFO - Executing <Task(PythonOperator): execute_post_url_fastapi> on 2024-07-01 00:00:15+00:00
[2024-07-02T11:23:52.572-0400] {standard_task_runner.py:63} INFO - Started process 502620 to run task
[2024-07-02T11:23:52.576-0400] {standard_task_runner.py:90} INFO - Running: ['airflow', 'tasks', 'run', 'api_cuevana3_movie', 'execute_post_url_fastapi', 'scheduled__2024-07-01T00:00:15+00:00', '--job-id', '1341', '--raw', '--subdir', 'DAGS_FOLDER/movie_recommend.py', '--cfg-path', '/tmp/tmpsaq2rspl']
[2024-07-02T11:23:52.586-0400] {standard_task_runner.py:91} INFO - Job 1341: Subtask execute_post_url_fastapi
[2024-07-02T11:23:52.723-0400] {task_command.py:426} INFO - Running <TaskInstance: api_cuevana3_movie.execute_post_url_fastapi scheduled__2024-07-01T00:00:15+00:00 [running]> on host walter-VirtualBox
[2024-07-02T11:23:52.944-0400] {taskinstance.py:2648} INFO - Exporting env vars: AIRFLOW_CTX_DAG_OWNER='airflow' AIRFLOW_CTX_DAG_ID='api_cuevana3_movie' AIRFLOW_CTX_TASK_ID='execute_post_url_fastapi' AIRFLOW_CTX_EXECUTION_DATE='2024-07-01T00:00:15+00:00' AIRFLOW_CTX_TRY_NUMBER='1' AIRFLOW_CTX_DAG_RUN_ID='scheduled__2024-07-01T00:00:15+00:00'
[2024-07-02T11:23:52.946-0400] {taskinstance.py:430} INFO - ::endgroup::
[2024-07-02T11:23:54.962-0400] {logging_mixin.py:188} INFO - Scraping URL did not find any new URLs
[2024-07-02T11:23:54.963-0400] {python.py:237} INFO - Done. Returned value was: None
[2024-07-02T11:23:54.963-0400] {taskinstance.py:441} INFO - ::group::Post task execution logs
[2024-07-02T11:23:54.968-0400] {taskinstance.py:1206} INFO - Marking task as SUCCESS. dag_id=api_cuevana3_movie, task_id=execute_post_url_fastapi, run_id=scheduled__2024-07-01T00:00:15+00:00, execution_date=20240701T000015, start_date=20240702T152352, end_date=20240702T152354
[2024-07-02T11:23:55.054-0400] {local_task_job_runner.py:240} INFO - Task exited with return code 0
[2024-07-02T11:23:55.089-0400] {taskinstance.py:3503} INFO - 1 downstream tasks scheduled from follow-on schedule check
[2024-07-02T11:23:55.123-0400] {local_task_job_runner.py:222} INFO - ::endgroup::
