[2024-07-02T09:41:06.350-0400] {local_task_job_runner.py:120} INFO - ::group::Pre task execution logs
[2024-07-02T09:41:06.377-0400] {taskinstance.py:2076} INFO - Dependencies all met for dep_context=non-requeueable deps ti=<TaskInstance: api_cuevana3_movie.insert_into_mysql scheduled__2024-07-01T00:01:15+00:00 [queued]>
[2024-07-02T09:41:06.384-0400] {taskinstance.py:2076} INFO - Dependencies all met for dep_context=requeueable deps ti=<TaskInstance: api_cuevana3_movie.insert_into_mysql scheduled__2024-07-01T00:01:15+00:00 [queued]>
[2024-07-02T09:41:06.384-0400] {taskinstance.py:2306} INFO - Starting attempt 1 of 1
[2024-07-02T09:41:06.440-0400] {taskinstance.py:2330} INFO - Executing <Task(PythonOperator): insert_into_mysql> on 2024-07-01 00:01:15+00:00
[2024-07-02T09:41:06.446-0400] {standard_task_runner.py:63} INFO - Started process 483085 to run task
[2024-07-02T09:41:06.452-0400] {standard_task_runner.py:90} INFO - Running: ['airflow', 'tasks', 'run', 'api_cuevana3_movie', 'insert_into_mysql', 'scheduled__2024-07-01T00:01:15+00:00', '--job-id', '972', '--raw', '--subdir', 'DAGS_FOLDER/movie_recommend.py', '--cfg-path', '/tmp/tmpg5119wy5']
[2024-07-02T09:41:06.456-0400] {standard_task_runner.py:91} INFO - Job 972: Subtask insert_into_mysql
[2024-07-02T09:41:06.516-0400] {task_command.py:426} INFO - Running <TaskInstance: api_cuevana3_movie.insert_into_mysql scheduled__2024-07-01T00:01:15+00:00 [running]> on host walter-VirtualBox
[2024-07-02T09:41:06.645-0400] {taskinstance.py:2648} INFO - Exporting env vars: AIRFLOW_CTX_DAG_OWNER='airflow' AIRFLOW_CTX_DAG_ID='api_cuevana3_movie' AIRFLOW_CTX_TASK_ID='insert_into_mysql' AIRFLOW_CTX_EXECUTION_DATE='2024-07-01T00:01:15+00:00' AIRFLOW_CTX_TRY_NUMBER='1' AIRFLOW_CTX_DAG_RUN_ID='scheduled__2024-07-01T00:01:15+00:00'
[2024-07-02T09:41:06.646-0400] {taskinstance.py:430} INFO - ::endgroup::
[2024-07-02T09:41:06.665-0400] {logging_mixin.py:188} INFO - No se pudo obtener el JSON de datos de la pelicula
[2024-07-02T09:41:06.666-0400] {python.py:237} INFO - Done. Returned value was: None
[2024-07-02T09:41:06.666-0400] {taskinstance.py:441} INFO - ::group::Post task execution logs
[2024-07-02T09:41:06.670-0400] {taskinstance.py:1206} INFO - Marking task as SUCCESS. dag_id=api_cuevana3_movie, task_id=insert_into_mysql, run_id=scheduled__2024-07-01T00:01:15+00:00, execution_date=20240701T000115, start_date=20240702T134106, end_date=20240702T134106
[2024-07-02T09:41:06.716-0400] {local_task_job_runner.py:240} INFO - Task exited with return code 0
[2024-07-02T09:41:06.726-0400] {taskinstance.py:3503} INFO - 0 downstream tasks scheduled from follow-on schedule check
[2024-07-02T09:41:06.729-0400] {local_task_job_runner.py:222} INFO - ::endgroup::
[2024-07-02T10:41:42.943-0400] {local_task_job_runner.py:120} INFO - ::group::Pre task execution logs
[2024-07-02T10:41:42.967-0400] {taskinstance.py:2076} INFO - Dependencies all met for dep_context=non-requeueable deps ti=<TaskInstance: api_cuevana3_movie.insert_into_mysql scheduled__2024-07-01T00:01:15+00:00 [queued]>
[2024-07-02T10:41:42.972-0400] {taskinstance.py:2076} INFO - Dependencies all met for dep_context=requeueable deps ti=<TaskInstance: api_cuevana3_movie.insert_into_mysql scheduled__2024-07-01T00:01:15+00:00 [queued]>
[2024-07-02T10:41:42.972-0400] {taskinstance.py:2306} INFO - Starting attempt 1 of 1
[2024-07-02T10:41:42.994-0400] {taskinstance.py:2330} INFO - Executing <Task(PythonOperator): insert_into_mysql> on 2024-07-01 00:01:15+00:00
[2024-07-02T10:41:42.999-0400] {standard_task_runner.py:63} INFO - Started process 498058 to run task
[2024-07-02T10:41:43.001-0400] {standard_task_runner.py:90} INFO - Running: ['airflow', 'tasks', 'run', 'api_cuevana3_movie', 'insert_into_mysql', 'scheduled__2024-07-01T00:01:15+00:00', '--job-id', '1181', '--raw', '--subdir', 'DAGS_FOLDER/movie_recommend.py', '--cfg-path', '/tmp/tmpibqksfpf']
[2024-07-02T10:41:43.003-0400] {standard_task_runner.py:91} INFO - Job 1181: Subtask insert_into_mysql
[2024-07-02T10:41:43.041-0400] {task_command.py:426} INFO - Running <TaskInstance: api_cuevana3_movie.insert_into_mysql scheduled__2024-07-01T00:01:15+00:00 [running]> on host walter-VirtualBox
[2024-07-02T10:41:43.137-0400] {taskinstance.py:2648} INFO - Exporting env vars: AIRFLOW_CTX_DAG_OWNER='airflow' AIRFLOW_CTX_DAG_ID='api_cuevana3_movie' AIRFLOW_CTX_TASK_ID='insert_into_mysql' AIRFLOW_CTX_EXECUTION_DATE='2024-07-01T00:01:15+00:00' AIRFLOW_CTX_TRY_NUMBER='1' AIRFLOW_CTX_DAG_RUN_ID='scheduled__2024-07-01T00:01:15+00:00'
[2024-07-02T10:41:43.138-0400] {taskinstance.py:430} INFO - ::endgroup::
[2024-07-02T10:41:43.162-0400] {logging_mixin.py:188} INFO - No se pudo obtener el JSON de datos de la pelicula
[2024-07-02T10:41:43.163-0400] {python.py:237} INFO - Done. Returned value was: None
[2024-07-02T10:41:43.163-0400] {taskinstance.py:441} INFO - ::group::Post task execution logs
[2024-07-02T10:41:43.168-0400] {taskinstance.py:1206} INFO - Marking task as SUCCESS. dag_id=api_cuevana3_movie, task_id=insert_into_mysql, run_id=scheduled__2024-07-01T00:01:15+00:00, execution_date=20240701T000115, start_date=20240702T144142, end_date=20240702T144143
[2024-07-02T10:41:43.276-0400] {local_task_job_runner.py:240} INFO - Task exited with return code 0
[2024-07-02T10:41:43.317-0400] {taskinstance.py:3503} INFO - 0 downstream tasks scheduled from follow-on schedule check
[2024-07-02T10:41:43.318-0400] {local_task_job_runner.py:222} INFO - ::endgroup::
[2024-07-02T10:58:32.108-0400] {local_task_job_runner.py:120} INFO - ::group::Pre task execution logs
[2024-07-02T10:58:32.120-0400] {taskinstance.py:2076} INFO - Dependencies all met for dep_context=non-requeueable deps ti=<TaskInstance: api_cuevana3_movie.insert_into_mysql scheduled__2024-07-01T00:01:15+00:00 [queued]>
[2024-07-02T10:58:32.124-0400] {taskinstance.py:2076} INFO - Dependencies all met for dep_context=requeueable deps ti=<TaskInstance: api_cuevana3_movie.insert_into_mysql scheduled__2024-07-01T00:01:15+00:00 [queued]>
[2024-07-02T10:58:32.124-0400] {taskinstance.py:2306} INFO - Starting attempt 1 of 1
[2024-07-02T10:58:32.170-0400] {taskinstance.py:2330} INFO - Executing <Task(PythonOperator): insert_into_mysql> on 2024-07-01 00:01:15+00:00
[2024-07-02T10:58:32.176-0400] {standard_task_runner.py:63} INFO - Started process 501207 to run task
[2024-07-02T10:58:32.178-0400] {standard_task_runner.py:90} INFO - Running: ['airflow', 'tasks', 'run', 'api_cuevana3_movie', 'insert_into_mysql', 'scheduled__2024-07-01T00:01:15+00:00', '--job-id', '1339', '--raw', '--subdir', 'DAGS_FOLDER/movie_recommend.py', '--cfg-path', '/tmp/tmpo6fmj5sv']
[2024-07-02T10:58:32.180-0400] {standard_task_runner.py:91} INFO - Job 1339: Subtask insert_into_mysql
[2024-07-02T10:58:32.260-0400] {task_command.py:426} INFO - Running <TaskInstance: api_cuevana3_movie.insert_into_mysql scheduled__2024-07-01T00:01:15+00:00 [running]> on host walter-VirtualBox
[2024-07-02T10:58:32.384-0400] {taskinstance.py:2648} INFO - Exporting env vars: AIRFLOW_CTX_DAG_OWNER='airflow' AIRFLOW_CTX_DAG_ID='api_cuevana3_movie' AIRFLOW_CTX_TASK_ID='insert_into_mysql' AIRFLOW_CTX_EXECUTION_DATE='2024-07-01T00:01:15+00:00' AIRFLOW_CTX_TRY_NUMBER='1' AIRFLOW_CTX_DAG_RUN_ID='scheduled__2024-07-01T00:01:15+00:00'
[2024-07-02T10:58:32.385-0400] {taskinstance.py:430} INFO - ::endgroup::
[2024-07-02T10:58:32.408-0400] {logging_mixin.py:188} INFO - No se pudo obtener el JSON de datos de la pelicula
[2024-07-02T10:58:32.409-0400] {python.py:237} INFO - Done. Returned value was: None
[2024-07-02T10:58:32.410-0400] {taskinstance.py:441} INFO - ::group::Post task execution logs
[2024-07-02T10:58:32.415-0400] {taskinstance.py:1206} INFO - Marking task as SUCCESS. dag_id=api_cuevana3_movie, task_id=insert_into_mysql, run_id=scheduled__2024-07-01T00:01:15+00:00, execution_date=20240701T000115, start_date=20240702T145832, end_date=20240702T145832
[2024-07-02T10:58:32.450-0400] {local_task_job_runner.py:240} INFO - Task exited with return code 0
[2024-07-02T10:58:32.466-0400] {taskinstance.py:3503} INFO - 0 downstream tasks scheduled from follow-on schedule check
[2024-07-02T10:58:32.467-0400] {local_task_job_runner.py:222} INFO - ::endgroup::
