[2024-06-27T20:36:26.626-0400] {local_task_job_runner.py:120} INFO - ::group::Pre task execution logs
[2024-06-27T20:36:26.724-0400] {taskinstance.py:2076} INFO - Dependencies all met for dep_context=non-requeueable deps ti=<TaskInstance: api_cuevana3_movie.transform_with_spark scheduled__2024-06-27T00:02:00+00:00 [queued]>
[2024-06-27T20:36:26.737-0400] {taskinstance.py:2076} INFO - Dependencies all met for dep_context=requeueable deps ti=<TaskInstance: api_cuevana3_movie.transform_with_spark scheduled__2024-06-27T00:02:00+00:00 [queued]>
[2024-06-27T20:36:26.738-0400] {taskinstance.py:2306} INFO - Starting attempt 1 of 1
[2024-06-27T20:36:26.807-0400] {taskinstance.py:2330} INFO - Executing <Task(PythonOperator): transform_with_spark> on 2024-06-27 00:02:00+00:00
[2024-06-27T20:36:26.814-0400] {standard_task_runner.py:63} INFO - Started process 208013 to run task
[2024-06-27T20:36:26.820-0400] {standard_task_runner.py:90} INFO - Running: ['airflow', 'tasks', 'run', 'api_cuevana3_movie', 'transform_with_spark', 'scheduled__2024-06-27T00:02:00+00:00', '--job-id', '242', '--raw', '--subdir', 'DAGS_FOLDER/movie_recommend.py', '--cfg-path', '/tmp/tmp8035th4i']
[2024-06-27T20:36:26.825-0400] {standard_task_runner.py:91} INFO - Job 242: Subtask transform_with_spark
[2024-06-27T20:36:26.899-0400] {task_command.py:426} INFO - Running <TaskInstance: api_cuevana3_movie.transform_with_spark scheduled__2024-06-27T00:02:00+00:00 [running]> on host walter-VirtualBox
[2024-06-27T20:36:27.081-0400] {taskinstance.py:2648} INFO - Exporting env vars: AIRFLOW_CTX_DAG_OWNER='airflow' AIRFLOW_CTX_DAG_ID='api_cuevana3_movie' AIRFLOW_CTX_TASK_ID='transform_with_spark' AIRFLOW_CTX_EXECUTION_DATE='2024-06-27T00:02:00+00:00' AIRFLOW_CTX_TRY_NUMBER='1' AIRFLOW_CTX_DAG_RUN_ID='scheduled__2024-06-27T00:02:00+00:00'
[2024-06-27T20:36:27.082-0400] {taskinstance.py:430} INFO - ::endgroup::
[2024-06-27T20:36:36.423-0400] {logging_mixin.py:188} INFO - Error al transformar datos con Spark: name 'udf' is not defined
[2024-06-27T20:36:36.424-0400] {python.py:237} INFO - Done. Returned value was: None
[2024-06-27T20:36:36.424-0400] {taskinstance.py:441} INFO - ::group::Post task execution logs
[2024-06-27T20:36:36.441-0400] {taskinstance.py:1206} INFO - Marking task as SUCCESS. dag_id=api_cuevana3_movie, task_id=transform_with_spark, run_id=scheduled__2024-06-27T00:02:00+00:00, execution_date=20240627T000200, start_date=20240628T003626, end_date=20240628T003636
[2024-06-27T20:36:36.471-0400] {local_task_job_runner.py:240} INFO - Task exited with return code 0
[2024-06-27T20:36:36.482-0400] {taskinstance.py:3503} INFO - 0 downstream tasks scheduled from follow-on schedule check
[2024-06-27T20:36:36.485-0400] {local_task_job_runner.py:222} INFO - ::endgroup::
[2024-06-28T09:53:09.057-0400] {local_task_job_runner.py:120} INFO - ::group::Pre task execution logs
[2024-06-28T09:53:09.099-0400] {taskinstance.py:2076} INFO - Dependencies all met for dep_context=non-requeueable deps ti=<TaskInstance: api_cuevana3_movie.transform_with_spark scheduled__2024-06-27T00:02:00+00:00 [queued]>
[2024-06-28T09:53:09.107-0400] {taskinstance.py:2076} INFO - Dependencies all met for dep_context=requeueable deps ti=<TaskInstance: api_cuevana3_movie.transform_with_spark scheduled__2024-06-27T00:02:00+00:00 [queued]>
[2024-06-28T09:53:09.112-0400] {taskinstance.py:2306} INFO - Starting attempt 1 of 1
[2024-06-28T09:53:09.141-0400] {taskinstance.py:2330} INFO - Executing <Task(PythonOperator): transform_with_spark> on 2024-06-27 00:02:00+00:00
[2024-06-28T09:53:09.153-0400] {standard_task_runner.py:63} INFO - Started process 230443 to run task
[2024-06-28T09:53:09.159-0400] {standard_task_runner.py:90} INFO - Running: ['airflow', 'tasks', 'run', 'api_cuevana3_movie', 'transform_with_spark', 'scheduled__2024-06-27T00:02:00+00:00', '--job-id', '399', '--raw', '--subdir', 'DAGS_FOLDER/movie_recommend.py', '--cfg-path', '/tmp/tmpy3p32du0']
[2024-06-28T09:53:09.161-0400] {standard_task_runner.py:91} INFO - Job 399: Subtask transform_with_spark
[2024-06-28T09:53:09.237-0400] {task_command.py:426} INFO - Running <TaskInstance: api_cuevana3_movie.transform_with_spark scheduled__2024-06-27T00:02:00+00:00 [running]> on host walter-VirtualBox
[2024-06-28T09:53:09.366-0400] {taskinstance.py:2648} INFO - Exporting env vars: AIRFLOW_CTX_DAG_OWNER='airflow' AIRFLOW_CTX_DAG_ID='api_cuevana3_movie' AIRFLOW_CTX_TASK_ID='transform_with_spark' AIRFLOW_CTX_EXECUTION_DATE='2024-06-27T00:02:00+00:00' AIRFLOW_CTX_TRY_NUMBER='1' AIRFLOW_CTX_DAG_RUN_ID='scheduled__2024-06-27T00:02:00+00:00'
[2024-06-28T09:53:09.366-0400] {taskinstance.py:430} INFO - ::endgroup::
[2024-06-28T09:53:25.696-0400] {python.py:237} INFO - Done. Returned value was: {'actors': ['Amy Poehler,', 'Maya Hawke,', 'Kensington Tallman,', 'Liza Lapira,', 'Phyllis Smith,', 'Lewis Black,', 'Tony Hale,', 'Ayo Edebiri,', 'Adèle Exarchopoulos,', 'Lilimar,', 'Grace Lu,', 'Sumayyah Nuriddin-Green,', 'Diane Lane,', 'Kyle MacLachlan,', 'Paul Walter Hauser,', 'Yvette Nicole Brown,', 'Ron Funches,', 'James Austin Johnson,', 'Yong Yea,', 'Steve Purcell,', 'Dave Goelz,'], 'country': 'United States', 'description': 'Vuelve a la mente de Riley, quien acaba de convertirse en adolescente, en el momento en que la Central se enfrenta a una reforma para hacer sitio a algo completamente inesperado: ¡nuevas Emociones! Alegría, Tristeza, Ira, Miedo y Asco, que llevan muchos años al mando de una operación exitosa, no saben muy bien qué sentir cuando aparece Ansiedad, que además no ha llegado sola. Se ha traído a Vergüenza, Envidia y Ennui.', 'director': 'Kelsey Mann', 'duration': 97, 'genre': ['Animación', 'Familia', 'Aventura', 'Comedia'], 'image_url': 'https://i0.wp.com/www.themoviedb.org/t/p/w185/2PuAY3xSvbchQWqpSiXw08Yt0NP.jpg', 'quality': 'HD', 'rating': 7.7, 'title': 'Del revés 2 (Inside Out 2)', 'views': 979, 'year': '2024'}
[2024-06-28T09:53:25.697-0400] {taskinstance.py:441} INFO - ::group::Post task execution logs
[2024-06-28T09:53:25.724-0400] {taskinstance.py:1206} INFO - Marking task as SUCCESS. dag_id=api_cuevana3_movie, task_id=transform_with_spark, run_id=scheduled__2024-06-27T00:02:00+00:00, execution_date=20240627T000200, start_date=20240628T135309, end_date=20240628T135325
[2024-06-28T09:53:25.770-0400] {local_task_job_runner.py:240} INFO - Task exited with return code 0
[2024-06-28T09:53:25.810-0400] {taskinstance.py:3503} INFO - 1 downstream tasks scheduled from follow-on schedule check
[2024-06-28T09:53:25.821-0400] {local_task_job_runner.py:222} INFO - ::endgroup::
[2024-06-28T11:02:33.310-0400] {local_task_job_runner.py:120} INFO - ::group::Pre task execution logs
[2024-06-28T11:02:33.322-0400] {taskinstance.py:2076} INFO - Dependencies all met for dep_context=non-requeueable deps ti=<TaskInstance: api_cuevana3_movie.transform_with_spark scheduled__2024-06-27T00:02:00+00:00 [queued]>
[2024-06-28T11:02:33.334-0400] {taskinstance.py:2076} INFO - Dependencies all met for dep_context=requeueable deps ti=<TaskInstance: api_cuevana3_movie.transform_with_spark scheduled__2024-06-27T00:02:00+00:00 [queued]>
[2024-06-28T11:02:33.334-0400] {taskinstance.py:2306} INFO - Starting attempt 1 of 1
[2024-06-28T11:02:33.374-0400] {taskinstance.py:2330} INFO - Executing <Task(PythonOperator): transform_with_spark> on 2024-06-27 00:02:00+00:00
[2024-06-28T11:02:33.381-0400] {standard_task_runner.py:63} INFO - Started process 237134 to run task
[2024-06-28T11:02:33.395-0400] {standard_task_runner.py:90} INFO - Running: ['airflow', 'tasks', 'run', 'api_cuevana3_movie', 'transform_with_spark', 'scheduled__2024-06-27T00:02:00+00:00', '--job-id', '459', '--raw', '--subdir', 'DAGS_FOLDER/movie_recommend.py', '--cfg-path', '/tmp/tmp7r9ja1z0']
[2024-06-28T11:02:33.400-0400] {standard_task_runner.py:91} INFO - Job 459: Subtask transform_with_spark
[2024-06-28T11:02:33.520-0400] {task_command.py:426} INFO - Running <TaskInstance: api_cuevana3_movie.transform_with_spark scheduled__2024-06-27T00:02:00+00:00 [running]> on host walter-VirtualBox
[2024-06-28T11:02:33.712-0400] {taskinstance.py:2648} INFO - Exporting env vars: AIRFLOW_CTX_DAG_OWNER='airflow' AIRFLOW_CTX_DAG_ID='api_cuevana3_movie' AIRFLOW_CTX_TASK_ID='transform_with_spark' AIRFLOW_CTX_EXECUTION_DATE='2024-06-27T00:02:00+00:00' AIRFLOW_CTX_TRY_NUMBER='1' AIRFLOW_CTX_DAG_RUN_ID='scheduled__2024-06-27T00:02:00+00:00'
[2024-06-28T11:02:33.713-0400] {taskinstance.py:430} INFO - ::endgroup::
[2024-06-28T11:02:58.972-0400] {python.py:237} INFO - Done. Returned value was: {'actors': ['Amy Poehler,', 'Maya Hawke,', 'Kensington Tallman,', 'Liza Lapira,', 'Phyllis Smith,', 'Lewis Black,', 'Tony Hale,', 'Ayo Edebiri,', 'Adèle Exarchopoulos,', 'Lilimar,', 'Grace Lu,', 'Sumayyah Nuriddin-Green,', 'Diane Lane,', 'Kyle MacLachlan,', 'Paul Walter Hauser,', 'Yvette Nicole Brown,', 'Ron Funches,', 'James Austin Johnson,', 'Yong Yea,', 'Steve Purcell,', 'Dave Goelz,'], 'country': 'United States', 'description': 'Vuelve a la mente de Riley, quien acaba de convertirse en adolescente, en el momento en que la Central se enfrenta a una reforma para hacer sitio a algo completamente inesperado: ¡nuevas Emociones! Alegría, Tristeza, Ira, Miedo y Asco, que llevan muchos años al mando de una operación exitosa, no saben muy bien qué sentir cuando aparece Ansiedad, que además no ha llegado sola. Se ha traído a Vergüenza, Envidia y Ennui.', 'director': 'Kelsey Mann', 'duration': 97, 'genre': ['Animación', 'Familia', 'Aventura', 'Comedia'], 'image_url': 'https://i0.wp.com/www.themoviedb.org/t/p/w185/2PuAY3xSvbchQWqpSiXw08Yt0NP.jpg', 'quality': 'HD', 'rating': 7.7, 'title': 'Del revés 2 (Inside Out 2)', 'views': 979, 'year': '2024'}
[2024-06-28T11:02:58.974-0400] {taskinstance.py:441} INFO - ::group::Post task execution logs
[2024-06-28T11:02:59.026-0400] {taskinstance.py:1206} INFO - Marking task as SUCCESS. dag_id=api_cuevana3_movie, task_id=transform_with_spark, run_id=scheduled__2024-06-27T00:02:00+00:00, execution_date=20240627T000200, start_date=20240628T150233, end_date=20240628T150259
[2024-06-28T11:02:59.120-0400] {local_task_job_runner.py:240} INFO - Task exited with return code 0
[2024-06-28T11:02:59.142-0400] {taskinstance.py:3503} INFO - 1 downstream tasks scheduled from follow-on schedule check
[2024-06-28T11:02:59.171-0400] {local_task_job_runner.py:222} INFO - ::endgroup::
[2024-06-28T11:04:27.503-0400] {local_task_job_runner.py:120} INFO - ::group::Pre task execution logs
[2024-06-28T11:04:27.520-0400] {taskinstance.py:2076} INFO - Dependencies all met for dep_context=non-requeueable deps ti=<TaskInstance: api_cuevana3_movie.transform_with_spark scheduled__2024-06-27T00:02:00+00:00 [queued]>
[2024-06-28T11:04:27.525-0400] {taskinstance.py:2076} INFO - Dependencies all met for dep_context=requeueable deps ti=<TaskInstance: api_cuevana3_movie.transform_with_spark scheduled__2024-06-27T00:02:00+00:00 [queued]>
[2024-06-28T11:04:27.526-0400] {taskinstance.py:2306} INFO - Starting attempt 1 of 1
[2024-06-28T11:04:27.555-0400] {taskinstance.py:2330} INFO - Executing <Task(PythonOperator): transform_with_spark> on 2024-06-27 00:02:00+00:00
[2024-06-28T11:04:27.561-0400] {standard_task_runner.py:63} INFO - Started process 237611 to run task
[2024-06-28T11:04:27.563-0400] {standard_task_runner.py:90} INFO - Running: ['airflow', 'tasks', 'run', 'api_cuevana3_movie', 'transform_with_spark', 'scheduled__2024-06-27T00:02:00+00:00', '--job-id', '470', '--raw', '--subdir', 'DAGS_FOLDER/movie_recommend.py', '--cfg-path', '/tmp/tmps44gawrw']
[2024-06-28T11:04:27.565-0400] {standard_task_runner.py:91} INFO - Job 470: Subtask transform_with_spark
[2024-06-28T11:04:27.703-0400] {task_command.py:426} INFO - Running <TaskInstance: api_cuevana3_movie.transform_with_spark scheduled__2024-06-27T00:02:00+00:00 [running]> on host walter-VirtualBox
[2024-06-28T11:04:27.895-0400] {taskinstance.py:2648} INFO - Exporting env vars: AIRFLOW_CTX_DAG_OWNER='airflow' AIRFLOW_CTX_DAG_ID='api_cuevana3_movie' AIRFLOW_CTX_TASK_ID='transform_with_spark' AIRFLOW_CTX_EXECUTION_DATE='2024-06-27T00:02:00+00:00' AIRFLOW_CTX_TRY_NUMBER='1' AIRFLOW_CTX_DAG_RUN_ID='scheduled__2024-06-27T00:02:00+00:00'
[2024-06-28T11:04:27.901-0400] {taskinstance.py:430} INFO - ::endgroup::
[2024-06-28T11:04:47.999-0400] {python.py:237} INFO - Done. Returned value was: {'actors': ['Amy Poehler,', 'Maya Hawke,', 'Kensington Tallman,', 'Liza Lapira,', 'Phyllis Smith,', 'Lewis Black,', 'Tony Hale,', 'Ayo Edebiri,', 'Adèle Exarchopoulos,', 'Lilimar,', 'Grace Lu,', 'Sumayyah Nuriddin-Green,', 'Diane Lane,', 'Kyle MacLachlan,', 'Paul Walter Hauser,', 'Yvette Nicole Brown,', 'Ron Funches,', 'James Austin Johnson,', 'Yong Yea,', 'Steve Purcell,', 'Dave Goelz,'], 'country': 'United States', 'description': 'Vuelve a la mente de Riley, quien acaba de convertirse en adolescente, en el momento en que la Central se enfrenta a una reforma para hacer sitio a algo completamente inesperado: ¡nuevas Emociones! Alegría, Tristeza, Ira, Miedo y Asco, que llevan muchos años al mando de una operación exitosa, no saben muy bien qué sentir cuando aparece Ansiedad, que además no ha llegado sola. Se ha traído a Vergüenza, Envidia y Ennui.', 'director': 'Kelsey Mann', 'duration': 97, 'genre': ['Animación', 'Familia', 'Aventura', 'Comedia'], 'image_url': 'https://i0.wp.com/www.themoviedb.org/t/p/w185/2PuAY3xSvbchQWqpSiXw08Yt0NP.jpg', 'quality': 'HD', 'rating': 7.7, 'title': 'Del revés 2 (Inside Out 2)', 'views': 979, 'year': '2024'}
[2024-06-28T11:04:48.004-0400] {taskinstance.py:441} INFO - ::group::Post task execution logs
[2024-06-28T11:04:48.060-0400] {taskinstance.py:1206} INFO - Marking task as SUCCESS. dag_id=api_cuevana3_movie, task_id=transform_with_spark, run_id=scheduled__2024-06-27T00:02:00+00:00, execution_date=20240627T000200, start_date=20240628T150427, end_date=20240628T150448
[2024-06-28T11:04:48.116-0400] {local_task_job_runner.py:240} INFO - Task exited with return code 0
[2024-06-28T11:04:48.182-0400] {taskinstance.py:3503} INFO - 1 downstream tasks scheduled from follow-on schedule check
[2024-06-28T11:04:48.208-0400] {local_task_job_runner.py:222} INFO - ::endgroup::
