[2024-07-01T20:06:45.417-0400] {local_task_job_runner.py:120} INFO - ::group::Pre task execution logs
[2024-07-01T20:06:45.432-0400] {taskinstance.py:2076} INFO - Dependencies all met for dep_context=non-requeueable deps ti=<TaskInstance: api_cuevana3_movie.insert_into_mysql scheduled__2024-07-01T06:00:00+00:00 [queued]>
[2024-07-01T20:06:45.439-0400] {taskinstance.py:2076} INFO - Dependencies all met for dep_context=requeueable deps ti=<TaskInstance: api_cuevana3_movie.insert_into_mysql scheduled__2024-07-01T06:00:00+00:00 [queued]>
[2024-07-01T20:06:45.439-0400] {taskinstance.py:2306} INFO - Starting attempt 1 of 1
[2024-07-01T20:06:45.484-0400] {taskinstance.py:2330} INFO - Executing <Task(PythonOperator): insert_into_mysql> on 2024-07-01 06:00:00+00:00
[2024-07-01T20:06:45.490-0400] {standard_task_runner.py:63} INFO - Started process 413611 to run task
[2024-07-01T20:06:45.493-0400] {standard_task_runner.py:90} INFO - Running: ['airflow', 'tasks', 'run', 'api_cuevana3_movie', 'insert_into_mysql', 'scheduled__2024-07-01T06:00:00+00:00', '--job-id', '709', '--raw', '--subdir', 'DAGS_FOLDER/movie_recommend.py', '--cfg-path', '/tmp/tmpyr1pmmag']
[2024-07-01T20:06:45.496-0400] {standard_task_runner.py:91} INFO - Job 709: Subtask insert_into_mysql
[2024-07-01T20:06:45.543-0400] {task_command.py:426} INFO - Running <TaskInstance: api_cuevana3_movie.insert_into_mysql scheduled__2024-07-01T06:00:00+00:00 [running]> on host walter-VirtualBox
[2024-07-01T20:06:45.641-0400] {taskinstance.py:2648} INFO - Exporting env vars: AIRFLOW_CTX_DAG_OWNER='airflow' AIRFLOW_CTX_DAG_ID='api_cuevana3_movie' AIRFLOW_CTX_TASK_ID='insert_into_mysql' AIRFLOW_CTX_EXECUTION_DATE='2024-07-01T06:00:00+00:00' AIRFLOW_CTX_TRY_NUMBER='1' AIRFLOW_CTX_DAG_RUN_ID='scheduled__2024-07-01T06:00:00+00:00'
[2024-07-01T20:06:45.642-0400] {taskinstance.py:430} INFO - ::endgroup::
[2024-07-01T20:06:45.656-0400] {logging_mixin.py:188} INFO - No se pudo obtener el JSON de datos de la pelicula
[2024-07-01T20:06:45.657-0400] {python.py:237} INFO - Done. Returned value was: None
[2024-07-01T20:06:45.657-0400] {taskinstance.py:441} INFO - ::group::Post task execution logs
[2024-07-01T20:06:45.660-0400] {taskinstance.py:1206} INFO - Marking task as SUCCESS. dag_id=api_cuevana3_movie, task_id=insert_into_mysql, run_id=scheduled__2024-07-01T06:00:00+00:00, execution_date=20240701T060000, start_date=20240702T000645, end_date=20240702T000645
[2024-07-01T20:06:45.712-0400] {local_task_job_runner.py:240} INFO - Task exited with return code 0
[2024-07-01T20:06:45.733-0400] {taskinstance.py:3503} INFO - 0 downstream tasks scheduled from follow-on schedule check
[2024-07-01T20:06:45.735-0400] {local_task_job_runner.py:222} INFO - ::endgroup::
[2024-07-01T23:11:33.393-0400] {local_task_job_runner.py:120} INFO - ::group::Pre task execution logs
[2024-07-01T23:11:33.416-0400] {taskinstance.py:2076} INFO - Dependencies all met for dep_context=non-requeueable deps ti=<TaskInstance: api_cuevana3_movie.insert_into_mysql scheduled__2024-07-01T06:00:00+00:00 [queued]>
[2024-07-01T23:11:33.420-0400] {taskinstance.py:2076} INFO - Dependencies all met for dep_context=requeueable deps ti=<TaskInstance: api_cuevana3_movie.insert_into_mysql scheduled__2024-07-01T06:00:00+00:00 [queued]>
[2024-07-01T23:11:33.421-0400] {taskinstance.py:2306} INFO - Starting attempt 1 of 1
[2024-07-01T23:11:33.439-0400] {taskinstance.py:2330} INFO - Executing <Task(PythonOperator): insert_into_mysql> on 2024-07-01 06:00:00+00:00
[2024-07-01T23:11:33.446-0400] {standard_task_runner.py:63} INFO - Started process 447376 to run task
[2024-07-01T23:11:33.448-0400] {standard_task_runner.py:90} INFO - Running: ['airflow', 'tasks', 'run', 'api_cuevana3_movie', 'insert_into_mysql', 'scheduled__2024-07-01T06:00:00+00:00', '--job-id', '834', '--raw', '--subdir', 'DAGS_FOLDER/movie_recommend.py', '--cfg-path', '/tmp/tmpwakggtvl']
[2024-07-01T23:11:33.450-0400] {standard_task_runner.py:91} INFO - Job 834: Subtask insert_into_mysql
[2024-07-01T23:11:33.500-0400] {task_command.py:426} INFO - Running <TaskInstance: api_cuevana3_movie.insert_into_mysql scheduled__2024-07-01T06:00:00+00:00 [running]> on host walter-VirtualBox
[2024-07-01T23:11:33.565-0400] {taskinstance.py:2648} INFO - Exporting env vars: AIRFLOW_CTX_DAG_OWNER='airflow' AIRFLOW_CTX_DAG_ID='api_cuevana3_movie' AIRFLOW_CTX_TASK_ID='insert_into_mysql' AIRFLOW_CTX_EXECUTION_DATE='2024-07-01T06:00:00+00:00' AIRFLOW_CTX_TRY_NUMBER='1' AIRFLOW_CTX_DAG_RUN_ID='scheduled__2024-07-01T06:00:00+00:00'
[2024-07-01T23:11:33.565-0400] {taskinstance.py:430} INFO - ::endgroup::
[2024-07-01T23:11:33.653-0400] {python.py:237} INFO - Done. Returned value was: None
[2024-07-01T23:11:33.658-0400] {taskinstance.py:441} INFO - ::group::Post task execution logs
[2024-07-01T23:11:33.663-0400] {taskinstance.py:1206} INFO - Marking task as SUCCESS. dag_id=api_cuevana3_movie, task_id=insert_into_mysql, run_id=scheduled__2024-07-01T06:00:00+00:00, execution_date=20240701T060000, start_date=20240702T031133, end_date=20240702T031133
[2024-07-01T23:11:33.708-0400] {local_task_job_runner.py:240} INFO - Task exited with return code 0
[2024-07-01T23:11:33.722-0400] {taskinstance.py:3503} INFO - 1 downstream tasks scheduled from follow-on schedule check
[2024-07-01T23:11:33.731-0400] {local_task_job_runner.py:222} INFO - ::endgroup::
