[2024-07-01T20:14:35.348-0400] {local_task_job_runner.py:120} INFO - ::group::Pre task execution logs
[2024-07-01T20:14:35.362-0400] {taskinstance.py:2076} INFO - Dependencies all met for dep_context=non-requeueable deps ti=<TaskInstance: api_cuevana3_movie.transform_with_spark scheduled__2024-07-01T09:00:00+00:00 [queued]>
[2024-07-01T20:14:35.368-0400] {taskinstance.py:2076} INFO - Dependencies all met for dep_context=requeueable deps ti=<TaskInstance: api_cuevana3_movie.transform_with_spark scheduled__2024-07-01T09:00:00+00:00 [queued]>
[2024-07-01T20:14:35.368-0400] {taskinstance.py:2306} INFO - Starting attempt 1 of 1
[2024-07-01T20:14:35.417-0400] {taskinstance.py:2330} INFO - Executing <Task(PythonOperator): transform_with_spark> on 2024-07-01 09:00:00+00:00
[2024-07-01T20:14:35.426-0400] {standard_task_runner.py:63} INFO - Started process 414751 to run task
[2024-07-01T20:14:35.436-0400] {standard_task_runner.py:90} INFO - Running: ['airflow', 'tasks', 'run', 'api_cuevana3_movie', 'transform_with_spark', 'scheduled__2024-07-01T09:00:00+00:00', '--job-id', '717', '--raw', '--subdir', 'DAGS_FOLDER/movie_recommend.py', '--cfg-path', '/tmp/tmpt1j4pldr']
[2024-07-01T20:14:35.438-0400] {standard_task_runner.py:91} INFO - Job 717: Subtask transform_with_spark
[2024-07-01T20:14:35.533-0400] {task_command.py:426} INFO - Running <TaskInstance: api_cuevana3_movie.transform_with_spark scheduled__2024-07-01T09:00:00+00:00 [running]> on host walter-VirtualBox
[2024-07-01T20:14:35.625-0400] {taskinstance.py:2648} INFO - Exporting env vars: AIRFLOW_CTX_DAG_OWNER='airflow' AIRFLOW_CTX_DAG_ID='api_cuevana3_movie' AIRFLOW_CTX_TASK_ID='transform_with_spark' AIRFLOW_CTX_EXECUTION_DATE='2024-07-01T09:00:00+00:00' AIRFLOW_CTX_TRY_NUMBER='1' AIRFLOW_CTX_DAG_RUN_ID='scheduled__2024-07-01T09:00:00+00:00'
[2024-07-01T20:14:35.626-0400] {taskinstance.py:430} INFO - ::endgroup::
[2024-07-01T20:14:35.646-0400] {logging_mixin.py:188} INFO - No se pudo obtener el JSON de datos de la pelicula
[2024-07-01T20:14:35.646-0400] {python.py:237} INFO - Done. Returned value was: None
[2024-07-01T20:14:35.646-0400] {taskinstance.py:441} INFO - ::group::Post task execution logs
[2024-07-01T20:14:35.651-0400] {taskinstance.py:1206} INFO - Marking task as SUCCESS. dag_id=api_cuevana3_movie, task_id=transform_with_spark, run_id=scheduled__2024-07-01T09:00:00+00:00, execution_date=20240701T090000, start_date=20240702T001435, end_date=20240702T001435
[2024-07-01T20:14:35.707-0400] {local_task_job_runner.py:240} INFO - Task exited with return code 0
[2024-07-01T20:14:35.729-0400] {taskinstance.py:3503} INFO - 0 downstream tasks scheduled from follow-on schedule check
[2024-07-01T20:14:35.735-0400] {local_task_job_runner.py:222} INFO - ::endgroup::
[2024-07-01T23:15:17.413-0400] {local_task_job_runner.py:120} INFO - ::group::Pre task execution logs
[2024-07-01T23:15:17.426-0400] {taskinstance.py:2076} INFO - Dependencies all met for dep_context=non-requeueable deps ti=<TaskInstance: api_cuevana3_movie.transform_with_spark scheduled__2024-07-01T09:00:00+00:00 [queued]>
[2024-07-01T23:15:17.430-0400] {taskinstance.py:2076} INFO - Dependencies all met for dep_context=requeueable deps ti=<TaskInstance: api_cuevana3_movie.transform_with_spark scheduled__2024-07-01T09:00:00+00:00 [queued]>
[2024-07-01T23:15:17.431-0400] {taskinstance.py:2306} INFO - Starting attempt 1 of 1
[2024-07-01T23:15:17.474-0400] {taskinstance.py:2330} INFO - Executing <Task(PythonOperator): transform_with_spark> on 2024-07-01 09:00:00+00:00
[2024-07-01T23:15:17.481-0400] {standard_task_runner.py:63} INFO - Started process 448867 to run task
[2024-07-01T23:15:17.484-0400] {standard_task_runner.py:90} INFO - Running: ['airflow', 'tasks', 'run', 'api_cuevana3_movie', 'transform_with_spark', 'scheduled__2024-07-01T09:00:00+00:00', '--job-id', '848', '--raw', '--subdir', 'DAGS_FOLDER/movie_recommend.py', '--cfg-path', '/tmp/tmpf13jop68']
[2024-07-01T23:15:17.486-0400] {standard_task_runner.py:91} INFO - Job 848: Subtask transform_with_spark
[2024-07-01T23:15:17.527-0400] {task_command.py:426} INFO - Running <TaskInstance: api_cuevana3_movie.transform_with_spark scheduled__2024-07-01T09:00:00+00:00 [running]> on host walter-VirtualBox
[2024-07-01T23:15:17.605-0400] {taskinstance.py:2648} INFO - Exporting env vars: AIRFLOW_CTX_DAG_OWNER='airflow' AIRFLOW_CTX_DAG_ID='api_cuevana3_movie' AIRFLOW_CTX_TASK_ID='transform_with_spark' AIRFLOW_CTX_EXECUTION_DATE='2024-07-01T09:00:00+00:00' AIRFLOW_CTX_TRY_NUMBER='1' AIRFLOW_CTX_DAG_RUN_ID='scheduled__2024-07-01T09:00:00+00:00'
[2024-07-01T23:15:17.606-0400] {taskinstance.py:430} INFO - ::endgroup::
[2024-07-01T23:15:27.548-0400] {python.py:237} INFO - Done. Returned value was: [{'actors': ['Steve Carell,', 'Kristen Wiig,', 'Will Ferrell,', 'Sofía Vergara,', 'Joey King,', 'Stephen Colbert,', 'Chloe Fineman,', 'Miranda Cosgrove,', 'Dana Gaier,', 'Madison Polan,', 'Pierre Coffin,', 'Steve Coogan,', 'Chris Renaud,', 'Jason Segel,', 'Benjamin Bratt,', 'Trey Parker,', 'Sandra Bullock,', 'Jon Hamm,', 'Taraji P. Henson,', 'Russell Brand,'], 'country': 'United States', 'description': "Gru, Lucy y las niñas -Margo, Edith y Agnes- dan la bienvenida a un nuevo miembro en la familia: Gru Junior, que parece llegar con el propósito de ser un suplicio para su padre. Gru tendrá que enfrentarse en esta ocasión a su nueva némesis Maxime Le Mal y su sofisticada y malévola novia Valentina, lo que obligará a la familia a tener que darse a la fuga. Cuarta entrega de 'Gru, mi villano favorito'.", 'director': 'Chris Renaud', 'duration': 95, 'genre': ['Animación', 'Familia', 'Comedia', 'Acción'], 'image_url': 'https://i0.wp.com/www.themoviedb.org/t/p/w185/6BcxgP05jDip4Zjh2P5Be2aNi0Z.jpg', 'quality': 'HD', 'rating': 8.6, 'title': 'Gru 4. Mi villano favorito', 'views': 65, 'year': '2024'}]
[2024-07-01T23:15:27.549-0400] {taskinstance.py:441} INFO - ::group::Post task execution logs
[2024-07-01T23:15:27.570-0400] {taskinstance.py:1206} INFO - Marking task as SUCCESS. dag_id=api_cuevana3_movie, task_id=transform_with_spark, run_id=scheduled__2024-07-01T09:00:00+00:00, execution_date=20240701T090000, start_date=20240702T031517, end_date=20240702T031527
[2024-07-01T23:15:27.605-0400] {local_task_job_runner.py:240} INFO - Task exited with return code 0
[2024-07-01T23:15:27.621-0400] {taskinstance.py:3503} INFO - 0 downstream tasks scheduled from follow-on schedule check
[2024-07-01T23:15:27.621-0400] {local_task_job_runner.py:222} INFO - ::endgroup::
