[2024-07-01T23:59:50.110-0400] {local_task_job_runner.py:120} INFO - ::group::Pre task execution logs
[2024-07-01T23:59:50.137-0400] {taskinstance.py:2076} INFO - Dependencies all met for dep_context=non-requeueable deps ti=<TaskInstance: api_cuevana3_movie.transform_with_spark scheduled__2024-07-01T00:00:45+00:00 [queued]>
[2024-07-01T23:59:50.157-0400] {taskinstance.py:2076} INFO - Dependencies all met for dep_context=requeueable deps ti=<TaskInstance: api_cuevana3_movie.transform_with_spark scheduled__2024-07-01T00:00:45+00:00 [queued]>
[2024-07-01T23:59:50.157-0400] {taskinstance.py:2306} INFO - Starting attempt 1 of 1
[2024-07-01T23:59:50.225-0400] {taskinstance.py:2330} INFO - Executing <Task(PythonOperator): transform_with_spark> on 2024-07-01 00:00:45+00:00
[2024-07-01T23:59:50.234-0400] {standard_task_runner.py:63} INFO - Started process 470213 to run task
[2024-07-01T23:59:50.237-0400] {standard_task_runner.py:90} INFO - Running: ['airflow', 'tasks', 'run', 'api_cuevana3_movie', 'transform_with_spark', 'scheduled__2024-07-01T00:00:45+00:00', '--job-id', '941', '--raw', '--subdir', 'DAGS_FOLDER/movie_recommend.py', '--cfg-path', '/tmp/tmpovheis46']
[2024-07-01T23:59:50.242-0400] {standard_task_runner.py:91} INFO - Job 941: Subtask transform_with_spark
[2024-07-01T23:59:50.292-0400] {task_command.py:426} INFO - Running <TaskInstance: api_cuevana3_movie.transform_with_spark scheduled__2024-07-01T00:00:45+00:00 [running]> on host walter-VirtualBox
[2024-07-01T23:59:50.405-0400] {taskinstance.py:2648} INFO - Exporting env vars: AIRFLOW_CTX_DAG_OWNER='airflow' AIRFLOW_CTX_DAG_ID='api_cuevana3_movie' AIRFLOW_CTX_TASK_ID='transform_with_spark' AIRFLOW_CTX_EXECUTION_DATE='2024-07-01T00:00:45+00:00' AIRFLOW_CTX_TRY_NUMBER='1' AIRFLOW_CTX_DAG_RUN_ID='scheduled__2024-07-01T00:00:45+00:00'
[2024-07-01T23:59:50.406-0400] {taskinstance.py:430} INFO - ::endgroup::
[2024-07-01T23:59:50.440-0400] {logging_mixin.py:188} INFO - No se pudo obtener el JSON de datos de la pelicula
[2024-07-01T23:59:50.440-0400] {python.py:237} INFO - Done. Returned value was: None
[2024-07-01T23:59:50.440-0400] {taskinstance.py:441} INFO - ::group::Post task execution logs
[2024-07-01T23:59:50.450-0400] {taskinstance.py:1206} INFO - Marking task as SUCCESS. dag_id=api_cuevana3_movie, task_id=transform_with_spark, run_id=scheduled__2024-07-01T00:00:45+00:00, execution_date=20240701T000045, start_date=20240702T035950, end_date=20240702T035950
[2024-07-01T23:59:50.504-0400] {local_task_job_runner.py:240} INFO - Task exited with return code 0
[2024-07-01T23:59:50.520-0400] {taskinstance.py:3503} INFO - 0 downstream tasks scheduled from follow-on schedule check
[2024-07-01T23:59:50.523-0400] {local_task_job_runner.py:222} INFO - ::endgroup::
[2024-07-02T10:40:44.118-0400] {local_task_job_runner.py:120} INFO - ::group::Pre task execution logs
[2024-07-02T10:40:44.147-0400] {taskinstance.py:2076} INFO - Dependencies all met for dep_context=non-requeueable deps ti=<TaskInstance: api_cuevana3_movie.transform_with_spark scheduled__2024-07-01T00:00:45+00:00 [queued]>
[2024-07-02T10:40:44.159-0400] {taskinstance.py:2076} INFO - Dependencies all met for dep_context=requeueable deps ti=<TaskInstance: api_cuevana3_movie.transform_with_spark scheduled__2024-07-01T00:00:45+00:00 [queued]>
[2024-07-02T10:40:44.159-0400] {taskinstance.py:2306} INFO - Starting attempt 1 of 1
[2024-07-02T10:40:44.182-0400] {taskinstance.py:2330} INFO - Executing <Task(PythonOperator): transform_with_spark> on 2024-07-01 00:00:45+00:00
[2024-07-02T10:40:44.188-0400] {standard_task_runner.py:63} INFO - Started process 497764 to run task
[2024-07-02T10:40:44.190-0400] {standard_task_runner.py:90} INFO - Running: ['airflow', 'tasks', 'run', 'api_cuevana3_movie', 'transform_with_spark', 'scheduled__2024-07-01T00:00:45+00:00', '--job-id', '1172', '--raw', '--subdir', 'DAGS_FOLDER/movie_recommend.py', '--cfg-path', '/tmp/tmp6ms6o312']
[2024-07-02T10:40:44.192-0400] {standard_task_runner.py:91} INFO - Job 1172: Subtask transform_with_spark
[2024-07-02T10:40:44.272-0400] {task_command.py:426} INFO - Running <TaskInstance: api_cuevana3_movie.transform_with_spark scheduled__2024-07-01T00:00:45+00:00 [running]> on host walter-VirtualBox
[2024-07-02T10:40:44.367-0400] {taskinstance.py:2648} INFO - Exporting env vars: AIRFLOW_CTX_DAG_OWNER='airflow' AIRFLOW_CTX_DAG_ID='api_cuevana3_movie' AIRFLOW_CTX_TASK_ID='transform_with_spark' AIRFLOW_CTX_EXECUTION_DATE='2024-07-01T00:00:45+00:00' AIRFLOW_CTX_TRY_NUMBER='1' AIRFLOW_CTX_DAG_RUN_ID='scheduled__2024-07-01T00:00:45+00:00'
[2024-07-02T10:40:44.368-0400] {taskinstance.py:430} INFO - ::endgroup::
[2024-07-02T10:41:00.297-0400] {logging_mixin.py:188} INFO - root
 |-- _corrupt_record: string (nullable = true)
[2024-07-02T10:41:00.298-0400] {logging_mixin.py:188} INFO - None
[2024-07-02T10:41:00.678-0400] {logging_mixin.py:188} INFO - 'DF: DataFrame[_corrupt_record: string]'
[2024-07-02T10:41:01.830-0400] {logging_mixin.py:188} INFO - Error al transformar datos con Spark: [UNRESOLVED_COLUMN.WITH_SUGGESTION] A column or function parameter with name `duration` cannot be resolved. Did you mean one of the following? [`_corrupt_record`].;
'Project [_corrupt_record#14, convert_duration('duration)#16 AS duration#17]
+- LogicalRDD [_corrupt_record#14], false
[2024-07-02T10:41:01.833-0400] {python.py:237} INFO - Done. Returned value was: None
[2024-07-02T10:41:01.834-0400] {taskinstance.py:441} INFO - ::group::Post task execution logs
[2024-07-02T10:41:01.878-0400] {taskinstance.py:1206} INFO - Marking task as SUCCESS. dag_id=api_cuevana3_movie, task_id=transform_with_spark, run_id=scheduled__2024-07-01T00:00:45+00:00, execution_date=20240701T000045, start_date=20240702T144044, end_date=20240702T144101
[2024-07-02T10:41:02.250-0400] {local_task_job_runner.py:240} INFO - Task exited with return code 0
[2024-07-02T10:41:02.375-0400] {taskinstance.py:3503} INFO - 0 downstream tasks scheduled from follow-on schedule check
[2024-07-02T10:41:02.378-0400] {local_task_job_runner.py:222} INFO - ::endgroup::
