[2024-07-01T09:37:30.219-0400] {local_task_job_runner.py:120} INFO - ::group::Pre task execution logs
[2024-07-01T09:37:30.307-0400] {taskinstance.py:2076} INFO - Dependencies all met for dep_context=non-requeueable deps ti=<TaskInstance: api_cuevana3_movie.execute_post_url_fastapi scheduled__2024-07-01T00:00:00+00:00 [queued]>
[2024-07-01T09:37:30.324-0400] {taskinstance.py:2076} INFO - Dependencies all met for dep_context=requeueable deps ti=<TaskInstance: api_cuevana3_movie.execute_post_url_fastapi scheduled__2024-07-01T00:00:00+00:00 [queued]>
[2024-07-01T09:37:30.324-0400] {taskinstance.py:2306} INFO - Starting attempt 1 of 1
[2024-07-01T09:37:30.505-0400] {taskinstance.py:2330} INFO - Executing <Task(PythonOperator): execute_post_url_fastapi> on 2024-07-01 00:00:00+00:00
[2024-07-01T09:37:30.519-0400] {standard_task_runner.py:63} INFO - Started process 367354 to run task
[2024-07-01T09:37:30.525-0400] {standard_task_runner.py:90} INFO - Running: ['airflow', 'tasks', 'run', 'api_cuevana3_movie', 'execute_post_url_fastapi', 'scheduled__2024-07-01T00:00:00+00:00', '--job-id', '631', '--raw', '--subdir', 'DAGS_FOLDER/movie_recommend.py', '--cfg-path', '/tmp/tmp0uksvg89']
[2024-07-01T09:37:30.543-0400] {standard_task_runner.py:91} INFO - Job 631: Subtask execute_post_url_fastapi
[2024-07-01T09:37:30.726-0400] {task_command.py:426} INFO - Running <TaskInstance: api_cuevana3_movie.execute_post_url_fastapi scheduled__2024-07-01T00:00:00+00:00 [running]> on host walter-VirtualBox
[2024-07-01T09:37:30.874-0400] {taskinstance.py:2648} INFO - Exporting env vars: AIRFLOW_CTX_DAG_OWNER='airflow' AIRFLOW_CTX_DAG_ID='api_cuevana3_movie' AIRFLOW_CTX_TASK_ID='execute_post_url_fastapi' AIRFLOW_CTX_EXECUTION_DATE='2024-07-01T00:00:00+00:00' AIRFLOW_CTX_TRY_NUMBER='1' AIRFLOW_CTX_DAG_RUN_ID='scheduled__2024-07-01T00:00:00+00:00'
[2024-07-01T09:37:30.876-0400] {taskinstance.py:430} INFO - ::endgroup::
[2024-07-01T09:47:09.359-0400] {logging_mixin.py:188} INFO - Scraping URL running successfully
[2024-07-01T09:47:09.361-0400] {python.py:237} INFO - Done. Returned value was: None
[2024-07-01T09:47:09.361-0400] {taskinstance.py:441} INFO - ::group::Post task execution logs
[2024-07-01T09:47:09.371-0400] {taskinstance.py:1206} INFO - Marking task as SUCCESS. dag_id=api_cuevana3_movie, task_id=execute_post_url_fastapi, run_id=scheduled__2024-07-01T00:00:00+00:00, execution_date=20240701T000000, start_date=20240701T133730, end_date=20240701T134709
[2024-07-01T09:47:09.456-0400] {local_task_job_runner.py:240} INFO - Task exited with return code 0
[2024-07-01T09:47:09.507-0400] {taskinstance.py:3503} INFO - 3 downstream tasks scheduled from follow-on schedule check
[2024-07-01T09:47:09.549-0400] {local_task_job_runner.py:222} INFO - ::endgroup::
[2024-07-01T10:13:21.387-0400] {local_task_job_runner.py:120} INFO - ::group::Pre task execution logs
[2024-07-01T10:13:21.424-0400] {taskinstance.py:2076} INFO - Dependencies all met for dep_context=non-requeueable deps ti=<TaskInstance: api_cuevana3_movie.execute_post_url_fastapi scheduled__2024-07-01T00:00:00+00:00 [queued]>
[2024-07-01T10:13:21.432-0400] {taskinstance.py:2076} INFO - Dependencies all met for dep_context=requeueable deps ti=<TaskInstance: api_cuevana3_movie.execute_post_url_fastapi scheduled__2024-07-01T00:00:00+00:00 [queued]>
[2024-07-01T10:13:21.433-0400] {taskinstance.py:2306} INFO - Starting attempt 1 of 1
[2024-07-01T10:13:21.472-0400] {taskinstance.py:2330} INFO - Executing <Task(PythonOperator): execute_post_url_fastapi> on 2024-07-01 00:00:00+00:00
[2024-07-01T10:13:21.479-0400] {standard_task_runner.py:63} INFO - Started process 373704 to run task
[2024-07-01T10:13:21.483-0400] {standard_task_runner.py:90} INFO - Running: ['airflow', 'tasks', 'run', 'api_cuevana3_movie', 'execute_post_url_fastapi', 'scheduled__2024-07-01T00:00:00+00:00', '--job-id', '633', '--raw', '--subdir', 'DAGS_FOLDER/movie_recommend.py', '--cfg-path', '/tmp/tmp_jbr_p7p']
[2024-07-01T10:13:21.485-0400] {standard_task_runner.py:91} INFO - Job 633: Subtask execute_post_url_fastapi
[2024-07-01T10:13:21.599-0400] {task_command.py:426} INFO - Running <TaskInstance: api_cuevana3_movie.execute_post_url_fastapi scheduled__2024-07-01T00:00:00+00:00 [running]> on host walter-VirtualBox
[2024-07-01T10:13:21.734-0400] {taskinstance.py:2648} INFO - Exporting env vars: AIRFLOW_CTX_DAG_OWNER='airflow' AIRFLOW_CTX_DAG_ID='api_cuevana3_movie' AIRFLOW_CTX_TASK_ID='execute_post_url_fastapi' AIRFLOW_CTX_EXECUTION_DATE='2024-07-01T00:00:00+00:00' AIRFLOW_CTX_TRY_NUMBER='1' AIRFLOW_CTX_DAG_RUN_ID='scheduled__2024-07-01T00:00:00+00:00'
[2024-07-01T10:13:21.734-0400] {taskinstance.py:430} INFO - ::endgroup::
[2024-07-01T10:20:51.959-0400] {logging_mixin.py:188} INFO - Scraping URL did not find any new URLs
[2024-07-01T10:20:51.967-0400] {python.py:237} INFO - Done. Returned value was: None
[2024-07-01T10:20:51.968-0400] {taskinstance.py:441} INFO - ::group::Post task execution logs
[2024-07-01T10:20:51.972-0400] {taskinstance.py:1206} INFO - Marking task as SUCCESS. dag_id=api_cuevana3_movie, task_id=execute_post_url_fastapi, run_id=scheduled__2024-07-01T00:00:00+00:00, execution_date=20240701T000000, start_date=20240701T141321, end_date=20240701T142051
[2024-07-01T10:20:52.042-0400] {local_task_job_runner.py:240} INFO - Task exited with return code 0
[2024-07-01T10:20:52.059-0400] {taskinstance.py:3503} INFO - 3 downstream tasks scheduled from follow-on schedule check
[2024-07-01T10:20:52.093-0400] {local_task_job_runner.py:222} INFO - ::endgroup::
[2024-07-01T10:44:32.802-0400] {local_task_job_runner.py:120} INFO - ::group::Pre task execution logs
[2024-07-01T10:44:32.827-0400] {taskinstance.py:2076} INFO - Dependencies all met for dep_context=non-requeueable deps ti=<TaskInstance: api_cuevana3_movie.execute_post_url_fastapi scheduled__2024-07-01T00:00:00+00:00 [queued]>
[2024-07-01T10:44:32.835-0400] {taskinstance.py:2076} INFO - Dependencies all met for dep_context=requeueable deps ti=<TaskInstance: api_cuevana3_movie.execute_post_url_fastapi scheduled__2024-07-01T00:00:00+00:00 [queued]>
[2024-07-01T10:44:32.835-0400] {taskinstance.py:2306} INFO - Starting attempt 1 of 1
[2024-07-01T10:44:32.907-0400] {taskinstance.py:2330} INFO - Executing <Task(PythonOperator): execute_post_url_fastapi> on 2024-07-01 00:00:00+00:00
[2024-07-01T10:44:32.915-0400] {standard_task_runner.py:63} INFO - Started process 379755 to run task
[2024-07-01T10:44:32.924-0400] {standard_task_runner.py:90} INFO - Running: ['airflow', 'tasks', 'run', 'api_cuevana3_movie', 'execute_post_url_fastapi', 'scheduled__2024-07-01T00:00:00+00:00', '--job-id', '642', '--raw', '--subdir', 'DAGS_FOLDER/movie_recommend.py', '--cfg-path', '/tmp/tmpaqx7lgka']
[2024-07-01T10:44:32.937-0400] {standard_task_runner.py:91} INFO - Job 642: Subtask execute_post_url_fastapi
[2024-07-01T10:44:33.036-0400] {task_command.py:426} INFO - Running <TaskInstance: api_cuevana3_movie.execute_post_url_fastapi scheduled__2024-07-01T00:00:00+00:00 [running]> on host walter-VirtualBox
[2024-07-01T10:44:33.198-0400] {taskinstance.py:2648} INFO - Exporting env vars: AIRFLOW_CTX_DAG_OWNER='airflow' AIRFLOW_CTX_DAG_ID='api_cuevana3_movie' AIRFLOW_CTX_TASK_ID='execute_post_url_fastapi' AIRFLOW_CTX_EXECUTION_DATE='2024-07-01T00:00:00+00:00' AIRFLOW_CTX_TRY_NUMBER='1' AIRFLOW_CTX_DAG_RUN_ID='scheduled__2024-07-01T00:00:00+00:00'
[2024-07-01T10:44:33.198-0400] {taskinstance.py:430} INFO - ::endgroup::
[2024-07-01T10:44:36.164-0400] {logging_mixin.py:188} INFO - Scraping URL did not find any new URLs
[2024-07-01T10:44:36.164-0400] {python.py:237} INFO - Done. Returned value was: None
[2024-07-01T10:44:36.165-0400] {taskinstance.py:441} INFO - ::group::Post task execution logs
[2024-07-01T10:44:36.168-0400] {taskinstance.py:1206} INFO - Marking task as SUCCESS. dag_id=api_cuevana3_movie, task_id=execute_post_url_fastapi, run_id=scheduled__2024-07-01T00:00:00+00:00, execution_date=20240701T000000, start_date=20240701T144432, end_date=20240701T144436
[2024-07-01T10:44:36.244-0400] {local_task_job_runner.py:240} INFO - Task exited with return code 0
[2024-07-01T10:44:36.272-0400] {taskinstance.py:3503} INFO - 3 downstream tasks scheduled from follow-on schedule check
[2024-07-01T10:44:36.283-0400] {local_task_job_runner.py:222} INFO - ::endgroup::
[2024-07-01T11:14:23.110-0400] {local_task_job_runner.py:120} INFO - ::group::Pre task execution logs
[2024-07-01T11:14:23.143-0400] {taskinstance.py:2076} INFO - Dependencies all met for dep_context=non-requeueable deps ti=<TaskInstance: api_cuevana3_movie.execute_post_url_fastapi scheduled__2024-07-01T00:00:00+00:00 [queued]>
[2024-07-01T11:14:23.148-0400] {taskinstance.py:2076} INFO - Dependencies all met for dep_context=requeueable deps ti=<TaskInstance: api_cuevana3_movie.execute_post_url_fastapi scheduled__2024-07-01T00:00:00+00:00 [queued]>
[2024-07-01T11:14:23.149-0400] {taskinstance.py:2306} INFO - Starting attempt 1 of 1
[2024-07-01T11:14:23.248-0400] {taskinstance.py:2330} INFO - Executing <Task(PythonOperator): execute_post_url_fastapi> on 2024-07-01 00:00:00+00:00
[2024-07-01T11:14:23.260-0400] {standard_task_runner.py:63} INFO - Started process 382543 to run task
[2024-07-01T11:14:23.267-0400] {standard_task_runner.py:90} INFO - Running: ['airflow', 'tasks', 'run', 'api_cuevana3_movie', 'execute_post_url_fastapi', 'scheduled__2024-07-01T00:00:00+00:00', '--job-id', '664', '--raw', '--subdir', 'DAGS_FOLDER/movie_recommend.py', '--cfg-path', '/tmp/tmpwopf9mre']
[2024-07-01T11:14:23.273-0400] {standard_task_runner.py:91} INFO - Job 664: Subtask execute_post_url_fastapi
[2024-07-01T11:14:23.377-0400] {task_command.py:426} INFO - Running <TaskInstance: api_cuevana3_movie.execute_post_url_fastapi scheduled__2024-07-01T00:00:00+00:00 [running]> on host walter-VirtualBox
[2024-07-01T11:14:23.516-0400] {taskinstance.py:2648} INFO - Exporting env vars: AIRFLOW_CTX_DAG_OWNER='airflow' AIRFLOW_CTX_DAG_ID='api_cuevana3_movie' AIRFLOW_CTX_TASK_ID='execute_post_url_fastapi' AIRFLOW_CTX_EXECUTION_DATE='2024-07-01T00:00:00+00:00' AIRFLOW_CTX_TRY_NUMBER='1' AIRFLOW_CTX_DAG_RUN_ID='scheduled__2024-07-01T00:00:00+00:00'
[2024-07-01T11:14:23.516-0400] {taskinstance.py:430} INFO - ::endgroup::
[2024-07-01T11:14:26.185-0400] {logging_mixin.py:188} INFO - Scraping URL did not find any new URLs
[2024-07-01T11:14:26.186-0400] {python.py:237} INFO - Done. Returned value was: None
[2024-07-01T11:14:26.187-0400] {taskinstance.py:441} INFO - ::group::Post task execution logs
[2024-07-01T11:14:26.191-0400] {taskinstance.py:1206} INFO - Marking task as SUCCESS. dag_id=api_cuevana3_movie, task_id=execute_post_url_fastapi, run_id=scheduled__2024-07-01T00:00:00+00:00, execution_date=20240701T000000, start_date=20240701T151423, end_date=20240701T151426
[2024-07-01T11:14:26.263-0400] {local_task_job_runner.py:240} INFO - Task exited with return code 0
[2024-07-01T11:14:26.290-0400] {taskinstance.py:3503} INFO - 3 downstream tasks scheduled from follow-on schedule check
[2024-07-01T11:14:26.297-0400] {local_task_job_runner.py:222} INFO - ::endgroup::
[2024-07-01T11:52:47.303-0400] {local_task_job_runner.py:120} INFO - ::group::Pre task execution logs
[2024-07-01T11:52:47.319-0400] {taskinstance.py:2076} INFO - Dependencies all met for dep_context=non-requeueable deps ti=<TaskInstance: api_cuevana3_movie.execute_post_url_fastapi scheduled__2024-07-01T00:00:00+00:00 [queued]>
[2024-07-01T11:52:47.324-0400] {taskinstance.py:2076} INFO - Dependencies all met for dep_context=requeueable deps ti=<TaskInstance: api_cuevana3_movie.execute_post_url_fastapi scheduled__2024-07-01T00:00:00+00:00 [queued]>
[2024-07-01T11:52:47.324-0400] {taskinstance.py:2306} INFO - Starting attempt 1 of 1
[2024-07-01T11:52:47.336-0400] {taskinstance.py:2330} INFO - Executing <Task(PythonOperator): execute_post_url_fastapi> on 2024-07-01 00:00:00+00:00
[2024-07-01T11:52:47.342-0400] {standard_task_runner.py:63} INFO - Started process 385219 to run task
[2024-07-01T11:52:47.344-0400] {standard_task_runner.py:90} INFO - Running: ['airflow', 'tasks', 'run', 'api_cuevana3_movie', 'execute_post_url_fastapi', 'scheduled__2024-07-01T00:00:00+00:00', '--job-id', '685', '--raw', '--subdir', 'DAGS_FOLDER/movie_recommend.py', '--cfg-path', '/tmp/tmpu2s2omcd']
[2024-07-01T11:52:47.346-0400] {standard_task_runner.py:91} INFO - Job 685: Subtask execute_post_url_fastapi
[2024-07-01T11:52:47.395-0400] {task_command.py:426} INFO - Running <TaskInstance: api_cuevana3_movie.execute_post_url_fastapi scheduled__2024-07-01T00:00:00+00:00 [running]> on host walter-VirtualBox
[2024-07-01T11:52:47.466-0400] {taskinstance.py:2648} INFO - Exporting env vars: AIRFLOW_CTX_DAG_OWNER='airflow' AIRFLOW_CTX_DAG_ID='api_cuevana3_movie' AIRFLOW_CTX_TASK_ID='execute_post_url_fastapi' AIRFLOW_CTX_EXECUTION_DATE='2024-07-01T00:00:00+00:00' AIRFLOW_CTX_TRY_NUMBER='1' AIRFLOW_CTX_DAG_RUN_ID='scheduled__2024-07-01T00:00:00+00:00'
[2024-07-01T11:52:47.467-0400] {taskinstance.py:430} INFO - ::endgroup::
[2024-07-01T11:52:49.900-0400] {logging_mixin.py:188} INFO - Scraping URL did not find any new URLs
[2024-07-01T11:52:49.901-0400] {python.py:237} INFO - Done. Returned value was: None
[2024-07-01T11:52:49.901-0400] {taskinstance.py:441} INFO - ::group::Post task execution logs
[2024-07-01T11:52:49.906-0400] {taskinstance.py:1206} INFO - Marking task as SUCCESS. dag_id=api_cuevana3_movie, task_id=execute_post_url_fastapi, run_id=scheduled__2024-07-01T00:00:00+00:00, execution_date=20240701T000000, start_date=20240701T155247, end_date=20240701T155249
[2024-07-01T11:52:49.977-0400] {local_task_job_runner.py:240} INFO - Task exited with return code 0
[2024-07-01T11:52:50.014-0400] {taskinstance.py:3503} INFO - 3 downstream tasks scheduled from follow-on schedule check
[2024-07-01T11:52:50.024-0400] {local_task_job_runner.py:222} INFO - ::endgroup::
[2024-07-01T21:04:57.827-0400] {local_task_job_runner.py:120} INFO - ::group::Pre task execution logs
[2024-07-01T21:04:57.862-0400] {taskinstance.py:2076} INFO - Dependencies all met for dep_context=non-requeueable deps ti=<TaskInstance: api_cuevana3_movie.execute_post_url_fastapi scheduled__2024-07-01T00:00:00+00:00 [queued]>
[2024-07-01T21:04:57.880-0400] {taskinstance.py:2076} INFO - Dependencies all met for dep_context=requeueable deps ti=<TaskInstance: api_cuevana3_movie.execute_post_url_fastapi scheduled__2024-07-01T00:00:00+00:00 [queued]>
[2024-07-01T21:04:57.880-0400] {taskinstance.py:2306} INFO - Starting attempt 1 of 1
[2024-07-01T21:04:57.973-0400] {taskinstance.py:2330} INFO - Executing <Task(PythonOperator): execute_post_url_fastapi> on 2024-07-01 00:00:00+00:00
[2024-07-01T21:04:57.980-0400] {standard_task_runner.py:63} INFO - Started process 425821 to run task
[2024-07-01T21:04:57.984-0400] {standard_task_runner.py:90} INFO - Running: ['airflow', 'tasks', 'run', 'api_cuevana3_movie', 'execute_post_url_fastapi', 'scheduled__2024-07-01T00:00:00+00:00', '--job-id', '743', '--raw', '--subdir', 'DAGS_FOLDER/movie_recommend.py', '--cfg-path', '/tmp/tmp1_fwyq78']
[2024-07-01T21:04:57.985-0400] {standard_task_runner.py:91} INFO - Job 743: Subtask execute_post_url_fastapi
[2024-07-01T21:04:58.112-0400] {task_command.py:426} INFO - Running <TaskInstance: api_cuevana3_movie.execute_post_url_fastapi scheduled__2024-07-01T00:00:00+00:00 [running]> on host walter-VirtualBox
[2024-07-01T21:04:58.458-0400] {taskinstance.py:2648} INFO - Exporting env vars: AIRFLOW_CTX_DAG_OWNER='airflow' AIRFLOW_CTX_DAG_ID='api_cuevana3_movie' AIRFLOW_CTX_TASK_ID='execute_post_url_fastapi' AIRFLOW_CTX_EXECUTION_DATE='2024-07-01T00:00:00+00:00' AIRFLOW_CTX_TRY_NUMBER='1' AIRFLOW_CTX_DAG_RUN_ID='scheduled__2024-07-01T00:00:00+00:00'
[2024-07-01T21:04:58.460-0400] {taskinstance.py:430} INFO - ::endgroup::
[2024-07-01T21:05:01.475-0400] {logging_mixin.py:188} INFO - Scraping URL did not find any new URLs
[2024-07-01T21:05:01.475-0400] {python.py:237} INFO - Done. Returned value was: None
[2024-07-01T21:05:01.476-0400] {taskinstance.py:441} INFO - ::group::Post task execution logs
[2024-07-01T21:05:01.482-0400] {taskinstance.py:1206} INFO - Marking task as SUCCESS. dag_id=api_cuevana3_movie, task_id=execute_post_url_fastapi, run_id=scheduled__2024-07-01T00:00:00+00:00, execution_date=20240701T000000, start_date=20240702T010457, end_date=20240702T010501
[2024-07-01T21:05:01.549-0400] {local_task_job_runner.py:240} INFO - Task exited with return code 0
[2024-07-01T21:05:01.567-0400] {taskinstance.py:3503} INFO - 3 downstream tasks scheduled from follow-on schedule check
[2024-07-01T21:05:01.582-0400] {local_task_job_runner.py:222} INFO - ::endgroup::
[2024-07-01T21:12:14.985-0400] {local_task_job_runner.py:120} INFO - ::group::Pre task execution logs
[2024-07-01T21:12:15.008-0400] {taskinstance.py:2076} INFO - Dependencies all met for dep_context=non-requeueable deps ti=<TaskInstance: api_cuevana3_movie.execute_post_url_fastapi scheduled__2024-07-01T00:00:00+00:00 [queued]>
[2024-07-01T21:12:15.014-0400] {taskinstance.py:2076} INFO - Dependencies all met for dep_context=requeueable deps ti=<TaskInstance: api_cuevana3_movie.execute_post_url_fastapi scheduled__2024-07-01T00:00:00+00:00 [queued]>
[2024-07-01T21:12:15.014-0400] {taskinstance.py:2306} INFO - Starting attempt 1 of 1
[2024-07-01T21:12:15.057-0400] {taskinstance.py:2330} INFO - Executing <Task(PythonOperator): execute_post_url_fastapi> on 2024-07-01 00:00:00+00:00
[2024-07-01T21:12:15.070-0400] {standard_task_runner.py:63} INFO - Started process 427347 to run task
[2024-07-01T21:12:15.075-0400] {standard_task_runner.py:90} INFO - Running: ['airflow', 'tasks', 'run', 'api_cuevana3_movie', 'execute_post_url_fastapi', 'scheduled__2024-07-01T00:00:00+00:00', '--job-id', '750', '--raw', '--subdir', 'DAGS_FOLDER/movie_recommend.py', '--cfg-path', '/tmp/tmpcnrxkxpa']
[2024-07-01T21:12:15.083-0400] {standard_task_runner.py:91} INFO - Job 750: Subtask execute_post_url_fastapi
[2024-07-01T21:12:15.172-0400] {task_command.py:426} INFO - Running <TaskInstance: api_cuevana3_movie.execute_post_url_fastapi scheduled__2024-07-01T00:00:00+00:00 [running]> on host walter-VirtualBox
[2024-07-01T21:12:15.367-0400] {taskinstance.py:2648} INFO - Exporting env vars: AIRFLOW_CTX_DAG_OWNER='airflow' AIRFLOW_CTX_DAG_ID='api_cuevana3_movie' AIRFLOW_CTX_TASK_ID='execute_post_url_fastapi' AIRFLOW_CTX_EXECUTION_DATE='2024-07-01T00:00:00+00:00' AIRFLOW_CTX_TRY_NUMBER='1' AIRFLOW_CTX_DAG_RUN_ID='scheduled__2024-07-01T00:00:00+00:00'
[2024-07-01T21:12:15.368-0400] {taskinstance.py:430} INFO - ::endgroup::
[2024-07-01T21:12:17.515-0400] {logging_mixin.py:188} INFO - Scraping URL did not find any new URLs
[2024-07-01T21:12:17.515-0400] {python.py:237} INFO - Done. Returned value was: None
[2024-07-01T21:12:17.516-0400] {taskinstance.py:441} INFO - ::group::Post task execution logs
[2024-07-01T21:12:17.524-0400] {taskinstance.py:1206} INFO - Marking task as SUCCESS. dag_id=api_cuevana3_movie, task_id=execute_post_url_fastapi, run_id=scheduled__2024-07-01T00:00:00+00:00, execution_date=20240701T000000, start_date=20240702T011215, end_date=20240702T011217
[2024-07-01T21:12:17.622-0400] {local_task_job_runner.py:240} INFO - Task exited with return code 0
[2024-07-01T21:12:17.668-0400] {taskinstance.py:3503} INFO - 3 downstream tasks scheduled from follow-on schedule check
[2024-07-01T21:12:17.679-0400] {local_task_job_runner.py:222} INFO - ::endgroup::
[2024-07-01T21:21:45.416-0400] {local_task_job_runner.py:120} INFO - ::group::Pre task execution logs
[2024-07-01T21:21:45.448-0400] {taskinstance.py:2076} INFO - Dependencies all met for dep_context=non-requeueable deps ti=<TaskInstance: api_cuevana3_movie.execute_post_url_fastapi scheduled__2024-07-01T00:00:00+00:00 [queued]>
[2024-07-01T21:21:45.452-0400] {taskinstance.py:2076} INFO - Dependencies all met for dep_context=requeueable deps ti=<TaskInstance: api_cuevana3_movie.execute_post_url_fastapi scheduled__2024-07-01T00:00:00+00:00 [queued]>
[2024-07-01T21:21:45.452-0400] {taskinstance.py:2306} INFO - Starting attempt 1 of 1
[2024-07-01T21:21:45.467-0400] {taskinstance.py:2330} INFO - Executing <Task(PythonOperator): execute_post_url_fastapi> on 2024-07-01 00:00:00+00:00
[2024-07-01T21:21:45.472-0400] {standard_task_runner.py:63} INFO - Started process 429822 to run task
[2024-07-01T21:21:45.474-0400] {standard_task_runner.py:90} INFO - Running: ['airflow', 'tasks', 'run', 'api_cuevana3_movie', 'execute_post_url_fastapi', 'scheduled__2024-07-01T00:00:00+00:00', '--job-id', '771', '--raw', '--subdir', 'DAGS_FOLDER/movie_recommend.py', '--cfg-path', '/tmp/tmpoeznn03h']
[2024-07-01T21:21:45.476-0400] {standard_task_runner.py:91} INFO - Job 771: Subtask execute_post_url_fastapi
[2024-07-01T21:21:45.510-0400] {task_command.py:426} INFO - Running <TaskInstance: api_cuevana3_movie.execute_post_url_fastapi scheduled__2024-07-01T00:00:00+00:00 [running]> on host walter-VirtualBox
[2024-07-01T21:21:45.588-0400] {taskinstance.py:2648} INFO - Exporting env vars: AIRFLOW_CTX_DAG_OWNER='airflow' AIRFLOW_CTX_DAG_ID='api_cuevana3_movie' AIRFLOW_CTX_TASK_ID='execute_post_url_fastapi' AIRFLOW_CTX_EXECUTION_DATE='2024-07-01T00:00:00+00:00' AIRFLOW_CTX_TRY_NUMBER='1' AIRFLOW_CTX_DAG_RUN_ID='scheduled__2024-07-01T00:00:00+00:00'
[2024-07-01T21:21:45.589-0400] {taskinstance.py:430} INFO - ::endgroup::
[2024-07-01T21:21:48.178-0400] {logging_mixin.py:188} INFO - Scraping URL did not find any new URLs
[2024-07-01T21:21:48.179-0400] {python.py:237} INFO - Done. Returned value was: None
[2024-07-01T21:21:48.180-0400] {taskinstance.py:441} INFO - ::group::Post task execution logs
[2024-07-01T21:21:48.186-0400] {taskinstance.py:1206} INFO - Marking task as SUCCESS. dag_id=api_cuevana3_movie, task_id=execute_post_url_fastapi, run_id=scheduled__2024-07-01T00:00:00+00:00, execution_date=20240701T000000, start_date=20240702T012145, end_date=20240702T012148
[2024-07-01T21:21:48.296-0400] {local_task_job_runner.py:240} INFO - Task exited with return code 0
[2024-07-01T21:21:48.340-0400] {taskinstance.py:3503} INFO - 3 downstream tasks scheduled from follow-on schedule check
[2024-07-01T21:21:48.348-0400] {local_task_job_runner.py:222} INFO - ::endgroup::
[2024-07-01T21:46:49.814-0400] {local_task_job_runner.py:120} INFO - ::group::Pre task execution logs
[2024-07-01T21:46:49.829-0400] {taskinstance.py:2076} INFO - Dependencies all met for dep_context=non-requeueable deps ti=<TaskInstance: api_cuevana3_movie.execute_post_url_fastapi scheduled__2024-07-01T00:00:00+00:00 [queued]>
[2024-07-01T21:46:49.834-0400] {taskinstance.py:2076} INFO - Dependencies all met for dep_context=requeueable deps ti=<TaskInstance: api_cuevana3_movie.execute_post_url_fastapi scheduled__2024-07-01T00:00:00+00:00 [queued]>
[2024-07-01T21:46:49.834-0400] {taskinstance.py:2306} INFO - Starting attempt 1 of 1
[2024-07-01T21:46:49.847-0400] {taskinstance.py:2330} INFO - Executing <Task(PythonOperator): execute_post_url_fastapi> on 2024-07-01 00:00:00+00:00
[2024-07-01T21:46:49.851-0400] {standard_task_runner.py:63} INFO - Started process 432340 to run task
[2024-07-01T21:46:49.854-0400] {standard_task_runner.py:90} INFO - Running: ['airflow', 'tasks', 'run', 'api_cuevana3_movie', 'execute_post_url_fastapi', 'scheduled__2024-07-01T00:00:00+00:00', '--job-id', '786', '--raw', '--subdir', 'DAGS_FOLDER/movie_recommend.py', '--cfg-path', '/tmp/tmpgrx3edpa']
[2024-07-01T21:46:49.857-0400] {standard_task_runner.py:91} INFO - Job 786: Subtask execute_post_url_fastapi
[2024-07-01T21:46:49.897-0400] {task_command.py:426} INFO - Running <TaskInstance: api_cuevana3_movie.execute_post_url_fastapi scheduled__2024-07-01T00:00:00+00:00 [running]> on host walter-VirtualBox
[2024-07-01T21:46:50.255-0400] {taskinstance.py:2648} INFO - Exporting env vars: AIRFLOW_CTX_DAG_OWNER='airflow' AIRFLOW_CTX_DAG_ID='api_cuevana3_movie' AIRFLOW_CTX_TASK_ID='execute_post_url_fastapi' AIRFLOW_CTX_EXECUTION_DATE='2024-07-01T00:00:00+00:00' AIRFLOW_CTX_TRY_NUMBER='1' AIRFLOW_CTX_DAG_RUN_ID='scheduled__2024-07-01T00:00:00+00:00'
[2024-07-01T21:46:50.255-0400] {taskinstance.py:430} INFO - ::endgroup::
[2024-07-01T21:46:52.992-0400] {logging_mixin.py:188} INFO - Scraping URL did not find any new URLs
[2024-07-01T21:46:52.993-0400] {python.py:237} INFO - Done. Returned value was: None
[2024-07-01T21:46:52.993-0400] {taskinstance.py:441} INFO - ::group::Post task execution logs
[2024-07-01T21:46:52.999-0400] {taskinstance.py:1206} INFO - Marking task as SUCCESS. dag_id=api_cuevana3_movie, task_id=execute_post_url_fastapi, run_id=scheduled__2024-07-01T00:00:00+00:00, execution_date=20240701T000000, start_date=20240702T014649, end_date=20240702T014652
[2024-07-01T21:46:53.064-0400] {local_task_job_runner.py:240} INFO - Task exited with return code 0
[2024-07-01T21:46:53.098-0400] {taskinstance.py:3503} INFO - 3 downstream tasks scheduled from follow-on schedule check
[2024-07-01T21:46:53.116-0400] {local_task_job_runner.py:222} INFO - ::endgroup::
[2024-07-01T22:48:36.974-0400] {local_task_job_runner.py:120} INFO - ::group::Pre task execution logs
[2024-07-01T22:48:37.003-0400] {taskinstance.py:2076} INFO - Dependencies all met for dep_context=non-requeueable deps ti=<TaskInstance: api_cuevana3_movie.execute_post_url_fastapi scheduled__2024-07-01T00:00:00+00:00 [queued]>
[2024-07-01T22:48:37.008-0400] {taskinstance.py:2076} INFO - Dependencies all met for dep_context=requeueable deps ti=<TaskInstance: api_cuevana3_movie.execute_post_url_fastapi scheduled__2024-07-01T00:00:00+00:00 [queued]>
[2024-07-01T22:48:37.009-0400] {taskinstance.py:2306} INFO - Starting attempt 1 of 1
[2024-07-01T22:48:37.038-0400] {taskinstance.py:2330} INFO - Executing <Task(PythonOperator): execute_post_url_fastapi> on 2024-07-01 00:00:00+00:00
[2024-07-01T22:48:37.045-0400] {standard_task_runner.py:63} INFO - Started process 437081 to run task
[2024-07-01T22:48:37.049-0400] {standard_task_runner.py:90} INFO - Running: ['airflow', 'tasks', 'run', 'api_cuevana3_movie', 'execute_post_url_fastapi', 'scheduled__2024-07-01T00:00:00+00:00', '--job-id', '796', '--raw', '--subdir', 'DAGS_FOLDER/movie_recommend.py', '--cfg-path', '/tmp/tmpcds13ux7']
[2024-07-01T22:48:37.050-0400] {standard_task_runner.py:91} INFO - Job 796: Subtask execute_post_url_fastapi
[2024-07-01T22:48:37.100-0400] {task_command.py:426} INFO - Running <TaskInstance: api_cuevana3_movie.execute_post_url_fastapi scheduled__2024-07-01T00:00:00+00:00 [running]> on host walter-VirtualBox
[2024-07-01T22:48:37.225-0400] {taskinstance.py:2648} INFO - Exporting env vars: AIRFLOW_CTX_DAG_OWNER='airflow' AIRFLOW_CTX_DAG_ID='api_cuevana3_movie' AIRFLOW_CTX_TASK_ID='execute_post_url_fastapi' AIRFLOW_CTX_EXECUTION_DATE='2024-07-01T00:00:00+00:00' AIRFLOW_CTX_TRY_NUMBER='1' AIRFLOW_CTX_DAG_RUN_ID='scheduled__2024-07-01T00:00:00+00:00'
[2024-07-01T22:48:37.227-0400] {taskinstance.py:430} INFO - ::endgroup::
[2024-07-01T22:48:39.531-0400] {logging_mixin.py:188} INFO - Scraping URL did not find any new URLs
[2024-07-01T22:48:39.532-0400] {python.py:237} INFO - Done. Returned value was: None
[2024-07-01T22:48:39.536-0400] {taskinstance.py:441} INFO - ::group::Post task execution logs
[2024-07-01T22:48:39.554-0400] {taskinstance.py:1206} INFO - Marking task as SUCCESS. dag_id=api_cuevana3_movie, task_id=execute_post_url_fastapi, run_id=scheduled__2024-07-01T00:00:00+00:00, execution_date=20240701T000000, start_date=20240702T024837, end_date=20240702T024839
[2024-07-01T22:48:39.594-0400] {local_task_job_runner.py:240} INFO - Task exited with return code 0
[2024-07-01T22:48:39.618-0400] {taskinstance.py:3503} INFO - 3 downstream tasks scheduled from follow-on schedule check
[2024-07-01T22:48:39.624-0400] {local_task_job_runner.py:222} INFO - ::endgroup::
[2024-07-01T22:57:22.799-0400] {local_task_job_runner.py:120} INFO - ::group::Pre task execution logs
[2024-07-01T22:57:22.812-0400] {taskinstance.py:2076} INFO - Dependencies all met for dep_context=non-requeueable deps ti=<TaskInstance: api_cuevana3_movie.execute_post_url_fastapi scheduled__2024-07-01T00:00:00+00:00 [queued]>
[2024-07-01T22:57:22.816-0400] {taskinstance.py:2076} INFO - Dependencies all met for dep_context=requeueable deps ti=<TaskInstance: api_cuevana3_movie.execute_post_url_fastapi scheduled__2024-07-01T00:00:00+00:00 [queued]>
[2024-07-01T22:57:22.816-0400] {taskinstance.py:2306} INFO - Starting attempt 1 of 1
[2024-07-01T22:57:22.838-0400] {taskinstance.py:2330} INFO - Executing <Task(PythonOperator): execute_post_url_fastapi> on 2024-07-01 00:00:00+00:00
[2024-07-01T22:57:22.853-0400] {standard_task_runner.py:63} INFO - Started process 442540 to run task
[2024-07-01T22:57:22.858-0400] {standard_task_runner.py:90} INFO - Running: ['airflow', 'tasks', 'run', 'api_cuevana3_movie', 'execute_post_url_fastapi', 'scheduled__2024-07-01T00:00:00+00:00', '--job-id', '801', '--raw', '--subdir', 'DAGS_FOLDER/movie_recommend.py', '--cfg-path', '/tmp/tmpc2tcquoj']
[2024-07-01T22:57:22.861-0400] {standard_task_runner.py:91} INFO - Job 801: Subtask execute_post_url_fastapi
[2024-07-01T22:57:22.927-0400] {task_command.py:426} INFO - Running <TaskInstance: api_cuevana3_movie.execute_post_url_fastapi scheduled__2024-07-01T00:00:00+00:00 [running]> on host walter-VirtualBox
[2024-07-01T22:57:23.017-0400] {taskinstance.py:2648} INFO - Exporting env vars: AIRFLOW_CTX_DAG_OWNER='airflow' AIRFLOW_CTX_DAG_ID='api_cuevana3_movie' AIRFLOW_CTX_TASK_ID='execute_post_url_fastapi' AIRFLOW_CTX_EXECUTION_DATE='2024-07-01T00:00:00+00:00' AIRFLOW_CTX_TRY_NUMBER='1' AIRFLOW_CTX_DAG_RUN_ID='scheduled__2024-07-01T00:00:00+00:00'
[2024-07-01T22:57:23.018-0400] {taskinstance.py:430} INFO - ::endgroup::
[2024-07-01T22:57:25.242-0400] {logging_mixin.py:188} INFO - Scraping URL did not find any new URLs
[2024-07-01T22:57:25.243-0400] {python.py:237} INFO - Done. Returned value was: None
[2024-07-01T22:57:25.244-0400] {taskinstance.py:441} INFO - ::group::Post task execution logs
[2024-07-01T22:57:25.254-0400] {taskinstance.py:1206} INFO - Marking task as SUCCESS. dag_id=api_cuevana3_movie, task_id=execute_post_url_fastapi, run_id=scheduled__2024-07-01T00:00:00+00:00, execution_date=20240701T000000, start_date=20240702T025722, end_date=20240702T025725
[2024-07-01T22:57:25.357-0400] {local_task_job_runner.py:240} INFO - Task exited with return code 0
[2024-07-01T22:57:25.405-0400] {taskinstance.py:3503} INFO - 3 downstream tasks scheduled from follow-on schedule check
[2024-07-01T22:57:25.428-0400] {local_task_job_runner.py:222} INFO - ::endgroup::
[2024-07-01T23:29:56.965-0400] {local_task_job_runner.py:120} INFO - ::group::Pre task execution logs
[2024-07-01T23:29:56.980-0400] {taskinstance.py:2076} INFO - Dependencies all met for dep_context=non-requeueable deps ti=<TaskInstance: api_cuevana3_movie.execute_post_url_fastapi scheduled__2024-07-01T00:00:00+00:00 [queued]>
[2024-07-01T23:29:56.984-0400] {taskinstance.py:2076} INFO - Dependencies all met for dep_context=requeueable deps ti=<TaskInstance: api_cuevana3_movie.execute_post_url_fastapi scheduled__2024-07-01T00:00:00+00:00 [queued]>
[2024-07-01T23:29:56.984-0400] {taskinstance.py:2306} INFO - Starting attempt 1 of 1
[2024-07-01T23:29:57.003-0400] {taskinstance.py:2330} INFO - Executing <Task(PythonOperator): execute_post_url_fastapi> on 2024-07-01 00:00:00+00:00
[2024-07-01T23:29:57.009-0400] {standard_task_runner.py:63} INFO - Started process 457074 to run task
[2024-07-01T23:29:57.012-0400] {standard_task_runner.py:90} INFO - Running: ['airflow', 'tasks', 'run', 'api_cuevana3_movie', 'execute_post_url_fastapi', 'scheduled__2024-07-01T00:00:00+00:00', '--job-id', '891', '--raw', '--subdir', 'DAGS_FOLDER/movie_recommend.py', '--cfg-path', '/tmp/tmprcqro6po']
[2024-07-01T23:29:57.016-0400] {standard_task_runner.py:91} INFO - Job 891: Subtask execute_post_url_fastapi
[2024-07-01T23:29:57.129-0400] {task_command.py:426} INFO - Running <TaskInstance: api_cuevana3_movie.execute_post_url_fastapi scheduled__2024-07-01T00:00:00+00:00 [running]> on host walter-VirtualBox
[2024-07-01T23:29:57.220-0400] {taskinstance.py:2648} INFO - Exporting env vars: AIRFLOW_CTX_DAG_OWNER='airflow' AIRFLOW_CTX_DAG_ID='api_cuevana3_movie' AIRFLOW_CTX_TASK_ID='execute_post_url_fastapi' AIRFLOW_CTX_EXECUTION_DATE='2024-07-01T00:00:00+00:00' AIRFLOW_CTX_TRY_NUMBER='1' AIRFLOW_CTX_DAG_RUN_ID='scheduled__2024-07-01T00:00:00+00:00'
[2024-07-01T23:29:57.221-0400] {taskinstance.py:430} INFO - ::endgroup::
[2024-07-01T23:29:59.735-0400] {logging_mixin.py:188} INFO - Scraping URL did not find any new URLs
[2024-07-01T23:29:59.735-0400] {python.py:237} INFO - Done. Returned value was: None
[2024-07-01T23:29:59.737-0400] {taskinstance.py:441} INFO - ::group::Post task execution logs
[2024-07-01T23:29:59.750-0400] {taskinstance.py:1206} INFO - Marking task as SUCCESS. dag_id=api_cuevana3_movie, task_id=execute_post_url_fastapi, run_id=scheduled__2024-07-01T00:00:00+00:00, execution_date=20240701T000000, start_date=20240702T032956, end_date=20240702T032959
[2024-07-01T23:29:59.819-0400] {local_task_job_runner.py:240} INFO - Task exited with return code 0
[2024-07-01T23:29:59.872-0400] {taskinstance.py:3503} INFO - 1 downstream tasks scheduled from follow-on schedule check
[2024-07-01T23:29:59.910-0400] {local_task_job_runner.py:222} INFO - ::endgroup::
[2024-07-01T23:48:39.135-0400] {local_task_job_runner.py:120} INFO - ::group::Pre task execution logs
[2024-07-01T23:48:39.165-0400] {taskinstance.py:2076} INFO - Dependencies all met for dep_context=non-requeueable deps ti=<TaskInstance: api_cuevana3_movie.execute_post_url_fastapi scheduled__2024-07-01T00:00:00+00:00 [queued]>
[2024-07-01T23:48:39.174-0400] {taskinstance.py:2076} INFO - Dependencies all met for dep_context=requeueable deps ti=<TaskInstance: api_cuevana3_movie.execute_post_url_fastapi scheduled__2024-07-01T00:00:00+00:00 [queued]>
[2024-07-01T23:48:39.175-0400] {taskinstance.py:2306} INFO - Starting attempt 1 of 1
[2024-07-01T23:48:39.239-0400] {taskinstance.py:2330} INFO - Executing <Task(PythonOperator): execute_post_url_fastapi> on 2024-07-01 00:00:00+00:00
[2024-07-01T23:48:39.247-0400] {standard_task_runner.py:63} INFO - Started process 464207 to run task
[2024-07-01T23:48:39.251-0400] {standard_task_runner.py:90} INFO - Running: ['airflow', 'tasks', 'run', 'api_cuevana3_movie', 'execute_post_url_fastapi', 'scheduled__2024-07-01T00:00:00+00:00', '--job-id', '912', '--raw', '--subdir', 'DAGS_FOLDER/movie_recommend.py', '--cfg-path', '/tmp/tmpvscwjmn5']
[2024-07-01T23:48:39.253-0400] {standard_task_runner.py:91} INFO - Job 912: Subtask execute_post_url_fastapi
[2024-07-01T23:48:39.364-0400] {task_command.py:426} INFO - Running <TaskInstance: api_cuevana3_movie.execute_post_url_fastapi scheduled__2024-07-01T00:00:00+00:00 [running]> on host walter-VirtualBox
[2024-07-01T23:48:39.499-0400] {taskinstance.py:2648} INFO - Exporting env vars: AIRFLOW_CTX_DAG_OWNER='airflow' AIRFLOW_CTX_DAG_ID='api_cuevana3_movie' AIRFLOW_CTX_TASK_ID='execute_post_url_fastapi' AIRFLOW_CTX_EXECUTION_DATE='2024-07-01T00:00:00+00:00' AIRFLOW_CTX_TRY_NUMBER='1' AIRFLOW_CTX_DAG_RUN_ID='scheduled__2024-07-01T00:00:00+00:00'
[2024-07-01T23:48:39.500-0400] {taskinstance.py:430} INFO - ::endgroup::
[2024-07-01T23:48:42.131-0400] {logging_mixin.py:188} INFO - Scraping URL did not find any new URLs
[2024-07-01T23:48:42.132-0400] {python.py:237} INFO - Done. Returned value was: None
[2024-07-01T23:48:42.133-0400] {taskinstance.py:441} INFO - ::group::Post task execution logs
[2024-07-01T23:48:42.139-0400] {taskinstance.py:1206} INFO - Marking task as SUCCESS. dag_id=api_cuevana3_movie, task_id=execute_post_url_fastapi, run_id=scheduled__2024-07-01T00:00:00+00:00, execution_date=20240701T000000, start_date=20240702T034839, end_date=20240702T034842
[2024-07-01T23:48:42.215-0400] {local_task_job_runner.py:240} INFO - Task exited with return code 0
[2024-07-01T23:48:42.253-0400] {taskinstance.py:3503} INFO - 3 downstream tasks scheduled from follow-on schedule check
[2024-07-01T23:48:42.307-0400] {local_task_job_runner.py:222} INFO - ::endgroup::
[2024-07-01T23:54:36.536-0400] {local_task_job_runner.py:120} INFO - ::group::Pre task execution logs
[2024-07-01T23:54:36.571-0400] {taskinstance.py:2076} INFO - Dependencies all met for dep_context=non-requeueable deps ti=<TaskInstance: api_cuevana3_movie.execute_post_url_fastapi scheduled__2024-07-01T00:00:00+00:00 [queued]>
[2024-07-01T23:54:36.583-0400] {taskinstance.py:2076} INFO - Dependencies all met for dep_context=requeueable deps ti=<TaskInstance: api_cuevana3_movie.execute_post_url_fastapi scheduled__2024-07-01T00:00:00+00:00 [queued]>
[2024-07-01T23:54:36.583-0400] {taskinstance.py:2306} INFO - Starting attempt 1 of 1
[2024-07-01T23:54:36.640-0400] {taskinstance.py:2330} INFO - Executing <Task(PythonOperator): execute_post_url_fastapi> on 2024-07-01 00:00:00+00:00
[2024-07-01T23:54:36.648-0400] {standard_task_runner.py:63} INFO - Started process 466168 to run task
[2024-07-01T23:54:36.669-0400] {standard_task_runner.py:90} INFO - Running: ['airflow', 'tasks', 'run', 'api_cuevana3_movie', 'execute_post_url_fastapi', 'scheduled__2024-07-01T00:00:00+00:00', '--job-id', '929', '--raw', '--subdir', 'DAGS_FOLDER/movie_recommend.py', '--cfg-path', '/tmp/tmpzql_gmq7']
[2024-07-01T23:54:36.699-0400] {standard_task_runner.py:91} INFO - Job 929: Subtask execute_post_url_fastapi
[2024-07-01T23:54:36.813-0400] {task_command.py:426} INFO - Running <TaskInstance: api_cuevana3_movie.execute_post_url_fastapi scheduled__2024-07-01T00:00:00+00:00 [running]> on host walter-VirtualBox
[2024-07-01T23:54:36.940-0400] {taskinstance.py:2648} INFO - Exporting env vars: AIRFLOW_CTX_DAG_OWNER='airflow' AIRFLOW_CTX_DAG_ID='api_cuevana3_movie' AIRFLOW_CTX_TASK_ID='execute_post_url_fastapi' AIRFLOW_CTX_EXECUTION_DATE='2024-07-01T00:00:00+00:00' AIRFLOW_CTX_TRY_NUMBER='1' AIRFLOW_CTX_DAG_RUN_ID='scheduled__2024-07-01T00:00:00+00:00'
[2024-07-01T23:54:36.940-0400] {taskinstance.py:430} INFO - ::endgroup::
[2024-07-01T23:54:38.999-0400] {logging_mixin.py:188} INFO - Scraping URL did not find any new URLs
[2024-07-01T23:54:39.000-0400] {python.py:237} INFO - Done. Returned value was: None
[2024-07-01T23:54:39.000-0400] {taskinstance.py:441} INFO - ::group::Post task execution logs
[2024-07-01T23:54:39.004-0400] {taskinstance.py:1206} INFO - Marking task as SUCCESS. dag_id=api_cuevana3_movie, task_id=execute_post_url_fastapi, run_id=scheduled__2024-07-01T00:00:00+00:00, execution_date=20240701T000000, start_date=20240702T035436, end_date=20240702T035439
[2024-07-01T23:54:39.086-0400] {local_task_job_runner.py:240} INFO - Task exited with return code 0
[2024-07-01T23:54:39.142-0400] {taskinstance.py:3503} INFO - 3 downstream tasks scheduled from follow-on schedule check
[2024-07-01T23:54:39.161-0400] {local_task_job_runner.py:222} INFO - ::endgroup::
[2024-07-02T09:19:44.022-0400] {local_task_job_runner.py:120} INFO - ::group::Pre task execution logs
[2024-07-02T09:19:44.048-0400] {taskinstance.py:2076} INFO - Dependencies all met for dep_context=non-requeueable deps ti=<TaskInstance: api_cuevana3_movie.execute_post_url_fastapi scheduled__2024-07-01T00:00:00+00:00 [queued]>
[2024-07-02T09:19:44.058-0400] {taskinstance.py:2076} INFO - Dependencies all met for dep_context=requeueable deps ti=<TaskInstance: api_cuevana3_movie.execute_post_url_fastapi scheduled__2024-07-01T00:00:00+00:00 [queued]>
[2024-07-02T09:19:44.058-0400] {taskinstance.py:2306} INFO - Starting attempt 1 of 1
[2024-07-02T09:19:44.104-0400] {taskinstance.py:2330} INFO - Executing <Task(PythonOperator): execute_post_url_fastapi> on 2024-07-01 00:00:00+00:00
[2024-07-02T09:19:44.120-0400] {standard_task_runner.py:63} INFO - Started process 474877 to run task
[2024-07-02T09:19:44.124-0400] {standard_task_runner.py:90} INFO - Running: ['airflow', 'tasks', 'run', 'api_cuevana3_movie', 'execute_post_url_fastapi', 'scheduled__2024-07-01T00:00:00+00:00', '--job-id', '944', '--raw', '--subdir', 'DAGS_FOLDER/movie_recommend.py', '--cfg-path', '/tmp/tmpne1lr8is']
[2024-07-02T09:19:44.131-0400] {standard_task_runner.py:91} INFO - Job 944: Subtask execute_post_url_fastapi
[2024-07-02T09:19:44.212-0400] {task_command.py:426} INFO - Running <TaskInstance: api_cuevana3_movie.execute_post_url_fastapi scheduled__2024-07-01T00:00:00+00:00 [running]> on host walter-VirtualBox
[2024-07-02T09:19:44.342-0400] {taskinstance.py:2648} INFO - Exporting env vars: AIRFLOW_CTX_DAG_OWNER='airflow' AIRFLOW_CTX_DAG_ID='api_cuevana3_movie' AIRFLOW_CTX_TASK_ID='execute_post_url_fastapi' AIRFLOW_CTX_EXECUTION_DATE='2024-07-01T00:00:00+00:00' AIRFLOW_CTX_TRY_NUMBER='1' AIRFLOW_CTX_DAG_RUN_ID='scheduled__2024-07-01T00:00:00+00:00'
[2024-07-02T09:19:44.343-0400] {taskinstance.py:430} INFO - ::endgroup::
[2024-07-02T09:19:46.995-0400] {logging_mixin.py:188} INFO - Scraping URL did not find any new URLs
[2024-07-02T09:19:46.995-0400] {python.py:237} INFO - Done. Returned value was: None
[2024-07-02T09:19:46.996-0400] {taskinstance.py:441} INFO - ::group::Post task execution logs
[2024-07-02T09:19:47.008-0400] {taskinstance.py:1206} INFO - Marking task as SUCCESS. dag_id=api_cuevana3_movie, task_id=execute_post_url_fastapi, run_id=scheduled__2024-07-01T00:00:00+00:00, execution_date=20240701T000000, start_date=20240702T131944, end_date=20240702T131947
[2024-07-02T09:19:47.088-0400] {local_task_job_runner.py:240} INFO - Task exited with return code 0
[2024-07-02T09:19:47.108-0400] {taskinstance.py:3503} INFO - 3 downstream tasks scheduled from follow-on schedule check
[2024-07-02T09:19:47.131-0400] {local_task_job_runner.py:222} INFO - ::endgroup::
[2024-07-02T10:13:30.530-0400] {local_task_job_runner.py:120} INFO - ::group::Pre task execution logs
[2024-07-02T10:13:30.564-0400] {taskinstance.py:2076} INFO - Dependencies all met for dep_context=non-requeueable deps ti=<TaskInstance: api_cuevana3_movie.execute_post_url_fastapi scheduled__2024-07-01T00:00:00+00:00 [queued]>
[2024-07-02T10:13:30.573-0400] {taskinstance.py:2076} INFO - Dependencies all met for dep_context=requeueable deps ti=<TaskInstance: api_cuevana3_movie.execute_post_url_fastapi scheduled__2024-07-01T00:00:00+00:00 [queued]>
[2024-07-02T10:13:30.573-0400] {taskinstance.py:2306} INFO - Starting attempt 1 of 1
[2024-07-02T10:13:30.593-0400] {taskinstance.py:2330} INFO - Executing <Task(PythonOperator): execute_post_url_fastapi> on 2024-07-01 00:00:00+00:00
[2024-07-02T10:13:30.599-0400] {standard_task_runner.py:63} INFO - Started process 491256 to run task
[2024-07-02T10:13:30.602-0400] {standard_task_runner.py:90} INFO - Running: ['airflow', 'tasks', 'run', 'api_cuevana3_movie', 'execute_post_url_fastapi', 'scheduled__2024-07-01T00:00:00+00:00', '--job-id', '1126', '--raw', '--subdir', 'DAGS_FOLDER/movie_recommend.py', '--cfg-path', '/tmp/tmpru9gtz8j']
[2024-07-02T10:13:30.603-0400] {standard_task_runner.py:91} INFO - Job 1126: Subtask execute_post_url_fastapi
[2024-07-02T10:13:30.691-0400] {task_command.py:426} INFO - Running <TaskInstance: api_cuevana3_movie.execute_post_url_fastapi scheduled__2024-07-01T00:00:00+00:00 [running]> on host walter-VirtualBox
[2024-07-02T10:13:30.834-0400] {taskinstance.py:2648} INFO - Exporting env vars: AIRFLOW_CTX_DAG_OWNER='airflow' AIRFLOW_CTX_DAG_ID='api_cuevana3_movie' AIRFLOW_CTX_TASK_ID='execute_post_url_fastapi' AIRFLOW_CTX_EXECUTION_DATE='2024-07-01T00:00:00+00:00' AIRFLOW_CTX_TRY_NUMBER='1' AIRFLOW_CTX_DAG_RUN_ID='scheduled__2024-07-01T00:00:00+00:00'
[2024-07-02T10:13:30.835-0400] {taskinstance.py:430} INFO - ::endgroup::
[2024-07-02T10:13:33.607-0400] {logging_mixin.py:188} INFO - Scraping URL did not find any new URLs
[2024-07-02T10:13:33.608-0400] {python.py:237} INFO - Done. Returned value was: None
[2024-07-02T10:13:33.608-0400] {taskinstance.py:441} INFO - ::group::Post task execution logs
[2024-07-02T10:13:33.616-0400] {taskinstance.py:1206} INFO - Marking task as SUCCESS. dag_id=api_cuevana3_movie, task_id=execute_post_url_fastapi, run_id=scheduled__2024-07-01T00:00:00+00:00, execution_date=20240701T000000, start_date=20240702T141330, end_date=20240702T141333
[2024-07-02T10:13:33.682-0400] {local_task_job_runner.py:240} INFO - Task exited with return code 0
[2024-07-02T10:13:33.732-0400] {taskinstance.py:3503} INFO - 1 downstream tasks scheduled from follow-on schedule check
[2024-07-02T10:13:33.756-0400] {local_task_job_runner.py:222} INFO - ::endgroup::
[2024-07-02T10:51:32.305-0400] {local_task_job_runner.py:120} INFO - ::group::Pre task execution logs
[2024-07-02T10:51:32.328-0400] {taskinstance.py:2076} INFO - Dependencies all met for dep_context=non-requeueable deps ti=<TaskInstance: api_cuevana3_movie.execute_post_url_fastapi scheduled__2024-07-01T00:00:00+00:00 [queued]>
[2024-07-02T10:51:32.334-0400] {taskinstance.py:2076} INFO - Dependencies all met for dep_context=requeueable deps ti=<TaskInstance: api_cuevana3_movie.execute_post_url_fastapi scheduled__2024-07-01T00:00:00+00:00 [queued]>
[2024-07-02T10:51:32.334-0400] {taskinstance.py:2306} INFO - Starting attempt 1 of 1
[2024-07-02T10:51:32.389-0400] {taskinstance.py:2330} INFO - Executing <Task(PythonOperator): execute_post_url_fastapi> on 2024-07-01 00:00:00+00:00
[2024-07-02T10:51:32.411-0400] {standard_task_runner.py:63} INFO - Started process 499489 to run task
[2024-07-02T10:51:32.415-0400] {standard_task_runner.py:90} INFO - Running: ['airflow', 'tasks', 'run', 'api_cuevana3_movie', 'execute_post_url_fastapi', 'scheduled__2024-07-01T00:00:00+00:00', '--job-id', '1315', '--raw', '--subdir', 'DAGS_FOLDER/movie_recommend.py', '--cfg-path', '/tmp/tmp7qrpav0v']
[2024-07-02T10:51:32.419-0400] {standard_task_runner.py:91} INFO - Job 1315: Subtask execute_post_url_fastapi
[2024-07-02T10:51:32.501-0400] {task_command.py:426} INFO - Running <TaskInstance: api_cuevana3_movie.execute_post_url_fastapi scheduled__2024-07-01T00:00:00+00:00 [running]> on host walter-VirtualBox
[2024-07-02T10:51:32.696-0400] {taskinstance.py:2648} INFO - Exporting env vars: AIRFLOW_CTX_DAG_OWNER='airflow' AIRFLOW_CTX_DAG_ID='api_cuevana3_movie' AIRFLOW_CTX_TASK_ID='execute_post_url_fastapi' AIRFLOW_CTX_EXECUTION_DATE='2024-07-01T00:00:00+00:00' AIRFLOW_CTX_TRY_NUMBER='1' AIRFLOW_CTX_DAG_RUN_ID='scheduled__2024-07-01T00:00:00+00:00'
[2024-07-02T10:51:32.697-0400] {taskinstance.py:430} INFO - ::endgroup::
[2024-07-02T10:51:35.182-0400] {logging_mixin.py:188} INFO - Scraping URL did not find any new URLs
[2024-07-02T10:51:35.187-0400] {python.py:237} INFO - Done. Returned value was: None
[2024-07-02T10:51:35.188-0400] {taskinstance.py:441} INFO - ::group::Post task execution logs
[2024-07-02T10:51:35.194-0400] {taskinstance.py:1206} INFO - Marking task as SUCCESS. dag_id=api_cuevana3_movie, task_id=execute_post_url_fastapi, run_id=scheduled__2024-07-01T00:00:00+00:00, execution_date=20240701T000000, start_date=20240702T145132, end_date=20240702T145135
[2024-07-02T10:51:35.252-0400] {local_task_job_runner.py:240} INFO - Task exited with return code 0
[2024-07-02T10:51:35.284-0400] {taskinstance.py:3503} INFO - 1 downstream tasks scheduled from follow-on schedule check
[2024-07-02T10:51:35.301-0400] {local_task_job_runner.py:222} INFO - ::endgroup::
[2024-07-02T11:23:44.213-0400] {local_task_job_runner.py:120} INFO - ::group::Pre task execution logs
[2024-07-02T11:23:44.321-0400] {taskinstance.py:2076} INFO - Dependencies all met for dep_context=non-requeueable deps ti=<TaskInstance: api_cuevana3_movie.execute_post_url_fastapi scheduled__2024-07-01T00:00:00+00:00 [queued]>
[2024-07-02T11:23:44.358-0400] {taskinstance.py:2076} INFO - Dependencies all met for dep_context=requeueable deps ti=<TaskInstance: api_cuevana3_movie.execute_post_url_fastapi scheduled__2024-07-01T00:00:00+00:00 [queued]>
[2024-07-02T11:23:44.359-0400] {taskinstance.py:2306} INFO - Starting attempt 1 of 1
[2024-07-02T11:23:44.398-0400] {taskinstance.py:2330} INFO - Executing <Task(PythonOperator): execute_post_url_fastapi> on 2024-07-01 00:00:00+00:00
[2024-07-02T11:23:44.412-0400] {standard_task_runner.py:63} INFO - Started process 502583 to run task
[2024-07-02T11:23:44.420-0400] {standard_task_runner.py:90} INFO - Running: ['airflow', 'tasks', 'run', 'api_cuevana3_movie', 'execute_post_url_fastapi', 'scheduled__2024-07-01T00:00:00+00:00', '--job-id', '1340', '--raw', '--subdir', 'DAGS_FOLDER/movie_recommend.py', '--cfg-path', '/tmp/tmpocsdq5t9']
[2024-07-02T11:23:44.423-0400] {standard_task_runner.py:91} INFO - Job 1340: Subtask execute_post_url_fastapi
[2024-07-02T11:23:44.563-0400] {task_command.py:426} INFO - Running <TaskInstance: api_cuevana3_movie.execute_post_url_fastapi scheduled__2024-07-01T00:00:00+00:00 [running]> on host walter-VirtualBox
[2024-07-02T11:23:44.772-0400] {taskinstance.py:2648} INFO - Exporting env vars: AIRFLOW_CTX_DAG_OWNER='airflow' AIRFLOW_CTX_DAG_ID='api_cuevana3_movie' AIRFLOW_CTX_TASK_ID='execute_post_url_fastapi' AIRFLOW_CTX_EXECUTION_DATE='2024-07-01T00:00:00+00:00' AIRFLOW_CTX_TRY_NUMBER='1' AIRFLOW_CTX_DAG_RUN_ID='scheduled__2024-07-01T00:00:00+00:00'
[2024-07-02T11:23:44.776-0400] {taskinstance.py:430} INFO - ::endgroup::
[2024-07-02T11:23:47.183-0400] {logging_mixin.py:188} INFO - Scraping URL did not find any new URLs
[2024-07-02T11:23:47.184-0400] {python.py:237} INFO - Done. Returned value was: None
[2024-07-02T11:23:47.184-0400] {taskinstance.py:441} INFO - ::group::Post task execution logs
[2024-07-02T11:23:47.189-0400] {taskinstance.py:1206} INFO - Marking task as SUCCESS. dag_id=api_cuevana3_movie, task_id=execute_post_url_fastapi, run_id=scheduled__2024-07-01T00:00:00+00:00, execution_date=20240701T000000, start_date=20240702T152344, end_date=20240702T152347
[2024-07-02T11:23:47.262-0400] {local_task_job_runner.py:240} INFO - Task exited with return code 0
[2024-07-02T11:23:47.319-0400] {taskinstance.py:3503} INFO - 1 downstream tasks scheduled from follow-on schedule check
[2024-07-02T11:23:47.366-0400] {local_task_job_runner.py:222} INFO - ::endgroup::
