[2024-07-01T23:18:07.296-0400] {local_task_job_runner.py:120} INFO - ::group::Pre task execution logs
[2024-07-01T23:18:07.329-0400] {taskinstance.py:2076} INFO - Dependencies all met for dep_context=non-requeueable deps ti=<TaskInstance: api_cuevana3_movie.print_json scheduled__2024-07-01T10:00:00+00:00 [queued]>
[2024-07-01T23:18:07.338-0400] {taskinstance.py:2076} INFO - Dependencies all met for dep_context=requeueable deps ti=<TaskInstance: api_cuevana3_movie.print_json scheduled__2024-07-01T10:00:00+00:00 [queued]>
[2024-07-01T23:18:07.339-0400] {taskinstance.py:2306} INFO - Starting attempt 1 of 1
[2024-07-01T23:18:07.363-0400] {taskinstance.py:2330} INFO - Executing <Task(PythonOperator): print_json> on 2024-07-01 10:00:00+00:00
[2024-07-01T23:18:07.376-0400] {standard_task_runner.py:63} INFO - Started process 450295 to run task
[2024-07-01T23:18:07.379-0400] {standard_task_runner.py:90} INFO - Running: ['airflow', 'tasks', 'run', 'api_cuevana3_movie', 'print_json', 'scheduled__2024-07-01T10:00:00+00:00', '--job-id', '860', '--raw', '--subdir', 'DAGS_FOLDER/movie_recommend.py', '--cfg-path', '/tmp/tmp8be5t_d3']
[2024-07-01T23:18:07.381-0400] {standard_task_runner.py:91} INFO - Job 860: Subtask print_json
[2024-07-01T23:18:07.434-0400] {task_command.py:426} INFO - Running <TaskInstance: api_cuevana3_movie.print_json scheduled__2024-07-01T10:00:00+00:00 [running]> on host walter-VirtualBox
[2024-07-01T23:18:07.509-0400] {taskinstance.py:2648} INFO - Exporting env vars: AIRFLOW_CTX_DAG_OWNER='airflow' AIRFLOW_CTX_DAG_ID='api_cuevana3_movie' AIRFLOW_CTX_TASK_ID='print_json' AIRFLOW_CTX_EXECUTION_DATE='2024-07-01T10:00:00+00:00' AIRFLOW_CTX_TRY_NUMBER='1' AIRFLOW_CTX_DAG_RUN_ID='scheduled__2024-07-01T10:00:00+00:00'
[2024-07-01T23:18:07.510-0400] {taskinstance.py:430} INFO - ::endgroup::
[2024-07-01T23:18:07.526-0400] {logging_mixin.py:188} INFO - ('{"image_url": '
 '"https://i0.wp.com/www.themoviedb.org/t/p/w185/3HoBhPg6T5st6K09QfZh4lGB0hz.jpg", '
 '"title": "La academia del Sr. Kleks", "rating": 6.1, "duration": "2h 10m", '
 '"year": "2024", "quality": "HD", "description": "Ver la academia del sr. '
 'kleks Cuevana3.En busca de su padre, que ha desaparecido, una adolescente '
 'aparentemente normal acepta asistir a una universidad m\\u00e1gica dirigida '
 'por un profesor exc\\u00e9ntrico, el Sr. Kleks.", "genre": '
 '["Fantas\\u00eda", "Aventura", "Familia"], "country": "Bulgaria", '
 '"director": "Maciej Kawulski", "actors": ["Antonina Litwiniak,", "Tomasz '
 'Kot,", "Piotr Fronczewski,", "Sebastian Stankiewicz,", "Agnieszka '
 'Grochowska,", "Danuta Stenka,", "Daniel Walasek,", "Konrad Repi\\u0144ski,", '
 '"Igor Fernandez-Kowalczyk,", "Apolonia Ga\\u0142\\u0119ska,", "Daria '
 'Kalinchuk,", "Amelia Luty\\u0144ska,", "Enkhkhangaluun Byambadul,", "Jan '
 'Makowski,", "Jana Jachimek,", "Liu Sitkowska,", "Maria Al Tlfah,", "Dima Al '
 'Tlfah,", "Nikodem Adamski,", "Julian Mr\\u00f3wczy\\u0144ski,", "Adam '
 'Panikowski,"], "views": 50}')
[2024-07-01T23:18:07.526-0400] {python.py:237} INFO - Done. Returned value was: None
[2024-07-01T23:18:07.527-0400] {taskinstance.py:441} INFO - ::group::Post task execution logs
[2024-07-01T23:18:07.529-0400] {taskinstance.py:1206} INFO - Marking task as SUCCESS. dag_id=api_cuevana3_movie, task_id=print_json, run_id=scheduled__2024-07-01T10:00:00+00:00, execution_date=20240701T100000, start_date=20240702T031807, end_date=20240702T031807
[2024-07-01T23:18:07.606-0400] {local_task_job_runner.py:240} INFO - Task exited with return code 0
[2024-07-01T23:18:07.616-0400] {taskinstance.py:3503} INFO - 0 downstream tasks scheduled from follow-on schedule check
[2024-07-01T23:18:07.617-0400] {local_task_job_runner.py:222} INFO - ::endgroup::
