[2024-07-16 13:02:17,237] INFO [Controller id=2] Processing automatic preferred replica leader election (kafka.controller.KafkaController)
[2024-07-16 13:02:17,237] TRACE [Controller id=2] Checking need to trigger auto leader balancing (kafka.controller.KafkaController)
[2024-07-16 13:02:17,239] DEBUG [Controller id=2] Topics not in preferred replica for broker 1 HashMap(airflow-kafka-spark-1 -> List(1, 2)) (kafka.controller.KafkaController)
[2024-07-16 13:02:17,239] TRACE [Controller id=2] Leader imbalance ratio for broker 1 is 0.043478260869565216 (kafka.controller.KafkaController)
[2024-07-16 13:02:17,240] DEBUG [Controller id=2] Topics not in preferred replica for broker 2 HashMap() (kafka.controller.KafkaController)
[2024-07-16 13:02:17,240] TRACE [Controller id=2] Leader imbalance ratio for broker 2 is 0.0 (kafka.controller.KafkaController)
[2024-07-16 13:02:17,241] DEBUG [Controller id=2] Topics not in preferred replica for broker 3 HashMap() (kafka.controller.KafkaController)
[2024-07-16 13:02:17,241] TRACE [Controller id=2] Leader imbalance ratio for broker 3 is 0.0 (kafka.controller.KafkaController)
[2024-07-16 13:07:17,241] INFO [Controller id=2] Processing automatic preferred replica leader election (kafka.controller.KafkaController)
[2024-07-16 13:07:17,241] TRACE [Controller id=2] Checking need to trigger auto leader balancing (kafka.controller.KafkaController)
[2024-07-16 13:07:17,248] DEBUG [Controller id=2] Topics not in preferred replica for broker 1 HashMap(airflow-kafka-spark-1 -> List(1, 2)) (kafka.controller.KafkaController)
[2024-07-16 13:07:17,248] TRACE [Controller id=2] Leader imbalance ratio for broker 1 is 0.043478260869565216 (kafka.controller.KafkaController)
[2024-07-16 13:07:17,249] DEBUG [Controller id=2] Topics not in preferred replica for broker 2 HashMap() (kafka.controller.KafkaController)
[2024-07-16 13:07:17,249] TRACE [Controller id=2] Leader imbalance ratio for broker 2 is 0.0 (kafka.controller.KafkaController)
[2024-07-16 13:07:17,249] DEBUG [Controller id=2] Topics not in preferred replica for broker 3 HashMap() (kafka.controller.KafkaController)
[2024-07-16 13:07:17,249] TRACE [Controller id=2] Leader imbalance ratio for broker 3 is 0.0 (kafka.controller.KafkaController)
[2024-07-16 13:12:17,251] INFO [Controller id=2] Processing automatic preferred replica leader election (kafka.controller.KafkaController)
[2024-07-16 13:12:17,251] TRACE [Controller id=2] Checking need to trigger auto leader balancing (kafka.controller.KafkaController)
[2024-07-16 13:12:17,256] DEBUG [Controller id=2] Topics not in preferred replica for broker 1 HashMap(airflow-kafka-spark-1 -> List(1, 2)) (kafka.controller.KafkaController)
[2024-07-16 13:12:17,256] TRACE [Controller id=2] Leader imbalance ratio for broker 1 is 0.043478260869565216 (kafka.controller.KafkaController)
[2024-07-16 13:12:17,256] DEBUG [Controller id=2] Topics not in preferred replica for broker 2 HashMap() (kafka.controller.KafkaController)
[2024-07-16 13:12:17,257] TRACE [Controller id=2] Leader imbalance ratio for broker 2 is 0.0 (kafka.controller.KafkaController)
[2024-07-16 13:12:17,257] DEBUG [Controller id=2] Topics not in preferred replica for broker 3 HashMap() (kafka.controller.KafkaController)
[2024-07-16 13:12:17,257] TRACE [Controller id=2] Leader imbalance ratio for broker 3 is 0.0 (kafka.controller.KafkaController)
[2024-07-16 13:17:17,259] INFO [Controller id=2] Processing automatic preferred replica leader election (kafka.controller.KafkaController)
[2024-07-16 13:17:17,259] TRACE [Controller id=2] Checking need to trigger auto leader balancing (kafka.controller.KafkaController)
[2024-07-16 13:17:17,270] DEBUG [Controller id=2] Topics not in preferred replica for broker 1 HashMap(airflow-kafka-spark-1 -> List(1, 2)) (kafka.controller.KafkaController)
[2024-07-16 13:17:17,270] TRACE [Controller id=2] Leader imbalance ratio for broker 1 is 0.043478260869565216 (kafka.controller.KafkaController)
[2024-07-16 13:17:17,270] DEBUG [Controller id=2] Topics not in preferred replica for broker 2 HashMap() (kafka.controller.KafkaController)
[2024-07-16 13:17:17,271] TRACE [Controller id=2] Leader imbalance ratio for broker 2 is 0.0 (kafka.controller.KafkaController)
[2024-07-16 13:17:17,271] DEBUG [Controller id=2] Topics not in preferred replica for broker 3 HashMap() (kafka.controller.KafkaController)
[2024-07-16 13:17:17,271] TRACE [Controller id=2] Leader imbalance ratio for broker 3 is 0.0 (kafka.controller.KafkaController)
[2024-07-16 13:22:17,276] INFO [Controller id=2] Processing automatic preferred replica leader election (kafka.controller.KafkaController)
[2024-07-16 13:22:17,276] TRACE [Controller id=2] Checking need to trigger auto leader balancing (kafka.controller.KafkaController)
[2024-07-16 13:22:17,278] DEBUG [Controller id=2] Topics not in preferred replica for broker 1 HashMap(airflow-kafka-spark-1 -> List(1, 2)) (kafka.controller.KafkaController)
[2024-07-16 13:22:17,278] TRACE [Controller id=2] Leader imbalance ratio for broker 1 is 0.043478260869565216 (kafka.controller.KafkaController)
[2024-07-16 13:22:17,278] DEBUG [Controller id=2] Topics not in preferred replica for broker 2 HashMap() (kafka.controller.KafkaController)
[2024-07-16 13:22:17,278] TRACE [Controller id=2] Leader imbalance ratio for broker 2 is 0.0 (kafka.controller.KafkaController)
[2024-07-16 13:22:17,278] DEBUG [Controller id=2] Topics not in preferred replica for broker 3 HashMap() (kafka.controller.KafkaController)
[2024-07-16 13:22:17,278] TRACE [Controller id=2] Leader imbalance ratio for broker 3 is 0.0 (kafka.controller.KafkaController)
[2024-07-16 13:27:17,280] INFO [Controller id=2] Processing automatic preferred replica leader election (kafka.controller.KafkaController)
[2024-07-16 13:27:17,281] TRACE [Controller id=2] Checking need to trigger auto leader balancing (kafka.controller.KafkaController)
[2024-07-16 13:27:17,288] DEBUG [Controller id=2] Topics not in preferred replica for broker 1 HashMap(airflow-kafka-spark-1 -> List(1, 2)) (kafka.controller.KafkaController)
[2024-07-16 13:27:17,288] TRACE [Controller id=2] Leader imbalance ratio for broker 1 is 0.043478260869565216 (kafka.controller.KafkaController)
[2024-07-16 13:27:17,289] DEBUG [Controller id=2] Topics not in preferred replica for broker 2 HashMap() (kafka.controller.KafkaController)
[2024-07-16 13:27:17,289] TRACE [Controller id=2] Leader imbalance ratio for broker 2 is 0.0 (kafka.controller.KafkaController)
[2024-07-16 13:27:17,289] DEBUG [Controller id=2] Topics not in preferred replica for broker 3 HashMap() (kafka.controller.KafkaController)
[2024-07-16 13:27:17,289] TRACE [Controller id=2] Leader imbalance ratio for broker 3 is 0.0 (kafka.controller.KafkaController)
[2024-07-16 13:32:17,290] INFO [Controller id=2] Processing automatic preferred replica leader election (kafka.controller.KafkaController)
[2024-07-16 13:32:17,290] TRACE [Controller id=2] Checking need to trigger auto leader balancing (kafka.controller.KafkaController)
[2024-07-16 13:32:17,290] DEBUG [Controller id=2] Topics not in preferred replica for broker 1 HashMap(airflow-kafka-spark-1 -> List(1, 2)) (kafka.controller.KafkaController)
[2024-07-16 13:32:17,290] TRACE [Controller id=2] Leader imbalance ratio for broker 1 is 0.043478260869565216 (kafka.controller.KafkaController)
[2024-07-16 13:32:17,290] DEBUG [Controller id=2] Topics not in preferred replica for broker 2 HashMap() (kafka.controller.KafkaController)
[2024-07-16 13:32:17,291] TRACE [Controller id=2] Leader imbalance ratio for broker 2 is 0.0 (kafka.controller.KafkaController)
[2024-07-16 13:32:17,291] DEBUG [Controller id=2] Topics not in preferred replica for broker 3 HashMap() (kafka.controller.KafkaController)
[2024-07-16 13:32:17,291] TRACE [Controller id=2] Leader imbalance ratio for broker 3 is 0.0 (kafka.controller.KafkaController)
[2024-07-16 13:37:17,292] INFO [Controller id=2] Processing automatic preferred replica leader election (kafka.controller.KafkaController)
[2024-07-16 13:37:17,293] TRACE [Controller id=2] Checking need to trigger auto leader balancing (kafka.controller.KafkaController)
[2024-07-16 13:37:17,296] DEBUG [Controller id=2] Topics not in preferred replica for broker 1 HashMap(airflow-kafka-spark-1 -> List(1, 2)) (kafka.controller.KafkaController)
[2024-07-16 13:37:17,296] TRACE [Controller id=2] Leader imbalance ratio for broker 1 is 0.043478260869565216 (kafka.controller.KafkaController)
[2024-07-16 13:37:17,296] DEBUG [Controller id=2] Topics not in preferred replica for broker 2 HashMap() (kafka.controller.KafkaController)
[2024-07-16 13:37:17,296] TRACE [Controller id=2] Leader imbalance ratio for broker 2 is 0.0 (kafka.controller.KafkaController)
[2024-07-16 13:37:17,296] DEBUG [Controller id=2] Topics not in preferred replica for broker 3 HashMap() (kafka.controller.KafkaController)
[2024-07-16 13:37:17,296] TRACE [Controller id=2] Leader imbalance ratio for broker 3 is 0.0 (kafka.controller.KafkaController)
[2024-07-16 13:42:17,299] INFO [Controller id=2] Processing automatic preferred replica leader election (kafka.controller.KafkaController)
[2024-07-16 13:42:17,299] TRACE [Controller id=2] Checking need to trigger auto leader balancing (kafka.controller.KafkaController)
[2024-07-16 13:42:17,299] DEBUG [Controller id=2] Topics not in preferred replica for broker 1 HashMap(airflow-kafka-spark-1 -> List(1, 2)) (kafka.controller.KafkaController)
[2024-07-16 13:42:17,299] TRACE [Controller id=2] Leader imbalance ratio for broker 1 is 0.043478260869565216 (kafka.controller.KafkaController)
[2024-07-16 13:42:17,299] DEBUG [Controller id=2] Topics not in preferred replica for broker 2 HashMap() (kafka.controller.KafkaController)
[2024-07-16 13:42:17,299] TRACE [Controller id=2] Leader imbalance ratio for broker 2 is 0.0 (kafka.controller.KafkaController)
[2024-07-16 13:42:17,299] DEBUG [Controller id=2] Topics not in preferred replica for broker 3 HashMap() (kafka.controller.KafkaController)
[2024-07-16 13:42:17,299] TRACE [Controller id=2] Leader imbalance ratio for broker 3 is 0.0 (kafka.controller.KafkaController)
[2024-07-16 13:47:17,302] INFO [Controller id=2] Processing automatic preferred replica leader election (kafka.controller.KafkaController)
[2024-07-16 13:47:17,302] TRACE [Controller id=2] Checking need to trigger auto leader balancing (kafka.controller.KafkaController)
[2024-07-16 13:47:17,302] DEBUG [Controller id=2] Topics not in preferred replica for broker 1 HashMap(airflow-kafka-spark-1 -> List(1, 2)) (kafka.controller.KafkaController)
[2024-07-16 13:47:17,302] TRACE [Controller id=2] Leader imbalance ratio for broker 1 is 0.043478260869565216 (kafka.controller.KafkaController)
[2024-07-16 13:47:17,302] DEBUG [Controller id=2] Topics not in preferred replica for broker 2 HashMap() (kafka.controller.KafkaController)
[2024-07-16 13:47:17,302] TRACE [Controller id=2] Leader imbalance ratio for broker 2 is 0.0 (kafka.controller.KafkaController)
[2024-07-16 13:47:17,302] DEBUG [Controller id=2] Topics not in preferred replica for broker 3 HashMap() (kafka.controller.KafkaController)
[2024-07-16 13:47:17,302] TRACE [Controller id=2] Leader imbalance ratio for broker 3 is 0.0 (kafka.controller.KafkaController)
