[2024-07-15 18:08:55,666] INFO Cleaner 0: Beginning cleaning of log __consumer_offsets-15 (kafka.log.LogCleaner)
[2024-07-15 18:08:55,689] INFO Cleaner 0: Building offset map for __consumer_offsets-15... (kafka.log.LogCleaner)
[2024-07-15 18:09:06,961] INFO Cleaner 0: Building offset map for log __consumer_offsets-15 for 1 segments in offset range [0, 243). (kafka.log.LogCleaner)
[2024-07-15 18:09:07,770] INFO Cleaner 0: Offset map for log __consumer_offsets-15 complete. (kafka.log.LogCleaner)
[2024-07-15 18:09:07,817] INFO Cleaner 0: Cleaning log __consumer_offsets-15 (cleaning prior to Tue Jul 02 11:26:27 PYT 2024, discarding tombstones prior to upper bound deletion horizon Wed Dec 31 20:00:00 PYT 1969)... (kafka.log.LogCleaner)
[2024-07-15 18:09:07,895] INFO Cleaner 0: Cleaning LogSegment(baseOffset=0, size=39821, lastModifiedTime=1719933987188, largestRecordTimestamp=Some(1719933987188)) in log __consumer_offsets-15 into 0 with an upper bound deletion horizon 0 computed from the segment last modified time of 1719933987188,retaining deletes. (kafka.log.LogCleaner)
[2024-07-15 18:09:08,059] INFO Cleaner 0: Swapping in cleaned segment LogSegment(baseOffset=0, size=520, lastModifiedTime=1719933987188, largestRecordTimestamp=Some(1719933987188)) for segment(s) List(LogSegment(baseOffset=0, size=39821, lastModifiedTime=1719933987188, largestRecordTimestamp=Some(1719933987188))) in log Log(dir=/home/walter/Descargas/kafka/data/kafka/broker_1/__consumer_offsets-15, topicId=oQ4WDIiQQF6RLo01hvSo5g, topic=__consumer_offsets, partition=15, highWatermark=247, lastStableOffset=247, logStartOffset=0, logEndOffset=247) (kafka.log.LogCleaner)
[2024-07-15 18:09:08,250] INFO [kafka-log-cleaner-thread-0]: 
	Log cleaner thread 0 cleaned log __consumer_offsets-15 (dirty section = [0, 243])
	0,0 MB of log processed in 12,5 seconds (0,0 MB/sec).
	Indexed 0,0 MB in 12,1 seconds (0,0 Mb/sec, 97,1% of total time)
	Buffer utilization: 0,0%
	Cleaned 0,0 MB in 0,4 seconds (0,1 Mb/sec, 2,9% of total time)
	Start size: 0,0 MB (243 messages)
	End size: 0,0 MB (5 messages)
	98,7% size reduction (97,9% fewer messages)
 (kafka.log.LogCleaner)
[2024-07-15 18:09:08,311] INFO Cleaner 0: Beginning cleaning of log __consumer_offsets-27 (kafka.log.LogCleaner)
[2024-07-15 18:09:08,311] INFO Cleaner 0: Building offset map for __consumer_offsets-27... (kafka.log.LogCleaner)
[2024-07-15 18:09:08,351] INFO Cleaner 0: Building offset map for log __consumer_offsets-27 for 1 segments in offset range [0, 1238). (kafka.log.LogCleaner)
[2024-07-15 18:09:08,404] INFO Cleaner 0: Offset map for log __consumer_offsets-27 complete. (kafka.log.LogCleaner)
[2024-07-15 18:09:08,405] INFO Cleaner 0: Cleaning log __consumer_offsets-27 (cleaning prior to Tue Jul 02 11:25:48 PYT 2024, discarding tombstones prior to upper bound deletion horizon Wed Dec 31 20:00:00 PYT 1969)... (kafka.log.LogCleaner)
[2024-07-15 18:09:08,406] INFO Cleaner 0: Cleaning LogSegment(baseOffset=0, size=166455, lastModifiedTime=1719933948248, largestRecordTimestamp=Some(1719933948249)) in log __consumer_offsets-27 into 0 with an upper bound deletion horizon 0 computed from the segment last modified time of 1719933948248,retaining deletes. (kafka.log.LogCleaner)
[2024-07-15 18:09:08,459] INFO Cleaner 0: Swapping in cleaned segment LogSegment(baseOffset=0, size=560, lastModifiedTime=1719933948248, largestRecordTimestamp=Some(1719933948249)) for segment(s) List(LogSegment(baseOffset=0, size=166455, lastModifiedTime=1719933948248, largestRecordTimestamp=Some(1719933948249))) in log Log(dir=/home/walter/Descargas/kafka/data/kafka/broker_1/__consumer_offsets-27, topicId=oQ4WDIiQQF6RLo01hvSo5g, topic=__consumer_offsets, partition=27, highWatermark=1242, lastStableOffset=1242, logStartOffset=0, logEndOffset=1242) (kafka.log.LogCleaner)
[2024-07-15 18:09:08,471] INFO [kafka-log-cleaner-thread-0]: 
	Log cleaner thread 0 cleaned log __consumer_offsets-27 (dirty section = [0, 1238])
	0,2 MB of log processed in 0,2 seconds (1,0 MB/sec).
	Indexed 0,2 MB in 0,1 seconds (1,7 Mb/sec, 60,8% of total time)
	Buffer utilization: 0,0%
	Cleaned 0,2 MB in 0,1 seconds (2,6 Mb/sec, 39,2% of total time)
	Start size: 0,2 MB (1.238 messages)
	End size: 0,0 MB (5 messages)
	99,7% size reduction (99,6% fewer messages)
 (kafka.log.LogCleaner)
