[2024-07-15 18:12:27,604] INFO [Broker id=1] Add 66 partitions and deleted 0 partitions from metadata cache in response to UpdateMetadata request sent by controller 2 epoch 8 with correlation id 0 (state.change.logger)
[2024-07-15 18:12:27,774] INFO [Broker id=1] Handling LeaderAndIsr request correlationId 1 from controller 2 for 24 partitions (state.change.logger)
[2024-07-15 18:12:27,941] ERROR [Broker id=1] Received LeaderAndIsrRequest with correlation id 1 from controller 2 epoch 8 for partition kafka-integration-spark-1 (last update controller epoch 8) but cannot become follower since the new leader -1 is unavailable. (state.change.logger)
[2024-07-15 18:12:27,942] ERROR [Broker id=1] Received LeaderAndIsrRequest with correlation id 1 from controller 2 epoch 8 for partition __consumer_offsets-3 (last update controller epoch 8) but cannot become follower since the new leader -1 is unavailable. (state.change.logger)
[2024-07-15 18:12:27,945] ERROR [Broker id=1] Received LeaderAndIsrRequest with correlation id 1 from controller 2 epoch 8 for partition __consumer_offsets-18 (last update controller epoch 8) but cannot become follower since the new leader -1 is unavailable. (state.change.logger)
[2024-07-15 18:12:27,945] ERROR [Broker id=1] Received LeaderAndIsrRequest with correlation id 1 from controller 2 epoch 8 for partition __consumer_offsets-33 (last update controller epoch 8) but cannot become follower since the new leader -1 is unavailable. (state.change.logger)
[2024-07-15 18:12:27,945] ERROR [Broker id=1] Received LeaderAndIsrRequest with correlation id 1 from controller 2 epoch 8 for partition __consumer_offsets-48 (last update controller epoch 8) but cannot become follower since the new leader -1 is unavailable. (state.change.logger)
[2024-07-15 18:12:27,945] ERROR [Broker id=1] Received LeaderAndIsrRequest with correlation id 1 from controller 2 epoch 8 for partition movie-urls-2 (last update controller epoch 8) but cannot become follower since the new leader -1 is unavailable. (state.change.logger)
[2024-07-15 18:12:27,950] ERROR [Broker id=1] Received LeaderAndIsrRequest with correlation id 1 from controller 2 epoch 8 for partition meteoblue_topic-0 (last update controller epoch 8) but cannot become follower since the new leader -1 is unavailable. (state.change.logger)
[2024-07-15 18:12:27,951] ERROR [Broker id=1] Received LeaderAndIsrRequest with correlation id 1 from controller 2 epoch 8 for partition __consumer_offsets-45 (last update controller epoch 8) but cannot become follower since the new leader -1 is unavailable. (state.change.logger)
[2024-07-15 18:12:27,951] ERROR [Broker id=1] Received LeaderAndIsrRequest with correlation id 1 from controller 2 epoch 8 for partition __consumer_offsets-15 (last update controller epoch 8) but cannot become follower since the new leader -1 is unavailable. (state.change.logger)
[2024-07-15 18:12:27,951] ERROR [Broker id=1] Received LeaderAndIsrRequest with correlation id 1 from controller 2 epoch 8 for partition __consumer_offsets-30 (last update controller epoch 8) but cannot become follower since the new leader -1 is unavailable. (state.change.logger)
[2024-07-15 18:12:27,951] ERROR [Broker id=1] Received LeaderAndIsrRequest with correlation id 1 from controller 2 epoch 8 for partition __consumer_offsets-0 (last update controller epoch 8) but cannot become follower since the new leader -1 is unavailable. (state.change.logger)
[2024-07-15 18:12:27,951] ERROR [Broker id=1] Received LeaderAndIsrRequest with correlation id 1 from controller 2 epoch 8 for partition movie-details-2 (last update controller epoch 8) but cannot become follower since the new leader -1 is unavailable. (state.change.logger)
[2024-07-15 18:12:28,018] INFO [Broker id=1] Follower airflow-kafka-spark-0 starts at leader epoch 13 from offset 629 with partition epoch 18 and high watermark 629. Current leader is 3. Previous leader Some(3) and previous leader epoch was 13. (state.change.logger)
[2024-07-15 18:12:28,021] ERROR [Broker id=1] Received LeaderAndIsrRequest with correlation id 1 from controller 2 epoch 8 for partition __consumer_offsets-39 (last update controller epoch 8) but cannot become follower since the new leader -1 is unavailable. (state.change.logger)
[2024-07-15 18:12:28,021] ERROR [Broker id=1] Received LeaderAndIsrRequest with correlation id 1 from controller 2 epoch 8 for partition __consumer_offsets-9 (last update controller epoch 8) but cannot become follower since the new leader -1 is unavailable. (state.change.logger)
[2024-07-15 18:12:28,021] ERROR [Broker id=1] Received LeaderAndIsrRequest with correlation id 1 from controller 2 epoch 8 for partition __consumer_offsets-24 (last update controller epoch 8) but cannot become follower since the new leader -1 is unavailable. (state.change.logger)
[2024-07-15 18:12:28,021] ERROR [Broker id=1] Received LeaderAndIsrRequest with correlation id 1 from controller 2 epoch 8 for partition __consumer_offsets-27 (last update controller epoch 8) but cannot become follower since the new leader -1 is unavailable. (state.change.logger)
[2024-07-15 18:12:28,021] ERROR [Broker id=1] Received LeaderAndIsrRequest with correlation id 1 from controller 2 epoch 8 for partition __consumer_offsets-42 (last update controller epoch 8) but cannot become follower since the new leader -1 is unavailable. (state.change.logger)
[2024-07-15 18:12:28,021] ERROR [Broker id=1] Received LeaderAndIsrRequest with correlation id 1 from controller 2 epoch 8 for partition kafka-spark-2 (last update controller epoch 8) but cannot become follower since the new leader -1 is unavailable. (state.change.logger)
[2024-07-15 18:12:28,021] ERROR [Broker id=1] Received LeaderAndIsrRequest with correlation id 1 from controller 2 epoch 8 for partition __consumer_offsets-12 (last update controller epoch 8) but cannot become follower since the new leader -1 is unavailable. (state.change.logger)
[2024-07-15 18:12:28,022] INFO [Broker id=1] Follower airflow-kafka-spark-1 starts at leader epoch 12 from offset 610 with partition epoch 18 and high watermark 610. Current leader is 2. Previous leader Some(2) and previous leader epoch was 12. (state.change.logger)
[2024-07-15 18:12:28,022] ERROR [Broker id=1] Received LeaderAndIsrRequest with correlation id 1 from controller 2 epoch 8 for partition __consumer_offsets-21 (last update controller epoch 8) but cannot become follower since the new leader -1 is unavailable. (state.change.logger)
[2024-07-15 18:12:28,022] ERROR [Broker id=1] Received LeaderAndIsrRequest with correlation id 1 from controller 2 epoch 8 for partition __consumer_offsets-36 (last update controller epoch 8) but cannot become follower since the new leader -1 is unavailable. (state.change.logger)
[2024-07-15 18:12:28,022] ERROR [Broker id=1] Received LeaderAndIsrRequest with correlation id 1 from controller 2 epoch 8 for partition __consumer_offsets-6 (last update controller epoch 8) but cannot become follower since the new leader -1 is unavailable. (state.change.logger)
[2024-07-15 18:12:28,122] INFO [Broker id=1] Stopped fetchers as part of become-follower request from controller 2 epoch 8 with correlation id 1 for 2 partitions (state.change.logger)
[2024-07-15 18:12:28,450] INFO [Broker id=1] Finished LeaderAndIsr request in 698ms correlationId 1 from controller 2 for 24 partitions (state.change.logger)
[2024-07-15 18:12:28,460] INFO [Broker id=1] Add 24 partitions and deleted 0 partitions from metadata cache in response to UpdateMetadata request sent by controller 2 epoch 8 with correlation id 2 (state.change.logger)
[2024-07-15 18:12:28,487] INFO [Broker id=1] Handling LeaderAndIsr request correlationId 3 from controller 2 for 22 partitions (state.change.logger)
[2024-07-15 18:12:28,733] INFO [Broker id=1] Stopped fetchers as part of LeaderAndIsr request correlationId 3 from controller 2 epoch 8 as part of the become-leader transition for 22 partitions (state.change.logger)
[2024-07-15 18:12:28,740] INFO [Broker id=1] Leader kafka-integration-spark-1 with topic id Some(ZYNTTkPlS0ycvHVcVV7iRA) starts at leader epoch 8 from offset 0 with partition epoch 8, high watermark 0, ISR [1], adding replicas [] and removing replicas [] . Previous leader Some(1) and previous leader epoch was 6. (state.change.logger)
[2024-07-15 18:12:28,864] INFO [Broker id=1] Leader __consumer_offsets-3 with topic id Some(oQ4WDIiQQF6RLo01hvSo5g) starts at leader epoch 8 from offset 3 with partition epoch 8, high watermark 3, ISR [1], adding replicas [] and removing replicas [] . Previous leader Some(1) and previous leader epoch was 6. (state.change.logger)
[2024-07-15 18:12:28,881] INFO [Broker id=1] Leader __consumer_offsets-18 with topic id Some(oQ4WDIiQQF6RLo01hvSo5g) starts at leader epoch 8 from offset 6 with partition epoch 8, high watermark 6, ISR [1], adding replicas [] and removing replicas [] . Previous leader Some(1) and previous leader epoch was 6. (state.change.logger)
[2024-07-15 18:12:28,902] INFO [Broker id=1] Leader movie-details-2 with topic id Some(QXBnSAhhRVuHnDLQUE4uUQ) starts at leader epoch 2 from offset 128 with partition epoch 2, high watermark 128, ISR [1], adding replicas [] and removing replicas [] . Previous leader Some(1) and previous leader epoch was 0. (state.change.logger)
[2024-07-15 18:12:28,969] INFO [Broker id=1] Leader __consumer_offsets-39 with topic id Some(oQ4WDIiQQF6RLo01hvSo5g) starts at leader epoch 8 from offset 0 with partition epoch 8, high watermark 0, ISR [1], adding replicas [] and removing replicas [] . Previous leader Some(1) and previous leader epoch was 6. (state.change.logger)
[2024-07-15 18:12:29,116] INFO [Broker id=1] Leader __consumer_offsets-9 with topic id Some(oQ4WDIiQQF6RLo01hvSo5g) starts at leader epoch 8 from offset 0 with partition epoch 8, high watermark 0, ISR [1], adding replicas [] and removing replicas [] . Previous leader Some(1) and previous leader epoch was 6. (state.change.logger)
[2024-07-15 18:12:30,572] INFO [Broker id=1] Leader __consumer_offsets-24 with topic id Some(oQ4WDIiQQF6RLo01hvSo5g) starts at leader epoch 8 from offset 0 with partition epoch 8, high watermark 0, ISR [1], adding replicas [] and removing replicas [] . Previous leader Some(1) and previous leader epoch was 6. (state.change.logger)
[2024-07-15 18:12:30,617] INFO [Broker id=1] Leader __consumer_offsets-27 with topic id Some(oQ4WDIiQQF6RLo01hvSo5g) starts at leader epoch 8 from offset 1242 with partition epoch 8, high watermark 1242, ISR [1], adding replicas [] and removing replicas [] . Previous leader Some(1) and previous leader epoch was 6. (state.change.logger)
[2024-07-15 18:12:30,676] INFO [Broker id=1] Leader __consumer_offsets-42 with topic id Some(oQ4WDIiQQF6RLo01hvSo5g) starts at leader epoch 8 from offset 0 with partition epoch 8, high watermark 0, ISR [1], adding replicas [] and removing replicas [] . Previous leader Some(1) and previous leader epoch was 6. (state.change.logger)
[2024-07-15 18:12:30,719] INFO [Broker id=1] Leader kafka-spark-2 with topic id Some(237UcznbR8uiJ16DjNj_Iw) starts at leader epoch 8 from offset 0 with partition epoch 8, high watermark 0, ISR [1], adding replicas [] and removing replicas [] . Previous leader Some(1) and previous leader epoch was 6. (state.change.logger)
[2024-07-15 18:12:30,752] INFO [Broker id=1] Leader __consumer_offsets-12 with topic id Some(oQ4WDIiQQF6RLo01hvSo5g) starts at leader epoch 8 from offset 3 with partition epoch 8, high watermark 3, ISR [1], adding replicas [] and removing replicas [] . Previous leader Some(1) and previous leader epoch was 6. (state.change.logger)
[2024-07-15 18:12:30,810] INFO [Broker id=1] Leader __consumer_offsets-33 with topic id Some(oQ4WDIiQQF6RLo01hvSo5g) starts at leader epoch 8 from offset 0 with partition epoch 8, high watermark 0, ISR [1], adding replicas [] and removing replicas [] . Previous leader Some(1) and previous leader epoch was 6. (state.change.logger)
[2024-07-15 18:12:30,853] INFO [Broker id=1] Leader __consumer_offsets-48 with topic id Some(oQ4WDIiQQF6RLo01hvSo5g) starts at leader epoch 8 from offset 0 with partition epoch 8, high watermark 0, ISR [1], adding replicas [] and removing replicas [] . Previous leader Some(1) and previous leader epoch was 6. (state.change.logger)
[2024-07-15 18:12:30,880] INFO [Broker id=1] Leader __consumer_offsets-21 with topic id Some(oQ4WDIiQQF6RLo01hvSo5g) starts at leader epoch 8 from offset 0 with partition epoch 8, high watermark 0, ISR [1], adding replicas [] and removing replicas [] . Previous leader Some(1) and previous leader epoch was 6. (state.change.logger)
[2024-07-15 18:12:30,963] INFO [Broker id=1] Leader __consumer_offsets-36 with topic id Some(oQ4WDIiQQF6RLo01hvSo5g) starts at leader epoch 8 from offset 0 with partition epoch 8, high watermark 0, ISR [1], adding replicas [] and removing replicas [] . Previous leader Some(1) and previous leader epoch was 6. (state.change.logger)
[2024-07-15 18:12:31,041] INFO [Broker id=1] Leader __consumer_offsets-6 with topic id Some(oQ4WDIiQQF6RLo01hvSo5g) starts at leader epoch 8 from offset 3 with partition epoch 8, high watermark 3, ISR [1], adding replicas [] and removing replicas [] . Previous leader Some(1) and previous leader epoch was 6. (state.change.logger)
[2024-07-15 18:12:31,141] INFO [Broker id=1] Leader movie-urls-2 with topic id Some(EiX4oZVMQNGEiUBl0mRYSg) starts at leader epoch 2 from offset 133 with partition epoch 2, high watermark 133, ISR [1], adding replicas [] and removing replicas [] . Previous leader Some(1) and previous leader epoch was 0. (state.change.logger)
[2024-07-15 18:12:31,205] INFO [Broker id=1] Leader meteoblue_topic-0 with topic id Some(bq0VWxizQkCxuqkT9BlSFg) starts at leader epoch 8 from offset 2 with partition epoch 8, high watermark 2, ISR [1], adding replicas [] and removing replicas [] . Previous leader Some(1) and previous leader epoch was 6. (state.change.logger)
[2024-07-15 18:12:31,302] INFO [Broker id=1] Leader __consumer_offsets-45 with topic id Some(oQ4WDIiQQF6RLo01hvSo5g) starts at leader epoch 8 from offset 0 with partition epoch 8, high watermark 0, ISR [1], adding replicas [] and removing replicas [] . Previous leader Some(1) and previous leader epoch was 6. (state.change.logger)
[2024-07-15 18:12:31,344] INFO [Broker id=1] Leader __consumer_offsets-15 with topic id Some(oQ4WDIiQQF6RLo01hvSo5g) starts at leader epoch 8 from offset 247 with partition epoch 8, high watermark 247, ISR [1], adding replicas [] and removing replicas [] . Previous leader Some(1) and previous leader epoch was 6. (state.change.logger)
[2024-07-15 18:12:31,401] INFO [Broker id=1] Leader __consumer_offsets-30 with topic id Some(oQ4WDIiQQF6RLo01hvSo5g) starts at leader epoch 8 from offset 0 with partition epoch 8, high watermark 0, ISR [1], adding replicas [] and removing replicas [] . Previous leader Some(1) and previous leader epoch was 6. (state.change.logger)
[2024-07-15 18:12:31,468] INFO [Broker id=1] Leader __consumer_offsets-0 with topic id Some(oQ4WDIiQQF6RLo01hvSo5g) starts at leader epoch 8 from offset 6 with partition epoch 8, high watermark 6, ISR [1], adding replicas [] and removing replicas [] . Previous leader Some(1) and previous leader epoch was 6. (state.change.logger)
[2024-07-15 18:12:31,489] INFO [Broker id=1] Finished LeaderAndIsr request in 3002ms correlationId 3 from controller 2 for 22 partitions (state.change.logger)
[2024-07-15 18:12:31,507] INFO [Broker id=1] Add 22 partitions and deleted 0 partitions from metadata cache in response to UpdateMetadata request sent by controller 2 epoch 8 with correlation id 4 (state.change.logger)
[2024-07-15 18:12:31,513] INFO [Broker id=1] Add 1 partitions and deleted 0 partitions from metadata cache in response to UpdateMetadata request sent by controller 2 epoch 8 with correlation id 5 (state.change.logger)
[2024-07-15 18:12:31,515] INFO [Broker id=1] Add 1 partitions and deleted 0 partitions from metadata cache in response to UpdateMetadata request sent by controller 2 epoch 8 with correlation id 6 (state.change.logger)
