[2024-07-02T09:39:36.515-0400] {local_task_job_runner.py:120} INFO - ::group::Pre task execution logs
[2024-07-02T09:39:36.534-0400] {taskinstance.py:2076} INFO - Dependencies all met for dep_context=non-requeueable deps ti=<TaskInstance: api_cuevana3_movie.execute_post_details_fasapi scheduled__2024-07-01T00:01:00+00:00 [queued]>
[2024-07-02T09:39:36.540-0400] {taskinstance.py:2076} INFO - Dependencies all met for dep_context=requeueable deps ti=<TaskInstance: api_cuevana3_movie.execute_post_details_fasapi scheduled__2024-07-01T00:01:00+00:00 [queued]>
[2024-07-02T09:39:36.540-0400] {taskinstance.py:2306} INFO - Starting attempt 1 of 1
[2024-07-02T09:39:36.583-0400] {taskinstance.py:2330} INFO - Executing <Task(PythonOperator): execute_post_details_fasapi> on 2024-07-01 00:01:00+00:00
[2024-07-02T09:39:36.589-0400] {standard_task_runner.py:63} INFO - Started process 482619 to run task
[2024-07-02T09:39:36.592-0400] {standard_task_runner.py:90} INFO - Running: ['airflow', 'tasks', 'run', 'api_cuevana3_movie', 'execute_post_details_fasapi', 'scheduled__2024-07-01T00:01:00+00:00', '--job-id', '966', '--raw', '--subdir', 'DAGS_FOLDER/movie_recommend.py', '--cfg-path', '/tmp/tmpt4spzmvd']
[2024-07-02T09:39:36.593-0400] {standard_task_runner.py:91} INFO - Job 966: Subtask execute_post_details_fasapi
[2024-07-02T09:39:36.652-0400] {task_command.py:426} INFO - Running <TaskInstance: api_cuevana3_movie.execute_post_details_fasapi scheduled__2024-07-01T00:01:00+00:00 [running]> on host walter-VirtualBox
[2024-07-02T09:39:36.755-0400] {taskinstance.py:2648} INFO - Exporting env vars: AIRFLOW_CTX_DAG_OWNER='airflow' AIRFLOW_CTX_DAG_ID='api_cuevana3_movie' AIRFLOW_CTX_TASK_ID='execute_post_details_fasapi' AIRFLOW_CTX_EXECUTION_DATE='2024-07-01T00:01:00+00:00' AIRFLOW_CTX_TRY_NUMBER='1' AIRFLOW_CTX_DAG_RUN_ID='scheduled__2024-07-01T00:01:00+00:00'
[2024-07-02T09:39:36.756-0400] {taskinstance.py:430} INFO - ::endgroup::
[2024-07-02T09:40:41.665-0400] {logging_mixin.py:188} INFO - Scraping movie details running successfully
[2024-07-02T09:40:43.782-0400] {logging_mixin.py:188} INFO - No se recibieron más mensajes, terminando la ejecución.
[2024-07-02T09:40:43.836-0400] {logging_mixin.py:188} INFO - ('["{\\"image_url\\": '
 '\\"https://i0.wp.com/www.themoviedb.org/t/p/w185/tGHUlykWn9V2IIQ4ZaATIAq9VLB.jpg\\", '
 '\\"title\\": \\"Furiosa: De la saga Mad Max\\", \\"rating\\": 7.7, '
 '\\"duration\\": \\"2h 28m\\", \\"year\\": \\"2024\\", \\"quality\\": '
 '\\"HD\\", \\"description\\": \\"Ver furiosa: de la saga mad max Cuevana3.En '
 'un mundo postapocal\\\\u00edptico donde todo ha perdido su valor, los pocos '
 'supervivientes se gu\\\\u00edan por la ley del m\\\\u00e1s fuerte. Sin '
 'aprecio por la vida, lo \\\\u00fanico que despierta un brutal '
 'inter\\\\u00e9s es la gasolina, sin\\\\u00f3nimo de poder y objetivo de '
 'bandas armadas hasta los dientes y sin escr\\\\u00fapulos. En este contexto '
 'conoceremos la historia de la arrebatadoramente despiadada, salvaje y joven '
 'Furiosa, quien cae en manos de una horda de motoristas y debe sobrevivir a '
 'muchas pruebas mientras re\\\\u00fane los medios para encontrar el camino de '
 'vuelta a casa. Precuela de \'Mad Max: Furia en la carretera\' (2015).\\", '
 '\\"genre\\": [\\"Acci\\\\u00f3n\\", \\"Aventura\\", \\"Ciencia '
 'ficci\\\\u00f3n\\"], \\"country\\": \\"Australia\\", \\"director\\": '
 '\\"George Miller\\", \\"actors\\": [\\"Anya Taylor-Joy,\\", \\"Chris '
 'Hemsworth,\\", \\"Tom Burke,\\", \\"Alyla Browne,\\", \\"George '
 'Shevtsov,\\", \\"Lachy Hulme,\\", \\"John Howard,\\", \\"Charlee Fraser,\\", '
 '\\"Angus Sampson,\\", \\"Nathan Jones,\\", \\"Elsa Pataky,\\", \\"Josh '
 'Helman,\\", \\"David Field,\\", \\"Rahel Romahn,\\", \\"David Collins,\\", '
 '\\"Goran D. Kleut,\\", \\"CJ. Bloomfield,\\", \\"Matuse Paz,\\", \\"Ian '
 'Roberts,\\", \\"Guy Spence,\\", '
 '\\"\\\\u7f57\\\\u4f2f\\\\u7279\\\\u00b7\\\\u743c\\\\u65af,\\"], \\"views\\": '
 '1569}", "{\\"image_url\\": '
 '\\"https://i0.wp.com/www.themoviedb.org/t/p/w185/nDrUZE24mSB54cuHEjslMLvfFRQ.jpg\\", '
 '\\"title\\": \\"Los infalibles\\", \\"rating\\": 5.5, \\"duration\\": \\"1h '
 '39m\\", \\"year\\": \\"2024\\", \\"quality\\": \\"HD\\", \\"description\\": '
 '\\"Ver los infalibles Cuevana3.Mientras una banda de ladrones lleva meses '
 'sembrando el caos en Par\\\\u00eds y humillando a la polic\\\\u00eda, el '
 'Ministro del Interior quiere sangre nueva para encabezar la '
 'investigaci\\\\u00f3n: Alia, explosiva e ingobernable, Hugo, mejor '
 'estudiante y meticuloso.\\", \\"genre\\": [\\"Comedia\\", '
 '\\"Acci\\\\u00f3n\\"], \\"country\\": \\"France\\", \\"director\\": '
 '\\"Fr\\\\u00e9d\\\\u00e9ric Forestier\\", \\"actors\\": [\\"In\\\\u00e8s '
 'Reg,\\", \\"K\\\\u00e9vin Debonne,\\", \\"Vincent Rottiers,\\", \\"Moussa '
 'Maaskri,\\", \\"Fran\\\\u00e7ois Neycken,\\", \\"Pierre Olivier,\\", \\"Hugo '
 'Gonzalez,\\", \\"Daphn\\\\u00e9 Huynh,\\", \\"Loriane Klupsch,\\", '
 '\\"Ad\\\\u00e8le Sierra,\\", \\"K\\\\u00e9vin Aza\\\\u00efs,\\", \\"Philippe '
 'R\\\\u00e9simont,\\", \\"Lionnel Astier,\\", \\"Julian Naceri,\\", \\"Majida '
 'Ghomari,\\", \\"Bachir Baccour,\\", \\"St\\\\u00e9phanie Van Vyve,\\", '
 '\\"Pierre Lekeux,\\"], \\"views\\": 26}", "{\\"image_url\\": '
 '\\"https://i0.wp.com/www.themoviedb.org/t/p/w185/8RgGuC7w8JxhykauzTC4bwha1J8.jpg\\", '
 '\\"title\\": \\"Amigos imaginarios\\", \\"rating\\": 7.3, \\"duration\\": '
 '\\"1h 44m\\", \\"year\\": \\"2024\\", \\"quality\\": \\"HD\\", '
 '\\"description\\": \\"Ver amigos imaginarios Cuevana3.Una ni\\\\u00f1a pasa '
 'por una experiencia dif\\\\u00edcil y entonces empieza a ver a los amigos '
 'imaginarios de todo el mundo que se han ido quedando atr\\\\u00e1s a medida '
 'que sus amigos de la vida real han ido creciendo.\\", \\"genre\\": '
 '[\\"Comedia\\", \\"Fantas\\\\u00eda\\", \\"Familia\\"], \\"country\\": '
 '\\"United States\\", \\"director\\": \\"John Krasinski\\", \\"actors\\": '
 '[\\"Cailey Fleming,\\", \\"Ryan Reynolds,\\", \\"John Krasinski,\\", '
 '\\"Fiona Shaw,\\", \\"Steve Carell,\\", \\"Phoebe Waller-Bridge,\\", '
 '\\"Louis Gossett Jr.,\\", \\"Alan Kim,\\", \\"Liza Col\\\\u00f3n-Zayas,\\", '
 '\\"Bobby Moynihan,\\", \\"Catharine Daddario,\\", \\"Audrey Hoffman,\\", '
 '\\"Laquet Sharnell Pringle,\\", \\"Ed Herbstman,\\", \\"Barbara Andres,\\", '
 '\\"Alexander Rivero,\\", \\"Shauna Pinkett,\\", \\"Sa\'Raya Paris '
 'Johnson,\\", \\"Marta Siteiya Moipei,\\", \\"David Weissmann,\\", '
 '\\"Awkwafina,\\"], \\"views\\": 508}", "{\\"image_url\\": '
 '\\"https://i0.wp.com/www.themoviedb.org/t/p/w185/eIIklEb7D9MrRxsb4vyXnm08d0G.jpg\\", '
 '\\"title\\": \\"Sin tiempo para espiar: Una peli de Una casa de locos\\", '
 '\\"rating\\": 5.8, \\"duration\\": \\"1h 21m\\", \\"year\\": \\"2024\\", '
 '\\"quality\\": \\"HD\\", \\"description\\": \\"Ver sin tiempo para espiar: '
 'una peli de una casa de locos Cuevana3.Lincoln y los Loud est\\\\u00e1n '
 'emocionados de dar la bienvenida a su nueva abuela, Myrtle, a la familia con '
 'una celebraci\\\\u00f3n de boda tropical. Sin embargo, los festejos se ven '
 'interrumpidos cuando un viejo enemigo del pasado aparece en la isla, '
 'desatando una serie de eventos inesperados.\\", \\"genre\\": '
 '[\\"Animaci\\\\u00f3n\\", \\"Acci\\\\u00f3n\\", \\"Aventura\\", '
 '\\"Comedia\\", \\"Familia\\"], \\"country\\": \\"United States\\", '
 '\\"director\\": \\"Kyle Marshall\\", \\"actors\\": [\\"Bentley Griffin,\\", '
 '\\"Alex Cazares,\\", \\"Piotr Michael,\\", \\"Brian Stepanek,\\", \\"Amy '
 'Sedaris,\\", \\"Jessica DiCicco,\\", \\"Lara Jill Miller,\\", \\"Jill '
 'Talley,\\", \\"John DiMaggio,\\", \\"Grey DeLisle,\\", \\"Paul Wight,\\", '
 '\\"Catherine Taber,\\", \\"Chester Rushing,\\", \\"Jaeden White,\\", '
 '\\"Sarah Niles,\\", \\"Nika Futterman,\\", \\"Dan Fogler,\\", \\"Cristina '
 'Pucelli,\\", \\"Liliana Mumy,\\", \\"Khary Payton,\\", \\"Griffen '
 'Campbell,\\"], \\"views\\": 12}", "{\\"image_url\\": '
 '\\"https://i0.wp.com/www.themoviedb.org/t/p/w185/ns9Tr9fda1YuPK2k6BqwqmEOkgl.jpg\\", '
 '\\"title\\": \\"Bi\\\\u00f3nicos\\", \\"rating\\": 5.5, \\"duration\\": '
 '\\"1h 50m\\", \\"year\\": \\"2024\\", \\"quality\\": \\"HD\\", '
 '\\"description\\": \\"Ver bi\\\\u00f3nicos Cuevana3.Dos hermanas compiten en '
 'salto de longitud en un futuro dist\\\\u00f3pico en el que las '
 'pr\\\\u00f3tesis rob\\\\u00f3ticas han redefinido el deporte. Su rivalidad '
 'las lleva por un siniestro camino.\\", \\"genre\\": [\\"Ciencia '
 'ficci\\\\u00f3n\\", \\"Acci\\\\u00f3n\\", \\"Aventura\\"], \\"country\\": '
 '\\"Brazil\\", \\"director\\": \\"Afonso Poyart\\", \\"actors\\": [\\"Jessica '
 'C\\\\u00f3res,\\", \\"Bruno Gagliasso,\\", \\"Gabz,\\", \\"Christian '
 'Malheiros,\\", \\"Nill Marcondes,\\", \\"Guta Ruiz,\\", \\"Miguel Nader,\\", '
 '\\"M\\\\u00e1rcio Fecher,\\", \\"Nicole Cordery,\\", \\"Emilly Nayara,\\", '
 '\\"Miguel Falabella,\\", \\"Klebber Toledo,\\", \\"Paulo Vilhena,\\", '
 '\\"Danton Mello,\\", \\"Erika Januza,\\", \\"Kagga Jayson,\\", \\"Luana '
 'Tanaka,\\"], \\"views\\": 95}", "{\\"image_url\\": '
 '\\"https://i0.wp.com/www.themoviedb.org/t/p/w185/tGHUlykWn9V2IIQ4ZaATIAq9VLB.jpg\\", '
 '\\"title\\": \\"Furiosa: De la saga Mad Max\\", \\"rating\\": 7.7, '
 '\\"duration\\": \\"2h 28m\\", \\"year\\": \\"2024\\", \\"quality\\": '
 '\\"HD\\", \\"description\\": \\"Ver furiosa: de la saga mad max Cuevana3.En '
 'un mundo postapocal\\\\u00edptico donde todo ha perdido su valor, los pocos '
 'supervivientes se gu\\\\u00edan por la ley del m\\\\u00e1s fuerte. Sin '
 'aprecio por la vida, lo \\\\u00fanico que despierta un brutal '
 'inter\\\\u00e9s es la gasolina, sin\\\\u00f3nimo de poder y objetivo de '
 'bandas armadas hasta los dientes y sin escr\\\\u00fapulos. En este contexto '
 'conoceremos la historia de la arrebatadoramente despiadada, salvaje y joven '
 'Furiosa, quien cae en manos de una horda de motoristas y debe sobrevivir a '
 'muchas pruebas mientras re\\\\u00fane los medios para encontrar el camino de '
 'vuelta a casa. Precuela de \'Mad Max: Furia en la carretera\' (2015).\\", '
 '\\"genre\\": [\\"Acci\\\\u00f3n\\", \\"Aventura\\", \\"Ciencia '
 'ficci\\\\u00f3n\\"], \\"country\\": \\"Australia\\", \\"director\\": '
 '\\"George Miller\\", \\"actors\\": [\\"Anya Taylor-Joy,\\", \\"Chris '
 'Hemsworth,\\", \\"Tom Burke,\\", \\"Alyla Browne,\\", \\"George '
 'Shevtsov,\\", \\"Lachy Hulme,\\", \\"John Howard,\\", \\"Charlee Fraser,\\", '
 '\\"Angus Sampson,\\", \\"Nathan Jones,\\", \\"Elsa Pataky,\\", \\"Josh '
 'Helman,\\", \\"David Field,\\", \\"Rahel Romahn,\\", \\"David Collins,\\", '
 '\\"Goran D. Kleut,\\", \\"CJ. Bloomfield,\\", \\"Matuse Paz,\\", \\"Ian '
 'Roberts,\\", \\"Guy Spence,\\", '
 '\\"\\\\u7f57\\\\u4f2f\\\\u7279\\\\u00b7\\\\u743c\\\\u65af,\\"], \\"views\\": '
 '1569}", "{\\"image_url\\": '
 '\\"https://i0.wp.com/www.themoviedb.org/t/p/w185/2PuAY3xSvbchQWqpSiXw08Yt0NP.jpg\\", '
 '\\"title\\": \\"Del rev\\\\u00e9s 2 (Inside Out 2)\\", \\"rating\\": 7.7, '
 '\\"duration\\": \\"1h 37m\\", \\"year\\": \\"2024\\", \\"quality\\": '
 '\\"HD\\", \\"description\\": \\"Ver del rev\\\\u00e9s 2 (inside out 2) '
 'Cuevana3.Vuelve a la mente de Riley, quien acaba de convertirse en '
 'adolescente, en el momento en que la Central se enfrenta a una reforma para '
 'hacer sitio a algo completamente inesperado: \\\\u00a1nuevas Emociones! '
 'Alegr\\\\u00eda, Tristeza, Ira, Miedo y Asco, que llevan muchos a\\\\u00f1os '
 'al mando de una operaci\\\\u00f3n exitosa, no saben muy bien qu\\\\u00e9 '
 'sentir cuando aparece Ansiedad, que adem\\\\u00e1s no ha llegado sola. Se ha '
 'tra\\\\u00eddo a Verg\\\\u00fcenza, Envidia y Ennui.\\", \\"genre\\": '
 '[\\"Animaci\\\\u00f3n\\", \\"Familia\\", \\"Aventura\\", \\"Comedia\\"], '
 '\\"country\\": \\"United States\\", \\"director\\": \\"Kelsey Mann\\", '
 '\\"actors\\": [\\"Amy Poehler,\\", \\"Maya Hawke,\\", \\"Kensington '
 'Tallman,\\", \\"Liza Lapira,\\", \\"Phyllis Smith,\\", \\"Lewis Black,\\", '
 '\\"Tony Hale,\\", \\"Ayo Edebiri,\\", \\"Ad\\\\u00e8le Exarchopoulos,\\", '
 '\\"Lilimar,\\", \\"Grace Lu,\\", \\"Sumayyah Nuriddin-Green,\\", \\"Diane '
 'Lane,\\", \\"Kyle MacLachlan,\\", \\"Paul Walter Hauser,\\", \\"Yvette '
 'Nicole Brown,\\", \\"Ron Funches,\\", \\"James Austin Johnson,\\", \\"Yong '
 'Yea,\\", \\"Steve Purcell,\\", \\"Dave Goelz,\\"], \\"views\\": 1191}", '
 '"{\\"image_url\\": '
 '\\"https://i0.wp.com/www.themoviedb.org/t/p/w185/2PuAY3xSvbchQWqpSiXw08Yt0NP.jpg\\", '
 '\\"title\\": \\"Del rev\\\\u00e9s 2 (Inside Out 2)\\", \\"rating\\": 7.7, '
 '\\"duration\\": \\"1h 37m\\", \\"year\\": \\"2024\\", \\"quality\\": '
 '\\"HD\\", \\"description\\": \\"Ver del rev\\\\u00e9s 2 (inside out 2) '
 'Cuevana3.Vuelve a la mente de Riley, quien acaba de convertirse en '
 'adolescente, en el momento en que la Central se enfrenta a una reforma para '
 'hacer sitio a algo completamente inesperado: \\\\u00a1nuevas Emociones! '
 'Alegr\\\\u00eda, Tristeza, Ira, Miedo y Asco, que llevan muchos a\\\\u00f1os '
 'al mando de una operaci\\\\u00f3n exitosa, no saben muy bien qu\\\\u00e9 '
 'sentir cuando aparece Ansiedad, que adem\\\\u00e1s no ha llegado sola. Se ha '
 'tra\\\\u00eddo a Verg\\\\u00fcenza, Envidia y Ennui.\\", \\"genre\\": '
 '[\\"Animaci\\\\u00f3n\\", \\"Familia\\", \\"Aventura\\", \\"Comedia\\"], '
 '\\"country\\": \\"United States\\", \\"director\\": \\"Kelsey Mann\\", '
 '\\"actors\\": [\\"Amy Poehler,\\", \\"Maya Hawke,\\", \\"Kensington '
 'Tallman,\\", \\"Liza Lapira,\\", \\"Phyllis Smith,\\", \\"Lewis Black,\\", '
 '\\"Tony Hale,\\", \\"Ayo Edebiri,\\", \\"Ad\\\\u00e8le Exarchopoulos,\\", '
 '\\"Lilimar,\\", \\"Grace Lu,\\", \\"Sumayyah Nuriddin-Green,\\", \\"Diane '
 'Lane,\\", \\"Kyle MacLachlan,\\", \\"Paul Walter Hauser,\\", \\"Yvette '
 'Nicole Brown,\\", \\"Ron Funches,\\", \\"James Austin Johnson,\\", \\"Yong '
 'Yea,\\", \\"Steve Purcell,\\", \\"Dave Goelz,\\"], \\"views\\": 1191}", '
 '"{\\"image_url\\": '
 '\\"https://i0.wp.com/www.themoviedb.org/t/p/w185/ww9s0QSZ06WIxyZAKAdg6nqfE5v.jpg\\", '
 '\\"title\\": \\"En las profundidades del Sena\\", \\"rating\\": 6.0, '
 '\\"duration\\": \\"1h 44m\\", \\"year\\": \\"2024\\", \\"quality\\": '
 '\\"HD\\", \\"description\\": \\"Ver en las profundidades del sena '
 'Cuevana3.La cient\\\\u00edfica Sophie se ve obligada a enfrentarse a su '
 'tr\\\\u00e1gico pasado para salvar Par\\\\u00eds de un ba\\\\u00f1o de '
 'sangre cuando un tibur\\\\u00f3n gigante aparece en el Sena.\\", '
 '\\"genre\\": [\\"Suspense\\", \\"Terror\\", \\"Acci\\\\u00f3n\\", '
 '\\"Misterio\\"], \\"country\\": \\"France\\", \\"director\\": \\"Xavier '
 'Gens\\", \\"actors\\": [\\"B\\\\u00e9r\\\\u00e9nice Bejo,\\", \\"Nassim '
 'Lyes,\\", \\"L\\\\u00e9a L\\\\u00e9viant,\\", \\"Nagisa Morimoto,\\", '
 '\\"Ana\\\\u00efs Parello,\\", \\"I\\\\u00f1aki Lartigue,\\", \\"Anne '
 'Marivin,\\", \\"Timi-Joy Marbot,\\", \\"Ricky Tribord,\\", '
 '\\"Aur\\\\u00e9lia Petit,\\", \\"Sandra Parfait,\\", \\"Yannick Choirat,\\", '
 '\\"Patrick Ligardes,\\", \\"Victor Pontecorvo,\\", \\"Jean-Marc Bellu,\\", '
 '\\"St\\\\u00e9phane Jacquot,\\", \\"Ibrahima Ba,\\", \\"Daouda Keita,\\", '
 '\\"Marvin Dubart,\\", \\"Monsieur Poulpe,\\", \\"Aksel '
 '\\\\u00dcst\\\\u00fcn,\\"], \\"views\\": 794}", "{\\"image_url\\": '
 '\\"https://i0.wp.com/www.themoviedb.org/t/p/w185/nDrUZE24mSB54cuHEjslMLvfFRQ.jpg\\", '
 '\\"title\\": \\"Los infalibles\\", \\"rating\\": 5.5, \\"duration\\": \\"1h '
 '39m\\", \\"year\\": \\"2024\\", \\"quality\\": \\"HD\\", \\"description\\": '
 '\\"Ver los infalibles Cuevana3.Mientras una banda de ladrones lleva meses '
 'sembrando el caos en Par\\\\u00eds y humillando a la polic\\\\u00eda, el '
 'Ministro del Interior quiere sangre nueva para encabezar la '
 'investigaci\\\\u00f3n: Alia, explosiva e ingobernable, Hugo, mejor '
 'estudiante y meticuloso.\\", \\"genre\\": [\\"Comedia\\", '
 '\\"Acci\\\\u00f3n\\"], \\"country\\": \\"France\\", \\"director\\": '
 '\\"Fr\\\\u00e9d\\\\u00e9ric Forestier\\", \\"actors\\": [\\"In\\\\u00e8s '
 'Reg,\\", \\"K\\\\u00e9vin Debonne,\\", \\"Vincent Rottiers,\\", \\"Moussa '
 'Maaskri,\\", \\"Fran\\\\u00e7ois Neycken,\\", \\"Pierre Olivier,\\", \\"Hugo '
 'Gonzalez,\\", \\"Daphn\\\\u00e9 Huynh,\\", \\"Loriane Klupsch,\\", '
 '\\"Ad\\\\u00e8le Sierra,\\", \\"K\\\\u00e9vin Aza\\\\u00efs,\\", \\"Philippe '
 'R\\\\u00e9simont,\\", \\"Lionnel Astier,\\", \\"Julian Naceri,\\", \\"Majida '
 'Ghomari,\\", \\"Bachir Baccour,\\", \\"St\\\\u00e9phanie Van Vyve,\\", '
 '\\"Pierre Lekeux,\\"], \\"views\\": 26}", "{\\"image_url\\": '
 '\\"https://i0.wp.com/www.themoviedb.org/t/p/w185/eIIklEb7D9MrRxsb4vyXnm08d0G.jpg\\", '
 '\\"title\\": \\"Sin tiempo para espiar: Una peli de Una casa de locos\\", '
 '\\"rating\\": 5.8, \\"duration\\": \\"1h 21m\\", \\"year\\": \\"2024\\", '
 '\\"quality\\": \\"HD\\", \\"description\\": \\"Ver sin tiempo para espiar: '
 'una peli de una casa de locos Cuevana3.Lincoln y los Loud est\\\\u00e1n '
 'emocionados de dar la bienvenida a su nueva abuela, Myrtle, a la familia con '
 'una celebraci\\\\u00f3n de boda tropical. Sin embargo, los festejos se ven '
 'interrumpidos cuando un viejo enemigo del pasado aparece en la isla, '
 'desatando una serie de eventos inesperados.\\", \\"genre\\": '
 '[\\"Animaci\\\\u00f3n\\", \\"Acci\\\\u00f3n\\", \\"Aventura\\", '
 '\\"Comedia\\", \\"Familia\\"], \\"country\\": \\"United States\\", '
 '\\"director\\": \\"Kyle Marshall\\", \\"actors\\": [\\"Bentley Griffin,\\", '
 '\\"Alex Cazares,\\", \\"Piotr Michael,\\", \\"Brian Stepanek,\\", \\"Amy '
 'Sedaris,\\", \\"Jessica DiCicco,\\", \\"Lara Jill Miller,\\", \\"Jill '
 'Talley,\\", \\"John DiMaggio,\\", \\"Grey DeLisle,\\", \\"Paul Wight,\\", '
 '\\"Catherine Taber,\\", \\"Chester Rushing,\\", \\"Jaeden White,\\", '
 '\\"Sarah Niles,\\", \\"Nika Futterman,\\", \\"Dan Fogler,\\", \\"Cristina '
 'Pucelli,\\", \\"Liliana Mumy,\\", \\"Khary Payton,\\", \\"Griffen '
 'Campbell,\\"], \\"views\\": 12}", "{\\"image_url\\": '
 '\\"https://i0.wp.com/www.themoviedb.org/t/p/w185/ns9Tr9fda1YuPK2k6BqwqmEOkgl.jpg\\", '
 '\\"title\\": \\"Bi\\\\u00f3nicos\\", \\"rating\\": 5.5, \\"duration\\": '
 '\\"1h 50m\\", \\"year\\": \\"2024\\", \\"quality\\": \\"HD\\", '
 '\\"description\\": \\"Ver bi\\\\u00f3nicos Cuevana3.Dos hermanas compiten en '
 'salto de longitud en un futuro dist\\\\u00f3pico en el que las '
 'pr\\\\u00f3tesis rob\\\\u00f3ticas han redefinido el deporte. Su rivalidad '
 'las lleva por un siniestro camino.\\", \\"genre\\": [\\"Ciencia '
 'ficci\\\\u00f3n\\", \\"Acci\\\\u00f3n\\", \\"Aventura\\"], \\"country\\": '
 '\\"Brazil\\", \\"director\\": \\"Afonso Poyart\\", \\"actors\\": [\\"Jessica '
 'C\\\\u00f3res,\\", \\"Bruno Gagliasso,\\", \\"Gabz,\\", \\"Christian '
 'Malheiros,\\", \\"Nill Marcondes,\\", \\"Guta Ruiz,\\", \\"Miguel Nader,\\", '
 '\\"M\\\\u00e1rcio Fecher,\\", \\"Nicole Cordery,\\", \\"Emilly Nayara,\\", '
 '\\"Miguel Falabella,\\", \\"Klebber Toledo,\\", \\"Paulo Vilhena,\\", '
 '\\"Danton Mello,\\", \\"Erika Januza,\\", \\"Kagga Jayson,\\", \\"Luana '
 'Tanaka,\\"], \\"views\\": 95}", "{\\"image_url\\": '
 '\\"https://i0.wp.com/www.themoviedb.org/t/p/w185/nJMNvYZ21bMdB2Pq0qCk88jnQc6.jpg\\", '
 '\\"title\\": \\"Wild Eyed and Wicked\\", \\"rating\\": 4.6, \\"duration\\": '
 '\\"1h 39m\\", \\"year\\": \\"2024\\", \\"quality\\": \\"HD\\", '
 '\\"description\\": \\"Ver wild eyed and wicked Cuevana3.Lily Pierce is sick '
 'of being haunted. She decides to reconnect with her estranged father, a '
 'disgraced history professor, and learn how to draw upon a time of steel and '
 'blade when armor-clad knights rode out and dueled their monsters to the '
 'death.\\", \\"genre\\": [\\"Terror\\", \\"Fantas\\\\u00eda\\", \\"Drama\\", '
 '\\"Misterio\\", \\"Suspense\\"], \\"country\\": \\"United States\\", '
 '\\"director\\": \\"Gordon Shoemaker Foxwood\\", \\"actors\\": [\\"Molly '
 'Kunz,\\", \\"Michael X. Sommers,\\", \\"Colleen Camp,\\", \\"Stefanie '
 'Estes,\\", \\"Claire Saunders,\\", \\"William Ford-Conway,\\", \\"Evyn '
 'Flanders,\\"], \\"views\\": 11}", "{\\"image_url\\": '
 '\\"https://i0.wp.com/www.themoviedb.org/t/p/w185/ww9s0QSZ06WIxyZAKAdg6nqfE5v.jpg\\", '
 '\\"title\\": \\"En las profundidades del Sena\\", \\"rating\\": 6.0, '
 '\\"duration\\": \\"1h 44m\\", \\"year\\": \\"2024\\", \\"quality\\": '
 '\\"HD\\", \\"description\\": \\"Ver en las profundidades del sena '
 'Cuevana3.La cient\\\\u00edfica Sophie se ve obligada a enfrentarse a su '
 'tr\\\\u00e1gico pasado para salvar Par\\\\u00eds de un ba\\\\u00f1o de '
 'sangre cuando un tibur\\\\u00f3n gigante aparece en el Sena.\\", '
 '\\"genre\\": [\\"Suspense\\", \\"Terror\\", \\"Acci\\\\u00f3n\\", '
 '\\"Misterio\\"], \\"country\\": \\"France\\", \\"director\\": \\"Xavier '
 'Gens\\", \\"actors\\": [\\"B\\\\u00e9r\\\\u00e9nice Bejo,\\", \\"Nassim '
 'Lyes,\\", \\"L\\\\u00e9a L\\\\u00e9viant,\\", \\"Nagisa Morimoto,\\", '
 '\\"Ana\\\\u00efs Parello,\\", \\"I\\\\u00f1aki Lartigue,\\", \\"Anne '
 'Marivin,\\", \\"Timi-Joy Marbot,\\", \\"Ricky Tribord,\\", '
 '\\"Aur\\\\u00e9lia Petit,\\", \\"Sandra Parfait,\\", \\"Yannick Choirat,\\", '
 '\\"Patrick Ligardes,\\", \\"Victor Pontecorvo,\\", \\"Jean-Marc Bellu,\\", '
 '\\"St\\\\u00e9phane Jacquot,\\", \\"Ibrahima Ba,\\", \\"Daouda Keita,\\", '
 '\\"Marvin Dubart,\\", \\"Monsieur Poulpe,\\", \\"Aksel '
 '\\\\u00dcst\\\\u00fcn,\\"], \\"views\\": 794}", "{\\"image_url\\": '
 '\\"https://i0.wp.com/www.themoviedb.org/t/p/w185/eIIklEb7D9MrRxsb4vyXnm08d0G.jpg\\", '
 '\\"title\\": \\"Sin tiempo para espiar: Una peli de Una casa de locos\\", '
 '\\"rating\\": 5.8, \\"duration\\": \\"1h 21m\\", \\"year\\": \\"2024\\", '
 '\\"quality\\": \\"HD\\", \\"description\\": \\"Ver sin tiempo para espiar: '
 'una peli de una casa de locos Cuevana3.Lincoln y los Loud est\\\\u00e1n '
 'emocionados de dar la bienvenida a su nueva abuela, Myrtle, a la familia con '
 'una celebraci\\\\u00f3n de boda tropical. Sin embargo, los festejos se ven '
 'interrumpidos cuando un viejo enemigo del pasado aparece en la isla, '
 'desatando una serie de eventos inesperados.\\", \\"genre\\": '
 '[\\"Animaci\\\\u00f3n\\", \\"Acci\\\\u00f3n\\", \\"Aventura\\", '
 '\\"Comedia\\", \\"Familia\\"], \\"country\\": \\"United States\\", '
 '\\"director\\": \\"Kyle Marshall\\", \\"actors\\": [\\"Bentley Griffin,\\", '
 '\\"Alex Cazares,\\", \\"Piotr Michael,\\", \\"Brian Stepanek,\\", \\"Amy '
 'Sedaris,\\", \\"Jessica DiCicco,\\", \\"Lara Jill Miller,\\", \\"Jill '
 'Talley,\\", \\"John DiMaggio,\\", \\"Grey DeLisle,\\", \\"Paul Wight,\\", '
 '\\"Catherine Taber,\\", \\"Chester Rushing,\\", \\"Jaeden White,\\", '
 '\\"Sarah Niles,\\", \\"Nika Futterman,\\", \\"Dan Fogler,\\", \\"Cristina '
 'Pucelli,\\", \\"Liliana Mumy,\\", \\"Khary Payton,\\", \\"Griffen '
 'Campbell,\\"], \\"views\\": 12}", "{\\"image_url\\": '
 '\\"https://i0.wp.com/www.themoviedb.org/t/p/w185/iCOQUVVaPqRuR3JqF71akguf6Mj.jpg\\", '
 '\\"title\\": \\"Civil War\\", \\"rating\\": 7.0, \\"duration\\": \\"1h '
 '49m\\", \\"year\\": \\"2024\\", \\"quality\\": \\"HD\\", \\"description\\": '
 '\\"Ver civil war Cuevana3.En un futuro cercano, donde Am\\\\u00e9rica '
 'est\\\\u00e1 sumida en una cruenta guerra civil, un equipo de periodistas y '
 'fot\\\\u00f3grafos de guerra emprender\\\\u00e1 un viaje por carretera en '
 'direcci\\\\u00f3n a Washington DC. Su misi\\\\u00f3n: llegar antes de que '
 'las fuerzas rebeldes asalten la Casa Blanca y arrebaten el control al '
 'presidente de Estados Unidos.\\", \\"genre\\": [\\"B\\\\u00e9lica\\", '
 '\\"Acci\\\\u00f3n\\", \\"Drama\\"], \\"country\\": \\"Finland\\", '
 '\\"director\\": \\"Alex Garland\\", \\"actors\\": [\\"Kirsten Dunst,\\", '
 '\\"Wagner Moura,\\", \\"Cailee Spaeny,\\", \\"Stephen McKinley '
 'Henderson,\\", \\"Nelson Lee,\\", \\"Nick Offerman,\\", \\"Jefferson '
 'White,\\", \\"Evan Lai,\\", \\"Vince Pisani,\\", \\"Justin James Boykin,\\", '
 '\\"Jess Matney,\\", \\"Greg Hill,\\", \\"Edmund Donovan,\\", \\"Sonoya '
 'Mizuno,\\", \\"Tim James,\\", \\"Simeon Freeman,\\", \\"James Yaegashi,\\", '
 '\\"Dean Grimes,\\", \\"Alexa Mansour,\\", \\"Martha B. Knighton,\\", '
 '\\"Melissa Saint-Amand,\\"], \\"views\\": 1762}", "{\\"image_url\\": '
 '\\"https://i0.wp.com/www.themoviedb.org/t/p/w185/jGOi939xU8BDRfAAhN6eiTSf3H8.jpg\\", '
 '\\"title\\": \\"Un lugar tranquilo: D\\\\u00eda uno\\", \\"rating\\": 6.9, '
 '\\"duration\\": \\"1h 39m\\", \\"year\\": \\"2024\\", \\"quality\\": '
 '\\"HD\\", \\"description\\": \\"Ver un lugar tranquilo: d\\\\u00eda uno '
 'Cuevana3.Una mujer llamada Sam trata de sobrevivir a una invasi\\\\u00f3n en '
 'la ciudad de Nueva York por criaturas alien\\\\u00edgenas sedientas de '
 'sangre con o\\\\u00eddos ultras\\\\u00f3nicos. Tercera entrega de la '
 'saga.\\", \\"genre\\": [\\"Terror\\", \\"Ciencia ficci\\\\u00f3n\\", '
 '\\"Suspense\\"], \\"country\\": \\"United States\\", \\"director\\": '
 '\\"Michael Sarnoski\\", \\"actors\\": [\\"Lupita Nyong\'o,\\", \\"Joseph '
 'Quinn,\\", \\"Alex Wolff,\\", \\"Djimon Hounsou,\\", \\"Cain Aiden,\\", '
 '\\"Jennifer Woodward,\\", \\"Elijah Ungvary,\\", \\"Alfie Todd,\\", '
 '\\"Eliane Umuhire,\\", \\"Ronnie Le Drew,\\", \\"Choy-Ling Man,\\", '
 '\\"Benjamin Wong,\\", \\"Michael Roberts,\\", \\"Thara '
 'Sch\\\\u00f6\\\\u00f6n,\\", \\"Thea Butler,\\"], \\"views\\": 169}", '
 '"{\\"image_url\\": '
 '\\"https://i0.wp.com/www.themoviedb.org/t/p/w185/13G0wKhucGWiERNloOicAuzQIyd.jpg\\", '
 '\\"title\\": \\"Los vigilantes\\", \\"rating\\": 6.4, \\"duration\\": \\"1h '
 '42m\\", \\"year\\": \\"2024\\", \\"quality\\": \\"HD\\", \\"description\\": '
 '\\"Ver los vigilantes Cuevana3.Sigue a Mina, una artista de 28 a\\\\u00f1os '
 'que queda varada en un bosque en el oeste de Irlanda. Cuando Mina encuentra '
 'refugio, sin saberlo, queda atrapada junto a tres extra\\\\u00f1os que son '
 'observados y acechados por misteriosas criaturas cada noche.\\", '
 '\\"genre\\": [\\"Terror\\", \\"Misterio\\", \\"Fantas\\\\u00eda\\"], '
 '\\"country\\": \\"United States\\", \\"director\\": \\"Ishana Night '
 'Shyamalan\\", \\"actors\\": [\\"Dakota Fanning,\\", \\"Georgina '
 'Campbell,\\", \\"Olwen Fou\\\\u00e9r\\\\u00e9,\\", \\"Oliver Finnegan,\\", '
 '\\"Siobhan Hewlett,\\", \\"Alistair Brammer,\\", \\"Hannah Howland,\\", '
 '\\"Charles Camrose,\\", \\"Kya Brame,\\", \\"Shane O\'Regan,\\", \\"Cara '
 'Steele,\\", \\"Shannon Antonia,\\", \\"Kofi De Graft Jordan,\\", \\"Diarmuid '
 'de Faoite,\\", \\"Ann Marie Horan,\\", \\"Se\\\\u00e1n T. \\\\u00d3 '
 'Meallaigh,\\", \\"Jacob Greenway,\\", \\"Jim Tighe,\\", \\"Andrea '
 'Bechis,\\", \\"Hannah Dargan,\\", \\"Emily Dargan,\\"], \\"views\\": 300}", '
 '"{\\"image_url\\": '
 '\\"https://i0.wp.com/www.themoviedb.org/t/p/w185/wSnBSv7oHgm1kZmiM8IqithlTmJ.jpg\\", '
 '\\"title\\": \\"Atlas\\", \\"rating\\": 6.8, \\"duration\\": \\"2h 00m\\", '
 '\\"year\\": \\"2024\\", \\"quality\\": \\"HD\\", \\"description\\": \\"Ver '
 'atlas Cuevana3.Una brillante analista antiterrorista recela de la IA hasta '
 'que descubre que podr\\\\u00eda ser su \\\\u00fanica esperanza cuando se '
 'tuerce una misi\\\\u00f3n para atrapar a un robot rebelde.\\", \\"genre\\": '
 '[\\"Ciencia ficci\\\\u00f3n\\", \\"Acci\\\\u00f3n\\"], \\"country\\": '
 '\\"United States\\", \\"director\\": \\"Brad Peyton\\", \\"actors\\": '
 '[\\"Jennifer Lopez,\\", \\"Simu Liu,\\", \\"Sterling K. Brown,\\", '
 '\\"Gregory James Cohan,\\", \\"Abraham Popoola,\\", \\"Lana Parrilla,\\", '
 '\\"Mark Strong,\\", \\"Briella Guiza,\\", \\"Adia Smith-Eriksson,\\", '
 '\\"Logan Hunt,\\", \\"Jared Shimabukuro,\\", \\"Ashley J. Hicks,\\", \\"Paul '
 'Ganus,\\", \\"Zoe Boyle,\\", \\"Howland Wilson,\\", \\"Justin Walker '
 'White,\\", \\"Michelangelo Hyeon,\\", \\"Gloria Cole,\\", \\"Vaughn '
 'Johseph,\\", \\"Supreet Bedi,\\", \\"Lorraine Tai,\\"], \\"views\\": 925}", '
 '"{\\"image_url\\": '
 '\\"https://i0.wp.com/www.themoviedb.org/t/p/w185/2D7SsqU8VZOl838KR7q9pzljaLe.jpg\\", '
 '\\"title\\": \\"Ultraman: El Ascenso\\", \\"rating\\": 8.4, \\"duration\\": '
 '\\"1h 56m\\", \\"year\\": \\"2024\\", \\"quality\\": \\"HD\\", '
 '\\"description\\": \\"Ver ultraman: el ascenso Cuevana3.La historia sigue al '
 'exitoso jugador de b\\\\u00e9isbol llamado Ken Sato, quien regresa a '
 'Jap\\\\u00f3n para asumir la identidad de Ultraman. Sin embargo, sus planes '
 'se trastocan cuando se enucnetra a un kaiju reci\\\\u00e9n nacido a quien '
 'decide criar como su propio hijo. Sumado a este imprevisto, Sato '
 'deber\\\\u00e1 retomar la relaci\\\\u00f3n con su distanciado padre y lidiar '
 'con la Fuerza de Defensa Kaiju.\\", \\"genre\\": [\\"Animaci\\\\u00f3n\\", '
 '\\"Ciencia ficci\\\\u00f3n\\", \\"Familia\\", \\"Acci\\\\u00f3n\\"], '
 '\\"country\\": \\"Japan\\", \\"director\\": \\"Shannon Tindle\\", '
 '\\"actors\\": [\\"Christopher Sean,\\", \\"Gedde Watanabe,\\", \\"Tamlyn '
 'Tomita,\\", \\"Keone Young,\\", \\"Julia Harriman,\\", \\"Rob Fukuzaki,\\", '
 '\\"Frank Buckley,\\", \\"Fran\\\\u00e7ois Chau,\\", \\"Robert Yasumura,\\", '
 '\\"Artt Butler,\\", \\"Karen Yasumura,\\", \\"Mayumi Yoshida,\\", \\"Mila '
 'O\'Malley,\\", \\"Bret Marnell,\\", \\"Julia Kato,\\", \\"Brittany '
 'Ishibashi,\\", \\"Veronica Lapke,\\", \\"Lee Shorten,\\", \\"Jonathan '
 'Groff,\\", \\"Masa Kanome,\\", \\"Vic Chao,\\"], \\"views\\": 149}", '
 '"{\\"image_url\\": '
 '\\"https://i0.wp.com/www.themoviedb.org/t/p/w185/kkFn3KM47Qq4Wjhd8GuFfe3LX27.jpg\\", '
 '\\"title\\": \\"El reino del planeta de los simios\\", \\"rating\\": 6.9, '
 '\\"duration\\": \\"2h 25m\\", \\"year\\": \\"2024\\", \\"quality\\": '
 '\\"HD\\", \\"description\\": \\"Ver el reino del planeta de los simios '
 'Cuevana3.Ambientada varias generaciones en el futuro tras el reinado de '
 'C\\\\u00e9sar, en la que los simios son la especie dominante que vive en '
 'armon\\\\u00eda y los humanos se han visto reducidos a vivir en la sombra. '
 'Mientras un nuevo y tir\\\\u00e1nico l\\\\u00edder simio construye su '
 'imperio, un joven simio emprende un angustioso viaje que le llevar\\\\u00e1 '
 'a cuestionarse todo lo que sabe sobre el pasado y a tomar decisiones que '
 'definir\\\\u00e1n el futuro de simios y humanos por igual.\\", \\"genre\\": '
 '[\\"Ciencia ficci\\\\u00f3n\\", \\"Aventura\\", \\"Acci\\\\u00f3n\\"], '
 '\\"country\\": \\"United States\\", \\"director\\": \\"Wes Ball\\", '
 '\\"actors\\": [\\"Owen Teague,\\", \\"Freya Allan,\\", \\"Kevin Durand,\\", '
 '\\"Peter Macon,\\", \\"William H. Macy,\\", \\"Eka Darville,\\", \\"Travis '
 'Jeffery,\\", \\"Lydia Peckham,\\", \\"Neil Sandilands,\\", \\"Ras-Samuel '
 'Welda\'abzgi,\\", \\"Sara Wiseman,\\", \\"Kaden Hartcher,\\", \\"Andy '
 'McPhee,\\", \\"Nina Gallas,\\", \\"Samuel Fal\\\\u00e9,\\", \\"Dichen '
 'Lachman,\\", \\"Virginie Laverdure,\\", \\"Markus Hamilton,\\", \\"Benjamin '
 'Scott,\\", \\"Nirish Bhat Surambadka,\\", \\"Frances Berry,\\"], '
 '\\"views\\": 1280}", "{\\"image_url\\": '
 '\\"https://i0.wp.com/www.themoviedb.org/t/p/w185/ejlwgCS2SJDFvlTlO8tZYPtCci4.jpg\\", '
 '\\"title\\": \\"Detonantes\\", \\"rating\\": 5.7, \\"duration\\": \\"1h '
 '47m\\", \\"year\\": \\"2024\\", \\"quality\\": \\"HD\\", \\"description\\": '
 '\\"Ver detonantes Cuevana3.Una soldado de las fuerzas especiales descubre '
 'una peligrosa conspiraci\\\\u00f3n cuando regresa a casa en busca de '
 'respuestas sobre la muerte de su padre.\\", \\"genre\\": '
 '[\\"Acci\\\\u00f3n\\", \\"Crimen\\", \\"Suspense\\"], \\"country\\": '
 '\\"United States\\", \\"director\\": \\"Mouly Surya\\", \\"actors\\": '
 '[\\"Jessica Alba,\\", \\"Anthony Michael Hall,\\", \\"Tone Bell,\\", \\"Mark '
 'Webber,\\", \\"Jake Weary,\\", \\"Gabriel Basso,\\", \\"Kaiwi Lyman,\\", '
 '\\"Hari Dhillon,\\", \\"Alejandro De Hoyos,\\", \\"Nadiv Molcho,\\", '
 '\\"Peter Monro,\\", \\"Stephanie Jones,\\", \\"James Cady,\\", \\"Jerry G. '
 'Angelo,\\", \\"David DeLao,\\", \\"Kyle Potter,\\", \\"Andrew Franklin,\\", '
 '\\"Luis Valladares,\\", \\"Monica Sanchez,\\", \\"Gianna Gallegos,\\", '
 '\\"Gabriel Armijo,\\"], \\"views\\": 231}", "{\\"image_url\\": '
 '\\"https://i0.wp.com/www.themoviedb.org/t/p/w185/kkFn3KM47Qq4Wjhd8GuFfe3LX27.jpg\\", '
 '\\"title\\": \\"El reino del planeta de los simios\\", \\"rating\\": 6.9, '
 '\\"duration\\": \\"2h 25m\\", \\"year\\": \\"2024\\", \\"quality\\": '
 '\\"HD\\", \\"description\\": \\"Ver el reino del planeta de los simios '
 'Cuevana3.Ambientada varias generaciones en el futuro tras el reinado de '
 'C\\\\u00e9sar, en la que los simios son la especie dominante que vive en '
 'armon\\\\u00eda y los humanos se han visto reducidos a vivir en la sombra. '
 'Mientras un nuevo y tir\\\\u00e1nico l\\\\u00edder simio construye su '
 'imperio, un joven simio emprende un angustioso viaje que le llevar\\\\u00e1 '
 'a cuestionarse todo lo que sabe sobre el pasado y a tomar decisiones que '
 'definir\\\\u00e1n el futuro de simios y humanos por igual.\\", \\"genre\\": '
 '[\\"Ciencia ficci\\\\u00f3n\\", \\"Aventura\\", \\"Acci\\\\u00f3n\\"], '
 '\\"country\\": \\"United States\\", \\"director\\": \\"Wes Ball\\", '
 '\\"actors\\": [\\"Owen Teague,\\", \\"Freya Allan,\\", \\"Kevin Durand,\\", '
 '\\"Peter Macon,\\", \\"William H. Macy,\\", \\"Eka Darville,\\", \\"Travis '
 'Jeffery,\\", \\"Lydia Peckham,\\", \\"Neil Sandilands,\\", \\"Ras-Samuel '
 'Welda\'abzgi,\\", \\"Sara Wiseman,\\", \\"Kaden Hartcher,\\", \\"Andy '
 'McPhee,\\", \\"Nina Gallas,\\", \\"Samuel Fal\\\\u00e9,\\", \\"Dichen '
 'Lachman,\\", \\"Virginie Laverdure,\\", \\"Markus Hamilton,\\", \\"Benjamin '
 'Scott,\\", \\"Nirish Bhat Surambadka,\\", \\"Frances Berry,\\"], '
 '\\"views\\": 1280}", "{\\"image_url\\": '
 '\\"https://i0.wp.com/www.themoviedb.org/t/p/w185/ejlwgCS2SJDFvlTlO8tZYPtCci4.jpg\\", '
 '\\"title\\": \\"Detonantes\\", \\"rating\\": 5.7, \\"duration\\": \\"1h '
 '47m\\", \\"year\\": \\"2024\\", \\"quality\\": \\"HD\\", \\"description\\": '
 '\\"Ver detonantes Cuevana3.Una soldado de las fuerzas especiales descubre '
 'una peligrosa conspiraci\\\\u00f3n cuando regresa a casa en busca de '
 'respuestas sobre la muerte de su padre.\\", \\"genre\\": '
 '[\\"Acci\\\\u00f3n\\", \\"Crimen\\", \\"Suspense\\"], \\"country\\": '
 '\\"United States\\", \\"director\\": \\"Mouly Surya\\", \\"actors\\": '
 '[\\"Jessica Alba,\\", \\"Anthony Michael Hall,\\", \\"Tone Bell,\\", \\"Mark '
 'Webber,\\", \\"Jake Weary,\\", \\"Gabriel Basso,\\", \\"Kaiwi Lyman,\\", '
 '\\"Hari Dhillon,\\", \\"Alejandro De Hoyos,\\", \\"Nadiv Molcho,\\", '
 '\\"Peter Monro,\\", \\"Stephanie Jones,\\", \\"James Cady,\\", \\"Jerry G. '
 'Angelo,\\", \\"David DeLao,\\", \\"Kyle Potter,\\", \\"Andrew Franklin,\\", '
 '\\"Luis Valladares,\\", \\"Monica Sanchez,\\", \\"Gianna Gallegos,\\", '
 '\\"Gabriel Armijo,\\"], \\"views\\": 231}", "{\\"image_url\\": '
 '\\"https://i0.wp.com/www.themoviedb.org/t/p/w185/iCOQUVVaPqRuR3JqF71akguf6Mj.jpg\\", '
 '\\"title\\": \\"Civil War\\", \\"rating\\": 7.0, \\"duration\\": \\"1h '
 '49m\\", \\"year\\": \\"2024\\", \\"quality\\": \\"HD\\", \\"description\\": '
 '\\"Ver civil war Cuevana3.En un futuro cercano, donde Am\\\\u00e9rica '
 'est\\\\u00e1 sumida en una cruenta guerra civil, un equipo de periodistas y '
 'fot\\\\u00f3grafos de guerra emprender\\\\u00e1 un viaje por carretera en '
 'direcci\\\\u00f3n a Washington DC. Su misi\\\\u00f3n: llegar antes de que '
 'las fuerzas rebeldes asalten la Casa Blanca y arrebaten el control al '
 'presidente de Estados Unidos.\\", \\"genre\\": [\\"B\\\\u00e9lica\\", '
 '\\"Acci\\\\u00f3n\\", \\"Drama\\"], \\"country\\": \\"Finland\\", '
 '\\"director\\": \\"Alex Garland\\", \\"actors\\": [\\"Kirsten Dunst,\\", '
 '\\"Wagner Moura,\\", \\"Cailee Spaeny,\\", \\"Stephen McKinley '
 'Henderson,\\", \\"Nelson Lee,\\", \\"Nick Offerman,\\", \\"Jefferson '
 'White,\\", \\"Evan Lai,\\", \\"Vince Pisani,\\", \\"Justin James Boykin,\\", '
 '\\"Jess Matney,\\", \\"Greg Hill,\\", \\"Edmund Donovan,\\", \\"Sonoya '
 'Mizuno,\\", \\"Tim James,\\", \\"Simeon Freeman,\\", \\"James Yaegashi,\\", '
 '\\"Dean Grimes,\\", \\"Alexa Mansour,\\", \\"Martha B. Knighton,\\", '
 '\\"Melissa Saint-Amand,\\"], \\"views\\": 1762}", "{\\"image_url\\": '
 '\\"https://i0.wp.com/www.themoviedb.org/t/p/w185/jGOi939xU8BDRfAAhN6eiTSf3H8.jpg\\", '
 '\\"title\\": \\"Un lugar tranquilo: D\\\\u00eda uno\\", \\"rating\\": 6.9, '
 '\\"duration\\": \\"1h 39m\\", \\"year\\": \\"2024\\", \\"quality\\": '
 '\\"HD\\", \\"description\\": \\"Ver un lugar tranquilo: d\\\\u00eda uno '
 'Cuevana3.Una mujer llamada Sam trata de sobrevivir a una invasi\\\\u00f3n en '
 'la ciudad de Nueva York por criaturas alien\\\\u00edgenas sedientas de '
 'sangre con o\\\\u00eddos ultras\\\\u00f3nicos. Tercera entrega de la '
 'saga.\\", \\"genre\\": [\\"Terror\\", \\"Ciencia ficci\\\\u00f3n\\", '
 '\\"Suspense\\"], \\"country\\": \\"United States\\", \\"director\\": '
 '\\"Michael Sarnoski\\", \\"actors\\": [\\"Lupita Nyong\'o,\\", \\"Joseph '
 'Quinn,\\", \\"Alex Wolff,\\", \\"Djimon Hounsou,\\", \\"Cain Aiden,\\", '
 '\\"Jennifer Woodward,\\", \\"Elijah Ungvary,\\", \\"Alfie Todd,\\", '
 '\\"Eliane Umuhire,\\", \\"Ronnie Le Drew,\\", \\"Choy-Ling Man,\\", '
 '\\"Benjamin Wong,\\", \\"Michael Roberts,\\", \\"Thara '
 'Sch\\\\u00f6\\\\u00f6n,\\", \\"Thea Butler,\\"], \\"views\\": 169}", '
 '"{\\"image_url\\": '
 '\\"https://i0.wp.com/www.themoviedb.org/t/p/w185/13G0wKhucGWiERNloOicAuzQIyd.jpg\\", '
 '\\"title\\": \\"Los vigilantes\\", \\"rating\\": 6.4, \\"duration\\": \\"1h '
 '42m\\", \\"year\\": \\"2024\\", \\"quality\\": \\"HD\\", \\"description\\": '
 '\\"Ver los vigilantes Cuevana3.Sigue a Mina, una artista de 28 a\\\\u00f1os '
 'que queda varada en un bosque en el oeste de Irlanda. Cuando Mina encuentra '
 'refugio, sin saberlo, queda atrapada junto a tres extra\\\\u00f1os que son '
 'observados y acechados por misteriosas criaturas cada noche.\\", '
 '\\"genre\\": [\\"Terror\\", \\"Misterio\\", \\"Fantas\\\\u00eda\\"], '
 '\\"country\\": \\"United States\\", \\"director\\": \\"Ishana Night '
 'Shyamalan\\", \\"actors\\": [\\"Dakota Fanning,\\", \\"Georgina '
 'Campbell,\\", \\"Olwen Fou\\\\u00e9r\\\\u00e9,\\", \\"Oliver Finnegan,\\", '
 '\\"Siobhan Hewlett,\\", \\"Alistair Brammer,\\", \\"Hannah Howland,\\", '
 '\\"Charles Camrose,\\", \\"Kya Brame,\\", \\"Shane O\'Regan,\\", \\"Cara '
 'Steele,\\", \\"Shannon Antonia,\\", \\"Kofi De Graft Jordan,\\", \\"Diarmuid '
 'de Faoite,\\", \\"Ann Marie Horan,\\", \\"Se\\\\u00e1n T. \\\\u00d3 '
 'Meallaigh,\\", \\"Jacob Greenway,\\", \\"Jim Tighe,\\", \\"Andrea '
 'Bechis,\\", \\"Hannah Dargan,\\", \\"Emily Dargan,\\"], \\"views\\": 300}", '
 '"{\\"image_url\\": '
 '\\"https://i0.wp.com/www.themoviedb.org/t/p/w185/wSnBSv7oHgm1kZmiM8IqithlTmJ.jpg\\", '
 '\\"title\\": \\"Atlas\\", \\"rating\\": 6.8, \\"duration\\": \\"2h 00m\\", '
 '\\"year\\": \\"2024\\", \\"quality\\": \\"HD\\", \\"description\\": \\"Ver '
 'atlas Cuevana3.Una brillante analista antiterrorista recela de la IA hasta '
 'que descubre que podr\\\\u00eda ser su \\\\u00fanica esperanza cuando se '
 'tuerce una misi\\\\u00f3n para atrapar a un robot rebelde.\\", \\"genre\\": '
 '[\\"Ciencia ficci\\\\u00f3n\\", \\"Acci\\\\u00f3n\\"], \\"country\\": '
 '\\"United States\\", \\"director\\": \\"Brad Peyton\\", \\"actors\\": '
 '[\\"Jennifer Lopez,\\", \\"Simu Liu,\\", \\"Sterling K. Brown,\\", '
 '\\"Gregory James Cohan,\\", \\"Abraham Popoola,\\", \\"Lana Parrilla,\\", '
 '\\"Mark Strong,\\", \\"Briella Guiza,\\", \\"Adia Smith-Eriksson,\\", '
 '\\"Logan Hunt,\\", \\"Jared Shimabukuro,\\", \\"Ashley J. Hicks,\\", \\"Paul '
 'Ganus,\\", \\"Zoe Boyle,\\", \\"Howland Wilson,\\", \\"Justin Walker '
 'White,\\", \\"Michelangelo Hyeon,\\", \\"Gloria Cole,\\", \\"Vaughn '
 'Johseph,\\", \\"Supreet Bedi,\\", \\"Lorraine Tai,\\"], \\"views\\": 925}", '
 '"{\\"image_url\\": '
 '\\"https://i0.wp.com/www.themoviedb.org/t/p/w185/2D7SsqU8VZOl838KR7q9pzljaLe.jpg\\", '
 '\\"title\\": \\"Ultraman: El Ascenso\\", \\"rating\\": 8.4, \\"duration\\": '
 '\\"1h 56m\\", \\"year\\": \\"2024\\", \\"quality\\": \\"HD\\", '
 '\\"description\\": \\"Ver ultraman: el ascenso Cuevana3.La historia sigue al '
 'exitoso jugador de b\\\\u00e9isbol llamado Ken Sato, quien regresa a '
 'Jap\\\\u00f3n para asumir la identidad de Ultraman. Sin embargo, sus planes '
 'se trastocan cuando se enucnetra a un kaiju reci\\\\u00e9n nacido a quien '
 'decide criar como su propio hijo. Sumado a este imprevisto, Sato '
 'deber\\\\u00e1 retomar la relaci\\\\u00f3n con su distanciado padre y lidiar '
 'con la Fuerza de Defensa Kaiju.\\", \\"genre\\": [\\"Animaci\\\\u00f3n\\", '
 '\\"Ciencia ficci\\\\u00f3n\\", \\"Familia\\", \\"Acci\\\\u00f3n\\"], '
 '\\"country\\": \\"Japan\\", \\"director\\": \\"Shannon Tindle\\", '
 '\\"actors\\": [\\"Christopher Sean,\\", \\"Gedde Watanabe,\\", \\"Tamlyn '
 'Tomita,\\", \\"Keone Young,\\", \\"Julia Harriman,\\", \\"Rob Fukuzaki,\\", '
 '\\"Frank Buckley,\\", \\"Fran\\\\u00e7ois Chau,\\", \\"Robert Yasumura,\\", '
 '\\"Artt Butler,\\", \\"Karen Yasumura,\\", \\"Mayumi Yoshida,\\", \\"Mila '
 'O\'Malley,\\", \\"Bret Marnell,\\", \\"Julia Kato,\\", \\"Brittany '
 'Ishibashi,\\", \\"Veronica Lapke,\\", \\"Lee Shorten,\\", \\"Jonathan '
 'Groff,\\", \\"Masa Kanome,\\", \\"Vic Chao,\\"], \\"views\\": 149}", '
 '"{\\"image_url\\": '
 '\\"https://i0.wp.com/www.themoviedb.org/t/p/w185/6QR2FOCQr41gSduN70WulRIhJb7.jpg\\", '
 '\\"title\\": \\"Garfield: la pel\\\\u00edcula\\", \\"rating\\": 6.8, '
 '\\"duration\\": \\"1h 41m\\", \\"year\\": \\"2024\\", \\"quality\\": '
 '\\"HD\\", \\"description\\": \\"Ver garfield: la pel\\\\u00edcula '
 'Cuevana3.El mundialmente famoso Garfield, el gato casero que odia los lunes '
 'y que adora la lasa\\\\u00f1a, est\\\\u00e1 a punto de vivir una aventura '
 '\\\\u00a1en el salvaje mundo exterior! Tras una inesperada reuni\\\\u00f3n '
 'con su largamente perdido padre \\\\u2013 el desali\\\\u00f1ado gato '
 'callejero Vic \\\\u2013 Garfield y su amigo canino Odie se ven forzados a '
 'abandonar sus perfectas y consentidas vidas al unirse a Vic en un hilarante '
 'y muy arriesgado atraco.\\", \\"genre\\": [\\"Animaci\\\\u00f3n\\", '
 '\\"Comedia\\", \\"Familia\\", \\"Aventura\\"], \\"country\\": \\"Hong '
 'Kong\\", \\"director\\": \\"Mark Dindal\\", \\"actors\\": [\\"Chris '
 'Pratt,\\", \\"Samuel L. Jackson,\\", \\"Hannah Waddingham,\\", \\"Ving '
 'Rhames,\\", \\"Nicholas Hoult,\\", \\"Cecily Strong,\\", \\"Harvey '
 'Guill\\\\u00e9n,\\", \\"Brett Goldstein,\\", \\"Bowen Yang,\\", \\"Snoop '
 'Dogg,\\", \\"Janelle James,\\", \\"Angus Cloud,\\", \\"Jeff Foxworthy,\\", '
 '\\"Eugenia Caruso,\\", \\"Luke Cinque-White,\\", \\"Dev Joshi,\\", \\"Chana '
 'Keefer,\\", \\"Mark Keefer,\\", \\"Edward VL Montgomery,\\", \\"Mark '
 'Dindal,\\", \\"Cameron Bernard Jones,\\"], \\"views\\": 195}", '
 '"{\\"image_url\\": '
 '\\"https://i0.wp.com/www.themoviedb.org/t/p/w185/ejlwgCS2SJDFvlTlO8tZYPtCci4.jpg\\", '
 '\\"title\\": \\"Detonantes\\", \\"rating\\": 5.7, \\"duration\\": \\"1h '
 '47m\\", \\"year\\": \\"2024\\", \\"quality\\": \\"HD\\", \\"description\\": '
 '\\"Ver detonantes Cuevana3.Una soldado de las fuerzas especiales descubre '
 'una peligrosa conspiraci\\\\u00f3n cuando regresa a casa en busca de '
 'respuestas sobre la muerte de su padre.\\", \\"genre\\": '
 '[\\"Acci\\\\u00f3n\\", \\"Crimen\\", \\"Suspense\\"], \\"country\\": '
 '\\"United States\\", \\"director\\": \\"Mouly Surya\\", \\"actors\\": '
 '[\\"Jessica Alba,\\", \\"Anthony Michael Hall,\\", \\"Tone Bell,\\", \\"Mark '
 'Webber,\\", \\"Jake Weary,\\", \\"Gabriel Basso,\\", \\"Kaiwi Lyman,\\", '
 '\\"Hari Dhillon,\\", \\"Alejandro De Hoyos,\\", \\"Nadiv Molcho,\\", '
 '\\"Peter Monro,\\", \\"Stephanie Jones,\\", \\"James Cady,\\", \\"Jerry G. '
 'Angelo,\\", \\"David DeLao,\\", \\"Kyle Potter,\\", \\"Andrew Franklin,\\", '
 '\\"Luis Valladares,\\", \\"Monica Sanchez,\\", \\"Gianna Gallegos,\\", '
 '\\"Gabriel Armijo,\\"], \\"views\\": 231}", "{\\"image_url\\": '
 '\\"https://i0.wp.com/www.themoviedb.org/t/p/w185/wSnBSv7oHgm1kZmiM8IqithlTmJ.jpg\\", '
 '\\"title\\": \\"Atlas\\", \\"rating\\": 6.8, \\"duration\\": \\"2h 00m\\", '
 '\\"year\\": \\"2024\\", \\"quality\\": \\"HD\\", \\"description\\": \\"Ver '
 'atlas Cuevana3.Una brillante analista antiterrorista recela de la IA hasta '
 'que descubre que podr\\\\u00eda ser su \\\\u00fanica esperanza cuando se '
 'tuerce una misi\\\\u00f3n para atrapar a un robot rebelde.\\", \\"genre\\": '
 '[\\"Ciencia ficci\\\\u00f3n\\", \\"Acci\\\\u00f3n\\"], \\"country\\": '
 '\\"United States\\", \\"director\\": \\"Brad Peyton\\", \\"actors\\": '
 '[\\"Jennifer Lopez,\\", \\"Simu Liu,\\", \\"Sterling K. Brown,\\", '
 '\\"Gregory James Cohan,\\", \\"Abraham Popoola,\\", \\"Lana Parrilla,\\", '
 '\\"Mark Strong,\\", \\"Briella Guiza,\\", \\"Adia Smith-Eriksson,\\", '
 '\\"Logan Hunt,\\", \\"Jared Shimabukuro,\\", \\"Ashley J. Hicks,\\", \\"Paul '
 'Ganus,\\", \\"Zoe Boyle,\\", \\"Howland Wilson,\\", \\"Justin Walker '
 'White,\\", \\"Michelangelo Hyeon,\\", \\"Gloria Cole,\\", \\"Vaughn '
 'Johseph,\\", \\"Supreet Bedi,\\", \\"Lorraine Tai,\\"], \\"views\\": 925}", '
 '"{\\"image_url\\": '
 '\\"https://i0.wp.com/www.themoviedb.org/t/p/w185/2D7SsqU8VZOl838KR7q9pzljaLe.jpg\\", '
 '\\"title\\": \\"Ultraman: El Ascenso\\", \\"rating\\": 8.4, \\"duration\\": '
 '\\"1h 56m\\", \\"year\\": \\"2024\\", \\"quality\\": \\"HD\\", '
 '\\"description\\": \\"Ver ultraman: el ascenso Cuevana3.La historia sigue al '
 'exitoso jugador de b\\\\u00e9isbol llamado Ken Sato, quien regresa a '
 'Jap\\\\u00f3n para asumir la identidad de Ultraman. Sin embargo, sus planes '
 'se trastocan cuando se enucnetra a un kaiju reci\\\\u00e9n nacido a quien '
 'decide criar como su propio hijo. Sumado a este imprevisto, Sato '
 'deber\\\\u00e1 retomar la relaci\\\\u00f3n con su distanciado padre y lidiar '
 'con la Fuerza de Defensa Kaiju.\\", \\"genre\\": [\\"Animaci\\\\u00f3n\\", '
 '\\"Ciencia ficci\\\\u00f3n\\", \\"Familia\\", \\"Acci\\\\u00f3n\\"], '
 '\\"country\\": \\"Japan\\", \\"director\\": \\"Shannon Tindle\\", '
 '\\"actors\\": [\\"Christopher Sean,\\", \\"Gedde Watanabe,\\", \\"Tamlyn '
 'Tomita,\\", \\"Keone Young,\\", \\"Julia Harriman,\\", \\"Rob Fukuzaki,\\", '
 '\\"Frank Buckley,\\", \\"Fran\\\\u00e7ois Chau,\\", \\"Robert Yasumura,\\", '
 '\\"Artt Butler,\\", \\"Karen Yasumura,\\", \\"Mayumi Yoshida,\\", \\"Mila '
 'O\'Malley,\\", \\"Bret Marnell,\\", \\"Julia Kato,\\", \\"Brittany '
 'Ishibashi,\\", \\"Veronica Lapke,\\", \\"Lee Shorten,\\", \\"Jonathan '
 'Groff,\\", \\"Masa Kanome,\\", \\"Vic Chao,\\"], \\"views\\": 149}", '
 '"{\\"image_url\\": '
 '\\"https://i0.wp.com/www.themoviedb.org/t/p/w185/6BcxgP05jDip4Zjh2P5Be2aNi0Z.jpg\\", '
 '\\"title\\": \\"Gru 4. Mi villano favorito\\", \\"rating\\": 8.6, '
 '\\"duration\\": \\"1h 35m\\", \\"year\\": \\"2024\\", \\"quality\\": '
 '\\"HD\\", \\"description\\": \\"Ver gru 4. mi villano favorito Cuevana3.Gru, '
 'Lucy y las ni\\\\u00f1as -Margo, Edith y Agnes- dan la bienvenida a un nuevo '
 'miembro en la familia: Gru Junior, que parece llegar con el '
 'prop\\\\u00f3sito de ser un suplicio para su padre. Gru tendr\\\\u00e1 que '
 'enfrentarse en esta ocasi\\\\u00f3n a su nueva n\\\\u00e9mesis Maxime Le Mal '
 'y su sofisticada y mal\\\\u00e9vola novia Valentina, lo que obligar\\\\u00e1 '
 "a la familia a tener que darse a la fuga. Cuarta entrega de 'Gru, mi villano "
 'favorito\'.\\", \\"genre\\": [\\"Animaci\\\\u00f3n\\", \\"Familia\\", '
 '\\"Comedia\\", \\"Acci\\\\u00f3n\\"], \\"country\\": \\"United States\\", '
 '\\"director\\": \\"Chris Renaud\\", \\"actors\\": [\\"Steve Carell,\\", '
 '\\"Kristen Wiig,\\", \\"Joey King,\\", \\"Will Ferrell,\\", \\"Sof\\\\u00eda '
 'Vergara,\\", \\"Miranda Cosgrove,\\", \\"Dana Gaier,\\", \\"Madison '
 'Polan,\\", \\"Pierre Coffin,\\", \\"Steve Coogan,\\", \\"Stephen '
 'Colbert,\\", \\"Chloe Fineman,\\", \\"Brad Ableson,\\", \\"John '
 'DiMaggio,\\", \\"Chris Renaud,\\", \\"Jason Segel,\\", \\"Benjamin '
 'Bratt,\\", \\"Trey Parker,\\", \\"Sandra Bullock,\\", \\"Jon Hamm,\\", '
 '\\"Taraji P. Henson,\\"], \\"views\\": 66}", "{\\"image_url\\": '
 '\\"https://i0.wp.com/www.themoviedb.org/t/p/w185/3HoBhPg6T5st6K09QfZh4lGB0hz.jpg\\", '
 '\\"title\\": \\"La academia del Sr. Kleks\\", \\"rating\\": 6.1, '
 '\\"duration\\": \\"2h 10m\\", \\"year\\": \\"2024\\", \\"quality\\": '
 '\\"HD\\", \\"description\\": \\"Ver la academia del sr. kleks Cuevana3.En '
 'busca de su padre, que ha desaparecido, una adolescente aparentemente normal '
 'acepta asistir a una universidad m\\\\u00e1gica dirigida por un profesor '
 'exc\\\\u00e9ntrico, el Sr. Kleks.\\", \\"genre\\": [\\"Fantas\\\\u00eda\\", '
 '\\"Aventura\\", \\"Familia\\"], \\"country\\": \\"Bulgaria\\", '
 '\\"director\\": \\"Maciej Kawulski\\", \\"actors\\": [\\"Antonina '
 'Litwiniak,\\", \\"Tomasz Kot,\\", \\"Piotr Fronczewski,\\", \\"Sebastian '
 'Stankiewicz,\\", \\"Agnieszka Grochowska,\\", \\"Danuta Stenka,\\", '
 '\\"Daniel Walasek,\\", \\"Konrad Repi\\\\u0144ski,\\", \\"Igor '
 'Fernandez-Kowalczyk,\\", \\"Apolonia Ga\\\\u0142\\\\u0119ska,\\", \\"Daria '
 'Kalinchuk,\\", \\"Amelia Luty\\\\u0144ska,\\", \\"Enkhkhangaluun '
 'Byambadul,\\", \\"Jan Makowski,\\", \\"Jana Jachimek,\\", \\"Liu '
 'Sitkowska,\\", \\"Maria Al Tlfah,\\", \\"Dima Al Tlfah,\\", \\"Nikodem '
 'Adamski,\\", \\"Julian Mr\\\\u00f3wczy\\\\u0144ski,\\", \\"Adam '
 'Panikowski,\\"], \\"views\\": 53}", "{\\"image_url\\": '
 '\\"https://i0.wp.com/www.themoviedb.org/t/p/w185/5jI2vEHJReAx8iFDmhC2O3yW37w.jpg\\", '
 '\\"title\\": \\"Bad Boys: Ride or Die\\", \\"rating\\": 7.0, \\"duration\\": '
 '\\"1h 55m\\", \\"year\\": \\"2024\\", \\"quality\\": \\"HD\\", '
 '\\"description\\": \\"Ver bad boys: ride or die Cuevana3.Tras escuchar '
 'falsas acusaciones sobre su excapit\\\\u00e1n y mentor Mike y Marcus deciden '
 'investigar el asunto incluso volverse los m\\\\u00e1s buscados de ser '
 'necesarios\\", \\"genre\\": [\\"Acci\\\\u00f3n\\", \\"Crimen\\", '
 '\\"Suspense\\", \\"Comedia\\"], \\"country\\": \\"United States\\", '
 '\\"director\\": \\"Adil El Arbi\\", \\"actors\\": [\\"Will Smith,\\", '
 '\\"Martin Lawrence,\\", \\"Vanessa Hudgens,\\", \\"Alexander Ludwig,\\", '
 '\\"Paola Nu\\\\u00f1ez,\\", \\"Eric Dane,\\", \\"Ioan Gruffudd,\\", \\"Jacob '
 'Scipio,\\", \\"Melanie Liburd,\\", \\"Tasha Smith,\\", \\"Rhea Seehorn,\\", '
 '\\"Tiffany Haddish,\\", \\"Joe Pantoliano,\\", \\"DJ Khaled,\\", \\"John '
 'Salley,\\", \\"Bianca Bethune,\\", \\"Dennis McDonald,\\", \\"Quinn '
 'Hemphill,\\", \\"Michael Bay,\\", \\"Derek Russo,\\", \\"Karter Reese '
 'Newsome,\\"], \\"views\\": 464}", "{\\"image_url\\": '
 '\\"https://i0.wp.com/www.themoviedb.org/t/p/w185/5jI2vEHJReAx8iFDmhC2O3yW37w.jpg\\", '
 '\\"title\\": \\"Bad Boys: Ride or Die\\", \\"rating\\": 7.0, \\"duration\\": '
 '\\"1h 55m\\", \\"year\\": \\"2024\\", \\"quality\\": \\"HD\\", '
 '\\"description\\": \\"Ver bad boys: ride or die Cuevana3.Tras escuchar '
 'falsas acusaciones sobre su excapit\\\\u00e1n y mentor Mike y Marcus deciden '
 'investigar el asunto incluso volverse los m\\\\u00e1s buscados de ser '
 'necesarios\\", \\"genre\\": [\\"Acci\\\\u00f3n\\", \\"Crimen\\", '
 '\\"Suspense\\", \\"Comedia\\"], \\"country\\": \\"United States\\", '
 '\\"director\\": \\"Adil El Arbi\\", \\"actors\\": [\\"Will Smith,\\", '
 '\\"Martin Lawrence,\\", \\"Vanessa Hudgens,\\", \\"Alexander Ludwig,\\", '
 '\\"Paola Nu\\\\u00f1ez,\\", \\"Eric Dane,\\", \\"Ioan Gruffudd,\\", \\"Jacob '
 'Scipio,\\", \\"Melanie Liburd,\\", \\"Tasha Smith,\\", \\"Rhea Seehorn,\\", '
 '\\"Tiffany Haddish,\\", \\"Joe Pantoliano,\\", \\"DJ Khaled,\\", \\"John '
 'Salley,\\", \\"Bianca Bethune,\\", \\"Dennis McDonald,\\", \\"Quinn '
 'Hemphill,\\", \\"Michael Bay,\\", \\"Derek Russo,\\", \\"Karter Reese '
 'Newsome,\\"], \\"views\\": 464}", "{\\"image_url\\": '
 '\\"https://i0.wp.com/www.themoviedb.org/t/p/w185/6BcxgP05jDip4Zjh2P5Be2aNi0Z.jpg\\", '
 '\\"title\\": \\"Gru 4. Mi villano favorito\\", \\"rating\\": 8.6, '
 '\\"duration\\": \\"1h 35m\\", \\"year\\": \\"2024\\", \\"quality\\": '
 '\\"HD\\", \\"description\\": \\"Ver gru 4. mi villano favorito Cuevana3.Gru, '
 'Lucy y las ni\\\\u00f1as -Margo, Edith y Agnes- dan la bienvenida a un nuevo '
 'miembro en la familia: Gru Junior, que parece llegar con el '
 'prop\\\\u00f3sito de ser un suplicio para su padre. Gru tendr\\\\u00e1 que '
 'enfrentarse en esta ocasi\\\\u00f3n a su nueva n\\\\u00e9mesis Maxime Le Mal '
 'y su sofisticada y mal\\\\u00e9vola novia Valentina, lo que obligar\\\\u00e1 '
 "a la familia a tener que darse a la fuga. Cuarta entrega de 'Gru, mi villano "
 'favorito\'.\\", \\"genre\\": [\\"Animaci\\\\u00f3n\\", \\"Familia\\", '
 '\\"Comedia\\", \\"Acci\\\\u00f3n\\"], \\"country\\": \\"United States\\", '
 '\\"director\\": \\"Chris Renaud\\", \\"actors\\": [\\"Steve Carell,\\", '
 '\\"Kristen Wiig,\\", \\"Joey King,\\", \\"Will Ferrell,\\", \\"Sof\\\\u00eda '
 'Vergara,\\", \\"Miranda Cosgrove,\\", \\"Dana Gaier,\\", \\"Madison '
 'Polan,\\", \\"Pierre Coffin,\\", \\"Steve Coogan,\\", \\"Stephen '
 'Colbert,\\", \\"Chloe Fineman,\\", \\"Brad Ableson,\\", \\"John '
 'DiMaggio,\\", \\"Chris Renaud,\\", \\"Jason Segel,\\", \\"Benjamin '
 'Bratt,\\", \\"Trey Parker,\\", \\"Sandra Bullock,\\", \\"Jon Hamm,\\", '
 '\\"Taraji P. Henson,\\"], \\"views\\": 66}", "{\\"image_url\\": '
 '\\"https://i0.wp.com/www.themoviedb.org/t/p/w185/5jI2vEHJReAx8iFDmhC2O3yW37w.jpg\\", '
 '\\"title\\": \\"Bad Boys: Ride or Die\\", \\"rating\\": 7.0, \\"duration\\": '
 '\\"1h 55m\\", \\"year\\": \\"2024\\", \\"quality\\": \\"HD\\", '
 '\\"description\\": \\"Ver bad boys: ride or die Cuevana3.Tras escuchar '
 'falsas acusaciones sobre su excapit\\\\u00e1n y mentor Mike y Marcus deciden '
 'investigar el asunto incluso volverse los m\\\\u00e1s buscados de ser '
 'necesarios\\", \\"genre\\": [\\"Acci\\\\u00f3n\\", \\"Crimen\\", '
 '\\"Suspense\\", \\"Comedia\\"], \\"country\\": \\"United States\\", '
 '\\"director\\": \\"Adil El Arbi\\", \\"actors\\": [\\"Will Smith,\\", '
 '\\"Martin Lawrence,\\", \\"Vanessa Hudgens,\\", \\"Alexander Ludwig,\\", '
 '\\"Paola Nu\\\\u00f1ez,\\", \\"Eric Dane,\\", \\"Ioan Gruffudd,\\", \\"Jacob '
 'Scipio,\\", \\"Melanie Liburd,\\", \\"Tasha Smith,\\", \\"Rhea Seehorn,\\", '
 '\\"Tiffany Haddish,\\", \\"Joe Pantoliano,\\", \\"DJ Khaled,\\", \\"John '
 'Salley,\\", \\"Bianca Bethune,\\", \\"Dennis McDonald,\\", \\"Quinn '
 'Hemphill,\\", \\"Michael Bay,\\", \\"Derek Russo,\\", \\"Karter Reese '
 'Newsome,\\"], \\"views\\": 464}", "{\\"image_url\\": '
 '\\"https://i0.wp.com/www.themoviedb.org/t/p/w185/Adh7xmtgSIUGZBaMj9VLTmq2G8z.jpg\\", '
 '\\"title\\": \\"Tarot\\", \\"rating\\": 6.6, \\"duration\\": \\"1h 32m\\", '
 '\\"year\\": \\"2024\\", \\"quality\\": \\"HD\\", \\"description\\": \\"Ver '
 'tarot Cuevana3.Un grupo de amigos de la universidad comienzan a morir de '
 'maneras relacionadas con su fortuna despu\\\\u00e9s de que les lean los '
 'hor\\\\u00f3scopos.\\", \\"genre\\": [\\"Terror\\"], \\"country\\": '
 '\\"United States\\", \\"director\\": \\"Spenser Cohen\\", \\"actors\\": '
 '[\\"Harriet Slater,\\", \\"Adain Bradley,\\", \\"Avantika,\\", \\"Jacob '
 'Batalon,\\", \\"Humberly Gonz\\\\u00e1lez,\\", \\"Wolfgang Novogratz,\\", '
 '\\"Larsen Thompson,\\", \\"Olwen Fou\\\\u00e9r\\\\u00e9,\\", '
 '\\"Sun\\\\u010dica Milanovi\\\\u0107,\\", \\"Alan Wells,\\", \\"Joss '
 'Carter,\\", \\"James Swanton,\\", \\"Sta\\\\u0161a Nikoli\\\\u0107,\\", '
 '\\"Anna Halberg,\\", \\"Cavin Cornwall,\\", \\"Lucy Ridley,\\", \\"Felix '
 'Leech,\\", \\"Vahidin Preli\\\\u0107,\\", \\"Dunja Pavlovi\\\\u0107,\\", '
 '\\"Vi\\\\u0161nja Obradovi\\\\u0107,\\"], \\"views\\": 617}"]')
[2024-07-02T09:40:43.895-0400] {python.py:237} INFO - Done. Returned value was: None
[2024-07-02T09:40:43.897-0400] {taskinstance.py:441} INFO - ::group::Post task execution logs
[2024-07-02T09:40:43.909-0400] {taskinstance.py:1206} INFO - Marking task as SUCCESS. dag_id=api_cuevana3_movie, task_id=execute_post_details_fasapi, run_id=scheduled__2024-07-01T00:01:00+00:00, execution_date=20240701T000100, start_date=20240702T133936, end_date=20240702T134043
[2024-07-02T09:40:43.993-0400] {local_task_job_runner.py:240} INFO - Task exited with return code 0
[2024-07-02T09:40:44.098-0400] {taskinstance.py:3503} INFO - 0 downstream tasks scheduled from follow-on schedule check
[2024-07-02T09:40:44.100-0400] {local_task_job_runner.py:222} INFO - ::endgroup::
[2024-07-02T10:39:34.698-0400] {local_task_job_runner.py:120} INFO - ::group::Pre task execution logs
[2024-07-02T10:39:34.714-0400] {taskinstance.py:2076} INFO - Dependencies all met for dep_context=non-requeueable deps ti=<TaskInstance: api_cuevana3_movie.execute_post_details_fasapi scheduled__2024-07-01T00:01:00+00:00 [queued]>
[2024-07-02T10:39:34.719-0400] {taskinstance.py:2076} INFO - Dependencies all met for dep_context=requeueable deps ti=<TaskInstance: api_cuevana3_movie.execute_post_details_fasapi scheduled__2024-07-01T00:01:00+00:00 [queued]>
[2024-07-02T10:39:34.720-0400] {taskinstance.py:2306} INFO - Starting attempt 1 of 1
[2024-07-02T10:39:34.762-0400] {taskinstance.py:2330} INFO - Executing <Task(PythonOperator): execute_post_details_fasapi> on 2024-07-01 00:01:00+00:00
[2024-07-02T10:39:34.769-0400] {standard_task_runner.py:63} INFO - Started process 497382 to run task
[2024-07-02T10:39:34.774-0400] {standard_task_runner.py:90} INFO - Running: ['airflow', 'tasks', 'run', 'api_cuevana3_movie', 'execute_post_details_fasapi', 'scheduled__2024-07-01T00:01:00+00:00', '--job-id', '1170', '--raw', '--subdir', 'DAGS_FOLDER/movie_recommend.py', '--cfg-path', '/tmp/tmpdr1ztouo']
[2024-07-02T10:39:34.778-0400] {standard_task_runner.py:91} INFO - Job 1170: Subtask execute_post_details_fasapi
[2024-07-02T10:39:34.877-0400] {task_command.py:426} INFO - Running <TaskInstance: api_cuevana3_movie.execute_post_details_fasapi scheduled__2024-07-01T00:01:00+00:00 [running]> on host walter-VirtualBox
[2024-07-02T10:39:35.077-0400] {taskinstance.py:2648} INFO - Exporting env vars: AIRFLOW_CTX_DAG_OWNER='airflow' AIRFLOW_CTX_DAG_ID='api_cuevana3_movie' AIRFLOW_CTX_TASK_ID='execute_post_details_fasapi' AIRFLOW_CTX_EXECUTION_DATE='2024-07-01T00:01:00+00:00' AIRFLOW_CTX_TRY_NUMBER='1' AIRFLOW_CTX_DAG_RUN_ID='scheduled__2024-07-01T00:01:00+00:00'
[2024-07-02T10:39:35.078-0400] {taskinstance.py:430} INFO - ::endgroup::
[2024-07-02T10:40:36.027-0400] {python.py:237} INFO - Done. Returned value was: None
[2024-07-02T10:40:36.037-0400] {taskinstance.py:441} INFO - ::group::Post task execution logs
[2024-07-02T10:40:36.047-0400] {taskinstance.py:1206} INFO - Marking task as SUCCESS. dag_id=api_cuevana3_movie, task_id=execute_post_details_fasapi, run_id=scheduled__2024-07-01T00:01:00+00:00, execution_date=20240701T000100, start_date=20240702T143934, end_date=20240702T144036
[2024-07-02T10:40:36.103-0400] {local_task_job_runner.py:240} INFO - Task exited with return code 0
[2024-07-02T10:40:36.126-0400] {taskinstance.py:3503} INFO - 3 downstream tasks scheduled from follow-on schedule check
[2024-07-02T10:40:36.137-0400] {local_task_job_runner.py:222} INFO - ::endgroup::
[2024-07-02T10:56:23.983-0400] {local_task_job_runner.py:120} INFO - ::group::Pre task execution logs
[2024-07-02T10:56:24.009-0400] {taskinstance.py:2076} INFO - Dependencies all met for dep_context=non-requeueable deps ti=<TaskInstance: api_cuevana3_movie.execute_post_details_fasapi scheduled__2024-07-01T00:01:00+00:00 [queued]>
[2024-07-02T10:56:24.015-0400] {taskinstance.py:2076} INFO - Dependencies all met for dep_context=requeueable deps ti=<TaskInstance: api_cuevana3_movie.execute_post_details_fasapi scheduled__2024-07-01T00:01:00+00:00 [queued]>
[2024-07-02T10:56:24.015-0400] {taskinstance.py:2306} INFO - Starting attempt 1 of 1
[2024-07-02T10:56:24.039-0400] {taskinstance.py:2330} INFO - Executing <Task(PythonOperator): execute_post_details_fasapi> on 2024-07-01 00:01:00+00:00
[2024-07-02T10:56:24.053-0400] {standard_task_runner.py:63} INFO - Started process 500563 to run task
[2024-07-02T10:56:24.071-0400] {standard_task_runner.py:90} INFO - Running: ['airflow', 'tasks', 'run', 'api_cuevana3_movie', 'execute_post_details_fasapi', 'scheduled__2024-07-01T00:01:00+00:00', '--job-id', '1330', '--raw', '--subdir', 'DAGS_FOLDER/movie_recommend.py', '--cfg-path', '/tmp/tmpzmxnovj1']
[2024-07-02T10:56:24.078-0400] {standard_task_runner.py:91} INFO - Job 1330: Subtask execute_post_details_fasapi
[2024-07-02T10:56:24.163-0400] {task_command.py:426} INFO - Running <TaskInstance: api_cuevana3_movie.execute_post_details_fasapi scheduled__2024-07-01T00:01:00+00:00 [running]> on host walter-VirtualBox
[2024-07-02T10:56:24.259-0400] {taskinstance.py:2648} INFO - Exporting env vars: AIRFLOW_CTX_DAG_OWNER='airflow' AIRFLOW_CTX_DAG_ID='api_cuevana3_movie' AIRFLOW_CTX_TASK_ID='execute_post_details_fasapi' AIRFLOW_CTX_EXECUTION_DATE='2024-07-01T00:01:00+00:00' AIRFLOW_CTX_TRY_NUMBER='1' AIRFLOW_CTX_DAG_RUN_ID='scheduled__2024-07-01T00:01:00+00:00'
[2024-07-02T10:56:24.260-0400] {taskinstance.py:430} INFO - ::endgroup::
[2024-07-02T10:57:18.271-0400] {python.py:237} INFO - Done. Returned value was: None
[2024-07-02T10:57:18.271-0400] {taskinstance.py:441} INFO - ::group::Post task execution logs
[2024-07-02T10:57:18.280-0400] {taskinstance.py:1206} INFO - Marking task as SUCCESS. dag_id=api_cuevana3_movie, task_id=execute_post_details_fasapi, run_id=scheduled__2024-07-01T00:01:00+00:00, execution_date=20240701T000100, start_date=20240702T145624, end_date=20240702T145718
[2024-07-02T10:57:18.329-0400] {local_task_job_runner.py:240} INFO - Task exited with return code 0
[2024-07-02T10:57:18.346-0400] {taskinstance.py:3503} INFO - 3 downstream tasks scheduled from follow-on schedule check
[2024-07-02T10:57:18.373-0400] {local_task_job_runner.py:222} INFO - ::endgroup::
