[2024-07-01T20:33:16.019-0400] {local_task_job_runner.py:120} INFO - ::group::Pre task execution logs
[2024-07-01T20:33:16.035-0400] {taskinstance.py:2076} INFO - Dependencies all met for dep_context=non-requeueable deps ti=<TaskInstance: api_cuevana3_movie.transform_with_spark scheduled__2024-07-01T17:00:00+00:00 [queued]>
[2024-07-01T20:33:16.048-0400] {taskinstance.py:2076} INFO - Dependencies all met for dep_context=requeueable deps ti=<TaskInstance: api_cuevana3_movie.transform_with_spark scheduled__2024-07-01T17:00:00+00:00 [queued]>
[2024-07-01T20:33:16.048-0400] {taskinstance.py:2306} INFO - Starting attempt 1 of 1
[2024-07-01T20:33:16.066-0400] {taskinstance.py:2330} INFO - Executing <Task(PythonOperator): transform_with_spark> on 2024-07-01 17:00:00+00:00
[2024-07-01T20:33:16.073-0400] {standard_task_runner.py:63} INFO - Started process 417831 to run task
[2024-07-01T20:33:16.075-0400] {standard_task_runner.py:90} INFO - Running: ['airflow', 'tasks', 'run', 'api_cuevana3_movie', 'transform_with_spark', 'scheduled__2024-07-01T17:00:00+00:00', '--job-id', '740', '--raw', '--subdir', 'DAGS_FOLDER/movie_recommend.py', '--cfg-path', '/tmp/tmpbxbvospq']
[2024-07-01T20:33:16.077-0400] {standard_task_runner.py:91} INFO - Job 740: Subtask transform_with_spark
[2024-07-01T20:33:16.128-0400] {task_command.py:426} INFO - Running <TaskInstance: api_cuevana3_movie.transform_with_spark scheduled__2024-07-01T17:00:00+00:00 [running]> on host walter-VirtualBox
[2024-07-01T20:33:16.202-0400] {taskinstance.py:2648} INFO - Exporting env vars: AIRFLOW_CTX_DAG_OWNER='airflow' AIRFLOW_CTX_DAG_ID='api_cuevana3_movie' AIRFLOW_CTX_TASK_ID='transform_with_spark' AIRFLOW_CTX_EXECUTION_DATE='2024-07-01T17:00:00+00:00' AIRFLOW_CTX_TRY_NUMBER='1' AIRFLOW_CTX_DAG_RUN_ID='scheduled__2024-07-01T17:00:00+00:00'
[2024-07-01T20:33:16.204-0400] {taskinstance.py:430} INFO - ::endgroup::
[2024-07-01T20:33:16.217-0400] {logging_mixin.py:188} INFO - No se pudo obtener el JSON de datos de la pelicula
[2024-07-01T20:33:16.218-0400] {python.py:237} INFO - Done. Returned value was: None
[2024-07-01T20:33:16.218-0400] {taskinstance.py:441} INFO - ::group::Post task execution logs
[2024-07-01T20:33:16.221-0400] {taskinstance.py:1206} INFO - Marking task as SUCCESS. dag_id=api_cuevana3_movie, task_id=transform_with_spark, run_id=scheduled__2024-07-01T17:00:00+00:00, execution_date=20240701T170000, start_date=20240702T003316, end_date=20240702T003316
[2024-07-01T20:33:16.320-0400] {local_task_job_runner.py:240} INFO - Task exited with return code 0
[2024-07-01T20:33:16.331-0400] {taskinstance.py:3503} INFO - 0 downstream tasks scheduled from follow-on schedule check
[2024-07-01T20:33:16.332-0400] {local_task_job_runner.py:222} INFO - ::endgroup::
[2024-07-01T23:26:09.858-0400] {local_task_job_runner.py:120} INFO - ::group::Pre task execution logs
[2024-07-01T23:26:09.881-0400] {taskinstance.py:2076} INFO - Dependencies all met for dep_context=non-requeueable deps ti=<TaskInstance: api_cuevana3_movie.transform_with_spark scheduled__2024-07-01T17:00:00+00:00 [queued]>
[2024-07-01T23:26:09.890-0400] {taskinstance.py:2076} INFO - Dependencies all met for dep_context=requeueable deps ti=<TaskInstance: api_cuevana3_movie.transform_with_spark scheduled__2024-07-01T17:00:00+00:00 [queued]>
[2024-07-01T23:26:09.890-0400] {taskinstance.py:2306} INFO - Starting attempt 1 of 1
[2024-07-01T23:26:09.910-0400] {taskinstance.py:2330} INFO - Executing <Task(PythonOperator): transform_with_spark> on 2024-07-01 17:00:00+00:00
[2024-07-01T23:26:09.921-0400] {standard_task_runner.py:63} INFO - Started process 454304 to run task
[2024-07-01T23:26:09.926-0400] {standard_task_runner.py:90} INFO - Running: ['airflow', 'tasks', 'run', 'api_cuevana3_movie', 'transform_with_spark', 'scheduled__2024-07-01T17:00:00+00:00', '--job-id', '888', '--raw', '--subdir', 'DAGS_FOLDER/movie_recommend.py', '--cfg-path', '/tmp/tmpzuwsdsxd']
[2024-07-01T23:26:09.933-0400] {standard_task_runner.py:91} INFO - Job 888: Subtask transform_with_spark
[2024-07-01T23:26:10.034-0400] {task_command.py:426} INFO - Running <TaskInstance: api_cuevana3_movie.transform_with_spark scheduled__2024-07-01T17:00:00+00:00 [running]> on host walter-VirtualBox
[2024-07-01T23:26:10.205-0400] {taskinstance.py:2648} INFO - Exporting env vars: AIRFLOW_CTX_DAG_OWNER='airflow' AIRFLOW_CTX_DAG_ID='api_cuevana3_movie' AIRFLOW_CTX_TASK_ID='transform_with_spark' AIRFLOW_CTX_EXECUTION_DATE='2024-07-01T17:00:00+00:00' AIRFLOW_CTX_TRY_NUMBER='1' AIRFLOW_CTX_DAG_RUN_ID='scheduled__2024-07-01T17:00:00+00:00'
[2024-07-01T23:26:10.208-0400] {taskinstance.py:430} INFO - ::endgroup::
[2024-07-01T23:26:10.247-0400] {logging_mixin.py:188} INFO - No se pudo obtener el JSON de datos de la pelicula
[2024-07-01T23:26:10.250-0400] {python.py:237} INFO - Done. Returned value was: None
[2024-07-01T23:26:10.253-0400] {taskinstance.py:441} INFO - ::group::Post task execution logs
[2024-07-01T23:26:10.263-0400] {taskinstance.py:1206} INFO - Marking task as SUCCESS. dag_id=api_cuevana3_movie, task_id=transform_with_spark, run_id=scheduled__2024-07-01T17:00:00+00:00, execution_date=20240701T170000, start_date=20240702T032609, end_date=20240702T032610
[2024-07-01T23:26:10.306-0400] {local_task_job_runner.py:240} INFO - Task exited with return code 0
[2024-07-01T23:26:10.319-0400] {taskinstance.py:3503} INFO - 0 downstream tasks scheduled from follow-on schedule check
[2024-07-01T23:26:10.320-0400] {local_task_job_runner.py:222} INFO - ::endgroup::
