[2024-07-02T09:40:51.487-0400] {local_task_job_runner.py:120} INFO - ::group::Pre task execution logs
[2024-07-02T09:40:51.523-0400] {taskinstance.py:2076} INFO - Dependencies all met for dep_context=non-requeueable deps ti=<TaskInstance: api_cuevana3_movie.insert_into_mysql scheduled__2024-07-01T00:01:00+00:00 [queued]>
[2024-07-02T09:40:51.534-0400] {taskinstance.py:2076} INFO - Dependencies all met for dep_context=requeueable deps ti=<TaskInstance: api_cuevana3_movie.insert_into_mysql scheduled__2024-07-01T00:01:00+00:00 [queued]>
[2024-07-02T09:40:51.535-0400] {taskinstance.py:2306} INFO - Starting attempt 1 of 1
[2024-07-02T09:40:51.585-0400] {taskinstance.py:2330} INFO - Executing <Task(PythonOperator): insert_into_mysql> on 2024-07-01 00:01:00+00:00
[2024-07-02T09:40:51.610-0400] {standard_task_runner.py:90} INFO - Running: ['airflow', 'tasks', 'run', 'api_cuevana3_movie', 'insert_into_mysql', 'scheduled__2024-07-01T00:01:00+00:00', '--job-id', '968', '--raw', '--subdir', 'DAGS_FOLDER/movie_recommend.py', '--cfg-path', '/tmp/tmprpk8v87h']
[2024-07-02T09:40:51.615-0400] {standard_task_runner.py:91} INFO - Job 968: Subtask insert_into_mysql
[2024-07-02T09:40:51.610-0400] {standard_task_runner.py:63} INFO - Started process 483037 to run task
[2024-07-02T09:40:51.665-0400] {task_command.py:426} INFO - Running <TaskInstance: api_cuevana3_movie.insert_into_mysql scheduled__2024-07-01T00:01:00+00:00 [running]> on host walter-VirtualBox
[2024-07-02T09:40:51.769-0400] {taskinstance.py:2648} INFO - Exporting env vars: AIRFLOW_CTX_DAG_OWNER='airflow' AIRFLOW_CTX_DAG_ID='api_cuevana3_movie' AIRFLOW_CTX_TASK_ID='insert_into_mysql' AIRFLOW_CTX_EXECUTION_DATE='2024-07-01T00:01:00+00:00' AIRFLOW_CTX_TRY_NUMBER='1' AIRFLOW_CTX_DAG_RUN_ID='scheduled__2024-07-01T00:01:00+00:00'
[2024-07-02T09:40:51.770-0400] {taskinstance.py:430} INFO - ::endgroup::
[2024-07-02T09:40:51.789-0400] {logging_mixin.py:188} INFO - No se pudo obtener el JSON de datos de la pelicula
[2024-07-02T09:40:51.789-0400] {python.py:237} INFO - Done. Returned value was: None
[2024-07-02T09:40:51.790-0400] {taskinstance.py:441} INFO - ::group::Post task execution logs
[2024-07-02T09:40:51.793-0400] {taskinstance.py:1206} INFO - Marking task as SUCCESS. dag_id=api_cuevana3_movie, task_id=insert_into_mysql, run_id=scheduled__2024-07-01T00:01:00+00:00, execution_date=20240701T000100, start_date=20240702T134051, end_date=20240702T134051
[2024-07-02T09:40:51.853-0400] {local_task_job_runner.py:240} INFO - Task exited with return code 0
[2024-07-02T09:40:51.873-0400] {taskinstance.py:3503} INFO - 1 downstream tasks scheduled from follow-on schedule check
[2024-07-02T09:40:51.921-0400] {local_task_job_runner.py:222} INFO - ::endgroup::
[2024-07-02T10:41:32.631-0400] {local_task_job_runner.py:120} INFO - ::group::Pre task execution logs
[2024-07-02T10:41:32.657-0400] {taskinstance.py:2076} INFO - Dependencies all met for dep_context=non-requeueable deps ti=<TaskInstance: api_cuevana3_movie.insert_into_mysql scheduled__2024-07-01T00:01:00+00:00 [queued]>
[2024-07-02T10:41:32.663-0400] {taskinstance.py:2076} INFO - Dependencies all met for dep_context=requeueable deps ti=<TaskInstance: api_cuevana3_movie.insert_into_mysql scheduled__2024-07-01T00:01:00+00:00 [queued]>
[2024-07-02T10:41:32.663-0400] {taskinstance.py:2306} INFO - Starting attempt 1 of 1
[2024-07-02T10:41:32.727-0400] {taskinstance.py:2330} INFO - Executing <Task(PythonOperator): insert_into_mysql> on 2024-07-01 00:01:00+00:00
[2024-07-02T10:41:32.746-0400] {standard_task_runner.py:63} INFO - Started process 498031 to run task
[2024-07-02T10:41:32.761-0400] {standard_task_runner.py:90} INFO - Running: ['airflow', 'tasks', 'run', 'api_cuevana3_movie', 'insert_into_mysql', 'scheduled__2024-07-01T00:01:00+00:00', '--job-id', '1178', '--raw', '--subdir', 'DAGS_FOLDER/movie_recommend.py', '--cfg-path', '/tmp/tmpjumug5sm']
[2024-07-02T10:41:32.763-0400] {standard_task_runner.py:91} INFO - Job 1178: Subtask insert_into_mysql
[2024-07-02T10:41:32.834-0400] {task_command.py:426} INFO - Running <TaskInstance: api_cuevana3_movie.insert_into_mysql scheduled__2024-07-01T00:01:00+00:00 [running]> on host walter-VirtualBox
[2024-07-02T10:41:33.010-0400] {taskinstance.py:2648} INFO - Exporting env vars: AIRFLOW_CTX_DAG_OWNER='airflow' AIRFLOW_CTX_DAG_ID='api_cuevana3_movie' AIRFLOW_CTX_TASK_ID='insert_into_mysql' AIRFLOW_CTX_EXECUTION_DATE='2024-07-01T00:01:00+00:00' AIRFLOW_CTX_TRY_NUMBER='1' AIRFLOW_CTX_DAG_RUN_ID='scheduled__2024-07-01T00:01:00+00:00'
[2024-07-02T10:41:33.011-0400] {taskinstance.py:430} INFO - ::endgroup::
[2024-07-02T10:41:33.034-0400] {logging_mixin.py:188} INFO - No se pudo obtener el JSON de datos de la pelicula
[2024-07-02T10:41:33.034-0400] {python.py:237} INFO - Done. Returned value was: None
[2024-07-02T10:41:33.034-0400] {taskinstance.py:441} INFO - ::group::Post task execution logs
[2024-07-02T10:41:33.038-0400] {taskinstance.py:1206} INFO - Marking task as SUCCESS. dag_id=api_cuevana3_movie, task_id=insert_into_mysql, run_id=scheduled__2024-07-01T00:01:00+00:00, execution_date=20240701T000100, start_date=20240702T144132, end_date=20240702T144133
[2024-07-02T10:41:33.069-0400] {local_task_job_runner.py:240} INFO - Task exited with return code 0
[2024-07-02T10:41:33.104-0400] {taskinstance.py:3503} INFO - 0 downstream tasks scheduled from follow-on schedule check
[2024-07-02T10:41:33.106-0400] {local_task_job_runner.py:222} INFO - ::endgroup::
[2024-07-02T10:58:13.174-0400] {local_task_job_runner.py:120} INFO - ::group::Pre task execution logs
[2024-07-02T10:58:13.221-0400] {taskinstance.py:2076} INFO - Dependencies all met for dep_context=non-requeueable deps ti=<TaskInstance: api_cuevana3_movie.insert_into_mysql scheduled__2024-07-01T00:01:00+00:00 [queued]>
[2024-07-02T10:58:13.229-0400] {taskinstance.py:2076} INFO - Dependencies all met for dep_context=requeueable deps ti=<TaskInstance: api_cuevana3_movie.insert_into_mysql scheduled__2024-07-01T00:01:00+00:00 [queued]>
[2024-07-02T10:58:13.229-0400] {taskinstance.py:2306} INFO - Starting attempt 1 of 1
[2024-07-02T10:58:13.264-0400] {taskinstance.py:2330} INFO - Executing <Task(PythonOperator): insert_into_mysql> on 2024-07-01 00:01:00+00:00
[2024-07-02T10:58:13.270-0400] {standard_task_runner.py:63} INFO - Started process 501169 to run task
[2024-07-02T10:58:13.275-0400] {standard_task_runner.py:90} INFO - Running: ['airflow', 'tasks', 'run', 'api_cuevana3_movie', 'insert_into_mysql', 'scheduled__2024-07-01T00:01:00+00:00', '--job-id', '1335', '--raw', '--subdir', 'DAGS_FOLDER/movie_recommend.py', '--cfg-path', '/tmp/tmp3yujze_x']
[2024-07-02T10:58:13.278-0400] {standard_task_runner.py:91} INFO - Job 1335: Subtask insert_into_mysql
[2024-07-02T10:58:13.365-0400] {task_command.py:426} INFO - Running <TaskInstance: api_cuevana3_movie.insert_into_mysql scheduled__2024-07-01T00:01:00+00:00 [running]> on host walter-VirtualBox
[2024-07-02T10:58:13.505-0400] {taskinstance.py:2648} INFO - Exporting env vars: AIRFLOW_CTX_DAG_OWNER='airflow' AIRFLOW_CTX_DAG_ID='api_cuevana3_movie' AIRFLOW_CTX_TASK_ID='insert_into_mysql' AIRFLOW_CTX_EXECUTION_DATE='2024-07-01T00:01:00+00:00' AIRFLOW_CTX_TRY_NUMBER='1' AIRFLOW_CTX_DAG_RUN_ID='scheduled__2024-07-01T00:01:00+00:00'
[2024-07-02T10:58:13.508-0400] {taskinstance.py:430} INFO - ::endgroup::
[2024-07-02T10:58:13.552-0400] {logging_mixin.py:188} INFO - No se pudo obtener el JSON de datos de la pelicula
[2024-07-02T10:58:13.553-0400] {python.py:237} INFO - Done. Returned value was: None
[2024-07-02T10:58:13.554-0400] {taskinstance.py:441} INFO - ::group::Post task execution logs
[2024-07-02T10:58:13.559-0400] {taskinstance.py:1206} INFO - Marking task as SUCCESS. dag_id=api_cuevana3_movie, task_id=insert_into_mysql, run_id=scheduled__2024-07-01T00:01:00+00:00, execution_date=20240701T000100, start_date=20240702T145813, end_date=20240702T145813
[2024-07-02T10:58:13.629-0400] {local_task_job_runner.py:240} INFO - Task exited with return code 0
[2024-07-02T10:58:13.646-0400] {taskinstance.py:3503} INFO - 0 downstream tasks scheduled from follow-on schedule check
[2024-07-02T10:58:13.647-0400] {local_task_job_runner.py:222} INFO - ::endgroup::
