[2024-07-01T20:02:27.999-0400] {local_task_job_runner.py:120} INFO - ::group::Pre task execution logs
[2024-07-01T20:02:28.012-0400] {taskinstance.py:2076} INFO - Dependencies all met for dep_context=non-requeueable deps ti=<TaskInstance: api_cuevana3_movie.execute_post_url_fastapi scheduled__2024-07-01T07:00:00+00:00 [queued]>
[2024-07-01T20:02:28.016-0400] {taskinstance.py:2076} INFO - Dependencies all met for dep_context=requeueable deps ti=<TaskInstance: api_cuevana3_movie.execute_post_url_fastapi scheduled__2024-07-01T07:00:00+00:00 [queued]>
[2024-07-01T20:02:28.016-0400] {taskinstance.py:2306} INFO - Starting attempt 1 of 1
[2024-07-01T20:02:28.057-0400] {taskinstance.py:2330} INFO - Executing <Task(PythonOperator): execute_post_url_fastapi> on 2024-07-01 07:00:00+00:00
[2024-07-01T20:02:28.073-0400] {standard_task_runner.py:63} INFO - Started process 412767 to run task
[2024-07-01T20:02:28.077-0400] {standard_task_runner.py:90} INFO - Running: ['airflow', 'tasks', 'run', 'api_cuevana3_movie', 'execute_post_url_fastapi', 'scheduled__2024-07-01T07:00:00+00:00', '--job-id', '706', '--raw', '--subdir', 'DAGS_FOLDER/movie_recommend.py', '--cfg-path', '/tmp/tmp20ncjabj']
[2024-07-01T20:02:28.085-0400] {standard_task_runner.py:91} INFO - Job 706: Subtask execute_post_url_fastapi
[2024-07-01T20:02:28.129-0400] {task_command.py:426} INFO - Running <TaskInstance: api_cuevana3_movie.execute_post_url_fastapi scheduled__2024-07-01T07:00:00+00:00 [running]> on host walter-VirtualBox
[2024-07-01T20:02:28.250-0400] {taskinstance.py:2648} INFO - Exporting env vars: AIRFLOW_CTX_DAG_OWNER='airflow' AIRFLOW_CTX_DAG_ID='api_cuevana3_movie' AIRFLOW_CTX_TASK_ID='execute_post_url_fastapi' AIRFLOW_CTX_EXECUTION_DATE='2024-07-01T07:00:00+00:00' AIRFLOW_CTX_TRY_NUMBER='1' AIRFLOW_CTX_DAG_RUN_ID='scheduled__2024-07-01T07:00:00+00:00'
[2024-07-01T20:02:28.250-0400] {taskinstance.py:430} INFO - ::endgroup::
[2024-07-01T20:02:30.192-0400] {logging_mixin.py:188} INFO - Scraping URL did not find any new URLs
[2024-07-01T20:02:30.196-0400] {python.py:237} INFO - Done. Returned value was: None
[2024-07-01T20:02:30.196-0400] {taskinstance.py:441} INFO - ::group::Post task execution logs
[2024-07-01T20:02:30.202-0400] {taskinstance.py:1206} INFO - Marking task as SUCCESS. dag_id=api_cuevana3_movie, task_id=execute_post_url_fastapi, run_id=scheduled__2024-07-01T07:00:00+00:00, execution_date=20240701T070000, start_date=20240702T000228, end_date=20240702T000230
[2024-07-01T20:02:30.279-0400] {local_task_job_runner.py:240} INFO - Task exited with return code 0
[2024-07-01T20:02:30.300-0400] {taskinstance.py:3503} INFO - 3 downstream tasks scheduled from follow-on schedule check
[2024-07-01T20:02:30.306-0400] {local_task_job_runner.py:222} INFO - ::endgroup::
[2024-07-01T23:10:13.006-0400] {local_task_job_runner.py:120} INFO - ::group::Pre task execution logs
[2024-07-01T23:10:13.020-0400] {taskinstance.py:2076} INFO - Dependencies all met for dep_context=non-requeueable deps ti=<TaskInstance: api_cuevana3_movie.execute_post_url_fastapi scheduled__2024-07-01T07:00:00+00:00 [queued]>
[2024-07-01T23:10:13.025-0400] {taskinstance.py:2076} INFO - Dependencies all met for dep_context=requeueable deps ti=<TaskInstance: api_cuevana3_movie.execute_post_url_fastapi scheduled__2024-07-01T07:00:00+00:00 [queued]>
[2024-07-01T23:10:13.025-0400] {taskinstance.py:2306} INFO - Starting attempt 1 of 1
[2024-07-01T23:10:13.043-0400] {taskinstance.py:2330} INFO - Executing <Task(PythonOperator): execute_post_url_fastapi> on 2024-07-01 07:00:00+00:00
[2024-07-01T23:10:13.049-0400] {standard_task_runner.py:63} INFO - Started process 446762 to run task
[2024-07-01T23:10:13.052-0400] {standard_task_runner.py:90} INFO - Running: ['airflow', 'tasks', 'run', 'api_cuevana3_movie', 'execute_post_url_fastapi', 'scheduled__2024-07-01T07:00:00+00:00', '--job-id', '831', '--raw', '--subdir', 'DAGS_FOLDER/movie_recommend.py', '--cfg-path', '/tmp/tmps_cep_y6']
[2024-07-01T23:10:13.053-0400] {standard_task_runner.py:91} INFO - Job 831: Subtask execute_post_url_fastapi
[2024-07-01T23:10:13.085-0400] {task_command.py:426} INFO - Running <TaskInstance: api_cuevana3_movie.execute_post_url_fastapi scheduled__2024-07-01T07:00:00+00:00 [running]> on host walter-VirtualBox
[2024-07-01T23:10:13.168-0400] {taskinstance.py:2648} INFO - Exporting env vars: AIRFLOW_CTX_DAG_OWNER='airflow' AIRFLOW_CTX_DAG_ID='api_cuevana3_movie' AIRFLOW_CTX_TASK_ID='execute_post_url_fastapi' AIRFLOW_CTX_EXECUTION_DATE='2024-07-01T07:00:00+00:00' AIRFLOW_CTX_TRY_NUMBER='1' AIRFLOW_CTX_DAG_RUN_ID='scheduled__2024-07-01T07:00:00+00:00'
[2024-07-01T23:10:13.169-0400] {taskinstance.py:430} INFO - ::endgroup::
[2024-07-01T23:10:15.331-0400] {logging_mixin.py:188} INFO - Scraping URL did not find any new URLs
[2024-07-01T23:10:15.332-0400] {python.py:237} INFO - Done. Returned value was: None
[2024-07-01T23:10:15.336-0400] {taskinstance.py:441} INFO - ::group::Post task execution logs
[2024-07-01T23:10:15.345-0400] {taskinstance.py:1206} INFO - Marking task as SUCCESS. dag_id=api_cuevana3_movie, task_id=execute_post_url_fastapi, run_id=scheduled__2024-07-01T07:00:00+00:00, execution_date=20240701T070000, start_date=20240702T031013, end_date=20240702T031015
[2024-07-01T23:10:15.425-0400] {local_task_job_runner.py:240} INFO - Task exited with return code 0
[2024-07-01T23:10:15.478-0400] {taskinstance.py:3503} INFO - 3 downstream tasks scheduled from follow-on schedule check
[2024-07-01T23:10:15.516-0400] {local_task_job_runner.py:222} INFO - ::endgroup::
