[2024-07-01T20:12:33.282-0400] {local_task_job_runner.py:120} INFO - ::group::Pre task execution logs
[2024-07-01T20:12:33.299-0400] {taskinstance.py:2076} INFO - Dependencies all met for dep_context=non-requeueable deps ti=<TaskInstance: api_cuevana3_movie.execute_post_details_fasapi scheduled__2024-07-01T09:00:00+00:00 [queued]>
[2024-07-01T20:12:33.305-0400] {taskinstance.py:2076} INFO - Dependencies all met for dep_context=requeueable deps ti=<TaskInstance: api_cuevana3_movie.execute_post_details_fasapi scheduled__2024-07-01T09:00:00+00:00 [queued]>
[2024-07-01T20:12:33.307-0400] {taskinstance.py:2306} INFO - Starting attempt 1 of 1
[2024-07-01T20:12:33.345-0400] {taskinstance.py:2330} INFO - Executing <Task(PythonOperator): execute_post_details_fasapi> on 2024-07-01 09:00:00+00:00
[2024-07-01T20:12:33.351-0400] {standard_task_runner.py:63} INFO - Started process 414102 to run task
[2024-07-01T20:12:33.353-0400] {standard_task_runner.py:90} INFO - Running: ['airflow', 'tasks', 'run', 'api_cuevana3_movie', 'execute_post_details_fasapi', 'scheduled__2024-07-01T09:00:00+00:00', '--job-id', '716', '--raw', '--subdir', 'DAGS_FOLDER/movie_recommend.py', '--cfg-path', '/tmp/tmpaxjkxyvy']
[2024-07-01T20:12:33.355-0400] {standard_task_runner.py:91} INFO - Job 716: Subtask execute_post_details_fasapi
[2024-07-01T20:12:33.457-0400] {task_command.py:426} INFO - Running <TaskInstance: api_cuevana3_movie.execute_post_details_fasapi scheduled__2024-07-01T09:00:00+00:00 [running]> on host walter-VirtualBox
[2024-07-01T20:12:33.586-0400] {taskinstance.py:2648} INFO - Exporting env vars: AIRFLOW_CTX_DAG_OWNER='airflow' AIRFLOW_CTX_DAG_ID='api_cuevana3_movie' AIRFLOW_CTX_TASK_ID='execute_post_details_fasapi' AIRFLOW_CTX_EXECUTION_DATE='2024-07-01T09:00:00+00:00' AIRFLOW_CTX_TRY_NUMBER='1' AIRFLOW_CTX_DAG_RUN_ID='scheduled__2024-07-01T09:00:00+00:00'
[2024-07-01T20:12:33.589-0400] {taskinstance.py:430} INFO - ::endgroup::
[2024-07-01T20:14:32.994-0400] {taskinstance.py:441} INFO - ::group::Post task execution logs
[2024-07-01T20:14:32.995-0400] {taskinstance.py:2905} ERROR - Task failed with exception
Traceback (most recent call last):
  File "/home/walter/Documentos/rakuntentv/venv/lib/python3.12/site-packages/urllib3/connectionpool.py", line 789, in urlopen
    response = self._make_request(
               ^^^^^^^^^^^^^^^^^^^
  File "/home/walter/Documentos/rakuntentv/venv/lib/python3.12/site-packages/urllib3/connectionpool.py", line 536, in _make_request
    response = conn.getresponse()
               ^^^^^^^^^^^^^^^^^^
  File "/home/walter/Documentos/rakuntentv/venv/lib/python3.12/site-packages/urllib3/connection.py", line 464, in getresponse
    httplib_response = super().getresponse()
                       ^^^^^^^^^^^^^^^^^^^^^
  File "/usr/lib/python3.12/http/client.py", line 1428, in getresponse
    response.begin()
  File "/usr/lib/python3.12/http/client.py", line 331, in begin
    version, status, reason = self._read_status()
                              ^^^^^^^^^^^^^^^^^^^
  File "/usr/lib/python3.12/http/client.py", line 300, in _read_status
    raise RemoteDisconnected("Remote end closed connection without"
http.client.RemoteDisconnected: Remote end closed connection without response

During handling of the above exception, another exception occurred:

Traceback (most recent call last):
  File "/home/walter/Documentos/rakuntentv/venv/lib/python3.12/site-packages/requests/adapters.py", line 667, in send
    resp = conn.urlopen(
           ^^^^^^^^^^^^^
  File "/home/walter/Documentos/rakuntentv/venv/lib/python3.12/site-packages/urllib3/connectionpool.py", line 843, in urlopen
    retries = retries.increment(
              ^^^^^^^^^^^^^^^^^^
  File "/home/walter/Documentos/rakuntentv/venv/lib/python3.12/site-packages/urllib3/util/retry.py", line 474, in increment
    raise reraise(type(error), error, _stacktrace)
          ^^^^^^^^^^^^^^^^^^^^^^^^^^^^^^^^^^^^^^^^
  File "/home/walter/Documentos/rakuntentv/venv/lib/python3.12/site-packages/urllib3/util/util.py", line 38, in reraise
    raise value.with_traceback(tb)
  File "/home/walter/Documentos/rakuntentv/venv/lib/python3.12/site-packages/urllib3/connectionpool.py", line 789, in urlopen
    response = self._make_request(
               ^^^^^^^^^^^^^^^^^^^
  File "/home/walter/Documentos/rakuntentv/venv/lib/python3.12/site-packages/urllib3/connectionpool.py", line 536, in _make_request
    response = conn.getresponse()
               ^^^^^^^^^^^^^^^^^^
  File "/home/walter/Documentos/rakuntentv/venv/lib/python3.12/site-packages/urllib3/connection.py", line 464, in getresponse
    httplib_response = super().getresponse()
                       ^^^^^^^^^^^^^^^^^^^^^
  File "/usr/lib/python3.12/http/client.py", line 1428, in getresponse
    response.begin()
  File "/usr/lib/python3.12/http/client.py", line 331, in begin
    version, status, reason = self._read_status()
                              ^^^^^^^^^^^^^^^^^^^
  File "/usr/lib/python3.12/http/client.py", line 300, in _read_status
    raise RemoteDisconnected("Remote end closed connection without"
urllib3.exceptions.ProtocolError: ('Connection aborted.', RemoteDisconnected('Remote end closed connection without response'))

During handling of the above exception, another exception occurred:

Traceback (most recent call last):
  File "/home/walter/Documentos/rakuntentv/venv/lib/python3.12/site-packages/airflow/models/taskinstance.py", line 465, in _execute_task
    result = _execute_callable(context=context, **execute_callable_kwargs)
             ^^^^^^^^^^^^^^^^^^^^^^^^^^^^^^^^^^^^^^^^^^^^^^^^^^^^^^^^^^^^^
  File "/home/walter/Documentos/rakuntentv/venv/lib/python3.12/site-packages/airflow/models/taskinstance.py", line 432, in _execute_callable
    return execute_callable(context=context, **execute_callable_kwargs)
           ^^^^^^^^^^^^^^^^^^^^^^^^^^^^^^^^^^^^^^^^^^^^^^^^^^^^^^^^^^^^
  File "/home/walter/Documentos/rakuntentv/venv/lib/python3.12/site-packages/airflow/models/baseoperator.py", line 401, in wrapper
    return func(self, *args, **kwargs)
           ^^^^^^^^^^^^^^^^^^^^^^^^^^^
  File "/home/walter/Documentos/rakuntentv/venv/lib/python3.12/site-packages/airflow/operators/python.py", line 235, in execute
    return_value = self.execute_callable()
                   ^^^^^^^^^^^^^^^^^^^^^^^
  File "/home/walter/Documentos/rakuntentv/venv/lib/python3.12/site-packages/airflow/operators/python.py", line 252, in execute_callable
    return self.python_callable(*self.op_args, **self.op_kwargs)
           ^^^^^^^^^^^^^^^^^^^^^^^^^^^^^^^^^^^^^^^^^^^^^^^^^^^^^
  File "/home/walter/Documentos/rakuntentv/airflow/dags/movie_recommend.py", line 60, in execute_post_details_fasapi
    response = requests.post(api_url)
               ^^^^^^^^^^^^^^^^^^^^^^
  File "/home/walter/Documentos/rakuntentv/venv/lib/python3.12/site-packages/requests/api.py", line 115, in post
    return request("post", url, data=data, json=json, **kwargs)
           ^^^^^^^^^^^^^^^^^^^^^^^^^^^^^^^^^^^^^^^^^^^^^^^^^^^^
  File "/home/walter/Documentos/rakuntentv/venv/lib/python3.12/site-packages/requests/api.py", line 59, in request
    return session.request(method=method, url=url, **kwargs)
           ^^^^^^^^^^^^^^^^^^^^^^^^^^^^^^^^^^^^^^^^^^^^^^^^^
  File "/home/walter/Documentos/rakuntentv/venv/lib/python3.12/site-packages/requests/sessions.py", line 589, in request
    resp = self.send(prep, **send_kwargs)
           ^^^^^^^^^^^^^^^^^^^^^^^^^^^^^^
  File "/home/walter/Documentos/rakuntentv/venv/lib/python3.12/site-packages/requests/sessions.py", line 703, in send
    r = adapter.send(request, **kwargs)
        ^^^^^^^^^^^^^^^^^^^^^^^^^^^^^^^
  File "/home/walter/Documentos/rakuntentv/venv/lib/python3.12/site-packages/requests/adapters.py", line 682, in send
    raise ConnectionError(err, request=request)
requests.exceptions.ConnectionError: ('Connection aborted.', RemoteDisconnected('Remote end closed connection without response'))
[2024-07-01T20:14:33.011-0400] {taskinstance.py:1206} INFO - Marking task as FAILED. dag_id=api_cuevana3_movie, task_id=execute_post_details_fasapi, run_id=scheduled__2024-07-01T09:00:00+00:00, execution_date=20240701T090000, start_date=20240702T001233, end_date=20240702T001433
[2024-07-01T20:14:33.026-0400] {standard_task_runner.py:110} ERROR - Failed to execute job 716 for task execute_post_details_fasapi (('Connection aborted.', RemoteDisconnected('Remote end closed connection without response')); 414102)
[2024-07-01T20:14:33.081-0400] {local_task_job_runner.py:240} INFO - Task exited with return code 1
[2024-07-01T20:14:33.101-0400] {taskinstance.py:3503} INFO - 0 downstream tasks scheduled from follow-on schedule check
[2024-07-01T20:14:33.131-0400] {local_task_job_runner.py:222} INFO - ::endgroup::
[2024-07-01T23:14:21.105-0400] {local_task_job_runner.py:120} INFO - ::group::Pre task execution logs
[2024-07-01T23:14:21.117-0400] {taskinstance.py:2076} INFO - Dependencies all met for dep_context=non-requeueable deps ti=<TaskInstance: api_cuevana3_movie.execute_post_details_fasapi scheduled__2024-07-01T09:00:00+00:00 [queued]>
[2024-07-01T23:14:21.122-0400] {taskinstance.py:2076} INFO - Dependencies all met for dep_context=requeueable deps ti=<TaskInstance: api_cuevana3_movie.execute_post_details_fasapi scheduled__2024-07-01T09:00:00+00:00 [queued]>
[2024-07-01T23:14:21.122-0400] {taskinstance.py:2306} INFO - Starting attempt 1 of 1
[2024-07-01T23:14:21.135-0400] {taskinstance.py:2330} INFO - Executing <Task(PythonOperator): execute_post_details_fasapi> on 2024-07-01 09:00:00+00:00
[2024-07-01T23:14:21.143-0400] {standard_task_runner.py:63} INFO - Started process 448569 to run task
[2024-07-01T23:14:21.146-0400] {standard_task_runner.py:90} INFO - Running: ['airflow', 'tasks', 'run', 'api_cuevana3_movie', 'execute_post_details_fasapi', 'scheduled__2024-07-01T09:00:00+00:00', '--job-id', '847', '--raw', '--subdir', 'DAGS_FOLDER/movie_recommend.py', '--cfg-path', '/tmp/tmp5pnb0g4q']
[2024-07-01T23:14:21.147-0400] {standard_task_runner.py:91} INFO - Job 847: Subtask execute_post_details_fasapi
[2024-07-01T23:14:21.180-0400] {task_command.py:426} INFO - Running <TaskInstance: api_cuevana3_movie.execute_post_details_fasapi scheduled__2024-07-01T09:00:00+00:00 [running]> on host walter-VirtualBox
[2024-07-01T23:14:21.263-0400] {taskinstance.py:2648} INFO - Exporting env vars: AIRFLOW_CTX_DAG_OWNER='airflow' AIRFLOW_CTX_DAG_ID='api_cuevana3_movie' AIRFLOW_CTX_TASK_ID='execute_post_details_fasapi' AIRFLOW_CTX_EXECUTION_DATE='2024-07-01T09:00:00+00:00' AIRFLOW_CTX_TRY_NUMBER='1' AIRFLOW_CTX_DAG_RUN_ID='scheduled__2024-07-01T09:00:00+00:00'
[2024-07-01T23:14:21.263-0400] {taskinstance.py:430} INFO - ::endgroup::
[2024-07-01T23:15:15.337-0400] {logging_mixin.py:188} INFO - Scraping movie details running successfully
[2024-07-01T23:15:15.373-0400] {logging_mixin.py:188} INFO - {"image_url": "https://i0.wp.com/www.themoviedb.org/t/p/w185/6BcxgP05jDip4Zjh2P5Be2aNi0Z.jpg", "title": "Gru 4. Mi villano favorito", "rating": 8.6, "duration": "1h 35m", "year": "2024", "quality": "HD", "description": "Ver gru 4. mi villano favorito Cuevana3.Gru, Lucy y las ni\u00f1as -Margo, Edith y Agnes- dan la bienvenida a un nuevo miembro en la familia: Gru Junior, que parece llegar con el prop\u00f3sito de ser un suplicio para su padre. Gru tendr\u00e1 que enfrentarse en esta ocasi\u00f3n a su nueva n\u00e9mesis Maxime Le Mal y su sofisticada y mal\u00e9vola novia Valentina, lo que obligar\u00e1 a la familia a tener que darse a la fuga. Cuarta entrega de 'Gru, mi villano favorito'.", "genre": ["Animaci\u00f3n", "Familia", "Comedia", "Acci\u00f3n"], "country": "United States", "director": "Chris Renaud", "actors": ["Steve Carell,", "Kristen Wiig,", "Will Ferrell,", "Sof\u00eda Vergara,", "Joey King,", "Stephen Colbert,", "Chloe Fineman,", "Miranda Cosgrove,", "Dana Gaier,", "Madison Polan,", "Pierre Coffin,", "Steve Coogan,", "Chris Renaud,", "Jason Segel,", "Benjamin Bratt,", "Trey Parker,", "Sandra Bullock,", "Jon Hamm,", "Taraji P. Henson,", "Russell Brand,"], "views": 65}
[2024-07-01T23:15:15.393-0400] {python.py:237} INFO - Done. Returned value was: {"image_url": "https://i0.wp.com/www.themoviedb.org/t/p/w185/6BcxgP05jDip4Zjh2P5Be2aNi0Z.jpg", "title": "Gru 4. Mi villano favorito", "rating": 8.6, "duration": "1h 35m", "year": "2024", "quality": "HD", "description": "Ver gru 4. mi villano favorito Cuevana3.Gru, Lucy y las ni\u00f1as -Margo, Edith y Agnes- dan la bienvenida a un nuevo miembro en la familia: Gru Junior, que parece llegar con el prop\u00f3sito de ser un suplicio para su padre. Gru tendr\u00e1 que enfrentarse en esta ocasi\u00f3n a su nueva n\u00e9mesis Maxime Le Mal y su sofisticada y mal\u00e9vola novia Valentina, lo que obligar\u00e1 a la familia a tener que darse a la fuga. Cuarta entrega de 'Gru, mi villano favorito'.", "genre": ["Animaci\u00f3n", "Familia", "Comedia", "Acci\u00f3n"], "country": "United States", "director": "Chris Renaud", "actors": ["Steve Carell,", "Kristen Wiig,", "Will Ferrell,", "Sof\u00eda Vergara,", "Joey King,", "Stephen Colbert,", "Chloe Fineman,", "Miranda Cosgrove,", "Dana Gaier,", "Madison Polan,", "Pierre Coffin,", "Steve Coogan,", "Chris Renaud,", "Jason Segel,", "Benjamin Bratt,", "Trey Parker,", "Sandra Bullock,", "Jon Hamm,", "Taraji P. Henson,", "Russell Brand,"], "views": 65}
[2024-07-01T23:15:15.393-0400] {taskinstance.py:441} INFO - ::group::Post task execution logs
[2024-07-01T23:15:15.443-0400] {taskinstance.py:1206} INFO - Marking task as SUCCESS. dag_id=api_cuevana3_movie, task_id=execute_post_details_fasapi, run_id=scheduled__2024-07-01T09:00:00+00:00, execution_date=20240701T090000, start_date=20240702T031421, end_date=20240702T031515
[2024-07-01T23:15:15.494-0400] {local_task_job_runner.py:240} INFO - Task exited with return code 0
[2024-07-01T23:15:15.518-0400] {taskinstance.py:3503} INFO - 0 downstream tasks scheduled from follow-on schedule check
[2024-07-01T23:15:15.520-0400] {local_task_job_runner.py:222} INFO - ::endgroup::
