[2024-07-01T11:18:02.182-0400] {local_task_job_runner.py:120} INFO - ::group::Pre task execution logs
[2024-07-01T11:18:02.204-0400] {taskinstance.py:2076} INFO - Dependencies all met for dep_context=non-requeueable deps ti=<TaskInstance: api_cuevana3_movie.insert_into_mysql scheduled__2024-07-01T05:00:00+00:00 [queued]>
[2024-07-01T11:18:02.209-0400] {taskinstance.py:2076} INFO - Dependencies all met for dep_context=requeueable deps ti=<TaskInstance: api_cuevana3_movie.insert_into_mysql scheduled__2024-07-01T05:00:00+00:00 [queued]>
[2024-07-01T11:18:02.209-0400] {taskinstance.py:2306} INFO - Starting attempt 1 of 1
[2024-07-01T11:18:02.236-0400] {taskinstance.py:2330} INFO - Executing <Task(PythonOperator): insert_into_mysql> on 2024-07-01 05:00:00+00:00
[2024-07-01T11:18:02.244-0400] {standard_task_runner.py:63} INFO - Started process 383248 to run task
[2024-07-01T11:18:02.248-0400] {standard_task_runner.py:90} INFO - Running: ['airflow', 'tasks', 'run', 'api_cuevana3_movie', 'insert_into_mysql', 'scheduled__2024-07-01T05:00:00+00:00', '--job-id', '684', '--raw', '--subdir', 'DAGS_FOLDER/movie_recommend.py', '--cfg-path', '/tmp/tmp73aggdyd']
[2024-07-01T11:18:02.250-0400] {standard_task_runner.py:91} INFO - Job 684: Subtask insert_into_mysql
[2024-07-01T11:18:02.339-0400] {task_command.py:426} INFO - Running <TaskInstance: api_cuevana3_movie.insert_into_mysql scheduled__2024-07-01T05:00:00+00:00 [running]> on host walter-VirtualBox
[2024-07-01T11:18:02.488-0400] {taskinstance.py:2648} INFO - Exporting env vars: AIRFLOW_CTX_DAG_OWNER='airflow' AIRFLOW_CTX_DAG_ID='api_cuevana3_movie' AIRFLOW_CTX_TASK_ID='insert_into_mysql' AIRFLOW_CTX_EXECUTION_DATE='2024-07-01T05:00:00+00:00' AIRFLOW_CTX_TRY_NUMBER='1' AIRFLOW_CTX_DAG_RUN_ID='scheduled__2024-07-01T05:00:00+00:00'
[2024-07-01T11:18:02.489-0400] {taskinstance.py:430} INFO - ::endgroup::
[2024-07-01T11:18:02.503-0400] {logging_mixin.py:188} INFO - No se pudo obtener el JSON de datos de la pelicula
[2024-07-01T11:18:02.503-0400] {python.py:237} INFO - Done. Returned value was: None
[2024-07-01T11:18:02.504-0400] {taskinstance.py:441} INFO - ::group::Post task execution logs
[2024-07-01T11:18:02.508-0400] {taskinstance.py:1206} INFO - Marking task as SUCCESS. dag_id=api_cuevana3_movie, task_id=insert_into_mysql, run_id=scheduled__2024-07-01T05:00:00+00:00, execution_date=20240701T050000, start_date=20240701T151802, end_date=20240701T151802
[2024-07-01T11:18:02.609-0400] {local_task_job_runner.py:240} INFO - Task exited with return code 0
[2024-07-01T11:18:02.635-0400] {taskinstance.py:3503} INFO - 0 downstream tasks scheduled from follow-on schedule check
[2024-07-01T11:18:02.636-0400] {local_task_job_runner.py:222} INFO - ::endgroup::
[2024-07-01T23:10:06.955-0400] {local_task_job_runner.py:120} INFO - ::group::Pre task execution logs
[2024-07-01T23:10:06.981-0400] {taskinstance.py:2076} INFO - Dependencies all met for dep_context=non-requeueable deps ti=<TaskInstance: api_cuevana3_movie.insert_into_mysql scheduled__2024-07-01T05:00:00+00:00 [queued]>
[2024-07-01T23:10:06.986-0400] {taskinstance.py:2076} INFO - Dependencies all met for dep_context=requeueable deps ti=<TaskInstance: api_cuevana3_movie.insert_into_mysql scheduled__2024-07-01T05:00:00+00:00 [queued]>
[2024-07-01T23:10:06.986-0400] {taskinstance.py:2306} INFO - Starting attempt 1 of 1
[2024-07-01T23:10:07.003-0400] {taskinstance.py:2330} INFO - Executing <Task(PythonOperator): insert_into_mysql> on 2024-07-01 05:00:00+00:00
[2024-07-01T23:10:07.007-0400] {standard_task_runner.py:63} INFO - Started process 446746 to run task
[2024-07-01T23:10:07.011-0400] {standard_task_runner.py:90} INFO - Running: ['airflow', 'tasks', 'run', 'api_cuevana3_movie', 'insert_into_mysql', 'scheduled__2024-07-01T05:00:00+00:00', '--job-id', '829', '--raw', '--subdir', 'DAGS_FOLDER/movie_recommend.py', '--cfg-path', '/tmp/tmpfu9q7smh']
[2024-07-01T23:10:07.013-0400] {standard_task_runner.py:91} INFO - Job 829: Subtask insert_into_mysql
[2024-07-01T23:10:07.041-0400] {task_command.py:426} INFO - Running <TaskInstance: api_cuevana3_movie.insert_into_mysql scheduled__2024-07-01T05:00:00+00:00 [running]> on host walter-VirtualBox
[2024-07-01T23:10:07.110-0400] {taskinstance.py:2648} INFO - Exporting env vars: AIRFLOW_CTX_DAG_OWNER='airflow' AIRFLOW_CTX_DAG_ID='api_cuevana3_movie' AIRFLOW_CTX_TASK_ID='insert_into_mysql' AIRFLOW_CTX_EXECUTION_DATE='2024-07-01T05:00:00+00:00' AIRFLOW_CTX_TRY_NUMBER='1' AIRFLOW_CTX_DAG_RUN_ID='scheduled__2024-07-01T05:00:00+00:00'
[2024-07-01T23:10:07.111-0400] {taskinstance.py:430} INFO - ::endgroup::
[2024-07-01T23:10:07.324-0400] {python.py:237} INFO - Done. Returned value was: None
[2024-07-01T23:10:07.328-0400] {taskinstance.py:441} INFO - ::group::Post task execution logs
[2024-07-01T23:10:07.340-0400] {taskinstance.py:1206} INFO - Marking task as SUCCESS. dag_id=api_cuevana3_movie, task_id=insert_into_mysql, run_id=scheduled__2024-07-01T05:00:00+00:00, execution_date=20240701T050000, start_date=20240702T031006, end_date=20240702T031007
[2024-07-01T23:10:07.406-0400] {local_task_job_runner.py:240} INFO - Task exited with return code 0
[2024-07-01T23:10:07.429-0400] {taskinstance.py:3503} INFO - 1 downstream tasks scheduled from follow-on schedule check
[2024-07-01T23:10:07.441-0400] {local_task_job_runner.py:222} INFO - ::endgroup::
