[2024-06-27T20:35:42.092-0400] {local_task_job_runner.py:120} INFO - ::group::Pre task execution logs
[2024-06-27T20:35:42.112-0400] {taskinstance.py:2076} INFO - Dependencies all met for dep_context=non-requeueable deps ti=<TaskInstance: api_cuevana3_movie.transform_with_spark scheduled__2024-06-27T00:01:00+00:00 [queued]>
[2024-06-27T20:35:42.118-0400] {taskinstance.py:2076} INFO - Dependencies all met for dep_context=requeueable deps ti=<TaskInstance: api_cuevana3_movie.transform_with_spark scheduled__2024-06-27T00:01:00+00:00 [queued]>
[2024-06-27T20:35:42.118-0400] {taskinstance.py:2306} INFO - Starting attempt 1 of 1
[2024-06-27T20:35:42.180-0400] {taskinstance.py:2330} INFO - Executing <Task(PythonOperator): transform_with_spark> on 2024-06-27 00:01:00+00:00
[2024-06-27T20:35:42.193-0400] {standard_task_runner.py:63} INFO - Started process 207652 to run task
[2024-06-27T20:35:42.205-0400] {standard_task_runner.py:90} INFO - Running: ['airflow', 'tasks', 'run', 'api_cuevana3_movie', 'transform_with_spark', 'scheduled__2024-06-27T00:01:00+00:00', '--job-id', '235', '--raw', '--subdir', 'DAGS_FOLDER/movie_recommend.py', '--cfg-path', '/tmp/tmp5kqolcob']
[2024-06-27T20:35:42.208-0400] {standard_task_runner.py:91} INFO - Job 235: Subtask transform_with_spark
[2024-06-27T20:35:42.289-0400] {task_command.py:426} INFO - Running <TaskInstance: api_cuevana3_movie.transform_with_spark scheduled__2024-06-27T00:01:00+00:00 [running]> on host walter-VirtualBox
[2024-06-27T20:35:42.436-0400] {taskinstance.py:2648} INFO - Exporting env vars: AIRFLOW_CTX_DAG_OWNER='airflow' AIRFLOW_CTX_DAG_ID='api_cuevana3_movie' AIRFLOW_CTX_TASK_ID='transform_with_spark' AIRFLOW_CTX_EXECUTION_DATE='2024-06-27T00:01:00+00:00' AIRFLOW_CTX_TRY_NUMBER='1' AIRFLOW_CTX_DAG_RUN_ID='scheduled__2024-06-27T00:01:00+00:00'
[2024-06-27T20:35:42.438-0400] {taskinstance.py:430} INFO - ::endgroup::
[2024-06-27T20:35:51.032-0400] {logging_mixin.py:188} INFO - Error al transformar datos con Spark: name 'udf' is not defined
[2024-06-27T20:35:51.033-0400] {python.py:237} INFO - Done. Returned value was: None
[2024-06-27T20:35:51.033-0400] {taskinstance.py:441} INFO - ::group::Post task execution logs
[2024-06-27T20:35:51.046-0400] {taskinstance.py:1206} INFO - Marking task as SUCCESS. dag_id=api_cuevana3_movie, task_id=transform_with_spark, run_id=scheduled__2024-06-27T00:01:00+00:00, execution_date=20240627T000100, start_date=20240628T003542, end_date=20240628T003551
[2024-06-27T20:35:51.130-0400] {local_task_job_runner.py:240} INFO - Task exited with return code 0
[2024-06-27T20:35:51.159-0400] {taskinstance.py:3503} INFO - 0 downstream tasks scheduled from follow-on schedule check
[2024-06-27T20:35:51.160-0400] {local_task_job_runner.py:222} INFO - ::endgroup::
[2024-06-27T20:41:47.276-0400] {local_task_job_runner.py:120} INFO - ::group::Pre task execution logs
[2024-06-27T20:41:47.309-0400] {taskinstance.py:2076} INFO - Dependencies all met for dep_context=non-requeueable deps ti=<TaskInstance: api_cuevana3_movie.transform_with_spark scheduled__2024-06-27T00:01:00+00:00 [queued]>
[2024-06-27T20:41:47.316-0400] {taskinstance.py:2076} INFO - Dependencies all met for dep_context=requeueable deps ti=<TaskInstance: api_cuevana3_movie.transform_with_spark scheduled__2024-06-27T00:01:00+00:00 [queued]>
[2024-06-27T20:41:47.316-0400] {taskinstance.py:2306} INFO - Starting attempt 1 of 1
[2024-06-27T20:41:47.340-0400] {taskinstance.py:2330} INFO - Executing <Task(PythonOperator): transform_with_spark> on 2024-06-27 00:01:00+00:00
[2024-06-27T20:41:47.348-0400] {standard_task_runner.py:63} INFO - Started process 209571 to run task
[2024-06-27T20:41:47.354-0400] {standard_task_runner.py:90} INFO - Running: ['airflow', 'tasks', 'run', 'api_cuevana3_movie', 'transform_with_spark', 'scheduled__2024-06-27T00:01:00+00:00', '--job-id', '262', '--raw', '--subdir', 'DAGS_FOLDER/movie_recommend.py', '--cfg-path', '/tmp/tmptfrjhv7c']
[2024-06-27T20:41:47.357-0400] {standard_task_runner.py:91} INFO - Job 262: Subtask transform_with_spark
[2024-06-27T20:41:47.428-0400] {task_command.py:426} INFO - Running <TaskInstance: api_cuevana3_movie.transform_with_spark scheduled__2024-06-27T00:01:00+00:00 [running]> on host walter-VirtualBox
[2024-06-27T20:41:47.525-0400] {taskinstance.py:2648} INFO - Exporting env vars: AIRFLOW_CTX_DAG_OWNER='airflow' AIRFLOW_CTX_DAG_ID='api_cuevana3_movie' AIRFLOW_CTX_TASK_ID='transform_with_spark' AIRFLOW_CTX_EXECUTION_DATE='2024-06-27T00:01:00+00:00' AIRFLOW_CTX_TRY_NUMBER='1' AIRFLOW_CTX_DAG_RUN_ID='scheduled__2024-06-27T00:01:00+00:00'
[2024-06-27T20:41:47.526-0400] {taskinstance.py:430} INFO - ::endgroup::
[2024-06-27T20:41:56.525-0400] {logging_mixin.py:188} INFO - Error al transformar datos con Spark: name 'udf' is not defined
[2024-06-27T20:41:56.527-0400] {python.py:237} INFO - Done. Returned value was: None
[2024-06-27T20:41:56.527-0400] {taskinstance.py:441} INFO - ::group::Post task execution logs
[2024-06-27T20:41:56.539-0400] {taskinstance.py:1206} INFO - Marking task as SUCCESS. dag_id=api_cuevana3_movie, task_id=transform_with_spark, run_id=scheduled__2024-06-27T00:01:00+00:00, execution_date=20240627T000100, start_date=20240628T004147, end_date=20240628T004156
[2024-06-27T20:41:56.587-0400] {local_task_job_runner.py:240} INFO - Task exited with return code 0
[2024-06-27T20:41:56.597-0400] {taskinstance.py:3503} INFO - 0 downstream tasks scheduled from follow-on schedule check
[2024-06-27T20:41:56.600-0400] {local_task_job_runner.py:222} INFO - ::endgroup::
[2024-06-27T20:55:32.525-0400] {local_task_job_runner.py:120} INFO - ::group::Pre task execution logs
[2024-06-27T20:55:32.555-0400] {taskinstance.py:2076} INFO - Dependencies all met for dep_context=non-requeueable deps ti=<TaskInstance: api_cuevana3_movie.transform_with_spark scheduled__2024-06-27T00:01:00+00:00 [queued]>
[2024-06-27T20:55:32.559-0400] {taskinstance.py:2076} INFO - Dependencies all met for dep_context=requeueable deps ti=<TaskInstance: api_cuevana3_movie.transform_with_spark scheduled__2024-06-27T00:01:00+00:00 [queued]>
[2024-06-27T20:55:32.560-0400] {taskinstance.py:2306} INFO - Starting attempt 1 of 1
[2024-06-27T20:55:32.583-0400] {taskinstance.py:2330} INFO - Executing <Task(PythonOperator): transform_with_spark> on 2024-06-27 00:01:00+00:00
[2024-06-27T20:55:32.594-0400] {standard_task_runner.py:63} INFO - Started process 211642 to run task
[2024-06-27T20:55:32.608-0400] {standard_task_runner.py:90} INFO - Running: ['airflow', 'tasks', 'run', 'api_cuevana3_movie', 'transform_with_spark', 'scheduled__2024-06-27T00:01:00+00:00', '--job-id', '280', '--raw', '--subdir', 'DAGS_FOLDER/movie_recommend.py', '--cfg-path', '/tmp/tmp83elbcnv']
[2024-06-27T20:55:32.617-0400] {standard_task_runner.py:91} INFO - Job 280: Subtask transform_with_spark
[2024-06-27T20:55:32.671-0400] {task_command.py:426} INFO - Running <TaskInstance: api_cuevana3_movie.transform_with_spark scheduled__2024-06-27T00:01:00+00:00 [running]> on host walter-VirtualBox
[2024-06-27T20:55:32.757-0400] {taskinstance.py:2648} INFO - Exporting env vars: AIRFLOW_CTX_DAG_OWNER='airflow' AIRFLOW_CTX_DAG_ID='api_cuevana3_movie' AIRFLOW_CTX_TASK_ID='transform_with_spark' AIRFLOW_CTX_EXECUTION_DATE='2024-06-27T00:01:00+00:00' AIRFLOW_CTX_TRY_NUMBER='1' AIRFLOW_CTX_DAG_RUN_ID='scheduled__2024-06-27T00:01:00+00:00'
[2024-06-27T20:55:32.758-0400] {taskinstance.py:430} INFO - ::endgroup::
[2024-06-27T20:55:54.451-0400] {logging_mixin.py:188} INFO - Error al transformar datos con Spark: 
  An exception was thrown from the Python worker. Please see the stack trace below.
Traceback (most recent call last):
  File "/home/walter/Descargas/spark/python/lib/pyspark.zip/pyspark/worker.py", line 1247, in main
    process()
  File "/home/walter/Descargas/spark/python/lib/pyspark.zip/pyspark/worker.py", line 1239, in process
    serializer.dump_stream(out_iter, outfile)
  File "/home/walter/Descargas/spark/python/lib/pyspark.zip/pyspark/serializers.py", line 225, in dump_stream
    self.serializer.dump_stream(self._batched(iterator), stream)
  File "/home/walter/Descargas/spark/python/lib/pyspark.zip/pyspark/serializers.py", line 146, in dump_stream
    for obj in iterator:
  File "/home/walter/Descargas/spark/python/lib/pyspark.zip/pyspark/serializers.py", line 214, in _batched
    for item in iterator:
  File "/home/walter/Descargas/spark/python/lib/pyspark.zip/pyspark/worker.py", line 1070, in mapper
    result = tuple(f(*[a[o] for o in arg_offsets]) for (arg_offsets, f) in udfs)
             ^^^^^^^^^^^^^^^^^^^^^^^^^^^^^^^^^^^^^^^^^^^^^^^^^^^^^^^^^^^^^^^^^^^
  File "/home/walter/Descargas/spark/python/lib/pyspark.zip/pyspark/worker.py", line 1070, in <genexpr>
    result = tuple(f(*[a[o] for o in arg_offsets]) for (arg_offsets, f) in udfs)
                   ^^^^^^^^^^^^^^^^^^^^^^^^^^^^^^^
  File "/home/walter/Descargas/spark/python/lib/pyspark.zip/pyspark/worker.py", line 106, in <lambda>
    return lambda *a: f(*a)
                      ^^^^^
  File "/home/walter/Descargas/spark/python/lib/pyspark.zip/pyspark/util.py", line 83, in wrapper
    return f(*args, **kwargs)
           ^^^^^^^^^^^^^^^^^^
TypeError: transform_with_spark.<locals>.clean_description() takes 0 positional arguments but 1 was given
[2024-06-27T20:55:54.459-0400] {python.py:237} INFO - Done. Returned value was: None
[2024-06-27T20:55:54.461-0400] {taskinstance.py:441} INFO - ::group::Post task execution logs
[2024-06-27T20:55:54.488-0400] {taskinstance.py:1206} INFO - Marking task as SUCCESS. dag_id=api_cuevana3_movie, task_id=transform_with_spark, run_id=scheduled__2024-06-27T00:01:00+00:00, execution_date=20240627T000100, start_date=20240628T005532, end_date=20240628T005554
[2024-06-27T20:55:54.587-0400] {local_task_job_runner.py:240} INFO - Task exited with return code 0
[2024-06-27T20:55:54.618-0400] {taskinstance.py:3503} INFO - 0 downstream tasks scheduled from follow-on schedule check
[2024-06-27T20:55:54.620-0400] {local_task_job_runner.py:222} INFO - ::endgroup::
[2024-06-27T21:10:31.773-0400] {local_task_job_runner.py:120} INFO - ::group::Pre task execution logs
[2024-06-27T21:10:31.795-0400] {taskinstance.py:2076} INFO - Dependencies all met for dep_context=non-requeueable deps ti=<TaskInstance: api_cuevana3_movie.transform_with_spark scheduled__2024-06-27T00:01:00+00:00 [queued]>
[2024-06-27T21:10:31.801-0400] {taskinstance.py:2076} INFO - Dependencies all met for dep_context=requeueable deps ti=<TaskInstance: api_cuevana3_movie.transform_with_spark scheduled__2024-06-27T00:01:00+00:00 [queued]>
[2024-06-27T21:10:31.801-0400] {taskinstance.py:2306} INFO - Starting attempt 1 of 1
[2024-06-27T21:10:31.824-0400] {taskinstance.py:2330} INFO - Executing <Task(PythonOperator): transform_with_spark> on 2024-06-27 00:01:00+00:00
[2024-06-27T21:10:31.835-0400] {standard_task_runner.py:63} INFO - Started process 213810 to run task
[2024-06-27T21:10:31.838-0400] {standard_task_runner.py:90} INFO - Running: ['airflow', 'tasks', 'run', 'api_cuevana3_movie', 'transform_with_spark', 'scheduled__2024-06-27T00:01:00+00:00', '--job-id', '298', '--raw', '--subdir', 'DAGS_FOLDER/movie_recommend.py', '--cfg-path', '/tmp/tmpanqr9ia6']
[2024-06-27T21:10:31.840-0400] {standard_task_runner.py:91} INFO - Job 298: Subtask transform_with_spark
[2024-06-27T21:10:31.942-0400] {task_command.py:426} INFO - Running <TaskInstance: api_cuevana3_movie.transform_with_spark scheduled__2024-06-27T00:01:00+00:00 [running]> on host walter-VirtualBox
[2024-06-27T21:10:32.106-0400] {taskinstance.py:2648} INFO - Exporting env vars: AIRFLOW_CTX_DAG_OWNER='airflow' AIRFLOW_CTX_DAG_ID='api_cuevana3_movie' AIRFLOW_CTX_TASK_ID='transform_with_spark' AIRFLOW_CTX_EXECUTION_DATE='2024-06-27T00:01:00+00:00' AIRFLOW_CTX_TRY_NUMBER='1' AIRFLOW_CTX_DAG_RUN_ID='scheduled__2024-06-27T00:01:00+00:00'
[2024-06-27T21:10:32.109-0400] {taskinstance.py:430} INFO - ::endgroup::
[2024-06-27T21:10:54.186-0400] {logging_mixin.py:188} INFO - Error al transformar datos con Spark: 
  An exception was thrown from the Python worker. Please see the stack trace below.
Traceback (most recent call last):
  File "/home/walter/Descargas/spark/python/lib/pyspark.zip/pyspark/worker.py", line 1247, in main
    process()
  File "/home/walter/Descargas/spark/python/lib/pyspark.zip/pyspark/worker.py", line 1239, in process
    serializer.dump_stream(out_iter, outfile)
  File "/home/walter/Descargas/spark/python/lib/pyspark.zip/pyspark/serializers.py", line 225, in dump_stream
    self.serializer.dump_stream(self._batched(iterator), stream)
  File "/home/walter/Descargas/spark/python/lib/pyspark.zip/pyspark/serializers.py", line 146, in dump_stream
    for obj in iterator:
  File "/home/walter/Descargas/spark/python/lib/pyspark.zip/pyspark/serializers.py", line 214, in _batched
    for item in iterator:
  File "/home/walter/Descargas/spark/python/lib/pyspark.zip/pyspark/worker.py", line 1070, in mapper
    result = tuple(f(*[a[o] for o in arg_offsets]) for (arg_offsets, f) in udfs)
             ^^^^^^^^^^^^^^^^^^^^^^^^^^^^^^^^^^^^^^^^^^^^^^^^^^^^^^^^^^^^^^^^^^^
  File "/home/walter/Descargas/spark/python/lib/pyspark.zip/pyspark/worker.py", line 1070, in <genexpr>
    result = tuple(f(*[a[o] for o in arg_offsets]) for (arg_offsets, f) in udfs)
                   ^^^^^^^^^^^^^^^^^^^^^^^^^^^^^^^
  File "/home/walter/Descargas/spark/python/lib/pyspark.zip/pyspark/worker.py", line 106, in <lambda>
    return lambda *a: f(*a)
                      ^^^^^
  File "/home/walter/Descargas/spark/python/lib/pyspark.zip/pyspark/util.py", line 83, in wrapper
    return f(*args, **kwargs)
           ^^^^^^^^^^^^^^^^^^
TypeError: transform_with_spark.<locals>.clean_description() takes 0 positional arguments but 1 was given
[2024-06-27T21:10:54.187-0400] {python.py:237} INFO - Done. Returned value was: None
[2024-06-27T21:10:54.187-0400] {taskinstance.py:441} INFO - ::group::Post task execution logs
[2024-06-27T21:10:54.199-0400] {taskinstance.py:1206} INFO - Marking task as SUCCESS. dag_id=api_cuevana3_movie, task_id=transform_with_spark, run_id=scheduled__2024-06-27T00:01:00+00:00, execution_date=20240627T000100, start_date=20240628T011031, end_date=20240628T011054
[2024-06-27T21:10:54.287-0400] {local_task_job_runner.py:240} INFO - Task exited with return code 0
[2024-06-27T21:10:54.314-0400] {taskinstance.py:3503} INFO - 0 downstream tasks scheduled from follow-on schedule check
[2024-06-27T21:10:54.316-0400] {local_task_job_runner.py:222} INFO - ::endgroup::
[2024-06-27T21:44:02.449-0400] {local_task_job_runner.py:120} INFO - ::group::Pre task execution logs
[2024-06-27T21:44:02.468-0400] {taskinstance.py:2076} INFO - Dependencies all met for dep_context=non-requeueable deps ti=<TaskInstance: api_cuevana3_movie.transform_with_spark scheduled__2024-06-27T00:01:00+00:00 [queued]>
[2024-06-27T21:44:02.484-0400] {taskinstance.py:2076} INFO - Dependencies all met for dep_context=requeueable deps ti=<TaskInstance: api_cuevana3_movie.transform_with_spark scheduled__2024-06-27T00:01:00+00:00 [queued]>
[2024-06-27T21:44:02.484-0400] {taskinstance.py:2306} INFO - Starting attempt 1 of 1
[2024-06-27T21:44:02.500-0400] {taskinstance.py:2330} INFO - Executing <Task(PythonOperator): transform_with_spark> on 2024-06-27 00:01:00+00:00
[2024-06-27T21:44:02.510-0400] {standard_task_runner.py:63} INFO - Started process 220385 to run task
[2024-06-27T21:44:02.517-0400] {standard_task_runner.py:90} INFO - Running: ['airflow', 'tasks', 'run', 'api_cuevana3_movie', 'transform_with_spark', 'scheduled__2024-06-27T00:01:00+00:00', '--job-id', '346', '--raw', '--subdir', 'DAGS_FOLDER/movie_recommend.py', '--cfg-path', '/tmp/tmp8eksudqs']
[2024-06-27T21:44:02.519-0400] {standard_task_runner.py:91} INFO - Job 346: Subtask transform_with_spark
[2024-06-27T21:44:02.585-0400] {task_command.py:426} INFO - Running <TaskInstance: api_cuevana3_movie.transform_with_spark scheduled__2024-06-27T00:01:00+00:00 [running]> on host walter-VirtualBox
[2024-06-27T21:44:02.741-0400] {taskinstance.py:2648} INFO - Exporting env vars: AIRFLOW_CTX_DAG_OWNER='airflow' AIRFLOW_CTX_DAG_ID='api_cuevana3_movie' AIRFLOW_CTX_TASK_ID='transform_with_spark' AIRFLOW_CTX_EXECUTION_DATE='2024-06-27T00:01:00+00:00' AIRFLOW_CTX_TRY_NUMBER='1' AIRFLOW_CTX_DAG_RUN_ID='scheduled__2024-06-27T00:01:00+00:00'
[2024-06-27T21:44:02.742-0400] {taskinstance.py:430} INFO - ::endgroup::
[2024-06-27T21:44:27.159-0400] {logging_mixin.py:188} INFO - ("HOLA HOLA HOLA HOLA HOLA ESTOY AQUI: {'actors': ['Amy Poehler,', 'Maya "
 "Hawke,', 'Kensington Tallman,', 'Liza Lapira,', 'Phyllis Smith,', 'Lewis "
 "Black,', 'Tony Hale,', 'Ayo Edebiri,', 'Adèle Exarchopoulos,', 'Lilimar,', "
 "'Grace Lu,', 'Sumayyah Nuriddin-Green,', 'Diane Lane,', 'Kyle MacLachlan,', "
 "'Paul Walter Hauser,', 'Yvette Nicole Brown,', 'Ron Funches,', 'James Austin "
 "Johnson,', 'Yong Yea,', 'Steve Purcell,', 'Dave Goelz,'], 'country': 'United "
 "States', 'description': 'Vuelve a la mente de Riley, quien acaba de "
 'convertirse en adolescente, en el momento en que la Central se enfrenta a '
 'una reforma para hacer sitio a algo completamente inesperado: ¡nuevas '
 'Emociones! Alegría, Tristeza, Ira, Miedo y Asco, que llevan muchos años al '
 'mando de una operación exitosa, no saben muy bien qué sentir cuando aparece '
 'Ansiedad, que además no ha llegado sola. Se ha traído a Vergüenza, Envidia y '
 "Ennui.', 'director': 'Kelsey Mann', 'duration': 97, 'genre': ['Animación', "
 "'Familia', 'Aventura', 'Comedia'], 'image_url': "
 "'https://i0.wp.com/www.themoviedb.org/t/p/w185/2PuAY3xSvbchQWqpSiXw08Yt0NP.jpg', "
 "'quality': 'HD', 'rating': 7.7, 'title': 'Del revés 2 (Inside Out 2)', "
 "'views': 933, 'year': '2024'}")
[2024-06-27T21:44:27.163-0400] {python.py:237} INFO - Done. Returned value was: {'actors': ['Amy Poehler,', 'Maya Hawke,', 'Kensington Tallman,', 'Liza Lapira,', 'Phyllis Smith,', 'Lewis Black,', 'Tony Hale,', 'Ayo Edebiri,', 'Adèle Exarchopoulos,', 'Lilimar,', 'Grace Lu,', 'Sumayyah Nuriddin-Green,', 'Diane Lane,', 'Kyle MacLachlan,', 'Paul Walter Hauser,', 'Yvette Nicole Brown,', 'Ron Funches,', 'James Austin Johnson,', 'Yong Yea,', 'Steve Purcell,', 'Dave Goelz,'], 'country': 'United States', 'description': 'Vuelve a la mente de Riley, quien acaba de convertirse en adolescente, en el momento en que la Central se enfrenta a una reforma para hacer sitio a algo completamente inesperado: ¡nuevas Emociones! Alegría, Tristeza, Ira, Miedo y Asco, que llevan muchos años al mando de una operación exitosa, no saben muy bien qué sentir cuando aparece Ansiedad, que además no ha llegado sola. Se ha traído a Vergüenza, Envidia y Ennui.', 'director': 'Kelsey Mann', 'duration': 97, 'genre': ['Animación', 'Familia', 'Aventura', 'Comedia'], 'image_url': 'https://i0.wp.com/www.themoviedb.org/t/p/w185/2PuAY3xSvbchQWqpSiXw08Yt0NP.jpg', 'quality': 'HD', 'rating': 7.7, 'title': 'Del revés 2 (Inside Out 2)', 'views': 933, 'year': '2024'}
[2024-06-27T21:44:27.164-0400] {taskinstance.py:441} INFO - ::group::Post task execution logs
[2024-06-27T21:44:27.203-0400] {taskinstance.py:1206} INFO - Marking task as SUCCESS. dag_id=api_cuevana3_movie, task_id=transform_with_spark, run_id=scheduled__2024-06-27T00:01:00+00:00, execution_date=20240627T000100, start_date=20240628T014402, end_date=20240628T014427
[2024-06-27T21:44:27.304-0400] {local_task_job_runner.py:240} INFO - Task exited with return code 0
[2024-06-27T21:44:27.328-0400] {taskinstance.py:3503} INFO - 0 downstream tasks scheduled from follow-on schedule check
[2024-06-27T21:44:27.332-0400] {local_task_job_runner.py:222} INFO - ::endgroup::
[2024-06-27T22:25:08.130-0400] {local_task_job_runner.py:120} INFO - ::group::Pre task execution logs
[2024-06-27T22:25:08.149-0400] {taskinstance.py:2076} INFO - Dependencies all met for dep_context=non-requeueable deps ti=<TaskInstance: api_cuevana3_movie.transform_with_spark scheduled__2024-06-27T00:01:00+00:00 [queued]>
[2024-06-27T22:25:08.153-0400] {taskinstance.py:2076} INFO - Dependencies all met for dep_context=requeueable deps ti=<TaskInstance: api_cuevana3_movie.transform_with_spark scheduled__2024-06-27T00:01:00+00:00 [queued]>
[2024-06-27T22:25:08.154-0400] {taskinstance.py:2306} INFO - Starting attempt 1 of 1
[2024-06-27T22:25:08.183-0400] {taskinstance.py:2330} INFO - Executing <Task(PythonOperator): transform_with_spark> on 2024-06-27 00:01:00+00:00
[2024-06-27T22:25:08.192-0400] {standard_task_runner.py:63} INFO - Started process 226186 to run task
[2024-06-27T22:25:08.194-0400] {standard_task_runner.py:90} INFO - Running: ['airflow', 'tasks', 'run', 'api_cuevana3_movie', 'transform_with_spark', 'scheduled__2024-06-27T00:01:00+00:00', '--job-id', '369', '--raw', '--subdir', 'DAGS_FOLDER/movie_recommend.py', '--cfg-path', '/tmp/tmpv39pjyd9']
[2024-06-27T22:25:08.197-0400] {standard_task_runner.py:91} INFO - Job 369: Subtask transform_with_spark
[2024-06-27T22:25:08.256-0400] {task_command.py:426} INFO - Running <TaskInstance: api_cuevana3_movie.transform_with_spark scheduled__2024-06-27T00:01:00+00:00 [running]> on host walter-VirtualBox
[2024-06-27T22:25:08.424-0400] {taskinstance.py:2648} INFO - Exporting env vars: AIRFLOW_CTX_DAG_OWNER='airflow' AIRFLOW_CTX_DAG_ID='api_cuevana3_movie' AIRFLOW_CTX_TASK_ID='transform_with_spark' AIRFLOW_CTX_EXECUTION_DATE='2024-06-27T00:01:00+00:00' AIRFLOW_CTX_TRY_NUMBER='1' AIRFLOW_CTX_DAG_RUN_ID='scheduled__2024-06-27T00:01:00+00:00'
[2024-06-27T22:25:08.425-0400] {taskinstance.py:430} INFO - ::endgroup::
[2024-06-27T22:25:38.086-0400] {python.py:237} INFO - Done. Returned value was: {'actors': ['Amy Poehler,', 'Maya Hawke,', 'Kensington Tallman,', 'Liza Lapira,', 'Phyllis Smith,', 'Lewis Black,', 'Tony Hale,', 'Ayo Edebiri,', 'Adèle Exarchopoulos,', 'Lilimar,', 'Grace Lu,', 'Sumayyah Nuriddin-Green,', 'Diane Lane,', 'Kyle MacLachlan,', 'Paul Walter Hauser,', 'Yvette Nicole Brown,', 'Ron Funches,', 'James Austin Johnson,', 'Yong Yea,', 'Steve Purcell,', 'Dave Goelz,'], 'country': 'United States', 'description': 'Vuelve a la mente de Riley, quien acaba de convertirse en adolescente, en el momento en que la Central se enfrenta a una reforma para hacer sitio a algo completamente inesperado: ¡nuevas Emociones! Alegría, Tristeza, Ira, Miedo y Asco, que llevan muchos años al mando de una operación exitosa, no saben muy bien qué sentir cuando aparece Ansiedad, que además no ha llegado sola. Se ha traído a Vergüenza, Envidia y Ennui.', 'director': 'Kelsey Mann', 'duration': 97, 'genre': ['Animación', 'Familia', 'Aventura', 'Comedia'], 'image_url': 'https://i0.wp.com/www.themoviedb.org/t/p/w185/2PuAY3xSvbchQWqpSiXw08Yt0NP.jpg', 'quality': 'HD', 'rating': 7.7, 'title': 'Del revés 2 (Inside Out 2)', 'views': 933, 'year': '2024'}
[2024-06-27T22:25:38.106-0400] {taskinstance.py:441} INFO - ::group::Post task execution logs
[2024-06-27T22:25:38.270-0400] {taskinstance.py:1206} INFO - Marking task as SUCCESS. dag_id=api_cuevana3_movie, task_id=transform_with_spark, run_id=scheduled__2024-06-27T00:01:00+00:00, execution_date=20240627T000100, start_date=20240628T022508, end_date=20240628T022538
[2024-06-27T22:25:38.447-0400] {local_task_job_runner.py:240} INFO - Task exited with return code 0
[2024-06-27T22:25:38.499-0400] {taskinstance.py:3503} INFO - 1 downstream tasks scheduled from follow-on schedule check
[2024-06-27T22:25:38.576-0400] {local_task_job_runner.py:222} INFO - ::endgroup::
[2024-06-28T09:51:52.234-0400] {local_task_job_runner.py:120} INFO - ::group::Pre task execution logs
[2024-06-28T09:51:52.256-0400] {taskinstance.py:2076} INFO - Dependencies all met for dep_context=non-requeueable deps ti=<TaskInstance: api_cuevana3_movie.transform_with_spark scheduled__2024-06-27T00:01:00+00:00 [queued]>
[2024-06-28T09:51:52.261-0400] {taskinstance.py:2076} INFO - Dependencies all met for dep_context=requeueable deps ti=<TaskInstance: api_cuevana3_movie.transform_with_spark scheduled__2024-06-27T00:01:00+00:00 [queued]>
[2024-06-28T09:51:52.262-0400] {taskinstance.py:2306} INFO - Starting attempt 1 of 1
[2024-06-28T09:51:52.302-0400] {taskinstance.py:2330} INFO - Executing <Task(PythonOperator): transform_with_spark> on 2024-06-27 00:01:00+00:00
[2024-06-28T09:51:52.311-0400] {standard_task_runner.py:63} INFO - Started process 229829 to run task
[2024-06-28T09:51:52.313-0400] {standard_task_runner.py:90} INFO - Running: ['airflow', 'tasks', 'run', 'api_cuevana3_movie', 'transform_with_spark', 'scheduled__2024-06-27T00:01:00+00:00', '--job-id', '389', '--raw', '--subdir', 'DAGS_FOLDER/movie_recommend.py', '--cfg-path', '/tmp/tmpgbru2bcl']
[2024-06-28T09:51:52.315-0400] {standard_task_runner.py:91} INFO - Job 389: Subtask transform_with_spark
[2024-06-28T09:51:52.414-0400] {task_command.py:426} INFO - Running <TaskInstance: api_cuevana3_movie.transform_with_spark scheduled__2024-06-27T00:01:00+00:00 [running]> on host walter-VirtualBox
[2024-06-28T09:51:52.519-0400] {taskinstance.py:2648} INFO - Exporting env vars: AIRFLOW_CTX_DAG_OWNER='airflow' AIRFLOW_CTX_DAG_ID='api_cuevana3_movie' AIRFLOW_CTX_TASK_ID='transform_with_spark' AIRFLOW_CTX_EXECUTION_DATE='2024-06-27T00:01:00+00:00' AIRFLOW_CTX_TRY_NUMBER='1' AIRFLOW_CTX_DAG_RUN_ID='scheduled__2024-06-27T00:01:00+00:00'
[2024-06-28T09:51:52.520-0400] {taskinstance.py:430} INFO - ::endgroup::
[2024-06-28T09:52:09.625-0400] {python.py:237} INFO - Done. Returned value was: {'actors': ['Amy Poehler,', 'Maya Hawke,', 'Kensington Tallman,', 'Liza Lapira,', 'Phyllis Smith,', 'Lewis Black,', 'Tony Hale,', 'Ayo Edebiri,', 'Adèle Exarchopoulos,', 'Lilimar,', 'Grace Lu,', 'Sumayyah Nuriddin-Green,', 'Diane Lane,', 'Kyle MacLachlan,', 'Paul Walter Hauser,', 'Yvette Nicole Brown,', 'Ron Funches,', 'James Austin Johnson,', 'Yong Yea,', 'Steve Purcell,', 'Dave Goelz,'], 'country': 'United States', 'description': 'Vuelve a la mente de Riley, quien acaba de convertirse en adolescente, en el momento en que la Central se enfrenta a una reforma para hacer sitio a algo completamente inesperado: ¡nuevas Emociones! Alegría, Tristeza, Ira, Miedo y Asco, que llevan muchos años al mando de una operación exitosa, no saben muy bien qué sentir cuando aparece Ansiedad, que además no ha llegado sola. Se ha traído a Vergüenza, Envidia y Ennui.', 'director': 'Kelsey Mann', 'duration': 97, 'genre': ['Animación', 'Familia', 'Aventura', 'Comedia'], 'image_url': 'https://i0.wp.com/www.themoviedb.org/t/p/w185/2PuAY3xSvbchQWqpSiXw08Yt0NP.jpg', 'quality': 'HD', 'rating': 7.7, 'title': 'Del revés 2 (Inside Out 2)', 'views': 979, 'year': '2024'}
[2024-06-28T09:52:09.625-0400] {taskinstance.py:441} INFO - ::group::Post task execution logs
[2024-06-28T09:52:09.726-0400] {taskinstance.py:1206} INFO - Marking task as SUCCESS. dag_id=api_cuevana3_movie, task_id=transform_with_spark, run_id=scheduled__2024-06-27T00:01:00+00:00, execution_date=20240627T000100, start_date=20240628T135152, end_date=20240628T135209
[2024-06-28T09:52:10.018-0400] {local_task_job_runner.py:240} INFO - Task exited with return code 0
[2024-06-28T09:52:10.061-0400] {taskinstance.py:3503} INFO - 1 downstream tasks scheduled from follow-on schedule check
[2024-06-28T09:52:10.174-0400] {local_task_job_runner.py:222} INFO - ::endgroup::
[2024-06-28T10:48:30.751-0400] {local_task_job_runner.py:120} INFO - ::group::Pre task execution logs
[2024-06-28T10:48:30.781-0400] {taskinstance.py:2076} INFO - Dependencies all met for dep_context=non-requeueable deps ti=<TaskInstance: api_cuevana3_movie.transform_with_spark scheduled__2024-06-27T00:01:00+00:00 [queued]>
[2024-06-28T10:48:30.790-0400] {taskinstance.py:2076} INFO - Dependencies all met for dep_context=requeueable deps ti=<TaskInstance: api_cuevana3_movie.transform_with_spark scheduled__2024-06-27T00:01:00+00:00 [queued]>
[2024-06-28T10:48:30.791-0400] {taskinstance.py:2306} INFO - Starting attempt 1 of 1
[2024-06-28T10:48:30.826-0400] {taskinstance.py:2330} INFO - Executing <Task(PythonOperator): transform_with_spark> on 2024-06-27 00:01:00+00:00
[2024-06-28T10:48:30.835-0400] {standard_task_runner.py:63} INFO - Started process 235568 to run task
[2024-06-28T10:48:30.843-0400] {standard_task_runner.py:90} INFO - Running: ['airflow', 'tasks', 'run', 'api_cuevana3_movie', 'transform_with_spark', 'scheduled__2024-06-27T00:01:00+00:00', '--job-id', '439', '--raw', '--subdir', 'DAGS_FOLDER/movie_recommend.py', '--cfg-path', '/tmp/tmp7h05tdc4']
[2024-06-28T10:48:30.847-0400] {standard_task_runner.py:91} INFO - Job 439: Subtask transform_with_spark
[2024-06-28T10:48:30.902-0400] {task_command.py:426} INFO - Running <TaskInstance: api_cuevana3_movie.transform_with_spark scheduled__2024-06-27T00:01:00+00:00 [running]> on host walter-VirtualBox
[2024-06-28T10:48:31.018-0400] {taskinstance.py:2648} INFO - Exporting env vars: AIRFLOW_CTX_DAG_OWNER='airflow' AIRFLOW_CTX_DAG_ID='api_cuevana3_movie' AIRFLOW_CTX_TASK_ID='transform_with_spark' AIRFLOW_CTX_EXECUTION_DATE='2024-06-27T00:01:00+00:00' AIRFLOW_CTX_TRY_NUMBER='1' AIRFLOW_CTX_DAG_RUN_ID='scheduled__2024-06-27T00:01:00+00:00'
[2024-06-28T10:48:31.024-0400] {taskinstance.py:430} INFO - ::endgroup::
[2024-06-28T10:48:55.772-0400] {python.py:237} INFO - Done. Returned value was: {'actors': ['Amy Poehler,', 'Maya Hawke,', 'Kensington Tallman,', 'Liza Lapira,', 'Phyllis Smith,', 'Lewis Black,', 'Tony Hale,', 'Ayo Edebiri,', 'Adèle Exarchopoulos,', 'Lilimar,', 'Grace Lu,', 'Sumayyah Nuriddin-Green,', 'Diane Lane,', 'Kyle MacLachlan,', 'Paul Walter Hauser,', 'Yvette Nicole Brown,', 'Ron Funches,', 'James Austin Johnson,', 'Yong Yea,', 'Steve Purcell,', 'Dave Goelz,'], 'country': 'United States', 'description': 'Vuelve a la mente de Riley, quien acaba de convertirse en adolescente, en el momento en que la Central se enfrenta a una reforma para hacer sitio a algo completamente inesperado: ¡nuevas Emociones! Alegría, Tristeza, Ira, Miedo y Asco, que llevan muchos años al mando de una operación exitosa, no saben muy bien qué sentir cuando aparece Ansiedad, que además no ha llegado sola. Se ha traído a Vergüenza, Envidia y Ennui.', 'director': 'Kelsey Mann', 'duration': 97, 'genre': ['Animación', 'Familia', 'Aventura', 'Comedia'], 'image_url': 'https://i0.wp.com/www.themoviedb.org/t/p/w185/2PuAY3xSvbchQWqpSiXw08Yt0NP.jpg', 'quality': 'HD', 'rating': 7.7, 'title': 'Del revés 2 (Inside Out 2)', 'views': 979, 'year': '2024'}
[2024-06-28T10:48:55.775-0400] {taskinstance.py:441} INFO - ::group::Post task execution logs
[2024-06-28T10:48:55.814-0400] {taskinstance.py:1206} INFO - Marking task as SUCCESS. dag_id=api_cuevana3_movie, task_id=transform_with_spark, run_id=scheduled__2024-06-27T00:01:00+00:00, execution_date=20240627T000100, start_date=20240628T144830, end_date=20240628T144855
[2024-06-28T10:48:55.961-0400] {local_task_job_runner.py:240} INFO - Task exited with return code 0
[2024-06-28T10:48:56.014-0400] {taskinstance.py:3503} INFO - 1 downstream tasks scheduled from follow-on schedule check
[2024-06-28T10:48:56.026-0400] {local_task_job_runner.py:222} INFO - ::endgroup::
[2024-06-28T11:01:10.161-0400] {local_task_job_runner.py:120} INFO - ::group::Pre task execution logs
[2024-06-28T11:01:10.473-0400] {taskinstance.py:2076} INFO - Dependencies all met for dep_context=non-requeueable deps ti=<TaskInstance: api_cuevana3_movie.transform_with_spark scheduled__2024-06-27T00:01:00+00:00 [queued]>
[2024-06-28T11:01:10.480-0400] {taskinstance.py:2076} INFO - Dependencies all met for dep_context=requeueable deps ti=<TaskInstance: api_cuevana3_movie.transform_with_spark scheduled__2024-06-27T00:01:00+00:00 [queued]>
[2024-06-28T11:01:10.480-0400] {taskinstance.py:2306} INFO - Starting attempt 1 of 1
[2024-06-28T11:01:10.512-0400] {taskinstance.py:2330} INFO - Executing <Task(PythonOperator): transform_with_spark> on 2024-06-27 00:01:00+00:00
[2024-06-28T11:01:10.523-0400] {standard_task_runner.py:63} INFO - Started process 236553 to run task
[2024-06-28T11:01:10.525-0400] {standard_task_runner.py:90} INFO - Running: ['airflow', 'tasks', 'run', 'api_cuevana3_movie', 'transform_with_spark', 'scheduled__2024-06-27T00:01:00+00:00', '--job-id', '450', '--raw', '--subdir', 'DAGS_FOLDER/movie_recommend.py', '--cfg-path', '/tmp/tmppfczt0p1']
[2024-06-28T11:01:10.528-0400] {standard_task_runner.py:91} INFO - Job 450: Subtask transform_with_spark
[2024-06-28T11:01:10.625-0400] {task_command.py:426} INFO - Running <TaskInstance: api_cuevana3_movie.transform_with_spark scheduled__2024-06-27T00:01:00+00:00 [running]> on host walter-VirtualBox
[2024-06-28T11:01:10.781-0400] {taskinstance.py:2648} INFO - Exporting env vars: AIRFLOW_CTX_DAG_OWNER='airflow' AIRFLOW_CTX_DAG_ID='api_cuevana3_movie' AIRFLOW_CTX_TASK_ID='transform_with_spark' AIRFLOW_CTX_EXECUTION_DATE='2024-06-27T00:01:00+00:00' AIRFLOW_CTX_TRY_NUMBER='1' AIRFLOW_CTX_DAG_RUN_ID='scheduled__2024-06-27T00:01:00+00:00'
[2024-06-28T11:01:10.783-0400] {taskinstance.py:430} INFO - ::endgroup::
[2024-06-28T11:01:30.644-0400] {python.py:237} INFO - Done. Returned value was: {'actors': ['Amy Poehler,', 'Maya Hawke,', 'Kensington Tallman,', 'Liza Lapira,', 'Phyllis Smith,', 'Lewis Black,', 'Tony Hale,', 'Ayo Edebiri,', 'Adèle Exarchopoulos,', 'Lilimar,', 'Grace Lu,', 'Sumayyah Nuriddin-Green,', 'Diane Lane,', 'Kyle MacLachlan,', 'Paul Walter Hauser,', 'Yvette Nicole Brown,', 'Ron Funches,', 'James Austin Johnson,', 'Yong Yea,', 'Steve Purcell,', 'Dave Goelz,'], 'country': 'United States', 'description': 'Vuelve a la mente de Riley, quien acaba de convertirse en adolescente, en el momento en que la Central se enfrenta a una reforma para hacer sitio a algo completamente inesperado: ¡nuevas Emociones! Alegría, Tristeza, Ira, Miedo y Asco, que llevan muchos años al mando de una operación exitosa, no saben muy bien qué sentir cuando aparece Ansiedad, que además no ha llegado sola. Se ha traído a Vergüenza, Envidia y Ennui.', 'director': 'Kelsey Mann', 'duration': 97, 'genre': ['Animación', 'Familia', 'Aventura', 'Comedia'], 'image_url': 'https://i0.wp.com/www.themoviedb.org/t/p/w185/2PuAY3xSvbchQWqpSiXw08Yt0NP.jpg', 'quality': 'HD', 'rating': 7.7, 'title': 'Del revés 2 (Inside Out 2)', 'views': 979, 'year': '2024'}
[2024-06-28T11:01:30.645-0400] {taskinstance.py:441} INFO - ::group::Post task execution logs
[2024-06-28T11:01:30.671-0400] {taskinstance.py:1206} INFO - Marking task as SUCCESS. dag_id=api_cuevana3_movie, task_id=transform_with_spark, run_id=scheduled__2024-06-27T00:01:00+00:00, execution_date=20240627T000100, start_date=20240628T150110, end_date=20240628T150130
[2024-06-28T11:01:30.770-0400] {local_task_job_runner.py:240} INFO - Task exited with return code 0
[2024-06-28T11:01:30.800-0400] {taskinstance.py:3503} INFO - 1 downstream tasks scheduled from follow-on schedule check
[2024-06-28T11:01:30.834-0400] {local_task_job_runner.py:222} INFO - ::endgroup::
[2024-06-28T11:16:04.873-0400] {local_task_job_runner.py:120} INFO - ::group::Pre task execution logs
[2024-06-28T11:16:04.923-0400] {taskinstance.py:2076} INFO - Dependencies all met for dep_context=non-requeueable deps ti=<TaskInstance: api_cuevana3_movie.transform_with_spark scheduled__2024-06-27T00:01:00+00:00 [queued]>
[2024-06-28T11:16:04.933-0400] {taskinstance.py:2076} INFO - Dependencies all met for dep_context=requeueable deps ti=<TaskInstance: api_cuevana3_movie.transform_with_spark scheduled__2024-06-27T00:01:00+00:00 [queued]>
[2024-06-28T11:16:04.933-0400] {taskinstance.py:2306} INFO - Starting attempt 1 of 1
[2024-06-28T11:16:04.969-0400] {taskinstance.py:2330} INFO - Executing <Task(PythonOperator): transform_with_spark> on 2024-06-27 00:01:00+00:00
[2024-06-28T11:16:04.978-0400] {standard_task_runner.py:63} INFO - Started process 240989 to run task
[2024-06-28T11:16:04.982-0400] {standard_task_runner.py:90} INFO - Running: ['airflow', 'tasks', 'run', 'api_cuevana3_movie', 'transform_with_spark', 'scheduled__2024-06-27T00:01:00+00:00', '--job-id', '519', '--raw', '--subdir', 'DAGS_FOLDER/movie_recommend.py', '--cfg-path', '/tmp/tmpwboqj707']
[2024-06-28T11:16:04.987-0400] {standard_task_runner.py:91} INFO - Job 519: Subtask transform_with_spark
[2024-06-28T11:16:05.087-0400] {task_command.py:426} INFO - Running <TaskInstance: api_cuevana3_movie.transform_with_spark scheduled__2024-06-27T00:01:00+00:00 [running]> on host walter-VirtualBox
[2024-06-28T11:16:05.195-0400] {taskinstance.py:2648} INFO - Exporting env vars: AIRFLOW_CTX_DAG_OWNER='airflow' AIRFLOW_CTX_DAG_ID='api_cuevana3_movie' AIRFLOW_CTX_TASK_ID='transform_with_spark' AIRFLOW_CTX_EXECUTION_DATE='2024-06-27T00:01:00+00:00' AIRFLOW_CTX_TRY_NUMBER='1' AIRFLOW_CTX_DAG_RUN_ID='scheduled__2024-06-27T00:01:00+00:00'
[2024-06-28T11:16:05.197-0400] {taskinstance.py:430} INFO - ::endgroup::
[2024-06-28T11:16:29.817-0400] {python.py:237} INFO - Done. Returned value was: {'actors': ['Amy Poehler,', 'Maya Hawke,', 'Kensington Tallman,', 'Liza Lapira,', 'Phyllis Smith,', 'Lewis Black,', 'Tony Hale,', 'Ayo Edebiri,', 'Adèle Exarchopoulos,', 'Lilimar,', 'Grace Lu,', 'Sumayyah Nuriddin-Green,', 'Diane Lane,', 'Kyle MacLachlan,', 'Paul Walter Hauser,', 'Yvette Nicole Brown,', 'Ron Funches,', 'James Austin Johnson,', 'Yong Yea,', 'Steve Purcell,', 'Dave Goelz,'], 'country': 'United States', 'description': 'Vuelve a la mente de Riley, quien acaba de convertirse en adolescente, en el momento en que la Central se enfrenta a una reforma para hacer sitio a algo completamente inesperado: ¡nuevas Emociones! Alegría, Tristeza, Ira, Miedo y Asco, que llevan muchos años al mando de una operación exitosa, no saben muy bien qué sentir cuando aparece Ansiedad, que además no ha llegado sola. Se ha traído a Vergüenza, Envidia y Ennui.', 'director': 'Kelsey Mann', 'duration': 97, 'genre': ['Animación', 'Familia', 'Aventura', 'Comedia'], 'image_url': 'https://i0.wp.com/www.themoviedb.org/t/p/w185/2PuAY3xSvbchQWqpSiXw08Yt0NP.jpg', 'quality': 'HD', 'rating': 7.7, 'title': 'Del revés 2 (Inside Out 2)', 'views': 979, 'year': '2024'}
[2024-06-28T11:16:29.818-0400] {taskinstance.py:441} INFO - ::group::Post task execution logs
[2024-06-28T11:16:29.845-0400] {taskinstance.py:1206} INFO - Marking task as SUCCESS. dag_id=api_cuevana3_movie, task_id=transform_with_spark, run_id=scheduled__2024-06-27T00:01:00+00:00, execution_date=20240627T000100, start_date=20240628T151604, end_date=20240628T151629
[2024-06-28T11:16:29.963-0400] {local_task_job_runner.py:240} INFO - Task exited with return code 0
[2024-06-28T11:16:30.007-0400] {taskinstance.py:3503} INFO - 1 downstream tasks scheduled from follow-on schedule check
[2024-06-28T11:16:30.074-0400] {local_task_job_runner.py:222} INFO - ::endgroup::
[2024-06-28T15:59:14.797-0400] {local_task_job_runner.py:120} INFO - ::group::Pre task execution logs
[2024-06-28T15:59:14.827-0400] {taskinstance.py:2076} INFO - Dependencies all met for dep_context=non-requeueable deps ti=<TaskInstance: api_cuevana3_movie.transform_with_spark scheduled__2024-06-27T00:01:00+00:00 [queued]>
[2024-06-28T15:59:14.842-0400] {taskinstance.py:2076} INFO - Dependencies all met for dep_context=requeueable deps ti=<TaskInstance: api_cuevana3_movie.transform_with_spark scheduled__2024-06-27T00:01:00+00:00 [queued]>
[2024-06-28T15:59:14.843-0400] {taskinstance.py:2306} INFO - Starting attempt 1 of 1
[2024-06-28T15:59:14.875-0400] {taskinstance.py:2330} INFO - Executing <Task(PythonOperator): transform_with_spark> on 2024-06-27 00:01:00+00:00
[2024-06-28T15:59:14.884-0400] {standard_task_runner.py:63} INFO - Started process 245129 to run task
[2024-06-28T15:59:14.891-0400] {standard_task_runner.py:90} INFO - Running: ['airflow', 'tasks', 'run', 'api_cuevana3_movie', 'transform_with_spark', 'scheduled__2024-06-27T00:01:00+00:00', '--job-id', '569', '--raw', '--subdir', 'DAGS_FOLDER/movie_recommend.py', '--cfg-path', '/tmp/tmph9r2bbg4']
[2024-06-28T15:59:14.894-0400] {standard_task_runner.py:91} INFO - Job 569: Subtask transform_with_spark
[2024-06-28T15:59:15.004-0400] {task_command.py:426} INFO - Running <TaskInstance: api_cuevana3_movie.transform_with_spark scheduled__2024-06-27T00:01:00+00:00 [running]> on host walter-VirtualBox
[2024-06-28T15:59:15.238-0400] {taskinstance.py:2648} INFO - Exporting env vars: AIRFLOW_CTX_DAG_OWNER='airflow' AIRFLOW_CTX_DAG_ID='api_cuevana3_movie' AIRFLOW_CTX_TASK_ID='transform_with_spark' AIRFLOW_CTX_EXECUTION_DATE='2024-06-27T00:01:00+00:00' AIRFLOW_CTX_TRY_NUMBER='1' AIRFLOW_CTX_DAG_RUN_ID='scheduled__2024-06-27T00:01:00+00:00'
[2024-06-28T15:59:15.244-0400] {taskinstance.py:430} INFO - ::endgroup::
[2024-06-28T15:59:33.177-0400] {python.py:237} INFO - Done. Returned value was: {'actors': ['Amy Poehler,', 'Maya Hawke,', 'Kensington Tallman,', 'Liza Lapira,', 'Phyllis Smith,', 'Lewis Black,', 'Tony Hale,', 'Ayo Edebiri,', 'Adèle Exarchopoulos,', 'Lilimar,', 'Grace Lu,', 'Sumayyah Nuriddin-Green,', 'Diane Lane,', 'Kyle MacLachlan,', 'Paul Walter Hauser,', 'Yvette Nicole Brown,', 'Ron Funches,', 'James Austin Johnson,', 'Yong Yea,', 'Steve Purcell,', 'Dave Goelz,'], 'country': 'United States', 'description': 'Vuelve a la mente de Riley, quien acaba de convertirse en adolescente, en el momento en que la Central se enfrenta a una reforma para hacer sitio a algo completamente inesperado: ¡nuevas Emociones! Alegría, Tristeza, Ira, Miedo y Asco, que llevan muchos años al mando de una operación exitosa, no saben muy bien qué sentir cuando aparece Ansiedad, que además no ha llegado sola. Se ha traído a Vergüenza, Envidia y Ennui.', 'director': 'Kelsey Mann', 'duration': 97, 'genre': ['Animación', 'Familia', 'Aventura', 'Comedia'], 'image_url': 'https://i0.wp.com/www.themoviedb.org/t/p/w185/2PuAY3xSvbchQWqpSiXw08Yt0NP.jpg', 'quality': 'HD', 'rating': 7.7, 'title': 'Del revés 2 (Inside Out 2)', 'views': 979, 'year': '2024'}
[2024-06-28T15:59:33.180-0400] {taskinstance.py:441} INFO - ::group::Post task execution logs
[2024-06-28T15:59:33.206-0400] {taskinstance.py:1206} INFO - Marking task as SUCCESS. dag_id=api_cuevana3_movie, task_id=transform_with_spark, run_id=scheduled__2024-06-27T00:01:00+00:00, execution_date=20240627T000100, start_date=20240628T195914, end_date=20240628T195933
[2024-06-28T15:59:33.270-0400] {local_task_job_runner.py:240} INFO - Task exited with return code 0
[2024-06-28T15:59:33.302-0400] {taskinstance.py:3503} INFO - 1 downstream tasks scheduled from follow-on schedule check
[2024-06-28T15:59:33.330-0400] {local_task_job_runner.py:222} INFO - ::endgroup::
[2024-06-28T16:18:19.850-0400] {local_task_job_runner.py:120} INFO - ::group::Pre task execution logs
[2024-06-28T16:18:19.878-0400] {taskinstance.py:2076} INFO - Dependencies all met for dep_context=non-requeueable deps ti=<TaskInstance: api_cuevana3_movie.transform_with_spark scheduled__2024-06-27T00:01:00+00:00 [queued]>
[2024-06-28T16:18:19.884-0400] {taskinstance.py:2076} INFO - Dependencies all met for dep_context=requeueable deps ti=<TaskInstance: api_cuevana3_movie.transform_with_spark scheduled__2024-06-27T00:01:00+00:00 [queued]>
[2024-06-28T16:18:19.885-0400] {taskinstance.py:2306} INFO - Starting attempt 1 of 1
[2024-06-28T16:18:19.935-0400] {taskinstance.py:2330} INFO - Executing <Task(PythonOperator): transform_with_spark> on 2024-06-27 00:01:00+00:00
[2024-06-28T16:18:19.951-0400] {standard_task_runner.py:63} INFO - Started process 247799 to run task
[2024-06-28T16:18:19.956-0400] {standard_task_runner.py:90} INFO - Running: ['airflow', 'tasks', 'run', 'api_cuevana3_movie', 'transform_with_spark', 'scheduled__2024-06-27T00:01:00+00:00', '--job-id', '594', '--raw', '--subdir', 'DAGS_FOLDER/movie_recommend.py', '--cfg-path', '/tmp/tmp1sv0gfge']
[2024-06-28T16:18:19.960-0400] {standard_task_runner.py:91} INFO - Job 594: Subtask transform_with_spark
[2024-06-28T16:18:20.083-0400] {task_command.py:426} INFO - Running <TaskInstance: api_cuevana3_movie.transform_with_spark scheduled__2024-06-27T00:01:00+00:00 [running]> on host walter-VirtualBox
[2024-06-28T16:18:20.183-0400] {taskinstance.py:2648} INFO - Exporting env vars: AIRFLOW_CTX_DAG_OWNER='airflow' AIRFLOW_CTX_DAG_ID='api_cuevana3_movie' AIRFLOW_CTX_TASK_ID='transform_with_spark' AIRFLOW_CTX_EXECUTION_DATE='2024-06-27T00:01:00+00:00' AIRFLOW_CTX_TRY_NUMBER='1' AIRFLOW_CTX_DAG_RUN_ID='scheduled__2024-06-27T00:01:00+00:00'
[2024-06-28T16:18:20.186-0400] {taskinstance.py:430} INFO - ::endgroup::
[2024-06-28T16:18:43.438-0400] {python.py:237} INFO - Done. Returned value was: {'actors': ['Amy Poehler,', 'Maya Hawke,', 'Kensington Tallman,', 'Liza Lapira,', 'Phyllis Smith,', 'Lewis Black,', 'Tony Hale,', 'Ayo Edebiri,', 'Adèle Exarchopoulos,', 'Lilimar,', 'Grace Lu,', 'Sumayyah Nuriddin-Green,', 'Diane Lane,', 'Kyle MacLachlan,', 'Paul Walter Hauser,', 'Yvette Nicole Brown,', 'Ron Funches,', 'James Austin Johnson,', 'Yong Yea,', 'Steve Purcell,', 'Dave Goelz,'], 'country': 'United States', 'description': 'Vuelve a la mente de Riley, quien acaba de convertirse en adolescente, en el momento en que la Central se enfrenta a una reforma para hacer sitio a algo completamente inesperado: ¡nuevas Emociones! Alegría, Tristeza, Ira, Miedo y Asco, que llevan muchos años al mando de una operación exitosa, no saben muy bien qué sentir cuando aparece Ansiedad, que además no ha llegado sola. Se ha traído a Vergüenza, Envidia y Ennui.', 'director': 'Kelsey Mann', 'duration': 97, 'genre': ['Animación', 'Familia', 'Aventura', 'Comedia'], 'image_url': 'https://i0.wp.com/www.themoviedb.org/t/p/w185/2PuAY3xSvbchQWqpSiXw08Yt0NP.jpg', 'quality': 'HD', 'rating': 7.7, 'title': 'Del revés 2 (Inside Out 2)', 'views': 979, 'year': '2024'}
[2024-06-28T16:18:43.441-0400] {taskinstance.py:441} INFO - ::group::Post task execution logs
[2024-06-28T16:18:43.460-0400] {taskinstance.py:1206} INFO - Marking task as SUCCESS. dag_id=api_cuevana3_movie, task_id=transform_with_spark, run_id=scheduled__2024-06-27T00:01:00+00:00, execution_date=20240627T000100, start_date=20240628T201819, end_date=20240628T201843
[2024-06-28T16:18:43.575-0400] {local_task_job_runner.py:240} INFO - Task exited with return code 0
[2024-06-28T16:18:43.609-0400] {taskinstance.py:3503} INFO - 1 downstream tasks scheduled from follow-on schedule check
[2024-06-28T16:18:43.643-0400] {local_task_job_runner.py:222} INFO - ::endgroup::
[2024-06-28T16:30:22.784-0400] {local_task_job_runner.py:120} INFO - ::group::Pre task execution logs
[2024-06-28T16:30:22.815-0400] {taskinstance.py:2076} INFO - Dependencies all met for dep_context=non-requeueable deps ti=<TaskInstance: api_cuevana3_movie.transform_with_spark scheduled__2024-06-27T00:01:00+00:00 [queued]>
[2024-06-28T16:30:22.822-0400] {taskinstance.py:2076} INFO - Dependencies all met for dep_context=requeueable deps ti=<TaskInstance: api_cuevana3_movie.transform_with_spark scheduled__2024-06-27T00:01:00+00:00 [queued]>
[2024-06-28T16:30:22.823-0400] {taskinstance.py:2306} INFO - Starting attempt 1 of 1
[2024-06-28T16:30:22.853-0400] {taskinstance.py:2330} INFO - Executing <Task(PythonOperator): transform_with_spark> on 2024-06-27 00:01:00+00:00
[2024-06-28T16:30:22.862-0400] {standard_task_runner.py:63} INFO - Started process 250015 to run task
[2024-06-28T16:30:22.864-0400] {standard_task_runner.py:90} INFO - Running: ['airflow', 'tasks', 'run', 'api_cuevana3_movie', 'transform_with_spark', 'scheduled__2024-06-27T00:01:00+00:00', '--job-id', '619', '--raw', '--subdir', 'DAGS_FOLDER/movie_recommend.py', '--cfg-path', '/tmp/tmpvavfypzq']
[2024-06-28T16:30:22.866-0400] {standard_task_runner.py:91} INFO - Job 619: Subtask transform_with_spark
[2024-06-28T16:30:22.961-0400] {task_command.py:426} INFO - Running <TaskInstance: api_cuevana3_movie.transform_with_spark scheduled__2024-06-27T00:01:00+00:00 [running]> on host walter-VirtualBox
[2024-06-28T16:30:23.131-0400] {taskinstance.py:2648} INFO - Exporting env vars: AIRFLOW_CTX_DAG_OWNER='airflow' AIRFLOW_CTX_DAG_ID='api_cuevana3_movie' AIRFLOW_CTX_TASK_ID='transform_with_spark' AIRFLOW_CTX_EXECUTION_DATE='2024-06-27T00:01:00+00:00' AIRFLOW_CTX_TRY_NUMBER='1' AIRFLOW_CTX_DAG_RUN_ID='scheduled__2024-06-27T00:01:00+00:00'
[2024-06-28T16:30:23.133-0400] {taskinstance.py:430} INFO - ::endgroup::
[2024-06-28T16:30:43.535-0400] {python.py:237} INFO - Done. Returned value was: [{'actors': ['Amy Poehler,', 'Maya Hawke,', 'Kensington Tallman,', 'Liza Lapira,', 'Phyllis Smith,', 'Lewis Black,', 'Tony Hale,', 'Ayo Edebiri,', 'Adèle Exarchopoulos,', 'Lilimar,', 'Grace Lu,', 'Sumayyah Nuriddin-Green,', 'Diane Lane,', 'Kyle MacLachlan,', 'Paul Walter Hauser,', 'Yvette Nicole Brown,', 'Ron Funches,', 'James Austin Johnson,', 'Yong Yea,', 'Steve Purcell,', 'Dave Goelz,'], 'country': 'United States', 'description': 'Vuelve a la mente de Riley, quien acaba de convertirse en adolescente, en el momento en que la Central se enfrenta a una reforma para hacer sitio a algo completamente inesperado: ¡nuevas Emociones! Alegría, Tristeza, Ira, Miedo y Asco, que llevan muchos años al mando de una operación exitosa, no saben muy bien qué sentir cuando aparece Ansiedad, que además no ha llegado sola. Se ha traído a Vergüenza, Envidia y Ennui.', 'director': 'Kelsey Mann', 'duration': 97, 'genre': ['Animación', 'Familia', 'Aventura', 'Comedia'], 'image_url': 'https://i0.wp.com/www.themoviedb.org/t/p/w185/2PuAY3xSvbchQWqpSiXw08Yt0NP.jpg', 'quality': 'HD', 'rating': 7.7, 'title': 'Del revés 2 (Inside Out 2)', 'views': 979, 'year': '2024'}, {'actors': ['Anya Taylor-Joy,', 'Chris Hemsworth,', 'Tom Burke,', 'Alyla Browne,', 'George Shevtsov,', 'Lachy Hulme,', 'John Howard,', 'Charlee Fraser,', 'Angus Sampson,', 'Nathan Jones,', 'Elsa Pataky,', 'Josh Helman,', 'David Field,', 'Rahel Romahn,', 'David Collins,', 'Goran D. Kleut,', 'CJ. Bloomfield,', 'Matuse Paz,', 'Ian Roberts,', 'Guy Spence,', 'Robert Jones,'], 'country': 'Australia', 'description': "En un mundo postapocalíptico donde todo ha perdido su valor, los pocos supervivientes se guían por la ley del más fuerte. Sin aprecio por la vida, lo único que despierta un brutal interés es la gasolina, sinónimo de poder y objetivo de bandas armadas hasta los dientes y sin escrúpulos. En este contexto conoceremos la historia de la arrebatadoramente despiadada, salvaje y joven Furiosa, quien cae en manos de una horda de motoristas y debe sobrevivir a muchas pruebas mientras reúne los medios para encontrar el camino de vuelta a casa. Precuela de 'Mad Max: Furia en la carretera' (2015).", 'director': 'George Miller', 'duration': 148, 'genre': ['Acción', 'Aventura', 'Ciencia ficción'], 'image_url': 'https://i0.wp.com/www.themoviedb.org/t/p/w185/tGHUlykWn9V2IIQ4ZaATIAq9VLB.jpg', 'quality': 'HD', 'rating': 7.7, 'title': 'Furiosa: De la saga Mad Max', 'views': 1270, 'year': '2024'}, {'actors': ['Owen Teague,', 'Freya Allan,', 'Kevin Durand,', 'Peter Macon,', 'William H. Macy,', 'Eka Darville,', 'Travis Jeffery,', 'Lydia Peckham,', 'Neil Sandilands,', "Ras-Samuel Welda'abzgi,", 'Sara Wiseman,', 'Kaden Hartcher,', 'Andy McPhee,', 'Nina Gallas,', 'Samuel Falé,', 'Dichen Lachman,', 'Virginie Laverdure,', 'Markus Hamilton,', 'Benjamin Scott,', 'Nirish Bhat Surambadka,', 'Frances Berry,'], 'country': 'United States', 'description': 'Ambientada varias generaciones en el futuro tras el reinado de César, en la que los simios son la especie dominante que vive en armonía y los humanos se han visto reducidos a vivir en la sombra. Mientras un nuevo y tiránico líder simio construye su imperio, un joven simio emprende un angustioso viaje que le llevará a cuestionarse todo lo que sabe sobre el pasado y a tomar decisiones que definirán el futuro de simios y humanos por igual.', 'director': 'Wes Ball', 'duration': 145, 'genre': ['Ciencia ficción', 'Aventura', 'Acción'], 'image_url': 'https://i0.wp.com/www.themoviedb.org/t/p/w185/kkFn3KM47Qq4Wjhd8GuFfe3LX27.jpg', 'quality': 'HD', 'rating': 6.8, 'title': 'El reino del planeta de los simios', 'views': 1241, 'year': '2024'}, {'actors': ['Will Smith,', 'Martin Lawrence,', 'Vanessa Hudgens,', 'Alexander Ludwig,', 'Paola Nuñez,', 'Eric Dane,', 'Ioan Gruffudd,', 'Jacob Scipio,', 'Melanie Liburd,', 'Tasha Smith,', 'Rhea Seehorn,', 'Tiffany Haddish,', 'Joe Pantoliano,', 'DJ Khaled,', 'John Salley,', 'Bianca Bethune,', 'Dennis McDonald,', 'Quinn Hemphill,', 'Michael Bay,', 'Derek Russo,', 'Karter Reese Newsome,'], 'country': 'United States', 'description': 'Tras escuchar falsas acusaciones sobre su excapitán y mentor Mike y Marcus deciden investigar el asunto incluso volverse los más buscados de ser necesarios', 'director': 'Adil El Arbi', 'duration': 115, 'genre': ['Acción', 'Crimen', 'Suspense', 'Comedia'], 'image_url': 'https://i0.wp.com/www.themoviedb.org/t/p/w185/5jI2vEHJReAx8iFDmhC2O3yW37w.jpg', 'quality': 'HD', 'rating': 7.0, 'title': 'Bad Boys: Ride or Die', 'views': 446, 'year': '2024'}, {'actors': ['Bérénice Bejo,', 'Nassim Lyes,', 'Léa Léviant,', 'Nagisa Morimoto,', 'Anaïs Parello,', 'Iñaki Lartigue,', 'Anne Marivin,', 'Timi-Joy Marbot,', 'Ricky Tribord,', 'Aurélia Petit,', 'Sandra Parfait,', 'Yannick Choirat,', 'Patrick Ligardes,', 'Victor Pontecorvo,', 'Jean-Marc Bellu,', 'Stéphane Jacquot,', 'Ibrahima Ba,', 'Daouda Keita,', 'Marvin Dubart,', 'Monsieur Poulpe,', 'Aksel Üstün,'], 'country': 'France', 'description': 'La científica Sophie se ve obligada a enfrentarse a su trágico pasado para salvar París de un baño de sangre cuando un tiburón gigante aparece en el Sena.', 'director': 'Xavier Gens', 'duration': 104, 'genre': ['Suspense', 'Terror', 'Acción', 'Misterio'], 'image_url': 'https://i0.wp.com/www.themoviedb.org/t/p/w185/ww9s0QSZ06WIxyZAKAdg6nqfE5v.jpg', 'quality': 'HD', 'rating': 5.9, 'title': 'En las profundidades del Sena', 'views': 745, 'year': '2024'}, {'actors': ['Kirsten Dunst,', 'Wagner Moura,', 'Cailee Spaeny,', 'Stephen McKinley Henderson,', 'Nelson Lee,', 'Nick Offerman,', 'Jefferson White,', 'Evan Lai,', 'Vince Pisani,', 'Justin James Boykin,', 'Jess Matney,', 'Greg Hill,', 'Edmund Donovan,', 'Sonoya Mizuno,', 'Tim James,', 'Simeon Freeman,', 'James Yaegashi,', 'Dean Grimes,', 'Alexa Mansour,', 'Martha B. Knighton,', 'Melissa Saint-Amand,'], 'country': 'Finland', 'description': 'En un futuro cercano, donde América está sumida en una cruenta guerra civil, un equipo de periodistas y fotógrafos de guerra emprenderá un viaje por carretera en dirección a Washington DC. Su misión: llegar antes de que las fuerzas rebeldes asalten la Casa Blanca y arrebaten el control al presidente de Estados Unidos.', 'director': 'Alex Garland', 'duration': 109, 'genre': ['Bélica', 'Acción', 'Drama'], 'image_url': 'https://i0.wp.com/www.themoviedb.org/t/p/w185/iCOQUVVaPqRuR3JqF71akguf6Mj.jpg', 'quality': 'HD', 'rating': 7.0, 'title': 'Civil War', 'views': 1728, 'year': '2024'}, {'actors': ['Cailey Fleming,', 'Ryan Reynolds,', 'John Krasinski,', 'Fiona Shaw,', 'Steve Carell,', 'Phoebe Waller-Bridge,', 'Louis Gossett Jr.,', 'Alan Kim,', 'Liza Colón-Zayas,', 'Bobby Moynihan,', 'Catharine Daddario,', 'Audrey Hoffman,', 'Laquet Sharnell Pringle,', 'Ed Herbstman,', 'Barbara Andres,', 'Alexander Rivero,', 'Shauna Pinkett,', "Sa'Raya Paris Johnson,", 'Marta Siteiya Moipei,', 'David Weissmann,', 'Awkwafina,'], 'country': 'United States', 'description': 'Una niña pasa por una experiencia difícil y entonces empieza a ver a los amigos imaginarios de todo el mundo que se han ido quedando atrás a medida que sus amigos de la vida real han ido creciendo.', 'director': 'John Krasinski', 'duration': 104, 'genre': ['Comedia', 'Fantasía', 'Familia'], 'image_url': 'https://i0.wp.com/www.themoviedb.org/t/p/w185/8RgGuC7w8JxhykauzTC4bwha1J8.jpg', 'quality': 'HD', 'rating': 7.4, 'title': 'Amigos imaginarios', 'views': 446, 'year': '2024'}, {'actors': ['Steve Carell,', 'Kristen Wiig,', 'Will Ferrell,', 'Sofía Vergara,', 'Joey King,', 'Stephen Colbert,', 'Chloe Fineman,', 'Miranda Cosgrove,', 'Dana Gaier,', 'Madison Polan,', 'Pierre Coffin,', 'Steve Coogan,', 'Chris Renaud,', 'Jason Segel,', 'Benjamin Bratt,', 'Trey Parker,', 'Sandra Bullock,', 'Jon Hamm,', 'Taraji P. Henson,', 'Russell Brand,'], 'country': 'United States', 'description': "Gru, Lucy y las niñas -Margo, Edith y Agnes- dan la bienvenida a un nuevo miembro en la familia: Gru Junior, que parece llegar con el propósito de ser un suplicio para su padre. Gru tendrá que enfrentarse en esta ocasión a su nueva némesis Maxime Le Mal y su sofisticada y malévola novia Valentina, lo que obligará a la familia a tener que darse a la fuga. Cuarta entrega de 'Gru, mi villano favorito'.", 'director': 'Chris Renaud', 'duration': 95, 'genre': ['Animación', 'Familia', 'Comedia', 'Acción'], 'image_url': 'https://i0.wp.com/www.themoviedb.org/t/p/w185/6BcxgP05jDip4Zjh2P5Be2aNi0Z.jpg', 'quality': 'HD', 'rating': 8.5, 'title': 'Gru 4. Mi villano favorito', 'views': 56, 'year': '2024'}, {'actors': ['Jessica Alba,', 'Anthony Michael Hall,', 'Tone Bell,', 'Mark Webber,', 'Jake Weary,', 'Gabriel Basso,', 'Kaiwi Lyman,', 'Hari Dhillon,', 'Alejandro De Hoyos,', 'Nadiv Molcho,', 'Peter Monro,', 'Stephanie Jones,', 'James Cady,', 'Jerry G. Angelo,', 'David DeLao,', 'Kyle Potter,', 'Andrew Franklin,', 'Luis Valladares,', 'Monica Sanchez,', 'Gianna Gallegos,', 'Gabriel Armijo,'], 'country': 'United States', 'description': 'Una soldado de las fuerzas especiales descubre una peligrosa conspiración cuando regresa a casa en busca de respuestas sobre la muerte de su padre.', 'director': 'Mouly Surya', 'duration': 107, 'genre': ['Acción', 'Crimen', 'Suspense'], 'image_url': 'https://i0.wp.com/www.themoviedb.org/t/p/w185/ejlwgCS2SJDFvlTlO8tZYPtCci4.jpg', 'quality': 'HD', 'rating': 5.7, 'title': 'Detonantes', 'views': 175, 'year': '2024'}, {'actors': ["Lupita Nyong'o,", 'Joseph Quinn,', 'Alex Wolff,', 'Djimon Hounsou,', 'Cain Aiden,', 'Jennifer Woodward,', 'Elijah Ungvary,'], 'country': 'United States', 'description': 'Una mujer llamada Sam trata de sobrevivir a una invasión en la ciudad de Nueva York por criaturas alienígenas sedientas de sangre con oídos ultrasónicos. Tercera entrega de la saga.', 'director': 'Michael Sarnoski', 'duration': 99, 'genre': ['Terror', 'Ciencia ficción', 'Suspense'], 'image_url': 'https://i0.wp.com/www.themoviedb.org/t/p/w185/jGOi939xU8BDRfAAhN6eiTSf3H8.jpg', 'quality': 'HD', 'rating': 7.0, 'title': 'Un lugar tranquilo: Día uno', 'views': 56, 'year': '2024'}, {'actors': ['Jennifer Lopez,', 'Simu Liu,', 'Sterling K. Brown,', 'Gregory James Cohan,', 'Abraham Popoola,', 'Lana Parrilla,', 'Mark Strong,', 'Briella Guiza,', 'Adia Smith-Eriksson,', 'Logan Hunt,', 'Jared Shimabukuro,', 'Ashley J. Hicks,', 'Paul Ganus,', 'Zoe Boyle,', 'Howland Wilson,', 'Justin Walker White,', 'Michelangelo Hyeon,', 'Gloria Cole,', 'Vaughn Johseph,', 'Supreet Bedi,', 'Lorraine Tai,'], 'country': 'United States', 'description': 'Una brillante analista antiterrorista recela de la IA hasta que descubre que podría ser su única esperanza cuando se tuerce una misión para atrapar a un robot rebelde.', 'director': 'Brad Peyton', 'duration': 120, 'genre': ['Ciencia ficción', 'Acción'], 'image_url': 'https://i0.wp.com/www.themoviedb.org/t/p/w185/wSnBSv7oHgm1kZmiM8IqithlTmJ.jpg', 'quality': 'HD', 'rating': 6.8, 'title': 'Atlas', 'views': 902, 'year': '2024'}, {'actors': ['Antonina Litwiniak,', 'Tomasz Kot,', 'Piotr Fronczewski,', 'Sebastian Stankiewicz,', 'Agnieszka Grochowska,', 'Danuta Stenka,', 'Daniel Walasek,', 'Konrad Repiński,', 'Igor Fernandez-Kowalczyk,', 'Apolonia Gałęska,', 'Daria Kalinchuk,', 'Amelia Lutyńska,', 'Enkhkhangaluun Byambadul,', 'Jan Makowski,', 'Jana Jachimek,', 'Liu Sitkowska,', 'Maria Al Tlfah,', 'Dima Al Tlfah,', 'Nikodem Adamski,', 'Julian Mrówczyński,', 'Adam Panikowski,'], 'country': 'Bulgaria', 'description': 'En busca de su padre, que ha desaparecido, una adolescente aparentemente normal acepta asistir a una universidad mágica dirigida por un profesor excéntrico, el Sr. Kleks.', 'director': 'Maciej Kawulski', 'duration': 130, 'genre': ['Fantasía', 'Aventura', 'Familia'], 'image_url': 'https://i0.wp.com/www.themoviedb.org/t/p/w185/3HoBhPg6T5st6K09QfZh4lGB0hz.jpg', 'quality': 'HD', 'rating': 6.0, 'title': 'La academia del Sr. Kleks', 'views': 45, 'year': '2024'}, {'actors': ['Christopher Sean,', 'Gedde Watanabe,', 'Tamlyn Tomita,', 'Keone Young,', 'Julia Harriman,', 'Rob Fukuzaki,', 'Frank Buckley,', 'François Chau,', 'Robert Yasumura,', 'Artt Butler,', 'Karen Yasumura,', 'Mayumi Yoshida,', "Mila O'Malley,", 'Bret Marnell,', 'Julia Kato,', 'Brittany Ishibashi,', 'Veronica Lapke,', 'Lee Shorten,', 'Jonathan Groff,', 'Masa Kanome,', 'Vic Chao,'], 'country': 'Japan', 'description': 'La historia sigue al exitoso jugador de béisbol llamado Ken Sato, quien regresa a Japón para asumir la identidad de Ultraman. Sin embargo, sus planes se trastocan cuando se enucnetra a un kaiju recién nacido a quien decide criar como su propio hijo. Sumado a este imprevisto, Sato deberá retomar la relación con su distanciado padre y lidiar con la Fuerza de Defensa Kaiju.', 'director': 'Shannon Tindle', 'duration': 116, 'genre': ['Animación', 'Ciencia ficción', 'Familia', 'Acción'], 'image_url': 'https://i0.wp.com/www.themoviedb.org/t/p/w185/2D7SsqU8VZOl838KR7q9pzljaLe.jpg', 'quality': 'HD', 'rating': 8.4, 'title': 'Ultraman: El Ascenso', 'views': 130, 'year': '2024'}, {'actors': ['Ayumu Murase,', 'Kaito Ishikawa,', 'Yuki Kaji,', '中村悠一,', '内山昂輝,', '日野聡,', '林勇,', 'Nobuhiko Okamoto,', '入野自由,', 'Yoshimasa Hosoya,', 'Soma Saito,', '増田俊樹,', 'Koutaro Nishiyama,', '立花慎之介,', '石井マーク,', '星野貴紀,', '横田成吾,', 'Ryuichi Sawada,', '池田恭祐,', '渡辺拓海,', '汐谷文康,'], 'country': 'Japan', 'description': 'El encuentro entre los equipos rivales de Karasuno y Nekoma hará que la tensión aumente, ya que ambos equipos están decididos a salir victoriosos en el campeonato nacional de voleibol. Primera película del proyecto en dos partes para el final de "Haikyu!".', 'director': 'Susumu Mitsunaka', 'duration': 85, 'genre': ['Animación', 'Drama'], 'image_url': 'https://i0.wp.com/www.themoviedb.org/t/p/w185/gFmY2GY2X71ErIlLbO1j9MqGn4J.jpg', 'quality': 'HD', 'rating': 7.4, 'title': 'Haikyu!! La batalla del basurero', 'views': 60, 'year': '2024'}, {'actors': ['Dakota Fanning,', 'Georgina Campbell,', 'Olwen Fouéré,', 'Oliver Finnegan,', 'Siobhan Hewlett,', 'Alistair Brammer,', 'Hannah Howland,', 'Charles Camrose,', 'Kya Brame,', 'Anthony Morris,', "Shane O'Regan,", 'Cara Steele,', 'Shannon Antonia,', 'Kofi De Graft Jordan,', 'Diarmuid de Faoite,', 'Ann Marie Horan,', 'Seán T. Ó Meallaigh,', 'Jacob Greenway,', 'Jim Tighe,', 'Andrea Bechis,', 'Hannah Dargan,'], 'country': 'United States', 'description': 'Sigue a Mina, una artista de 28 años que queda varada en un bosque en el oeste de Irlanda. Cuando Mina encuentra refugio, sin saberlo, queda atrapada junto a tres extraños que son observados y acechados por misteriosas criaturas cada noche.', 'director': 'Ishana Night Shyamalan', 'duration': 102, 'genre': ['Terror', 'Misterio', 'Fantasía'], 'image_url': 'https://i0.wp.com/www.themoviedb.org/t/p/w185/13G0wKhucGWiERNloOicAuzQIyd.jpg', 'quality': 'HD', 'rating': 6.2, 'title': 'Los vigilantes', 'views': 184, 'year': '2024'}, {'actors': ['Harriet Slater,', 'Adain Bradley,', 'Avantika,', 'Jacob Batalon,', 'Humberly González,', 'Wolfgang Novogratz,', 'Larsen Thompson,', 'Olwen Fouéré,', 'Sunčica Milanović,', 'Alan Wells,', 'Joss Carter,', 'James Swanton,', 'Staša Nikolić,', 'Anna Halberg,', 'Cavin Cornwall,', 'Lucy Ridley,', 'Felix Leech,', 'Vahidin Prelić,', 'Dunja Pavlović,', 'Višnja Obradović,'], 'country': 'United States', 'description': 'Un grupo de amigos de la universidad comienzan a morir de maneras relacionadas con su fortuna después de que les lean los horóscopos.', 'director': 'Spenser Cohen', 'duration': 92, 'genre': ['Terror'], 'image_url': 'https://i0.wp.com/www.themoviedb.org/t/p/w185/Adh7xmtgSIUGZBaMj9VLTmq2G8z.jpg', 'quality': 'HD', 'rating': 6.6, 'title': 'Tarot', 'views': 596, 'year': '2024'}, {'actors': ['Jessica Córes,', 'Bruno Gagliasso,', 'Gabz,', 'Christian Malheiros,', 'Nill Marcondes,', 'Guta Ruiz,', 'Miguel Nader,', 'Márcio Fecher,', 'Nicole Cordery,', 'Emilly Nayara,', 'Miguel Falabella,', 'Klebber Toledo,', 'Paulo Vilhena,', 'Danton Mello,', 'Erika Januza,', 'Kagga Jayson,', 'Luana Tanaka,'], 'country': 'Brazil', 'description': 'Dos hermanas compiten en salto de longitud en un futuro distópico en el que las prótesis robóticas han redefinido el deporte. Su rivalidad las lleva por un siniestro camino.', 'director': 'Afonso Poyart', 'duration': 110, 'genre': ['Ciencia ficción', 'Acción', 'Aventura'], 'image_url': 'https://i0.wp.com/www.themoviedb.org/t/p/w185/ns9Tr9fda1YuPK2k6BqwqmEOkgl.jpg', 'quality': 'HD', 'rating': 5.5, 'title': 'Biónicos', 'views': 90, 'year': '2024'}, {'actors': ['Chris Pratt,', 'Samuel L. Jackson,', 'Hannah Waddingham,', 'Ving Rhames,', 'Nicholas Hoult,', 'Cecily Strong,', 'Harvey Guillén,', 'Brett Goldstein,', 'Bowen Yang,', 'Snoop Dogg,', 'Janelle James,', 'Angus Cloud,', 'Jeff Foxworthy,', 'Eugenia Caruso,', 'Luke Cinque-White,', 'Dev Joshi,', 'Chana Keefer,', 'Mark Keefer,', 'Edward VL Montgomery,', 'Mark Dindal,', 'Cameron Bernard Jones,'], 'country': 'Hong Kong', 'description': 'El mundialmente famoso Garfield, el gato casero que odia los lunes y que adora la lasaña, está a punto de vivir una aventura ¡en el salvaje mundo exterior! Tras una inesperada reunión con su largamente perdido padre – el desaliñado gato callejero Vic – Garfield y su amigo canino Odie se ven forzados a abandonar sus perfectas y consentidas vidas al unirse a Vic en un hilarante y muy arriesgado atraco.', 'director': 'Mark Dindal', 'duration': 101, 'genre': ['Animación', 'Comedia', 'Familia', 'Aventura'], 'image_url': 'https://i0.wp.com/www.themoviedb.org/t/p/w185/6QR2FOCQr41gSduN70WulRIhJb7.jpg', 'quality': 'HD', 'rating': 6.7, 'title': 'Garfield: la película', 'views': 192, 'year': '2024'}, {'actors': ['Molly Kunz,', 'Michael X. Sommers,', 'Colleen Camp,', 'Stefanie Estes,', 'Claire Saunders,', 'William Ford-Conway,', 'Evyn Flanders,'], 'country': 'United States', 'description': 'Lily Pierce is sick of being haunted. She decides to reconnect with her estranged father, a disgraced history professor, and learn how to draw upon a time of steel and blade when armor-clad knights rode out and dueled their monsters to the death.', 'director': 'Gordon Shoemaker Foxwood', 'duration': 99, 'genre': ['Terror', 'Fantasía', 'Drama', 'Misterio', 'Suspense'], 'image_url': 'https://i0.wp.com/www.themoviedb.org/t/p/w185/nJMNvYZ21bMdB2Pq0qCk88jnQc6.jpg', 'quality': 'HD', 'rating': 4.6, 'title': 'Wild Eyed and Wicked', 'views': 11, 'year': '2024'}, {'actors': ['Bill Skarsgård,', 'Jessica Rothe,', 'H. Jon Benjamin,', 'Michelle Dockery,', 'Brett Gelman,', 'Sharlto Copley,', 'Andrew Koji,', 'Isaiah Mustafa,', 'Famke Janssen,', 'Quinn Copeland,', 'Cameron Crovetti,', 'Nicholas Crovetti,', 'Yayan Ruhian,', 'Dorothy Ann Gould,', 'Jane de Wet,', 'Inge Beckmann,', 'Martin Munro,', 'Pierre Nelson,', 'Natalia Aleksandrowa,', 'Shane John Kruger,', 'François Chau,'], 'country': 'United States', 'description': 'Boy (Bill Skarsgård) es un joven que deberá enfrentarse a la desquiciada matriarca de una corrupta dinastía postapocalíptica que lo dejó huérfano, sordo y sin voz. Tras vivir una trágica infancia, un enigmático chamán (Yayan Ruhian) le convertirá en un instrumento de venganza y lo soltará en su lejana distopía en vísperas de la matanza anual de disidentes. Intentando encontrar su lugar, Boy se unirá a un grupo de resistencia a la vez que mantendrá intensas discusiones con el fantasma de su rebelde hermana pequeña.', 'director': 'Moritz Mohr', 'duration': 110, 'genre': ['Acción', 'Suspense', 'Crimen', 'Ciencia ficción'], 'image_url': 'https://i0.wp.com/www.themoviedb.org/t/p/w185/hgYhI7bzV3IVh4aUzfFi1C1j2sW.jpg', 'quality': 'HD', 'rating': 6.8, 'title': 'Boy Kills World', 'views': 320, 'year': '2024'}, {'actors': ['Amy Poehler,', 'Maya Hawke,', 'Kensington Tallman,', 'Liza Lapira,', 'Phyllis Smith,', 'Lewis Black,', 'Tony Hale,', 'Ayo Edebiri,', 'Adèle Exarchopoulos,', 'Lilimar,', 'Grace Lu,', 'Sumayyah Nuriddin-Green,', 'Diane Lane,', 'Kyle MacLachlan,', 'Paul Walter Hauser,', 'Yvette Nicole Brown,', 'Ron Funches,', 'James Austin Johnson,', 'Yong Yea,', 'Steve Purcell,', 'Dave Goelz,'], 'country': 'United States', 'description': 'Vuelve a la mente de Riley, quien acaba de convertirse en adolescente, en el momento en que la Central se enfrenta a una reforma para hacer sitio a algo completamente inesperado: ¡nuevas Emociones! Alegría, Tristeza, Ira, Miedo y Asco, que llevan muchos años al mando de una operación exitosa, no saben muy bien qué sentir cuando aparece Ansiedad, que además no ha llegado sola. Se ha traído a Vergüenza, Envidia y Ennui.', 'director': 'Kelsey Mann', 'duration': 97, 'genre': ['Animación', 'Familia', 'Aventura', 'Comedia'], 'image_url': 'https://i0.wp.com/www.themoviedb.org/t/p/w185/2PuAY3xSvbchQWqpSiXw08Yt0NP.jpg', 'quality': 'HD', 'rating': 7.7, 'title': 'Del revés 2 (Inside Out 2)', 'views': 979, 'year': '2024'}, {'actors': ['Anya Taylor-Joy,', 'Chris Hemsworth,', 'Tom Burke,', 'Alyla Browne,', 'George Shevtsov,', 'Lachy Hulme,', 'John Howard,', 'Charlee Fraser,', 'Angus Sampson,', 'Nathan Jones,', 'Elsa Pataky,', 'Josh Helman,', 'David Field,', 'Rahel Romahn,', 'David Collins,', 'Goran D. Kleut,', 'CJ. Bloomfield,', 'Matuse Paz,', 'Ian Roberts,', 'Guy Spence,', 'Robert Jones,'], 'country': 'Australia', 'description': "En un mundo postapocalíptico donde todo ha perdido su valor, los pocos supervivientes se guían por la ley del más fuerte. Sin aprecio por la vida, lo único que despierta un brutal interés es la gasolina, sinónimo de poder y objetivo de bandas armadas hasta los dientes y sin escrúpulos. En este contexto conoceremos la historia de la arrebatadoramente despiadada, salvaje y joven Furiosa, quien cae en manos de una horda de motoristas y debe sobrevivir a muchas pruebas mientras reúne los medios para encontrar el camino de vuelta a casa. Precuela de 'Mad Max: Furia en la carretera' (2015).", 'director': 'George Miller', 'duration': 148, 'genre': ['Acción', 'Aventura', 'Ciencia ficción'], 'image_url': 'https://i0.wp.com/www.themoviedb.org/t/p/w185/tGHUlykWn9V2IIQ4ZaATIAq9VLB.jpg', 'quality': 'HD', 'rating': 7.7, 'title': 'Furiosa: De la saga Mad Max', 'views': 1270, 'year': '2024'}, {'actors': ['Owen Teague,', 'Freya Allan,', 'Kevin Durand,', 'Peter Macon,', 'William H. Macy,', 'Eka Darville,', 'Travis Jeffery,', 'Lydia Peckham,', 'Neil Sandilands,', "Ras-Samuel Welda'abzgi,", 'Sara Wiseman,', 'Kaden Hartcher,', 'Andy McPhee,', 'Nina Gallas,', 'Samuel Falé,', 'Dichen Lachman,', 'Virginie Laverdure,', 'Markus Hamilton,', 'Benjamin Scott,', 'Nirish Bhat Surambadka,', 'Frances Berry,'], 'country': 'United States', 'description': 'Ambientada varias generaciones en el futuro tras el reinado de César, en la que los simios son la especie dominante que vive en armonía y los humanos se han visto reducidos a vivir en la sombra. Mientras un nuevo y tiránico líder simio construye su imperio, un joven simio emprende un angustioso viaje que le llevará a cuestionarse todo lo que sabe sobre el pasado y a tomar decisiones que definirán el futuro de simios y humanos por igual.', 'director': 'Wes Ball', 'duration': 145, 'genre': ['Ciencia ficción', 'Aventura', 'Acción'], 'image_url': 'https://i0.wp.com/www.themoviedb.org/t/p/w185/kkFn3KM47Qq4Wjhd8GuFfe3LX27.jpg', 'quality': 'HD', 'rating': 6.8, 'title': 'El reino del planeta de los simios', 'views': 1241, 'year': '2024'}, {'actors': ['Will Smith,', 'Martin Lawrence,', 'Vanessa Hudgens,', 'Alexander Ludwig,', 'Paola Nuñez,', 'Eric Dane,', 'Ioan Gruffudd,', 'Jacob Scipio,', 'Melanie Liburd,', 'Tasha Smith,', 'Rhea Seehorn,', 'Tiffany Haddish,', 'Joe Pantoliano,', 'DJ Khaled,', 'John Salley,', 'Bianca Bethune,', 'Dennis McDonald,', 'Quinn Hemphill,', 'Michael Bay,', 'Derek Russo,', 'Karter Reese Newsome,'], 'country': 'United States', 'description': 'Tras escuchar falsas acusaciones sobre su excapitán y mentor Mike y Marcus deciden investigar el asunto incluso volverse los más buscados de ser necesarios', 'director': 'Adil El Arbi', 'duration': 115, 'genre': ['Acción', 'Crimen', 'Suspense', 'Comedia'], 'image_url': 'https://i0.wp.com/www.themoviedb.org/t/p/w185/5jI2vEHJReAx8iFDmhC2O3yW37w.jpg', 'quality': 'HD', 'rating': 7.0, 'title': 'Bad Boys: Ride or Die', 'views': 446, 'year': '2024'}, {'actors': ['Bérénice Bejo,', 'Nassim Lyes,', 'Léa Léviant,', 'Nagisa Morimoto,', 'Anaïs Parello,', 'Iñaki Lartigue,', 'Anne Marivin,', 'Timi-Joy Marbot,', 'Ricky Tribord,', 'Aurélia Petit,', 'Sandra Parfait,', 'Yannick Choirat,', 'Patrick Ligardes,', 'Victor Pontecorvo,', 'Jean-Marc Bellu,', 'Stéphane Jacquot,', 'Ibrahima Ba,', 'Daouda Keita,', 'Marvin Dubart,', 'Monsieur Poulpe,', 'Aksel Üstün,'], 'country': 'France', 'description': 'La científica Sophie se ve obligada a enfrentarse a su trágico pasado para salvar París de un baño de sangre cuando un tiburón gigante aparece en el Sena.', 'director': 'Xavier Gens', 'duration': 104, 'genre': ['Suspense', 'Terror', 'Acción', 'Misterio'], 'image_url': 'https://i0.wp.com/www.themoviedb.org/t/p/w185/ww9s0QSZ06WIxyZAKAdg6nqfE5v.jpg', 'quality': 'HD', 'rating': 5.9, 'title': 'En las profundidades del Sena', 'views': 745, 'year': '2024'}, {'actors': ['Kirsten Dunst,', 'Wagner Moura,', 'Cailee Spaeny,', 'Stephen McKinley Henderson,', 'Nelson Lee,', 'Nick Offerman,', 'Jefferson White,', 'Evan Lai,', 'Vince Pisani,', 'Justin James Boykin,', 'Jess Matney,', 'Greg Hill,', 'Edmund Donovan,', 'Sonoya Mizuno,', 'Tim James,', 'Simeon Freeman,', 'James Yaegashi,', 'Dean Grimes,', 'Alexa Mansour,', 'Martha B. Knighton,', 'Melissa Saint-Amand,'], 'country': 'Finland', 'description': 'En un futuro cercano, donde América está sumida en una cruenta guerra civil, un equipo de periodistas y fotógrafos de guerra emprenderá un viaje por carretera en dirección a Washington DC. Su misión: llegar antes de que las fuerzas rebeldes asalten la Casa Blanca y arrebaten el control al presidente de Estados Unidos.', 'director': 'Alex Garland', 'duration': 109, 'genre': ['Bélica', 'Acción', 'Drama'], 'image_url': 'https://i0.wp.com/www.themoviedb.org/t/p/w185/iCOQUVVaPqRuR3JqF71akguf6Mj.jpg', 'quality': 'HD', 'rating': 7.0, 'title': 'Civil War', 'views': 1728, 'year': '2024'}, {'actors': ['Cailey Fleming,', 'Ryan Reynolds,', 'John Krasinski,', 'Fiona Shaw,', 'Steve Carell,', 'Phoebe Waller-Bridge,', 'Louis Gossett Jr.,', 'Alan Kim,', 'Liza Colón-Zayas,', 'Bobby Moynihan,', 'Catharine Daddario,', 'Audrey Hoffman,', 'Laquet Sharnell Pringle,', 'Ed Herbstman,', 'Barbara Andres,', 'Alexander Rivero,', 'Shauna Pinkett,', "Sa'Raya Paris Johnson,", 'Marta Siteiya Moipei,', 'David Weissmann,', 'Awkwafina,'], 'country': 'United States', 'description': 'Una niña pasa por una experiencia difícil y entonces empieza a ver a los amigos imaginarios de todo el mundo que se han ido quedando atrás a medida que sus amigos de la vida real han ido creciendo.', 'director': 'John Krasinski', 'duration': 104, 'genre': ['Comedia', 'Fantasía', 'Familia'], 'image_url': 'https://i0.wp.com/www.themoviedb.org/t/p/w185/8RgGuC7w8JxhykauzTC4bwha1J8.jpg', 'quality': 'HD', 'rating': 7.4, 'title': 'Amigos imaginarios', 'views': 446, 'year': '2024'}, {'actors': ['Steve Carell,', 'Kristen Wiig,', 'Will Ferrell,', 'Sofía Vergara,', 'Joey King,', 'Stephen Colbert,', 'Chloe Fineman,', 'Miranda Cosgrove,', 'Dana Gaier,', 'Madison Polan,', 'Pierre Coffin,', 'Steve Coogan,', 'Chris Renaud,', 'Jason Segel,', 'Benjamin Bratt,', 'Trey Parker,', 'Sandra Bullock,', 'Jon Hamm,', 'Taraji P. Henson,', 'Russell Brand,'], 'country': 'United States', 'description': "Gru, Lucy y las niñas -Margo, Edith y Agnes- dan la bienvenida a un nuevo miembro en la familia: Gru Junior, que parece llegar con el propósito de ser un suplicio para su padre. Gru tendrá que enfrentarse en esta ocasión a su nueva némesis Maxime Le Mal y su sofisticada y malévola novia Valentina, lo que obligará a la familia a tener que darse a la fuga. Cuarta entrega de 'Gru, mi villano favorito'.", 'director': 'Chris Renaud', 'duration': 95, 'genre': ['Animación', 'Familia', 'Comedia', 'Acción'], 'image_url': 'https://i0.wp.com/www.themoviedb.org/t/p/w185/6BcxgP05jDip4Zjh2P5Be2aNi0Z.jpg', 'quality': 'HD', 'rating': 8.5, 'title': 'Gru 4. Mi villano favorito', 'views': 56, 'year': '2024'}, {'actors': ['Jessica Alba,', 'Anthony Michael Hall,', 'Tone Bell,', 'Mark Webber,', 'Jake Weary,', 'Gabriel Basso,', 'Kaiwi Lyman,', 'Hari Dhillon,', 'Alejandro De Hoyos,', 'Nadiv Molcho,', 'Peter Monro,', 'Stephanie Jones,', 'James Cady,', 'Jerry G. Angelo,', 'David DeLao,', 'Kyle Potter,', 'Andrew Franklin,', 'Luis Valladares,', 'Monica Sanchez,', 'Gianna Gallegos,', 'Gabriel Armijo,'], 'country': 'United States', 'description': 'Una soldado de las fuerzas especiales descubre una peligrosa conspiración cuando regresa a casa en busca de respuestas sobre la muerte de su padre.', 'director': 'Mouly Surya', 'duration': 107, 'genre': ['Acción', 'Crimen', 'Suspense'], 'image_url': 'https://i0.wp.com/www.themoviedb.org/t/p/w185/ejlwgCS2SJDFvlTlO8tZYPtCci4.jpg', 'quality': 'HD', 'rating': 5.7, 'title': 'Detonantes', 'views': 175, 'year': '2024'}, {'actors': ["Lupita Nyong'o,", 'Joseph Quinn,', 'Alex Wolff,', 'Djimon Hounsou,', 'Cain Aiden,', 'Jennifer Woodward,', 'Elijah Ungvary,'], 'country': 'United States', 'description': 'Una mujer llamada Sam trata de sobrevivir a una invasión en la ciudad de Nueva York por criaturas alienígenas sedientas de sangre con oídos ultrasónicos. Tercera entrega de la saga.', 'director': 'Michael Sarnoski', 'duration': 99, 'genre': ['Terror', 'Ciencia ficción', 'Suspense'], 'image_url': 'https://i0.wp.com/www.themoviedb.org/t/p/w185/jGOi939xU8BDRfAAhN6eiTSf3H8.jpg', 'quality': 'HD', 'rating': 7.0, 'title': 'Un lugar tranquilo: Día uno', 'views': 56, 'year': '2024'}, {'actors': ['Jennifer Lopez,', 'Simu Liu,', 'Sterling K. Brown,', 'Gregory James Cohan,', 'Abraham Popoola,', 'Lana Parrilla,', 'Mark Strong,', 'Briella Guiza,', 'Adia Smith-Eriksson,', 'Logan Hunt,', 'Jared Shimabukuro,', 'Ashley J. Hicks,', 'Paul Ganus,', 'Zoe Boyle,', 'Howland Wilson,', 'Justin Walker White,', 'Michelangelo Hyeon,', 'Gloria Cole,', 'Vaughn Johseph,', 'Supreet Bedi,', 'Lorraine Tai,'], 'country': 'United States', 'description': 'Una brillante analista antiterrorista recela de la IA hasta que descubre que podría ser su única esperanza cuando se tuerce una misión para atrapar a un robot rebelde.', 'director': 'Brad Peyton', 'duration': 120, 'genre': ['Ciencia ficción', 'Acción'], 'image_url': 'https://i0.wp.com/www.themoviedb.org/t/p/w185/wSnBSv7oHgm1kZmiM8IqithlTmJ.jpg', 'quality': 'HD', 'rating': 6.8, 'title': 'Atlas', 'views': 902, 'year': '2024'}, {'actors': ['Antonina Litwiniak,', 'Tomasz Kot,', 'Piotr Fronczewski,', 'Sebastian Stankiewicz,', 'Agnieszka Grochowska,', 'Danuta Stenka,', 'Daniel Walasek,', 'Konrad Repiński,', 'Igor Fernandez-Kowalczyk,', 'Apolonia Gałęska,', 'Daria Kalinchuk,', 'Amelia Lutyńska,', 'Enkhkhangaluun Byambadul,', 'Jan Makowski,', 'Jana Jachimek,', 'Liu Sitkowska,', 'Maria Al Tlfah,', 'Dima Al Tlfah,', 'Nikodem Adamski,', 'Julian Mrówczyński,', 'Adam Panikowski,'], 'country': 'Bulgaria', 'description': 'En busca de su padre, que ha desaparecido, una adolescente aparentemente normal acepta asistir a una universidad mágica dirigida por un profesor excéntrico, el Sr. Kleks.', 'director': 'Maciej Kawulski', 'duration': 130, 'genre': ['Fantasía', 'Aventura', 'Familia'], 'image_url': 'https://i0.wp.com/www.themoviedb.org/t/p/w185/3HoBhPg6T5st6K09QfZh4lGB0hz.jpg', 'quality': 'HD', 'rating': 6.0, 'title': 'La academia del Sr. Kleks', 'views': 45, 'year': '2024'}, {'actors': ['Christopher Sean,', 'Gedde Watanabe,', 'Tamlyn Tomita,', 'Keone Young,', 'Julia Harriman,', 'Rob Fukuzaki,', 'Frank Buckley,', 'François Chau,', 'Robert Yasumura,', 'Artt Butler,', 'Karen Yasumura,', 'Mayumi Yoshida,', "Mila O'Malley,", 'Bret Marnell,', 'Julia Kato,', 'Brittany Ishibashi,', 'Veronica Lapke,', 'Lee Shorten,', 'Jonathan Groff,', 'Masa Kanome,', 'Vic Chao,'], 'country': 'Japan', 'description': 'La historia sigue al exitoso jugador de béisbol llamado Ken Sato, quien regresa a Japón para asumir la identidad de Ultraman. Sin embargo, sus planes se trastocan cuando se enucnetra a un kaiju recién nacido a quien decide criar como su propio hijo. Sumado a este imprevisto, Sato deberá retomar la relación con su distanciado padre y lidiar con la Fuerza de Defensa Kaiju.', 'director': 'Shannon Tindle', 'duration': 116, 'genre': ['Animación', 'Ciencia ficción', 'Familia', 'Acción'], 'image_url': 'https://i0.wp.com/www.themoviedb.org/t/p/w185/2D7SsqU8VZOl838KR7q9pzljaLe.jpg', 'quality': 'HD', 'rating': 8.4, 'title': 'Ultraman: El Ascenso', 'views': 130, 'year': '2024'}, {'actors': ['Ayumu Murase,', 'Kaito Ishikawa,', 'Yuki Kaji,', '中村悠一,', '内山昂輝,', '日野聡,', '林勇,', 'Nobuhiko Okamoto,', '入野自由,', 'Yoshimasa Hosoya,', 'Soma Saito,', '増田俊樹,', 'Koutaro Nishiyama,', '立花慎之介,', '石井マーク,', '星野貴紀,', '横田成吾,', 'Ryuichi Sawada,', '池田恭祐,', '渡辺拓海,', '汐谷文康,'], 'country': 'Japan', 'description': 'El encuentro entre los equipos rivales de Karasuno y Nekoma hará que la tensión aumente, ya que ambos equipos están decididos a salir victoriosos en el campeonato nacional de voleibol. Primera película del proyecto en dos partes para el final de "Haikyu!".', 'director': 'Susumu Mitsunaka', 'duration': 85, 'genre': ['Animación', 'Drama'], 'image_url': 'https://i0.wp.com/www.themoviedb.org/t/p/w185/gFmY2GY2X71ErIlLbO1j9MqGn4J.jpg', 'quality': 'HD', 'rating': 7.4, 'title': 'Haikyu!! La batalla del basurero', 'views': 60, 'year': '2024'}, {'actors': ['Dakota Fanning,', 'Georgina Campbell,', 'Olwen Fouéré,', 'Oliver Finnegan,', 'Siobhan Hewlett,', 'Alistair Brammer,', 'Hannah Howland,', 'Charles Camrose,', 'Kya Brame,', 'Anthony Morris,', "Shane O'Regan,", 'Cara Steele,', 'Shannon Antonia,', 'Kofi De Graft Jordan,', 'Diarmuid de Faoite,', 'Ann Marie Horan,', 'Seán T. Ó Meallaigh,', 'Jacob Greenway,', 'Jim Tighe,', 'Andrea Bechis,', 'Hannah Dargan,'], 'country': 'United States', 'description': 'Sigue a Mina, una artista de 28 años que queda varada en un bosque en el oeste de Irlanda. Cuando Mina encuentra refugio, sin saberlo, queda atrapada junto a tres extraños que son observados y acechados por misteriosas criaturas cada noche.', 'director': 'Ishana Night Shyamalan', 'duration': 102, 'genre': ['Terror', 'Misterio', 'Fantasía'], 'image_url': 'https://i0.wp.com/www.themoviedb.org/t/p/w185/13G0wKhucGWiERNloOicAuzQIyd.jpg', 'quality': 'HD', 'rating': 6.2, 'title': 'Los vigilantes', 'views': 184, 'year': '2024'}, {'actors': ['Harriet Slater,', 'Adain Bradley,', 'Avantika,', 'Jacob Batalon,', 'Humberly González,', 'Wolfgang Novogratz,', 'Larsen Thompson,', 'Olwen Fouéré,', 'Sunčica Milanović,', 'Alan Wells,', 'Joss Carter,', 'James Swanton,', 'Staša Nikolić,', 'Anna Halberg,', 'Cavin Cornwall,', 'Lucy Ridley,', 'Felix Leech,', 'Vahidin Prelić,', 'Dunja Pavlović,', 'Višnja Obradović,'], 'country': 'United States', 'description': 'Un grupo de amigos de la universidad comienzan a morir de maneras relacionadas con su fortuna después de que les lean los horóscopos.', 'director': 'Spenser Cohen', 'duration': 92, 'genre': ['Terror'], 'image_url': 'https://i0.wp.com/www.themoviedb.org/t/p/w185/Adh7xmtgSIUGZBaMj9VLTmq2G8z.jpg', 'quality': 'HD', 'rating': 6.6, 'title': 'Tarot', 'views': 596, 'year': '2024'}, {'actors': ['Jessica Córes,', 'Bruno Gagliasso,', 'Gabz,', 'Christian Malheiros,', 'Nill Marcondes,', 'Guta Ruiz,', 'Miguel Nader,', 'Márcio Fecher,', 'Nicole Cordery,', 'Emilly Nayara,', 'Miguel Falabella,', 'Klebber Toledo,', 'Paulo Vilhena,', 'Danton Mello,', 'Erika Januza,', 'Kagga Jayson,', 'Luana Tanaka,'], 'country': 'Brazil', 'description': 'Dos hermanas compiten en salto de longitud en un futuro distópico en el que las prótesis robóticas han redefinido el deporte. Su rivalidad las lleva por un siniestro camino.', 'director': 'Afonso Poyart', 'duration': 110, 'genre': ['Ciencia ficción', 'Acción', 'Aventura'], 'image_url': 'https://i0.wp.com/www.themoviedb.org/t/p/w185/ns9Tr9fda1YuPK2k6BqwqmEOkgl.jpg', 'quality': 'HD', 'rating': 5.5, 'title': 'Biónicos', 'views': 90, 'year': '2024'}, {'actors': ['Chris Pratt,', 'Samuel L. Jackson,', 'Hannah Waddingham,', 'Ving Rhames,', 'Nicholas Hoult,', 'Cecily Strong,', 'Harvey Guillén,', 'Brett Goldstein,', 'Bowen Yang,', 'Snoop Dogg,', 'Janelle James,', 'Angus Cloud,', 'Jeff Foxworthy,', 'Eugenia Caruso,', 'Luke Cinque-White,', 'Dev Joshi,', 'Chana Keefer,', 'Mark Keefer,', 'Edward VL Montgomery,', 'Mark Dindal,', 'Cameron Bernard Jones,'], 'country': 'Hong Kong', 'description': 'El mundialmente famoso Garfield, el gato casero que odia los lunes y que adora la lasaña, está a punto de vivir una aventura ¡en el salvaje mundo exterior! Tras una inesperada reunión con su largamente perdido padre – el desaliñado gato callejero Vic – Garfield y su amigo canino Odie se ven forzados a abandonar sus perfectas y consentidas vidas al unirse a Vic en un hilarante y muy arriesgado atraco.', 'director': 'Mark Dindal', 'duration': 101, 'genre': ['Animación', 'Comedia', 'Familia', 'Aventura'], 'image_url': 'https://i0.wp.com/www.themoviedb.org/t/p/w185/6QR2FOCQr41gSduN70WulRIhJb7.jpg', 'quality': 'HD', 'rating': 6.7, 'title': 'Garfield: la película', 'views': 192, 'year': '2024'}, {'actors': ['Molly Kunz,', 'Michael X. Sommers,', 'Colleen Camp,', 'Stefanie Estes,', 'Claire Saunders,', 'William Ford-Conway,', 'Evyn Flanders,'], 'country': 'United States', 'description': 'Lily Pierce is sick of being haunted. She decides to reconnect with her estranged father, a disgraced history professor, and learn how to draw upon a time of steel and blade when armor-clad knights rode out and dueled their monsters to the death.', 'director': 'Gordon Shoemaker Foxwood', 'duration': 99, 'genre': ['Terror', 'Fantasía', 'Drama', 'Misterio', 'Suspense'], 'image_url': 'https://i0.wp.com/www.themoviedb.org/t/p/w185/nJMNvYZ21bMdB2Pq0qCk88jnQc6.jpg', 'quality': 'HD', 'rating': 4.6, 'title': 'Wild Eyed and Wicked', 'views': 11, 'year': '2024'}, {'actors': ['Bill Skarsgård,', 'Jessica Rothe,', 'H. Jon Benjamin,', 'Michelle Dockery,', 'Brett Gelman,', 'Sharlto Copley,', 'Andrew Koji,', 'Isaiah Mustafa,', 'Famke Janssen,', 'Quinn Copeland,', 'Cameron Crovetti,', 'Nicholas Crovetti,', 'Yayan Ruhian,', 'Dorothy Ann Gould,', 'Jane de Wet,', 'Inge Beckmann,', 'Martin Munro,', 'Pierre Nelson,', 'Natalia Aleksandrowa,', 'Shane John Kruger,', 'François Chau,'], 'country': 'United States', 'description': 'Boy (Bill Skarsgård) es un joven que deberá enfrentarse a la desquiciada matriarca de una corrupta dinastía postapocalíptica que lo dejó huérfano, sordo y sin voz. Tras vivir una trágica infancia, un enigmático chamán (Yayan Ruhian) le convertirá en un instrumento de venganza y lo soltará en su lejana distopía en vísperas de la matanza anual de disidentes. Intentando encontrar su lugar, Boy se unirá a un grupo de resistencia a la vez que mantendrá intensas discusiones con el fantasma de su rebelde hermana pequeña.', 'director': 'Moritz Mohr', 'duration': 110, 'genre': ['Acción', 'Suspense', 'Crimen', 'Ciencia ficción'], 'image_url': 'https://i0.wp.com/www.themoviedb.org/t/p/w185/hgYhI7bzV3IVh4aUzfFi1C1j2sW.jpg', 'quality': 'HD', 'rating': 6.8, 'title': 'Boy Kills World', 'views': 320, 'year': '2024'}]
[2024-06-28T16:30:43.544-0400] {taskinstance.py:441} INFO - ::group::Post task execution logs
[2024-06-28T16:30:43.576-0400] {taskinstance.py:1206} INFO - Marking task as SUCCESS. dag_id=api_cuevana3_movie, task_id=transform_with_spark, run_id=scheduled__2024-06-27T00:01:00+00:00, execution_date=20240627T000100, start_date=20240628T203022, end_date=20240628T203043
[2024-06-28T16:30:43.693-0400] {local_task_job_runner.py:240} INFO - Task exited with return code 0
[2024-06-28T16:30:43.740-0400] {taskinstance.py:3503} INFO - 1 downstream tasks scheduled from follow-on schedule check
[2024-06-28T16:30:43.776-0400] {local_task_job_runner.py:222} INFO - ::endgroup::
