[2024-07-01T20:02:21.590-0400] {local_task_job_runner.py:120} INFO - ::group::Pre task execution logs
[2024-07-01T20:02:21.624-0400] {taskinstance.py:2076} INFO - Dependencies all met for dep_context=non-requeueable deps ti=<TaskInstance: api_cuevana3_movie.execute_post_url_fastapi scheduled__2024-07-01T06:00:00+00:00 [queued]>
[2024-07-01T20:02:21.640-0400] {taskinstance.py:2076} INFO - Dependencies all met for dep_context=requeueable deps ti=<TaskInstance: api_cuevana3_movie.execute_post_url_fastapi scheduled__2024-07-01T06:00:00+00:00 [queued]>
[2024-07-01T20:02:21.640-0400] {taskinstance.py:2306} INFO - Starting attempt 1 of 1
[2024-07-01T20:02:21.705-0400] {taskinstance.py:2330} INFO - Executing <Task(PythonOperator): execute_post_url_fastapi> on 2024-07-01 06:00:00+00:00
[2024-07-01T20:02:21.715-0400] {standard_task_runner.py:63} INFO - Started process 412734 to run task
[2024-07-01T20:02:21.718-0400] {standard_task_runner.py:90} INFO - Running: ['airflow', 'tasks', 'run', 'api_cuevana3_movie', 'execute_post_url_fastapi', 'scheduled__2024-07-01T06:00:00+00:00', '--job-id', '705', '--raw', '--subdir', 'DAGS_FOLDER/movie_recommend.py', '--cfg-path', '/tmp/tmpsw8u209z']
[2024-07-01T20:02:21.720-0400] {standard_task_runner.py:91} INFO - Job 705: Subtask execute_post_url_fastapi
[2024-07-01T20:02:21.828-0400] {task_command.py:426} INFO - Running <TaskInstance: api_cuevana3_movie.execute_post_url_fastapi scheduled__2024-07-01T06:00:00+00:00 [running]> on host walter-VirtualBox
[2024-07-01T20:02:21.963-0400] {taskinstance.py:2648} INFO - Exporting env vars: AIRFLOW_CTX_DAG_OWNER='airflow' AIRFLOW_CTX_DAG_ID='api_cuevana3_movie' AIRFLOW_CTX_TASK_ID='execute_post_url_fastapi' AIRFLOW_CTX_EXECUTION_DATE='2024-07-01T06:00:00+00:00' AIRFLOW_CTX_TRY_NUMBER='1' AIRFLOW_CTX_DAG_RUN_ID='scheduled__2024-07-01T06:00:00+00:00'
[2024-07-01T20:02:21.964-0400] {taskinstance.py:430} INFO - ::endgroup::
[2024-07-01T20:02:24.250-0400] {logging_mixin.py:188} INFO - Scraping URL did not find any new URLs
[2024-07-01T20:02:24.252-0400] {python.py:237} INFO - Done. Returned value was: None
[2024-07-01T20:02:24.252-0400] {taskinstance.py:441} INFO - ::group::Post task execution logs
[2024-07-01T20:02:24.259-0400] {taskinstance.py:1206} INFO - Marking task as SUCCESS. dag_id=api_cuevana3_movie, task_id=execute_post_url_fastapi, run_id=scheduled__2024-07-01T06:00:00+00:00, execution_date=20240701T060000, start_date=20240702T000221, end_date=20240702T000224
[2024-07-01T20:02:24.311-0400] {local_task_job_runner.py:240} INFO - Task exited with return code 0
[2024-07-01T20:02:24.370-0400] {taskinstance.py:3503} INFO - 3 downstream tasks scheduled from follow-on schedule check
[2024-07-01T20:02:24.403-0400] {local_task_job_runner.py:222} INFO - ::endgroup::
[2024-07-01T21:18:16.773-0400] {local_task_job_runner.py:120} INFO - ::group::Pre task execution logs
[2024-07-01T21:18:16.788-0400] {taskinstance.py:2076} INFO - Dependencies all met for dep_context=non-requeueable deps ti=<TaskInstance: api_cuevana3_movie.execute_post_url_fastapi scheduled__2024-07-01T06:00:00+00:00 [queued]>
[2024-07-01T21:18:16.795-0400] {taskinstance.py:2076} INFO - Dependencies all met for dep_context=requeueable deps ti=<TaskInstance: api_cuevana3_movie.execute_post_url_fastapi scheduled__2024-07-01T06:00:00+00:00 [queued]>
[2024-07-01T21:18:16.795-0400] {taskinstance.py:2306} INFO - Starting attempt 1 of 1
[2024-07-01T21:18:16.828-0400] {taskinstance.py:2330} INFO - Executing <Task(PythonOperator): execute_post_url_fastapi> on 2024-07-01 06:00:00+00:00
[2024-07-01T21:18:16.834-0400] {standard_task_runner.py:63} INFO - Started process 429265 to run task
[2024-07-01T21:18:16.837-0400] {standard_task_runner.py:90} INFO - Running: ['airflow', 'tasks', 'run', 'api_cuevana3_movie', 'execute_post_url_fastapi', 'scheduled__2024-07-01T06:00:00+00:00', '--job-id', '769', '--raw', '--subdir', 'DAGS_FOLDER/movie_recommend.py', '--cfg-path', '/tmp/tmpe9a0e8ju']
[2024-07-01T21:18:16.839-0400] {standard_task_runner.py:91} INFO - Job 769: Subtask execute_post_url_fastapi
[2024-07-01T21:18:16.906-0400] {task_command.py:426} INFO - Running <TaskInstance: api_cuevana3_movie.execute_post_url_fastapi scheduled__2024-07-01T06:00:00+00:00 [running]> on host walter-VirtualBox
[2024-07-01T21:18:17.082-0400] {taskinstance.py:2648} INFO - Exporting env vars: AIRFLOW_CTX_DAG_OWNER='airflow' AIRFLOW_CTX_DAG_ID='api_cuevana3_movie' AIRFLOW_CTX_TASK_ID='execute_post_url_fastapi' AIRFLOW_CTX_EXECUTION_DATE='2024-07-01T06:00:00+00:00' AIRFLOW_CTX_TRY_NUMBER='1' AIRFLOW_CTX_DAG_RUN_ID='scheduled__2024-07-01T06:00:00+00:00'
[2024-07-01T21:18:17.083-0400] {taskinstance.py:430} INFO - ::endgroup::
[2024-07-01T21:18:19.382-0400] {logging_mixin.py:188} INFO - Scraping URL did not find any new URLs
[2024-07-01T21:18:19.383-0400] {python.py:237} INFO - Done. Returned value was: None
[2024-07-01T21:18:19.384-0400] {taskinstance.py:441} INFO - ::group::Post task execution logs
[2024-07-01T21:18:19.398-0400] {taskinstance.py:1206} INFO - Marking task as SUCCESS. dag_id=api_cuevana3_movie, task_id=execute_post_url_fastapi, run_id=scheduled__2024-07-01T06:00:00+00:00, execution_date=20240701T060000, start_date=20240702T011816, end_date=20240702T011819
[2024-07-01T21:18:19.467-0400] {local_task_job_runner.py:240} INFO - Task exited with return code 0
[2024-07-01T21:18:19.532-0400] {taskinstance.py:3503} INFO - 3 downstream tasks scheduled from follow-on schedule check
[2024-07-01T21:18:19.553-0400] {local_task_job_runner.py:222} INFO - ::endgroup::
[2024-07-01T23:08:44.473-0400] {local_task_job_runner.py:120} INFO - ::group::Pre task execution logs
[2024-07-01T23:08:44.488-0400] {taskinstance.py:2076} INFO - Dependencies all met for dep_context=non-requeueable deps ti=<TaskInstance: api_cuevana3_movie.execute_post_url_fastapi scheduled__2024-07-01T06:00:00+00:00 [queued]>
[2024-07-01T23:08:44.495-0400] {taskinstance.py:2076} INFO - Dependencies all met for dep_context=requeueable deps ti=<TaskInstance: api_cuevana3_movie.execute_post_url_fastapi scheduled__2024-07-01T06:00:00+00:00 [queued]>
[2024-07-01T23:08:44.495-0400] {taskinstance.py:2306} INFO - Starting attempt 1 of 1
[2024-07-01T23:08:44.513-0400] {taskinstance.py:2330} INFO - Executing <Task(PythonOperator): execute_post_url_fastapi> on 2024-07-01 06:00:00+00:00
[2024-07-01T23:08:44.518-0400] {standard_task_runner.py:63} INFO - Started process 446165 to run task
[2024-07-01T23:08:44.523-0400] {standard_task_runner.py:90} INFO - Running: ['airflow', 'tasks', 'run', 'api_cuevana3_movie', 'execute_post_url_fastapi', 'scheduled__2024-07-01T06:00:00+00:00', '--job-id', '826', '--raw', '--subdir', 'DAGS_FOLDER/movie_recommend.py', '--cfg-path', '/tmp/tmp_n0mdawz']
[2024-07-01T23:08:44.525-0400] {standard_task_runner.py:91} INFO - Job 826: Subtask execute_post_url_fastapi
[2024-07-01T23:08:44.587-0400] {task_command.py:426} INFO - Running <TaskInstance: api_cuevana3_movie.execute_post_url_fastapi scheduled__2024-07-01T06:00:00+00:00 [running]> on host walter-VirtualBox
[2024-07-01T23:08:44.670-0400] {taskinstance.py:2648} INFO - Exporting env vars: AIRFLOW_CTX_DAG_OWNER='airflow' AIRFLOW_CTX_DAG_ID='api_cuevana3_movie' AIRFLOW_CTX_TASK_ID='execute_post_url_fastapi' AIRFLOW_CTX_EXECUTION_DATE='2024-07-01T06:00:00+00:00' AIRFLOW_CTX_TRY_NUMBER='1' AIRFLOW_CTX_DAG_RUN_ID='scheduled__2024-07-01T06:00:00+00:00'
[2024-07-01T23:08:44.670-0400] {taskinstance.py:430} INFO - ::endgroup::
[2024-07-01T23:08:46.715-0400] {logging_mixin.py:188} INFO - Scraping URL did not find any new URLs
[2024-07-01T23:08:46.716-0400] {python.py:237} INFO - Done. Returned value was: None
[2024-07-01T23:08:46.717-0400] {taskinstance.py:441} INFO - ::group::Post task execution logs
[2024-07-01T23:08:46.743-0400] {taskinstance.py:1206} INFO - Marking task as SUCCESS. dag_id=api_cuevana3_movie, task_id=execute_post_url_fastapi, run_id=scheduled__2024-07-01T06:00:00+00:00, execution_date=20240701T060000, start_date=20240702T030844, end_date=20240702T030846
[2024-07-01T23:08:46.824-0400] {local_task_job_runner.py:240} INFO - Task exited with return code 0
[2024-07-01T23:08:46.855-0400] {taskinstance.py:3503} INFO - 3 downstream tasks scheduled from follow-on schedule check
[2024-07-01T23:08:46.862-0400] {local_task_job_runner.py:222} INFO - ::endgroup::
