[2024-07-01T20:14:38.324-0400] {local_task_job_runner.py:120} INFO - ::group::Pre task execution logs
[2024-07-01T20:14:38.350-0400] {taskinstance.py:2076} INFO - Dependencies all met for dep_context=non-requeueable deps ti=<TaskInstance: api_cuevana3_movie.insert_into_mysql scheduled__2024-07-01T09:00:00+00:00 [queued]>
[2024-07-01T20:14:38.362-0400] {taskinstance.py:2076} INFO - Dependencies all met for dep_context=requeueable deps ti=<TaskInstance: api_cuevana3_movie.insert_into_mysql scheduled__2024-07-01T09:00:00+00:00 [queued]>
[2024-07-01T20:14:38.364-0400] {taskinstance.py:2306} INFO - Starting attempt 1 of 1
[2024-07-01T20:14:38.422-0400] {taskinstance.py:2330} INFO - Executing <Task(PythonOperator): insert_into_mysql> on 2024-07-01 09:00:00+00:00
[2024-07-01T20:14:38.429-0400] {standard_task_runner.py:63} INFO - Started process 414772 to run task
[2024-07-01T20:14:38.437-0400] {standard_task_runner.py:90} INFO - Running: ['airflow', 'tasks', 'run', 'api_cuevana3_movie', 'insert_into_mysql', 'scheduled__2024-07-01T09:00:00+00:00', '--job-id', '718', '--raw', '--subdir', 'DAGS_FOLDER/movie_recommend.py', '--cfg-path', '/tmp/tmpxxa751j5']
[2024-07-01T20:14:38.439-0400] {standard_task_runner.py:91} INFO - Job 718: Subtask insert_into_mysql
[2024-07-01T20:14:38.509-0400] {task_command.py:426} INFO - Running <TaskInstance: api_cuevana3_movie.insert_into_mysql scheduled__2024-07-01T09:00:00+00:00 [running]> on host walter-VirtualBox
[2024-07-01T20:14:38.664-0400] {taskinstance.py:2648} INFO - Exporting env vars: AIRFLOW_CTX_DAG_OWNER='airflow' AIRFLOW_CTX_DAG_ID='api_cuevana3_movie' AIRFLOW_CTX_TASK_ID='insert_into_mysql' AIRFLOW_CTX_EXECUTION_DATE='2024-07-01T09:00:00+00:00' AIRFLOW_CTX_TRY_NUMBER='1' AIRFLOW_CTX_DAG_RUN_ID='scheduled__2024-07-01T09:00:00+00:00'
[2024-07-01T20:14:38.666-0400] {taskinstance.py:430} INFO - ::endgroup::
[2024-07-01T20:14:38.721-0400] {logging_mixin.py:188} INFO - No se pudo obtener el JSON de datos de la pelicula
[2024-07-01T20:14:38.722-0400] {python.py:237} INFO - Done. Returned value was: None
[2024-07-01T20:14:38.722-0400] {taskinstance.py:441} INFO - ::group::Post task execution logs
[2024-07-01T20:14:38.733-0400] {taskinstance.py:1206} INFO - Marking task as SUCCESS. dag_id=api_cuevana3_movie, task_id=insert_into_mysql, run_id=scheduled__2024-07-01T09:00:00+00:00, execution_date=20240701T090000, start_date=20240702T001438, end_date=20240702T001438
[2024-07-01T20:14:38.801-0400] {local_task_job_runner.py:240} INFO - Task exited with return code 0
[2024-07-01T20:14:38.820-0400] {taskinstance.py:3503} INFO - 0 downstream tasks scheduled from follow-on schedule check
[2024-07-01T20:14:38.821-0400] {local_task_job_runner.py:222} INFO - ::endgroup::
[2024-07-01T23:15:29.526-0400] {local_task_job_runner.py:120} INFO - ::group::Pre task execution logs
[2024-07-01T23:15:29.538-0400] {taskinstance.py:2076} INFO - Dependencies all met for dep_context=non-requeueable deps ti=<TaskInstance: api_cuevana3_movie.insert_into_mysql scheduled__2024-07-01T09:00:00+00:00 [queued]>
[2024-07-01T23:15:29.542-0400] {taskinstance.py:2076} INFO - Dependencies all met for dep_context=requeueable deps ti=<TaskInstance: api_cuevana3_movie.insert_into_mysql scheduled__2024-07-01T09:00:00+00:00 [queued]>
[2024-07-01T23:15:29.543-0400] {taskinstance.py:2306} INFO - Starting attempt 1 of 1
[2024-07-01T23:15:29.560-0400] {taskinstance.py:2330} INFO - Executing <Task(PythonOperator): insert_into_mysql> on 2024-07-01 09:00:00+00:00
[2024-07-01T23:15:29.566-0400] {standard_task_runner.py:63} INFO - Started process 449125 to run task
[2024-07-01T23:15:29.568-0400] {standard_task_runner.py:90} INFO - Running: ['airflow', 'tasks', 'run', 'api_cuevana3_movie', 'insert_into_mysql', 'scheduled__2024-07-01T09:00:00+00:00', '--job-id', '849', '--raw', '--subdir', 'DAGS_FOLDER/movie_recommend.py', '--cfg-path', '/tmp/tmp2rv5myes']
[2024-07-01T23:15:29.569-0400] {standard_task_runner.py:91} INFO - Job 849: Subtask insert_into_mysql
[2024-07-01T23:15:29.601-0400] {task_command.py:426} INFO - Running <TaskInstance: api_cuevana3_movie.insert_into_mysql scheduled__2024-07-01T09:00:00+00:00 [running]> on host walter-VirtualBox
[2024-07-01T23:15:29.667-0400] {taskinstance.py:2648} INFO - Exporting env vars: AIRFLOW_CTX_DAG_OWNER='airflow' AIRFLOW_CTX_DAG_ID='api_cuevana3_movie' AIRFLOW_CTX_TASK_ID='insert_into_mysql' AIRFLOW_CTX_EXECUTION_DATE='2024-07-01T09:00:00+00:00' AIRFLOW_CTX_TRY_NUMBER='1' AIRFLOW_CTX_DAG_RUN_ID='scheduled__2024-07-01T09:00:00+00:00'
[2024-07-01T23:15:29.668-0400] {taskinstance.py:430} INFO - ::endgroup::
[2024-07-01T23:15:29.738-0400] {python.py:237} INFO - Done. Returned value was: None
[2024-07-01T23:15:29.741-0400] {taskinstance.py:441} INFO - ::group::Post task execution logs
[2024-07-01T23:15:29.747-0400] {taskinstance.py:1206} INFO - Marking task as SUCCESS. dag_id=api_cuevana3_movie, task_id=insert_into_mysql, run_id=scheduled__2024-07-01T09:00:00+00:00, execution_date=20240701T090000, start_date=20240702T031529, end_date=20240702T031529
[2024-07-01T23:15:29.793-0400] {local_task_job_runner.py:240} INFO - Task exited with return code 0
[2024-07-01T23:15:29.818-0400] {taskinstance.py:3503} INFO - 1 downstream tasks scheduled from follow-on schedule check
[2024-07-01T23:15:29.824-0400] {local_task_job_runner.py:222} INFO - ::endgroup::
