[2024-07-01T20:07:00.305-0400] {local_task_job_runner.py:120} INFO - ::group::Pre task execution logs
[2024-07-01T20:07:00.358-0400] {taskinstance.py:2076} INFO - Dependencies all met for dep_context=non-requeueable deps ti=<TaskInstance: api_cuevana3_movie.insert_into_mysql scheduled__2024-07-01T07:00:00+00:00 [queued]>
[2024-07-01T20:07:00.370-0400] {taskinstance.py:2076} INFO - Dependencies all met for dep_context=requeueable deps ti=<TaskInstance: api_cuevana3_movie.insert_into_mysql scheduled__2024-07-01T07:00:00+00:00 [queued]>
[2024-07-01T20:07:00.371-0400] {taskinstance.py:2306} INFO - Starting attempt 1 of 1
[2024-07-01T20:07:00.417-0400] {taskinstance.py:2330} INFO - Executing <Task(PythonOperator): insert_into_mysql> on 2024-07-01 07:00:00+00:00
[2024-07-01T20:07:00.427-0400] {standard_task_runner.py:63} INFO - Started process 413644 to run task
[2024-07-01T20:07:00.431-0400] {standard_task_runner.py:90} INFO - Running: ['airflow', 'tasks', 'run', 'api_cuevana3_movie', 'insert_into_mysql', 'scheduled__2024-07-01T07:00:00+00:00', '--job-id', '713', '--raw', '--subdir', 'DAGS_FOLDER/movie_recommend.py', '--cfg-path', '/tmp/tmpe_6rcuie']
[2024-07-01T20:07:00.433-0400] {standard_task_runner.py:91} INFO - Job 713: Subtask insert_into_mysql
[2024-07-01T20:07:00.492-0400] {task_command.py:426} INFO - Running <TaskInstance: api_cuevana3_movie.insert_into_mysql scheduled__2024-07-01T07:00:00+00:00 [running]> on host walter-VirtualBox
[2024-07-01T20:07:00.583-0400] {taskinstance.py:2648} INFO - Exporting env vars: AIRFLOW_CTX_DAG_OWNER='airflow' AIRFLOW_CTX_DAG_ID='api_cuevana3_movie' AIRFLOW_CTX_TASK_ID='insert_into_mysql' AIRFLOW_CTX_EXECUTION_DATE='2024-07-01T07:00:00+00:00' AIRFLOW_CTX_TRY_NUMBER='1' AIRFLOW_CTX_DAG_RUN_ID='scheduled__2024-07-01T07:00:00+00:00'
[2024-07-01T20:07:00.584-0400] {taskinstance.py:430} INFO - ::endgroup::
[2024-07-01T20:07:00.601-0400] {logging_mixin.py:188} INFO - No se pudo obtener el JSON de datos de la pelicula
[2024-07-01T20:07:00.601-0400] {python.py:237} INFO - Done. Returned value was: None
[2024-07-01T20:07:00.602-0400] {taskinstance.py:441} INFO - ::group::Post task execution logs
[2024-07-01T20:07:00.605-0400] {taskinstance.py:1206} INFO - Marking task as SUCCESS. dag_id=api_cuevana3_movie, task_id=insert_into_mysql, run_id=scheduled__2024-07-01T07:00:00+00:00, execution_date=20240701T070000, start_date=20240702T000700, end_date=20240702T000700
[2024-07-01T20:07:00.657-0400] {local_task_job_runner.py:240} INFO - Task exited with return code 0
[2024-07-01T20:07:00.692-0400] {taskinstance.py:3503} INFO - 0 downstream tasks scheduled from follow-on schedule check
[2024-07-01T20:07:00.694-0400] {local_task_job_runner.py:222} INFO - ::endgroup::
[2024-07-01T23:12:54.057-0400] {local_task_job_runner.py:120} INFO - ::group::Pre task execution logs
[2024-07-01T23:12:54.076-0400] {taskinstance.py:2076} INFO - Dependencies all met for dep_context=non-requeueable deps ti=<TaskInstance: api_cuevana3_movie.insert_into_mysql scheduled__2024-07-01T07:00:00+00:00 [queued]>
[2024-07-01T23:12:54.081-0400] {taskinstance.py:2076} INFO - Dependencies all met for dep_context=requeueable deps ti=<TaskInstance: api_cuevana3_movie.insert_into_mysql scheduled__2024-07-01T07:00:00+00:00 [queued]>
[2024-07-01T23:12:54.082-0400] {taskinstance.py:2306} INFO - Starting attempt 1 of 1
[2024-07-01T23:12:54.103-0400] {taskinstance.py:2330} INFO - Executing <Task(PythonOperator): insert_into_mysql> on 2024-07-01 07:00:00+00:00
[2024-07-01T23:12:54.109-0400] {standard_task_runner.py:63} INFO - Started process 447968 to run task
[2024-07-01T23:12:54.111-0400] {standard_task_runner.py:90} INFO - Running: ['airflow', 'tasks', 'run', 'api_cuevana3_movie', 'insert_into_mysql', 'scheduled__2024-07-01T07:00:00+00:00', '--job-id', '839', '--raw', '--subdir', 'DAGS_FOLDER/movie_recommend.py', '--cfg-path', '/tmp/tmpiaoaknoz']
[2024-07-01T23:12:54.113-0400] {standard_task_runner.py:91} INFO - Job 839: Subtask insert_into_mysql
[2024-07-01T23:12:54.163-0400] {task_command.py:426} INFO - Running <TaskInstance: api_cuevana3_movie.insert_into_mysql scheduled__2024-07-01T07:00:00+00:00 [running]> on host walter-VirtualBox
[2024-07-01T23:12:54.239-0400] {taskinstance.py:2648} INFO - Exporting env vars: AIRFLOW_CTX_DAG_OWNER='airflow' AIRFLOW_CTX_DAG_ID='api_cuevana3_movie' AIRFLOW_CTX_TASK_ID='insert_into_mysql' AIRFLOW_CTX_EXECUTION_DATE='2024-07-01T07:00:00+00:00' AIRFLOW_CTX_TRY_NUMBER='1' AIRFLOW_CTX_DAG_RUN_ID='scheduled__2024-07-01T07:00:00+00:00'
[2024-07-01T23:12:54.240-0400] {taskinstance.py:430} INFO - ::endgroup::
[2024-07-01T23:12:54.347-0400] {python.py:237} INFO - Done. Returned value was: None
[2024-07-01T23:12:54.348-0400] {taskinstance.py:441} INFO - ::group::Post task execution logs
[2024-07-01T23:12:54.352-0400] {taskinstance.py:1206} INFO - Marking task as SUCCESS. dag_id=api_cuevana3_movie, task_id=insert_into_mysql, run_id=scheduled__2024-07-01T07:00:00+00:00, execution_date=20240701T070000, start_date=20240702T031254, end_date=20240702T031254
[2024-07-01T23:12:54.417-0400] {local_task_job_runner.py:240} INFO - Task exited with return code 0
[2024-07-01T23:12:54.432-0400] {taskinstance.py:3503} INFO - 1 downstream tasks scheduled from follow-on schedule check
[2024-07-01T23:12:54.443-0400] {local_task_job_runner.py:222} INFO - ::endgroup::
