[2024-07-01T20:14:47.701-0400] {local_task_job_runner.py:120} INFO - ::group::Pre task execution logs
[2024-07-01T20:14:47.728-0400] {taskinstance.py:2076} INFO - Dependencies all met for dep_context=non-requeueable deps ti=<TaskInstance: api_cuevana3_movie.transform_with_spark scheduled__2024-07-01T10:00:00+00:00 [queued]>
[2024-07-01T20:14:47.734-0400] {taskinstance.py:2076} INFO - Dependencies all met for dep_context=requeueable deps ti=<TaskInstance: api_cuevana3_movie.transform_with_spark scheduled__2024-07-01T10:00:00+00:00 [queued]>
[2024-07-01T20:14:47.734-0400] {taskinstance.py:2306} INFO - Starting attempt 1 of 1
[2024-07-01T20:14:47.763-0400] {taskinstance.py:2330} INFO - Executing <Task(PythonOperator): transform_with_spark> on 2024-07-01 10:00:00+00:00
[2024-07-01T20:14:47.774-0400] {standard_task_runner.py:63} INFO - Started process 414832 to run task
[2024-07-01T20:14:47.776-0400] {standard_task_runner.py:90} INFO - Running: ['airflow', 'tasks', 'run', 'api_cuevana3_movie', 'transform_with_spark', 'scheduled__2024-07-01T10:00:00+00:00', '--job-id', '721', '--raw', '--subdir', 'DAGS_FOLDER/movie_recommend.py', '--cfg-path', '/tmp/tmpl9ap9u3l']
[2024-07-01T20:14:47.782-0400] {standard_task_runner.py:91} INFO - Job 721: Subtask transform_with_spark
[2024-07-01T20:14:47.861-0400] {task_command.py:426} INFO - Running <TaskInstance: api_cuevana3_movie.transform_with_spark scheduled__2024-07-01T10:00:00+00:00 [running]> on host walter-VirtualBox
[2024-07-01T20:14:47.970-0400] {taskinstance.py:2648} INFO - Exporting env vars: AIRFLOW_CTX_DAG_OWNER='airflow' AIRFLOW_CTX_DAG_ID='api_cuevana3_movie' AIRFLOW_CTX_TASK_ID='transform_with_spark' AIRFLOW_CTX_EXECUTION_DATE='2024-07-01T10:00:00+00:00' AIRFLOW_CTX_TRY_NUMBER='1' AIRFLOW_CTX_DAG_RUN_ID='scheduled__2024-07-01T10:00:00+00:00'
[2024-07-01T20:14:47.971-0400] {taskinstance.py:430} INFO - ::endgroup::
[2024-07-01T20:14:47.983-0400] {logging_mixin.py:188} INFO - No se pudo obtener el JSON de datos de la pelicula
[2024-07-01T20:14:47.984-0400] {python.py:237} INFO - Done. Returned value was: None
[2024-07-01T20:14:47.984-0400] {taskinstance.py:441} INFO - ::group::Post task execution logs
[2024-07-01T20:14:47.987-0400] {taskinstance.py:1206} INFO - Marking task as SUCCESS. dag_id=api_cuevana3_movie, task_id=transform_with_spark, run_id=scheduled__2024-07-01T10:00:00+00:00, execution_date=20240701T100000, start_date=20240702T001447, end_date=20240702T001447
[2024-07-01T20:14:48.044-0400] {local_task_job_runner.py:240} INFO - Task exited with return code 0
[2024-07-01T20:14:48.057-0400] {taskinstance.py:3503} INFO - 0 downstream tasks scheduled from follow-on schedule check
[2024-07-01T20:14:48.058-0400] {local_task_job_runner.py:222} INFO - ::endgroup::
[2024-07-01T23:16:33.772-0400] {local_task_job_runner.py:120} INFO - ::group::Pre task execution logs
[2024-07-01T23:16:33.785-0400] {taskinstance.py:2076} INFO - Dependencies all met for dep_context=non-requeueable deps ti=<TaskInstance: api_cuevana3_movie.transform_with_spark scheduled__2024-07-01T10:00:00+00:00 [queued]>
[2024-07-01T23:16:33.789-0400] {taskinstance.py:2076} INFO - Dependencies all met for dep_context=requeueable deps ti=<TaskInstance: api_cuevana3_movie.transform_with_spark scheduled__2024-07-01T10:00:00+00:00 [queued]>
[2024-07-01T23:16:33.790-0400] {taskinstance.py:2306} INFO - Starting attempt 1 of 1
[2024-07-01T23:16:33.805-0400] {taskinstance.py:2330} INFO - Executing <Task(PythonOperator): transform_with_spark> on 2024-07-01 10:00:00+00:00
[2024-07-01T23:16:33.811-0400] {standard_task_runner.py:63} INFO - Started process 449459 to run task
[2024-07-01T23:16:33.816-0400] {standard_task_runner.py:90} INFO - Running: ['airflow', 'tasks', 'run', 'api_cuevana3_movie', 'transform_with_spark', 'scheduled__2024-07-01T10:00:00+00:00', '--job-id', '853', '--raw', '--subdir', 'DAGS_FOLDER/movie_recommend.py', '--cfg-path', '/tmp/tmp1me81xov']
[2024-07-01T23:16:33.818-0400] {standard_task_runner.py:91} INFO - Job 853: Subtask transform_with_spark
[2024-07-01T23:16:33.855-0400] {task_command.py:426} INFO - Running <TaskInstance: api_cuevana3_movie.transform_with_spark scheduled__2024-07-01T10:00:00+00:00 [running]> on host walter-VirtualBox
[2024-07-01T23:16:33.935-0400] {taskinstance.py:2648} INFO - Exporting env vars: AIRFLOW_CTX_DAG_OWNER='airflow' AIRFLOW_CTX_DAG_ID='api_cuevana3_movie' AIRFLOW_CTX_TASK_ID='transform_with_spark' AIRFLOW_CTX_EXECUTION_DATE='2024-07-01T10:00:00+00:00' AIRFLOW_CTX_TRY_NUMBER='1' AIRFLOW_CTX_DAG_RUN_ID='scheduled__2024-07-01T10:00:00+00:00'
[2024-07-01T23:16:33.935-0400] {taskinstance.py:430} INFO - ::endgroup::
[2024-07-01T23:16:44.062-0400] {python.py:237} INFO - Done. Returned value was: [{'actors': ['Antonina Litwiniak,', 'Tomasz Kot,', 'Piotr Fronczewski,', 'Sebastian Stankiewicz,', 'Agnieszka Grochowska,', 'Danuta Stenka,', 'Daniel Walasek,', 'Konrad Repiński,', 'Igor Fernandez-Kowalczyk,', 'Apolonia Gałęska,', 'Daria Kalinchuk,', 'Amelia Lutyńska,', 'Enkhkhangaluun Byambadul,', 'Jan Makowski,', 'Jana Jachimek,', 'Liu Sitkowska,', 'Maria Al Tlfah,', 'Dima Al Tlfah,', 'Nikodem Adamski,', 'Julian Mrówczyński,', 'Adam Panikowski,'], 'country': 'Bulgaria', 'description': 'En busca de su padre, que ha desaparecido, una adolescente aparentemente normal acepta asistir a una universidad mágica dirigida por un profesor excéntrico, el Sr. Kleks.', 'director': 'Maciej Kawulski', 'duration': 130, 'genre': ['Fantasía', 'Aventura', 'Familia'], 'image_url': 'https://i0.wp.com/www.themoviedb.org/t/p/w185/3HoBhPg6T5st6K09QfZh4lGB0hz.jpg', 'quality': 'HD', 'rating': 6.1, 'title': 'La academia del Sr. Kleks', 'views': 50, 'year': '2024'}]
[2024-07-01T23:16:44.062-0400] {taskinstance.py:441} INFO - ::group::Post task execution logs
[2024-07-01T23:16:44.109-0400] {taskinstance.py:1206} INFO - Marking task as SUCCESS. dag_id=api_cuevana3_movie, task_id=transform_with_spark, run_id=scheduled__2024-07-01T10:00:00+00:00, execution_date=20240701T100000, start_date=20240702T031633, end_date=20240702T031644
[2024-07-01T23:16:44.220-0400] {local_task_job_runner.py:240} INFO - Task exited with return code 0
[2024-07-01T23:16:44.246-0400] {taskinstance.py:3503} INFO - 0 downstream tasks scheduled from follow-on schedule check
[2024-07-01T23:16:44.247-0400] {local_task_job_runner.py:222} INFO - ::endgroup::
