[2024-06-27T21:36:25.314-0400] {local_task_job_runner.py:120} INFO - ::group::Pre task execution logs
[2024-06-27T21:36:25.336-0400] {taskinstance.py:2076} INFO - Dependencies all met for dep_context=non-requeueable deps ti=<TaskInstance: api_cuevana3_movie.transform_with_spark scheduled__2024-06-27T00:05:00+00:00 [queued]>
[2024-06-27T21:36:25.341-0400] {taskinstance.py:2076} INFO - Dependencies all met for dep_context=requeueable deps ti=<TaskInstance: api_cuevana3_movie.transform_with_spark scheduled__2024-06-27T00:05:00+00:00 [queued]>
[2024-06-27T21:36:25.341-0400] {taskinstance.py:2306} INFO - Starting attempt 1 of 1
[2024-06-27T21:36:25.383-0400] {taskinstance.py:2330} INFO - Executing <Task(PythonOperator): transform_with_spark> on 2024-06-27 00:05:00+00:00
[2024-06-27T21:36:25.395-0400] {standard_task_runner.py:63} INFO - Started process 218253 to run task
[2024-06-27T21:36:25.397-0400] {standard_task_runner.py:90} INFO - Running: ['airflow', 'tasks', 'run', 'api_cuevana3_movie', 'transform_with_spark', 'scheduled__2024-06-27T00:05:00+00:00', '--job-id', '324', '--raw', '--subdir', 'DAGS_FOLDER/movie_recommend.py', '--cfg-path', '/tmp/tmpqoi4lsur']
[2024-06-27T21:36:25.401-0400] {standard_task_runner.py:91} INFO - Job 324: Subtask transform_with_spark
[2024-06-27T21:36:25.458-0400] {task_command.py:426} INFO - Running <TaskInstance: api_cuevana3_movie.transform_with_spark scheduled__2024-06-27T00:05:00+00:00 [running]> on host walter-VirtualBox
[2024-06-27T21:36:25.579-0400] {taskinstance.py:2648} INFO - Exporting env vars: AIRFLOW_CTX_DAG_OWNER='airflow' AIRFLOW_CTX_DAG_ID='api_cuevana3_movie' AIRFLOW_CTX_TASK_ID='transform_with_spark' AIRFLOW_CTX_EXECUTION_DATE='2024-06-27T00:05:00+00:00' AIRFLOW_CTX_TRY_NUMBER='1' AIRFLOW_CTX_DAG_RUN_ID='scheduled__2024-06-27T00:05:00+00:00'
[2024-06-27T21:36:25.580-0400] {taskinstance.py:430} INFO - ::endgroup::
[2024-06-27T21:36:52.878-0400] {logging_mixin.py:188} INFO - Error al transformar datos con Spark: 
  An exception was thrown from the Python worker. Please see the stack trace below.
Traceback (most recent call last):
  File "/home/walter/Descargas/spark/python/lib/pyspark.zip/pyspark/worker.py", line 1247, in main
    process()
  File "/home/walter/Descargas/spark/python/lib/pyspark.zip/pyspark/worker.py", line 1239, in process
    serializer.dump_stream(out_iter, outfile)
  File "/home/walter/Descargas/spark/python/lib/pyspark.zip/pyspark/serializers.py", line 225, in dump_stream
    self.serializer.dump_stream(self._batched(iterator), stream)
  File "/home/walter/Descargas/spark/python/lib/pyspark.zip/pyspark/serializers.py", line 146, in dump_stream
    for obj in iterator:
  File "/home/walter/Descargas/spark/python/lib/pyspark.zip/pyspark/serializers.py", line 214, in _batched
    for item in iterator:
  File "/home/walter/Descargas/spark/python/lib/pyspark.zip/pyspark/worker.py", line 1070, in mapper
    result = tuple(f(*[a[o] for o in arg_offsets]) for (arg_offsets, f) in udfs)
             ^^^^^^^^^^^^^^^^^^^^^^^^^^^^^^^^^^^^^^^^^^^^^^^^^^^^^^^^^^^^^^^^^^^
  File "/home/walter/Descargas/spark/python/lib/pyspark.zip/pyspark/worker.py", line 1070, in <genexpr>
    result = tuple(f(*[a[o] for o in arg_offsets]) for (arg_offsets, f) in udfs)
                   ^^^^^^^^^^^^^^^^^^^^^^^^^^^^^^^
  File "/home/walter/Descargas/spark/python/lib/pyspark.zip/pyspark/worker.py", line 106, in <lambda>
    return lambda *a: f(*a)
                      ^^^^^
  File "/home/walter/Descargas/spark/python/lib/pyspark.zip/pyspark/util.py", line 83, in wrapper
    return f(*args, **kwargs)
           ^^^^^^^^^^^^^^^^^^
TypeError: transform_with_spark.<locals>.clean_description() takes 0 positional arguments but 1 was given
[2024-06-27T21:36:52.928-0400] {python.py:237} INFO - Done. Returned value was: None
[2024-06-27T21:36:52.932-0400] {taskinstance.py:441} INFO - ::group::Post task execution logs
[2024-06-27T21:36:52.985-0400] {taskinstance.py:1206} INFO - Marking task as SUCCESS. dag_id=api_cuevana3_movie, task_id=transform_with_spark, run_id=scheduled__2024-06-27T00:05:00+00:00, execution_date=20240627T000500, start_date=20240628T013625, end_date=20240628T013652
[2024-06-27T21:36:53.278-0400] {local_task_job_runner.py:240} INFO - Task exited with return code 0
[2024-06-27T21:36:53.311-0400] {taskinstance.py:3503} INFO - 0 downstream tasks scheduled from follow-on schedule check
[2024-06-27T21:36:53.321-0400] {local_task_job_runner.py:222} INFO - ::endgroup::
[2024-06-28T10:30:46.852-0400] {local_task_job_runner.py:120} INFO - ::group::Pre task execution logs
[2024-06-28T10:30:46.880-0400] {taskinstance.py:2076} INFO - Dependencies all met for dep_context=non-requeueable deps ti=<TaskInstance: api_cuevana3_movie.transform_with_spark scheduled__2024-06-27T00:05:00+00:00 [queued]>
[2024-06-28T10:30:46.893-0400] {taskinstance.py:2076} INFO - Dependencies all met for dep_context=requeueable deps ti=<TaskInstance: api_cuevana3_movie.transform_with_spark scheduled__2024-06-27T00:05:00+00:00 [queued]>
[2024-06-28T10:30:46.894-0400] {taskinstance.py:2306} INFO - Starting attempt 1 of 1
[2024-06-28T10:30:46.923-0400] {taskinstance.py:2330} INFO - Executing <Task(PythonOperator): transform_with_spark> on 2024-06-27 00:05:00+00:00
[2024-06-28T10:30:46.944-0400] {standard_task_runner.py:63} INFO - Started process 233839 to run task
[2024-06-28T10:30:46.949-0400] {standard_task_runner.py:90} INFO - Running: ['airflow', 'tasks', 'run', 'api_cuevana3_movie', 'transform_with_spark', 'scheduled__2024-06-27T00:05:00+00:00', '--job-id', '419', '--raw', '--subdir', 'DAGS_FOLDER/movie_recommend.py', '--cfg-path', '/tmp/tmp_me32dc4']
[2024-06-28T10:30:46.952-0400] {standard_task_runner.py:91} INFO - Job 419: Subtask transform_with_spark
[2024-06-28T10:30:47.061-0400] {task_command.py:426} INFO - Running <TaskInstance: api_cuevana3_movie.transform_with_spark scheduled__2024-06-27T00:05:00+00:00 [running]> on host walter-VirtualBox
[2024-06-28T10:30:47.238-0400] {taskinstance.py:2648} INFO - Exporting env vars: AIRFLOW_CTX_DAG_OWNER='airflow' AIRFLOW_CTX_DAG_ID='api_cuevana3_movie' AIRFLOW_CTX_TASK_ID='transform_with_spark' AIRFLOW_CTX_EXECUTION_DATE='2024-06-27T00:05:00+00:00' AIRFLOW_CTX_TRY_NUMBER='1' AIRFLOW_CTX_DAG_RUN_ID='scheduled__2024-06-27T00:05:00+00:00'
[2024-06-28T10:30:47.241-0400] {taskinstance.py:430} INFO - ::endgroup::
[2024-06-28T10:31:04.055-0400] {python.py:237} INFO - Done. Returned value was: {'actors': ['Amy Poehler,', 'Maya Hawke,', 'Kensington Tallman,', 'Liza Lapira,', 'Phyllis Smith,', 'Lewis Black,', 'Tony Hale,', 'Ayo Edebiri,', 'Adèle Exarchopoulos,', 'Lilimar,', 'Grace Lu,', 'Sumayyah Nuriddin-Green,', 'Diane Lane,', 'Kyle MacLachlan,', 'Paul Walter Hauser,', 'Yvette Nicole Brown,', 'Ron Funches,', 'James Austin Johnson,', 'Yong Yea,', 'Steve Purcell,', 'Dave Goelz,'], 'country': 'United States', 'description': 'Vuelve a la mente de Riley, quien acaba de convertirse en adolescente, en el momento en que la Central se enfrenta a una reforma para hacer sitio a algo completamente inesperado: ¡nuevas Emociones! Alegría, Tristeza, Ira, Miedo y Asco, que llevan muchos años al mando de una operación exitosa, no saben muy bien qué sentir cuando aparece Ansiedad, que además no ha llegado sola. Se ha traído a Vergüenza, Envidia y Ennui.', 'director': 'Kelsey Mann', 'duration': 97, 'genre': ['Animación', 'Familia', 'Aventura', 'Comedia'], 'image_url': 'https://i0.wp.com/www.themoviedb.org/t/p/w185/2PuAY3xSvbchQWqpSiXw08Yt0NP.jpg', 'quality': 'HD', 'rating': 7.7, 'title': 'Del revés 2 (Inside Out 2)', 'views': 979, 'year': '2024'}
[2024-06-28T10:31:04.057-0400] {taskinstance.py:441} INFO - ::group::Post task execution logs
[2024-06-28T10:31:04.083-0400] {taskinstance.py:1206} INFO - Marking task as SUCCESS. dag_id=api_cuevana3_movie, task_id=transform_with_spark, run_id=scheduled__2024-06-27T00:05:00+00:00, execution_date=20240627T000500, start_date=20240628T143046, end_date=20240628T143104
[2024-06-28T10:31:04.166-0400] {local_task_job_runner.py:240} INFO - Task exited with return code 0
[2024-06-28T10:31:04.210-0400] {taskinstance.py:3503} INFO - 1 downstream tasks scheduled from follow-on schedule check
[2024-06-28T10:31:04.224-0400] {local_task_job_runner.py:222} INFO - ::endgroup::
[2024-06-28T11:08:21.752-0400] {local_task_job_runner.py:120} INFO - ::group::Pre task execution logs
[2024-06-28T11:08:21.768-0400] {taskinstance.py:2076} INFO - Dependencies all met for dep_context=non-requeueable deps ti=<TaskInstance: api_cuevana3_movie.transform_with_spark scheduled__2024-06-27T00:05:00+00:00 [queued]>
[2024-06-28T11:08:21.773-0400] {taskinstance.py:2076} INFO - Dependencies all met for dep_context=requeueable deps ti=<TaskInstance: api_cuevana3_movie.transform_with_spark scheduled__2024-06-27T00:05:00+00:00 [queued]>
[2024-06-28T11:08:21.774-0400] {taskinstance.py:2306} INFO - Starting attempt 1 of 1
[2024-06-28T11:08:21.794-0400] {taskinstance.py:2330} INFO - Executing <Task(PythonOperator): transform_with_spark> on 2024-06-27 00:05:00+00:00
[2024-06-28T11:08:21.801-0400] {standard_task_runner.py:63} INFO - Started process 239345 to run task
[2024-06-28T11:08:21.808-0400] {standard_task_runner.py:90} INFO - Running: ['airflow', 'tasks', 'run', 'api_cuevana3_movie', 'transform_with_spark', 'scheduled__2024-06-27T00:05:00+00:00', '--job-id', '499', '--raw', '--subdir', 'DAGS_FOLDER/movie_recommend.py', '--cfg-path', '/tmp/tmpvjy99hjs']
[2024-06-28T11:08:21.811-0400] {standard_task_runner.py:91} INFO - Job 499: Subtask transform_with_spark
[2024-06-28T11:08:21.894-0400] {task_command.py:426} INFO - Running <TaskInstance: api_cuevana3_movie.transform_with_spark scheduled__2024-06-27T00:05:00+00:00 [running]> on host walter-VirtualBox
[2024-06-28T11:08:22.057-0400] {taskinstance.py:2648} INFO - Exporting env vars: AIRFLOW_CTX_DAG_OWNER='airflow' AIRFLOW_CTX_DAG_ID='api_cuevana3_movie' AIRFLOW_CTX_TASK_ID='transform_with_spark' AIRFLOW_CTX_EXECUTION_DATE='2024-06-27T00:05:00+00:00' AIRFLOW_CTX_TRY_NUMBER='1' AIRFLOW_CTX_DAG_RUN_ID='scheduled__2024-06-27T00:05:00+00:00'
[2024-06-28T11:08:22.060-0400] {taskinstance.py:430} INFO - ::endgroup::
[2024-06-28T11:08:38.577-0400] {python.py:237} INFO - Done. Returned value was: {'actors': ['Amy Poehler,', 'Maya Hawke,', 'Kensington Tallman,', 'Liza Lapira,', 'Phyllis Smith,', 'Lewis Black,', 'Tony Hale,', 'Ayo Edebiri,', 'Adèle Exarchopoulos,', 'Lilimar,', 'Grace Lu,', 'Sumayyah Nuriddin-Green,', 'Diane Lane,', 'Kyle MacLachlan,', 'Paul Walter Hauser,', 'Yvette Nicole Brown,', 'Ron Funches,', 'James Austin Johnson,', 'Yong Yea,', 'Steve Purcell,', 'Dave Goelz,'], 'country': 'United States', 'description': 'Vuelve a la mente de Riley, quien acaba de convertirse en adolescente, en el momento en que la Central se enfrenta a una reforma para hacer sitio a algo completamente inesperado: ¡nuevas Emociones! Alegría, Tristeza, Ira, Miedo y Asco, que llevan muchos años al mando de una operación exitosa, no saben muy bien qué sentir cuando aparece Ansiedad, que además no ha llegado sola. Se ha traído a Vergüenza, Envidia y Ennui.', 'director': 'Kelsey Mann', 'duration': 97, 'genre': ['Animación', 'Familia', 'Aventura', 'Comedia'], 'image_url': 'https://i0.wp.com/www.themoviedb.org/t/p/w185/2PuAY3xSvbchQWqpSiXw08Yt0NP.jpg', 'quality': 'HD', 'rating': 7.7, 'title': 'Del revés 2 (Inside Out 2)', 'views': 979, 'year': '2024'}
[2024-06-28T11:08:38.578-0400] {taskinstance.py:441} INFO - ::group::Post task execution logs
[2024-06-28T11:08:38.606-0400] {taskinstance.py:1206} INFO - Marking task as SUCCESS. dag_id=api_cuevana3_movie, task_id=transform_with_spark, run_id=scheduled__2024-06-27T00:05:00+00:00, execution_date=20240627T000500, start_date=20240628T150821, end_date=20240628T150838
[2024-06-28T11:08:38.699-0400] {local_task_job_runner.py:240} INFO - Task exited with return code 0
[2024-06-28T11:08:38.726-0400] {taskinstance.py:3503} INFO - 1 downstream tasks scheduled from follow-on schedule check
[2024-06-28T11:08:38.746-0400] {local_task_job_runner.py:222} INFO - ::endgroup::
[2024-06-28T11:24:28.241-0400] {local_task_job_runner.py:120} INFO - ::group::Pre task execution logs
[2024-06-28T11:24:28.286-0400] {taskinstance.py:2076} INFO - Dependencies all met for dep_context=non-requeueable deps ti=<TaskInstance: api_cuevana3_movie.transform_with_spark scheduled__2024-06-27T00:05:00+00:00 [queued]>
[2024-06-28T11:24:28.314-0400] {taskinstance.py:2076} INFO - Dependencies all met for dep_context=requeueable deps ti=<TaskInstance: api_cuevana3_movie.transform_with_spark scheduled__2024-06-27T00:05:00+00:00 [queued]>
[2024-06-28T11:24:28.315-0400] {taskinstance.py:2306} INFO - Starting attempt 1 of 1
[2024-06-28T11:24:28.439-0400] {taskinstance.py:2330} INFO - Executing <Task(PythonOperator): transform_with_spark> on 2024-06-27 00:05:00+00:00
[2024-06-28T11:24:28.458-0400] {standard_task_runner.py:63} INFO - Started process 243171 to run task
[2024-06-28T11:24:28.462-0400] {standard_task_runner.py:90} INFO - Running: ['airflow', 'tasks', 'run', 'api_cuevana3_movie', 'transform_with_spark', 'scheduled__2024-06-27T00:05:00+00:00', '--job-id', '549', '--raw', '--subdir', 'DAGS_FOLDER/movie_recommend.py', '--cfg-path', '/tmp/tmpy8mzollf']
[2024-06-28T11:24:28.465-0400] {standard_task_runner.py:91} INFO - Job 549: Subtask transform_with_spark
[2024-06-28T11:24:28.637-0400] {task_command.py:426} INFO - Running <TaskInstance: api_cuevana3_movie.transform_with_spark scheduled__2024-06-27T00:05:00+00:00 [running]> on host walter-VirtualBox
[2024-06-28T11:24:28.825-0400] {taskinstance.py:2648} INFO - Exporting env vars: AIRFLOW_CTX_DAG_OWNER='airflow' AIRFLOW_CTX_DAG_ID='api_cuevana3_movie' AIRFLOW_CTX_TASK_ID='transform_with_spark' AIRFLOW_CTX_EXECUTION_DATE='2024-06-27T00:05:00+00:00' AIRFLOW_CTX_TRY_NUMBER='1' AIRFLOW_CTX_DAG_RUN_ID='scheduled__2024-06-27T00:05:00+00:00'
[2024-06-28T11:24:28.826-0400] {taskinstance.py:430} INFO - ::endgroup::
[2024-06-28T11:24:51.728-0400] {python.py:237} INFO - Done. Returned value was: {'actors': ['Amy Poehler,', 'Maya Hawke,', 'Kensington Tallman,', 'Liza Lapira,', 'Phyllis Smith,', 'Lewis Black,', 'Tony Hale,', 'Ayo Edebiri,', 'Adèle Exarchopoulos,', 'Lilimar,', 'Grace Lu,', 'Sumayyah Nuriddin-Green,', 'Diane Lane,', 'Kyle MacLachlan,', 'Paul Walter Hauser,', 'Yvette Nicole Brown,', 'Ron Funches,', 'James Austin Johnson,', 'Yong Yea,', 'Steve Purcell,', 'Dave Goelz,'], 'country': 'United States', 'description': 'Vuelve a la mente de Riley, quien acaba de convertirse en adolescente, en el momento en que la Central se enfrenta a una reforma para hacer sitio a algo completamente inesperado: ¡nuevas Emociones! Alegría, Tristeza, Ira, Miedo y Asco, que llevan muchos años al mando de una operación exitosa, no saben muy bien qué sentir cuando aparece Ansiedad, que además no ha llegado sola. Se ha traído a Vergüenza, Envidia y Ennui.', 'director': 'Kelsey Mann', 'duration': 97, 'genre': ['Animación', 'Familia', 'Aventura', 'Comedia'], 'image_url': 'https://i0.wp.com/www.themoviedb.org/t/p/w185/2PuAY3xSvbchQWqpSiXw08Yt0NP.jpg', 'quality': 'HD', 'rating': 7.7, 'title': 'Del revés 2 (Inside Out 2)', 'views': 979, 'year': '2024'}
[2024-06-28T11:24:51.729-0400] {taskinstance.py:441} INFO - ::group::Post task execution logs
[2024-06-28T11:24:51.780-0400] {taskinstance.py:1206} INFO - Marking task as SUCCESS. dag_id=api_cuevana3_movie, task_id=transform_with_spark, run_id=scheduled__2024-06-27T00:05:00+00:00, execution_date=20240627T000500, start_date=20240628T152428, end_date=20240628T152451
[2024-06-28T11:24:51.840-0400] {local_task_job_runner.py:240} INFO - Task exited with return code 0
[2024-06-28T11:24:51.909-0400] {taskinstance.py:3503} INFO - 1 downstream tasks scheduled from follow-on schedule check
[2024-06-28T11:24:51.923-0400] {local_task_job_runner.py:222} INFO - ::endgroup::
