[2024-07-01T11:06:18.865-0400] {local_task_job_runner.py:120} INFO - ::group::Pre task execution logs
[2024-07-01T11:06:18.888-0400] {taskinstance.py:2076} INFO - Dependencies all met for dep_context=non-requeueable deps ti=<TaskInstance: api_cuevana3_movie.transform_with_spark scheduled__2024-07-01T02:00:00+00:00 [queued]>
[2024-07-01T11:06:18.892-0400] {taskinstance.py:2076} INFO - Dependencies all met for dep_context=requeueable deps ti=<TaskInstance: api_cuevana3_movie.transform_with_spark scheduled__2024-07-01T02:00:00+00:00 [queued]>
[2024-07-01T11:06:18.893-0400] {taskinstance.py:2306} INFO - Starting attempt 1 of 1
[2024-07-01T11:06:18.917-0400] {taskinstance.py:2330} INFO - Executing <Task(PythonOperator): transform_with_spark> on 2024-07-01 02:00:00+00:00
[2024-07-01T11:06:18.922-0400] {standard_task_runner.py:63} INFO - Started process 381790 to run task
[2024-07-01T11:06:18.925-0400] {standard_task_runner.py:90} INFO - Running: ['airflow', 'tasks', 'run', 'api_cuevana3_movie', 'transform_with_spark', 'scheduled__2024-07-01T02:00:00+00:00', '--job-id', '654', '--raw', '--subdir', 'DAGS_FOLDER/movie_recommend.py', '--cfg-path', '/tmp/tmp76wvdonn']
[2024-07-01T11:06:18.927-0400] {standard_task_runner.py:91} INFO - Job 654: Subtask transform_with_spark
[2024-07-01T11:06:18.974-0400] {task_command.py:426} INFO - Running <TaskInstance: api_cuevana3_movie.transform_with_spark scheduled__2024-07-01T02:00:00+00:00 [running]> on host walter-VirtualBox
[2024-07-01T11:06:19.095-0400] {taskinstance.py:2648} INFO - Exporting env vars: AIRFLOW_CTX_DAG_OWNER='airflow' AIRFLOW_CTX_DAG_ID='api_cuevana3_movie' AIRFLOW_CTX_TASK_ID='transform_with_spark' AIRFLOW_CTX_EXECUTION_DATE='2024-07-01T02:00:00+00:00' AIRFLOW_CTX_TRY_NUMBER='1' AIRFLOW_CTX_DAG_RUN_ID='scheduled__2024-07-01T02:00:00+00:00'
[2024-07-01T11:06:19.098-0400] {taskinstance.py:430} INFO - ::endgroup::
[2024-07-01T11:06:19.192-0400] {logging_mixin.py:188} INFO - No se pudo obtener el JSON de datos de la pelicula
[2024-07-01T11:06:19.192-0400] {python.py:237} INFO - Done. Returned value was: None
[2024-07-01T11:06:19.192-0400] {taskinstance.py:441} INFO - ::group::Post task execution logs
[2024-07-01T11:06:19.196-0400] {taskinstance.py:1206} INFO - Marking task as SUCCESS. dag_id=api_cuevana3_movie, task_id=transform_with_spark, run_id=scheduled__2024-07-01T02:00:00+00:00, execution_date=20240701T020000, start_date=20240701T150618, end_date=20240701T150619
[2024-07-01T11:06:19.236-0400] {local_task_job_runner.py:240} INFO - Task exited with return code 0
[2024-07-01T11:06:19.258-0400] {taskinstance.py:3503} INFO - 0 downstream tasks scheduled from follow-on schedule check
[2024-07-01T11:06:19.259-0400] {local_task_job_runner.py:222} INFO - ::endgroup::
[2024-07-01T21:25:11.225-0400] {local_task_job_runner.py:120} INFO - ::group::Pre task execution logs
[2024-07-01T21:25:11.248-0400] {taskinstance.py:2076} INFO - Dependencies all met for dep_context=non-requeueable deps ti=<TaskInstance: api_cuevana3_movie.transform_with_spark scheduled__2024-07-01T02:00:00+00:00 [queued]>
[2024-07-01T21:25:11.253-0400] {taskinstance.py:2076} INFO - Dependencies all met for dep_context=requeueable deps ti=<TaskInstance: api_cuevana3_movie.transform_with_spark scheduled__2024-07-01T02:00:00+00:00 [queued]>
[2024-07-01T21:25:11.254-0400] {taskinstance.py:2306} INFO - Starting attempt 1 of 1
[2024-07-01T21:25:11.282-0400] {taskinstance.py:2330} INFO - Executing <Task(PythonOperator): transform_with_spark> on 2024-07-01 02:00:00+00:00
[2024-07-01T21:25:11.291-0400] {standard_task_runner.py:63} INFO - Started process 430968 to run task
[2024-07-01T21:25:11.296-0400] {standard_task_runner.py:90} INFO - Running: ['airflow', 'tasks', 'run', 'api_cuevana3_movie', 'transform_with_spark', 'scheduled__2024-07-01T02:00:00+00:00', '--job-id', '783', '--raw', '--subdir', 'DAGS_FOLDER/movie_recommend.py', '--cfg-path', '/tmp/tmpkfaj9h6p']
[2024-07-01T21:25:11.301-0400] {standard_task_runner.py:91} INFO - Job 783: Subtask transform_with_spark
[2024-07-01T21:25:11.387-0400] {task_command.py:426} INFO - Running <TaskInstance: api_cuevana3_movie.transform_with_spark scheduled__2024-07-01T02:00:00+00:00 [running]> on host walter-VirtualBox
[2024-07-01T21:25:11.507-0400] {taskinstance.py:2648} INFO - Exporting env vars: AIRFLOW_CTX_DAG_OWNER='airflow' AIRFLOW_CTX_DAG_ID='api_cuevana3_movie' AIRFLOW_CTX_TASK_ID='transform_with_spark' AIRFLOW_CTX_EXECUTION_DATE='2024-07-01T02:00:00+00:00' AIRFLOW_CTX_TRY_NUMBER='1' AIRFLOW_CTX_DAG_RUN_ID='scheduled__2024-07-01T02:00:00+00:00'
[2024-07-01T21:25:11.508-0400] {taskinstance.py:430} INFO - ::endgroup::
[2024-07-01T21:25:11.534-0400] {logging_mixin.py:188} INFO - No se pudo obtener el JSON de datos de la pelicula
[2024-07-01T21:25:11.536-0400] {python.py:237} INFO - Done. Returned value was: None
[2024-07-01T21:25:11.536-0400] {taskinstance.py:441} INFO - ::group::Post task execution logs
[2024-07-01T21:25:11.543-0400] {taskinstance.py:1206} INFO - Marking task as SUCCESS. dag_id=api_cuevana3_movie, task_id=transform_with_spark, run_id=scheduled__2024-07-01T02:00:00+00:00, execution_date=20240701T020000, start_date=20240702T012511, end_date=20240702T012511
[2024-07-01T21:25:11.614-0400] {local_task_job_runner.py:240} INFO - Task exited with return code 0
[2024-07-01T21:25:11.633-0400] {taskinstance.py:3503} INFO - 0 downstream tasks scheduled from follow-on schedule check
[2024-07-01T21:25:11.634-0400] {local_task_job_runner.py:222} INFO - ::endgroup::
[2024-07-01T23:03:04.523-0400] {local_task_job_runner.py:120} INFO - ::group::Pre task execution logs
[2024-07-01T23:03:04.548-0400] {taskinstance.py:2076} INFO - Dependencies all met for dep_context=non-requeueable deps ti=<TaskInstance: api_cuevana3_movie.transform_with_spark scheduled__2024-07-01T02:00:00+00:00 [queued]>
[2024-07-01T23:03:04.553-0400] {taskinstance.py:2076} INFO - Dependencies all met for dep_context=requeueable deps ti=<TaskInstance: api_cuevana3_movie.transform_with_spark scheduled__2024-07-01T02:00:00+00:00 [queued]>
[2024-07-01T23:03:04.554-0400] {taskinstance.py:2306} INFO - Starting attempt 1 of 1
[2024-07-01T23:03:04.579-0400] {taskinstance.py:2330} INFO - Executing <Task(PythonOperator): transform_with_spark> on 2024-07-01 02:00:00+00:00
[2024-07-01T23:03:04.588-0400] {standard_task_runner.py:63} INFO - Started process 444525 to run task
[2024-07-01T23:03:04.590-0400] {standard_task_runner.py:90} INFO - Running: ['airflow', 'tasks', 'run', 'api_cuevana3_movie', 'transform_with_spark', 'scheduled__2024-07-01T02:00:00+00:00', '--job-id', '813', '--raw', '--subdir', 'DAGS_FOLDER/movie_recommend.py', '--cfg-path', '/tmp/tmp4lepw67m']
[2024-07-01T23:03:04.592-0400] {standard_task_runner.py:91} INFO - Job 813: Subtask transform_with_spark
[2024-07-01T23:03:04.677-0400] {task_command.py:426} INFO - Running <TaskInstance: api_cuevana3_movie.transform_with_spark scheduled__2024-07-01T02:00:00+00:00 [running]> on host walter-VirtualBox
[2024-07-01T23:03:04.801-0400] {taskinstance.py:2648} INFO - Exporting env vars: AIRFLOW_CTX_DAG_OWNER='airflow' AIRFLOW_CTX_DAG_ID='api_cuevana3_movie' AIRFLOW_CTX_TASK_ID='transform_with_spark' AIRFLOW_CTX_EXECUTION_DATE='2024-07-01T02:00:00+00:00' AIRFLOW_CTX_TRY_NUMBER='1' AIRFLOW_CTX_DAG_RUN_ID='scheduled__2024-07-01T02:00:00+00:00'
[2024-07-01T23:03:04.802-0400] {taskinstance.py:430} INFO - ::endgroup::
[2024-07-01T23:03:30.037-0400] {python.py:237} INFO - Done. Returned value was: [{'actors': ['Steve Carell,', 'Kristen Wiig,', 'Will Ferrell,', 'Sofía Vergara,', 'Joey King,', 'Stephen Colbert,', 'Chloe Fineman,', 'Miranda Cosgrove,', 'Dana Gaier,', 'Madison Polan,', 'Pierre Coffin,', 'Steve Coogan,', 'Chris Renaud,', 'Jason Segel,', 'Benjamin Bratt,', 'Trey Parker,', 'Sandra Bullock,', 'Jon Hamm,', 'Taraji P. Henson,', 'Russell Brand,'], 'country': 'United States', 'description': "Gru, Lucy y las niñas -Margo, Edith y Agnes- dan la bienvenida a un nuevo miembro en la familia: Gru Junior, que parece llegar con el propósito de ser un suplicio para su padre. Gru tendrá que enfrentarse en esta ocasión a su nueva némesis Maxime Le Mal y su sofisticada y malévola novia Valentina, lo que obligará a la familia a tener que darse a la fuga. Cuarta entrega de 'Gru, mi villano favorito'.", 'director': 'Chris Renaud', 'duration': 95, 'genre': ['Animación', 'Familia', 'Comedia', 'Acción'], 'image_url': 'https://i0.wp.com/www.themoviedb.org/t/p/w185/6BcxgP05jDip4Zjh2P5Be2aNi0Z.jpg', 'quality': 'HD', 'rating': 8.6, 'title': 'Gru 4. Mi villano favorito', 'views': 65, 'year': '2024'}]
[2024-07-01T23:03:30.047-0400] {taskinstance.py:441} INFO - ::group::Post task execution logs
[2024-07-01T23:03:30.177-0400] {taskinstance.py:1206} INFO - Marking task as SUCCESS. dag_id=api_cuevana3_movie, task_id=transform_with_spark, run_id=scheduled__2024-07-01T02:00:00+00:00, execution_date=20240701T020000, start_date=20240702T030304, end_date=20240702T030330
[2024-07-01T23:03:30.411-0400] {local_task_job_runner.py:240} INFO - Task exited with return code 0
[2024-07-01T23:03:30.500-0400] {taskinstance.py:3503} INFO - 0 downstream tasks scheduled from follow-on schedule check
[2024-07-01T23:03:30.502-0400] {local_task_job_runner.py:222} INFO - ::endgroup::
[2024-07-01T23:36:09.424-0400] {local_task_job_runner.py:120} INFO - ::group::Pre task execution logs
[2024-07-01T23:36:09.448-0400] {taskinstance.py:2076} INFO - Dependencies all met for dep_context=non-requeueable deps ti=<TaskInstance: api_cuevana3_movie.transform_with_spark scheduled__2024-07-01T02:00:00+00:00 [queued]>
[2024-07-01T23:36:09.463-0400] {taskinstance.py:2076} INFO - Dependencies all met for dep_context=requeueable deps ti=<TaskInstance: api_cuevana3_movie.transform_with_spark scheduled__2024-07-01T02:00:00+00:00 [queued]>
[2024-07-01T23:36:09.464-0400] {taskinstance.py:2306} INFO - Starting attempt 1 of 1
[2024-07-01T23:36:09.489-0400] {taskinstance.py:2330} INFO - Executing <Task(PythonOperator): transform_with_spark> on 2024-07-01 02:00:00+00:00
[2024-07-01T23:36:09.502-0400] {standard_task_runner.py:63} INFO - Started process 459359 to run task
[2024-07-01T23:36:09.506-0400] {standard_task_runner.py:90} INFO - Running: ['airflow', 'tasks', 'run', 'api_cuevana3_movie', 'transform_with_spark', 'scheduled__2024-07-01T02:00:00+00:00', '--job-id', '904', '--raw', '--subdir', 'DAGS_FOLDER/movie_recommend.py', '--cfg-path', '/tmp/tmp0ahv3lcz']
[2024-07-01T23:36:09.511-0400] {standard_task_runner.py:91} INFO - Job 904: Subtask transform_with_spark
[2024-07-01T23:36:09.623-0400] {task_command.py:426} INFO - Running <TaskInstance: api_cuevana3_movie.transform_with_spark scheduled__2024-07-01T02:00:00+00:00 [running]> on host walter-VirtualBox
[2024-07-01T23:36:09.756-0400] {taskinstance.py:2648} INFO - Exporting env vars: AIRFLOW_CTX_DAG_OWNER='airflow' AIRFLOW_CTX_DAG_ID='api_cuevana3_movie' AIRFLOW_CTX_TASK_ID='transform_with_spark' AIRFLOW_CTX_EXECUTION_DATE='2024-07-01T02:00:00+00:00' AIRFLOW_CTX_TRY_NUMBER='1' AIRFLOW_CTX_DAG_RUN_ID='scheduled__2024-07-01T02:00:00+00:00'
[2024-07-01T23:36:09.757-0400] {taskinstance.py:430} INFO - ::endgroup::
[2024-07-01T23:36:39.783-0400] {python.py:237} INFO - Done. Returned value was: [{'actors': ['Steve Carell,', 'Kristen Wiig,', 'Will Ferrell,', 'Sofía Vergara,', 'Joey King,', 'Stephen Colbert,', 'Chloe Fineman,', 'Miranda Cosgrove,', 'Dana Gaier,', 'Madison Polan,', 'Pierre Coffin,', 'Steve Coogan,', 'Chris Renaud,', 'Jason Segel,', 'Benjamin Bratt,', 'Trey Parker,', 'Sandra Bullock,', 'Jon Hamm,', 'Taraji P. Henson,', 'Russell Brand,'], 'country': 'United States', 'description': "Gru, Lucy y las niñas -Margo, Edith y Agnes- dan la bienvenida a un nuevo miembro en la familia: Gru Junior, que parece llegar con el propósito de ser un suplicio para su padre. Gru tendrá que enfrentarse en esta ocasión a su nueva némesis Maxime Le Mal y su sofisticada y malévola novia Valentina, lo que obligará a la familia a tener que darse a la fuga. Cuarta entrega de 'Gru, mi villano favorito'.", 'director': 'Chris Renaud', 'duration': 95, 'genre': ['Animación', 'Familia', 'Comedia', 'Acción'], 'image_url': 'https://i0.wp.com/www.themoviedb.org/t/p/w185/6BcxgP05jDip4Zjh2P5Be2aNi0Z.jpg', 'quality': 'HD', 'rating': 8.6, 'title': 'Gru 4. Mi villano favorito', 'views': 65, 'year': '2024'}]
[2024-07-01T23:36:39.803-0400] {taskinstance.py:441} INFO - ::group::Post task execution logs
[2024-07-01T23:36:39.883-0400] {taskinstance.py:1206} INFO - Marking task as SUCCESS. dag_id=api_cuevana3_movie, task_id=transform_with_spark, run_id=scheduled__2024-07-01T02:00:00+00:00, execution_date=20240701T020000, start_date=20240702T033609, end_date=20240702T033639
[2024-07-01T23:36:40.047-0400] {local_task_job_runner.py:240} INFO - Task exited with return code 0
[2024-07-01T23:36:40.125-0400] {taskinstance.py:3503} INFO - 1 downstream tasks scheduled from follow-on schedule check
[2024-07-01T23:36:40.187-0400] {local_task_job_runner.py:222} INFO - ::endgroup::
