[2024-07-01T20:32:41.223-0400] {local_task_job_runner.py:120} INFO - ::group::Pre task execution logs
[2024-07-01T20:32:41.241-0400] {taskinstance.py:2076} INFO - Dependencies all met for dep_context=non-requeueable deps ti=<TaskInstance: api_cuevana3_movie.execute_post_url_fastapi scheduled__2024-07-01T17:00:00+00:00 [queued]>
[2024-07-01T20:32:41.246-0400] {taskinstance.py:2076} INFO - Dependencies all met for dep_context=requeueable deps ti=<TaskInstance: api_cuevana3_movie.execute_post_url_fastapi scheduled__2024-07-01T17:00:00+00:00 [queued]>
[2024-07-01T20:32:41.246-0400] {taskinstance.py:2306} INFO - Starting attempt 1 of 1
[2024-07-01T20:32:41.294-0400] {taskinstance.py:2330} INFO - Executing <Task(PythonOperator): execute_post_url_fastapi> on 2024-07-01 17:00:00+00:00
[2024-07-01T20:32:41.308-0400] {standard_task_runner.py:63} INFO - Started process 417656 to run task
[2024-07-01T20:32:41.317-0400] {standard_task_runner.py:90} INFO - Running: ['airflow', 'tasks', 'run', 'api_cuevana3_movie', 'execute_post_url_fastapi', 'scheduled__2024-07-01T17:00:00+00:00', '--job-id', '738', '--raw', '--subdir', 'DAGS_FOLDER/movie_recommend.py', '--cfg-path', '/tmp/tmpp4xcvzt4']
[2024-07-01T20:32:41.322-0400] {standard_task_runner.py:91} INFO - Job 738: Subtask execute_post_url_fastapi
[2024-07-01T20:32:41.483-0400] {task_command.py:426} INFO - Running <TaskInstance: api_cuevana3_movie.execute_post_url_fastapi scheduled__2024-07-01T17:00:00+00:00 [running]> on host walter-VirtualBox
[2024-07-01T20:32:41.624-0400] {taskinstance.py:2648} INFO - Exporting env vars: AIRFLOW_CTX_DAG_OWNER='airflow' AIRFLOW_CTX_DAG_ID='api_cuevana3_movie' AIRFLOW_CTX_TASK_ID='execute_post_url_fastapi' AIRFLOW_CTX_EXECUTION_DATE='2024-07-01T17:00:00+00:00' AIRFLOW_CTX_TRY_NUMBER='1' AIRFLOW_CTX_DAG_RUN_ID='scheduled__2024-07-01T17:00:00+00:00'
[2024-07-01T20:32:41.626-0400] {taskinstance.py:430} INFO - ::endgroup::
[2024-07-01T20:32:44.080-0400] {logging_mixin.py:188} INFO - Scraping URL did not find any new URLs
[2024-07-01T20:32:44.081-0400] {python.py:237} INFO - Done. Returned value was: None
[2024-07-01T20:32:44.081-0400] {taskinstance.py:441} INFO - ::group::Post task execution logs
[2024-07-01T20:32:44.095-0400] {taskinstance.py:1206} INFO - Marking task as SUCCESS. dag_id=api_cuevana3_movie, task_id=execute_post_url_fastapi, run_id=scheduled__2024-07-01T17:00:00+00:00, execution_date=20240701T170000, start_date=20240702T003241, end_date=20240702T003244
[2024-07-01T20:32:44.159-0400] {local_task_job_runner.py:240} INFO - Task exited with return code 0
[2024-07-01T20:32:44.215-0400] {taskinstance.py:3503} INFO - 3 downstream tasks scheduled from follow-on schedule check
[2024-07-01T20:32:44.300-0400] {local_task_job_runner.py:222} INFO - ::endgroup::
[2024-07-01T23:23:53.285-0400] {local_task_job_runner.py:120} INFO - ::group::Pre task execution logs
[2024-07-01T23:23:53.297-0400] {taskinstance.py:2076} INFO - Dependencies all met for dep_context=non-requeueable deps ti=<TaskInstance: api_cuevana3_movie.execute_post_url_fastapi scheduled__2024-07-01T17:00:00+00:00 [queued]>
[2024-07-01T23:23:53.300-0400] {taskinstance.py:2076} INFO - Dependencies all met for dep_context=requeueable deps ti=<TaskInstance: api_cuevana3_movie.execute_post_url_fastapi scheduled__2024-07-01T17:00:00+00:00 [queued]>
[2024-07-01T23:23:53.300-0400] {taskinstance.py:2306} INFO - Starting attempt 1 of 1
[2024-07-01T23:23:53.333-0400] {taskinstance.py:2330} INFO - Executing <Task(PythonOperator): execute_post_url_fastapi> on 2024-07-01 17:00:00+00:00
[2024-07-01T23:23:53.338-0400] {standard_task_runner.py:63} INFO - Started process 453493 to run task
[2024-07-01T23:23:53.342-0400] {standard_task_runner.py:90} INFO - Running: ['airflow', 'tasks', 'run', 'api_cuevana3_movie', 'execute_post_url_fastapi', 'scheduled__2024-07-01T17:00:00+00:00', '--job-id', '881', '--raw', '--subdir', 'DAGS_FOLDER/movie_recommend.py', '--cfg-path', '/tmp/tmpzg1f71z8']
[2024-07-01T23:23:53.345-0400] {standard_task_runner.py:91} INFO - Job 881: Subtask execute_post_url_fastapi
[2024-07-01T23:23:53.440-0400] {task_command.py:426} INFO - Running <TaskInstance: api_cuevana3_movie.execute_post_url_fastapi scheduled__2024-07-01T17:00:00+00:00 [running]> on host walter-VirtualBox
[2024-07-01T23:23:53.540-0400] {taskinstance.py:2648} INFO - Exporting env vars: AIRFLOW_CTX_DAG_OWNER='airflow' AIRFLOW_CTX_DAG_ID='api_cuevana3_movie' AIRFLOW_CTX_TASK_ID='execute_post_url_fastapi' AIRFLOW_CTX_EXECUTION_DATE='2024-07-01T17:00:00+00:00' AIRFLOW_CTX_TRY_NUMBER='1' AIRFLOW_CTX_DAG_RUN_ID='scheduled__2024-07-01T17:00:00+00:00'
[2024-07-01T23:23:53.541-0400] {taskinstance.py:430} INFO - ::endgroup::
[2024-07-01T23:23:55.518-0400] {logging_mixin.py:188} INFO - Scraping URL did not find any new URLs
[2024-07-01T23:23:55.518-0400] {python.py:237} INFO - Done. Returned value was: None
[2024-07-01T23:23:55.519-0400] {taskinstance.py:441} INFO - ::group::Post task execution logs
[2024-07-01T23:23:55.522-0400] {taskinstance.py:1206} INFO - Marking task as SUCCESS. dag_id=api_cuevana3_movie, task_id=execute_post_url_fastapi, run_id=scheduled__2024-07-01T17:00:00+00:00, execution_date=20240701T170000, start_date=20240702T032353, end_date=20240702T032355
[2024-07-01T23:23:55.596-0400] {local_task_job_runner.py:240} INFO - Task exited with return code 0
[2024-07-01T23:23:55.633-0400] {taskinstance.py:3503} INFO - 3 downstream tasks scheduled from follow-on schedule check
[2024-07-01T23:23:55.653-0400] {local_task_job_runner.py:222} INFO - ::endgroup::
