[2024-07-01T11:06:48.984-0400] {local_task_job_runner.py:120} INFO - ::group::Pre task execution logs
[2024-07-01T11:06:49.007-0400] {taskinstance.py:2076} INFO - Dependencies all met for dep_context=non-requeueable deps ti=<TaskInstance: api_cuevana3_movie.insert_into_mysql scheduled__2024-07-01T04:00:00+00:00 [queued]>
[2024-07-01T11:06:49.020-0400] {taskinstance.py:2076} INFO - Dependencies all met for dep_context=requeueable deps ti=<TaskInstance: api_cuevana3_movie.insert_into_mysql scheduled__2024-07-01T04:00:00+00:00 [queued]>
[2024-07-01T11:06:49.021-0400] {taskinstance.py:2306} INFO - Starting attempt 1 of 1
[2024-07-01T11:06:49.054-0400] {taskinstance.py:2330} INFO - Executing <Task(PythonOperator): insert_into_mysql> on 2024-07-01 04:00:00+00:00
[2024-07-01T11:06:49.060-0400] {standard_task_runner.py:63} INFO - Started process 381971 to run task
[2024-07-01T11:06:49.065-0400] {standard_task_runner.py:90} INFO - Running: ['airflow', 'tasks', 'run', 'api_cuevana3_movie', 'insert_into_mysql', 'scheduled__2024-07-01T04:00:00+00:00', '--job-id', '663', '--raw', '--subdir', 'DAGS_FOLDER/movie_recommend.py', '--cfg-path', '/tmp/tmpd6kqknfi']
[2024-07-01T11:06:49.071-0400] {standard_task_runner.py:91} INFO - Job 663: Subtask insert_into_mysql
[2024-07-01T11:06:49.143-0400] {task_command.py:426} INFO - Running <TaskInstance: api_cuevana3_movie.insert_into_mysql scheduled__2024-07-01T04:00:00+00:00 [running]> on host walter-VirtualBox
[2024-07-01T11:06:49.266-0400] {taskinstance.py:2648} INFO - Exporting env vars: AIRFLOW_CTX_DAG_OWNER='airflow' AIRFLOW_CTX_DAG_ID='api_cuevana3_movie' AIRFLOW_CTX_TASK_ID='insert_into_mysql' AIRFLOW_CTX_EXECUTION_DATE='2024-07-01T04:00:00+00:00' AIRFLOW_CTX_TRY_NUMBER='1' AIRFLOW_CTX_DAG_RUN_ID='scheduled__2024-07-01T04:00:00+00:00'
[2024-07-01T11:06:49.267-0400] {taskinstance.py:430} INFO - ::endgroup::
[2024-07-01T11:06:49.282-0400] {logging_mixin.py:188} INFO - No se pudo obtener el JSON de datos de la pelicula
[2024-07-01T11:06:49.283-0400] {python.py:237} INFO - Done. Returned value was: None
[2024-07-01T11:06:49.284-0400] {taskinstance.py:441} INFO - ::group::Post task execution logs
[2024-07-01T11:06:49.287-0400] {taskinstance.py:1206} INFO - Marking task as SUCCESS. dag_id=api_cuevana3_movie, task_id=insert_into_mysql, run_id=scheduled__2024-07-01T04:00:00+00:00, execution_date=20240701T040000, start_date=20240701T150649, end_date=20240701T150649
[2024-07-01T11:06:49.354-0400] {local_task_job_runner.py:240} INFO - Task exited with return code 0
[2024-07-01T11:06:49.373-0400] {taskinstance.py:3503} INFO - 0 downstream tasks scheduled from follow-on schedule check
[2024-07-01T11:06:49.374-0400] {local_task_job_runner.py:222} INFO - ::endgroup::
[2024-07-01T11:17:52.715-0400] {local_task_job_runner.py:120} INFO - ::group::Pre task execution logs
[2024-07-01T11:17:52.737-0400] {taskinstance.py:2076} INFO - Dependencies all met for dep_context=non-requeueable deps ti=<TaskInstance: api_cuevana3_movie.insert_into_mysql scheduled__2024-07-01T04:00:00+00:00 [queued]>
[2024-07-01T11:17:52.743-0400] {taskinstance.py:2076} INFO - Dependencies all met for dep_context=requeueable deps ti=<TaskInstance: api_cuevana3_movie.insert_into_mysql scheduled__2024-07-01T04:00:00+00:00 [queued]>
[2024-07-01T11:17:52.743-0400] {taskinstance.py:2306} INFO - Starting attempt 1 of 1
[2024-07-01T11:17:52.760-0400] {taskinstance.py:2330} INFO - Executing <Task(PythonOperator): insert_into_mysql> on 2024-07-01 04:00:00+00:00
[2024-07-01T11:17:52.770-0400] {standard_task_runner.py:63} INFO - Started process 383200 to run task
[2024-07-01T11:17:52.774-0400] {standard_task_runner.py:90} INFO - Running: ['airflow', 'tasks', 'run', 'api_cuevana3_movie', 'insert_into_mysql', 'scheduled__2024-07-01T04:00:00+00:00', '--job-id', '681', '--raw', '--subdir', 'DAGS_FOLDER/movie_recommend.py', '--cfg-path', '/tmp/tmp015v25on']
[2024-07-01T11:17:52.776-0400] {standard_task_runner.py:91} INFO - Job 681: Subtask insert_into_mysql
[2024-07-01T11:17:52.847-0400] {task_command.py:426} INFO - Running <TaskInstance: api_cuevana3_movie.insert_into_mysql scheduled__2024-07-01T04:00:00+00:00 [running]> on host walter-VirtualBox
[2024-07-01T11:17:53.025-0400] {taskinstance.py:2648} INFO - Exporting env vars: AIRFLOW_CTX_DAG_OWNER='airflow' AIRFLOW_CTX_DAG_ID='api_cuevana3_movie' AIRFLOW_CTX_TASK_ID='insert_into_mysql' AIRFLOW_CTX_EXECUTION_DATE='2024-07-01T04:00:00+00:00' AIRFLOW_CTX_TRY_NUMBER='1' AIRFLOW_CTX_DAG_RUN_ID='scheduled__2024-07-01T04:00:00+00:00'
[2024-07-01T11:17:53.026-0400] {taskinstance.py:430} INFO - ::endgroup::
[2024-07-01T11:17:53.048-0400] {logging_mixin.py:188} INFO - No se pudo obtener el JSON de datos de la pelicula
[2024-07-01T11:17:53.049-0400] {python.py:237} INFO - Done. Returned value was: None
[2024-07-01T11:17:53.049-0400] {taskinstance.py:441} INFO - ::group::Post task execution logs
[2024-07-01T11:17:53.052-0400] {taskinstance.py:1206} INFO - Marking task as SUCCESS. dag_id=api_cuevana3_movie, task_id=insert_into_mysql, run_id=scheduled__2024-07-01T04:00:00+00:00, execution_date=20240701T040000, start_date=20240701T151752, end_date=20240701T151753
[2024-07-01T11:17:53.085-0400] {local_task_job_runner.py:240} INFO - Task exited with return code 0
[2024-07-01T11:17:53.109-0400] {taskinstance.py:3503} INFO - 0 downstream tasks scheduled from follow-on schedule check
[2024-07-01T11:17:53.113-0400] {local_task_job_runner.py:222} INFO - ::endgroup::
[2024-07-01T19:23:06.135-0400] {local_task_job_runner.py:120} INFO - ::group::Pre task execution logs
[2024-07-01T19:23:06.152-0400] {taskinstance.py:2076} INFO - Dependencies all met for dep_context=non-requeueable deps ti=<TaskInstance: api_cuevana3_movie.insert_into_mysql scheduled__2024-07-01T04:00:00+00:00 [queued]>
[2024-07-01T19:23:06.158-0400] {taskinstance.py:2076} INFO - Dependencies all met for dep_context=requeueable deps ti=<TaskInstance: api_cuevana3_movie.insert_into_mysql scheduled__2024-07-01T04:00:00+00:00 [queued]>
[2024-07-01T19:23:06.159-0400] {taskinstance.py:2306} INFO - Starting attempt 1 of 1
[2024-07-01T19:23:06.186-0400] {taskinstance.py:2330} INFO - Executing <Task(PythonOperator): insert_into_mysql> on 2024-07-01 04:00:00+00:00
[2024-07-01T19:23:06.199-0400] {standard_task_runner.py:63} INFO - Started process 409103 to run task
[2024-07-01T19:23:06.209-0400] {standard_task_runner.py:90} INFO - Running: ['airflow', 'tasks', 'run', 'api_cuevana3_movie', 'insert_into_mysql', 'scheduled__2024-07-01T04:00:00+00:00', '--job-id', '703', '--raw', '--subdir', 'DAGS_FOLDER/movie_recommend.py', '--cfg-path', '/tmp/tmp6e1_o620']
[2024-07-01T19:23:06.211-0400] {standard_task_runner.py:91} INFO - Job 703: Subtask insert_into_mysql
[2024-07-01T19:23:06.270-0400] {task_command.py:426} INFO - Running <TaskInstance: api_cuevana3_movie.insert_into_mysql scheduled__2024-07-01T04:00:00+00:00 [running]> on host walter-VirtualBox
[2024-07-01T19:23:06.344-0400] {taskinstance.py:2648} INFO - Exporting env vars: AIRFLOW_CTX_DAG_OWNER='airflow' AIRFLOW_CTX_DAG_ID='api_cuevana3_movie' AIRFLOW_CTX_TASK_ID='insert_into_mysql' AIRFLOW_CTX_EXECUTION_DATE='2024-07-01T04:00:00+00:00' AIRFLOW_CTX_TRY_NUMBER='1' AIRFLOW_CTX_DAG_RUN_ID='scheduled__2024-07-01T04:00:00+00:00'
[2024-07-01T19:23:06.346-0400] {taskinstance.py:430} INFO - ::endgroup::
[2024-07-01T19:23:06.365-0400] {logging_mixin.py:188} INFO - No se pudo obtener el JSON de datos de la pelicula
[2024-07-01T19:23:06.366-0400] {python.py:237} INFO - Done. Returned value was: None
[2024-07-01T19:23:06.366-0400] {taskinstance.py:441} INFO - ::group::Post task execution logs
[2024-07-01T19:23:06.370-0400] {taskinstance.py:1206} INFO - Marking task as SUCCESS. dag_id=api_cuevana3_movie, task_id=insert_into_mysql, run_id=scheduled__2024-07-01T04:00:00+00:00, execution_date=20240701T040000, start_date=20240701T232306, end_date=20240701T232306
[2024-07-01T19:23:06.423-0400] {local_task_job_runner.py:240} INFO - Task exited with return code 0
[2024-07-01T19:23:06.444-0400] {taskinstance.py:3503} INFO - 1 downstream tasks scheduled from follow-on schedule check
[2024-07-01T19:23:06.465-0400] {local_task_job_runner.py:222} INFO - ::endgroup::
[2024-07-01T21:18:06.271-0400] {local_task_job_runner.py:120} INFO - ::group::Pre task execution logs
[2024-07-01T21:18:06.357-0400] {taskinstance.py:2076} INFO - Dependencies all met for dep_context=non-requeueable deps ti=<TaskInstance: api_cuevana3_movie.insert_into_mysql scheduled__2024-07-01T04:00:00+00:00 [queued]>
[2024-07-01T21:18:06.375-0400] {taskinstance.py:2076} INFO - Dependencies all met for dep_context=requeueable deps ti=<TaskInstance: api_cuevana3_movie.insert_into_mysql scheduled__2024-07-01T04:00:00+00:00 [queued]>
[2024-07-01T21:18:06.375-0400] {taskinstance.py:2306} INFO - Starting attempt 1 of 1
[2024-07-01T21:18:06.413-0400] {taskinstance.py:2330} INFO - Executing <Task(PythonOperator): insert_into_mysql> on 2024-07-01 04:00:00+00:00
[2024-07-01T21:18:06.439-0400] {standard_task_runner.py:63} INFO - Started process 429246 to run task
[2024-07-01T21:18:06.443-0400] {standard_task_runner.py:90} INFO - Running: ['airflow', 'tasks', 'run', 'api_cuevana3_movie', 'insert_into_mysql', 'scheduled__2024-07-01T04:00:00+00:00', '--job-id', '767', '--raw', '--subdir', 'DAGS_FOLDER/movie_recommend.py', '--cfg-path', '/tmp/tmp0ya91vk9']
[2024-07-01T21:18:06.446-0400] {standard_task_runner.py:91} INFO - Job 767: Subtask insert_into_mysql
[2024-07-01T21:18:06.541-0400] {task_command.py:426} INFO - Running <TaskInstance: api_cuevana3_movie.insert_into_mysql scheduled__2024-07-01T04:00:00+00:00 [running]> on host walter-VirtualBox
[2024-07-01T21:18:06.699-0400] {taskinstance.py:2648} INFO - Exporting env vars: AIRFLOW_CTX_DAG_OWNER='airflow' AIRFLOW_CTX_DAG_ID='api_cuevana3_movie' AIRFLOW_CTX_TASK_ID='insert_into_mysql' AIRFLOW_CTX_EXECUTION_DATE='2024-07-01T04:00:00+00:00' AIRFLOW_CTX_TRY_NUMBER='1' AIRFLOW_CTX_DAG_RUN_ID='scheduled__2024-07-01T04:00:00+00:00'
[2024-07-01T21:18:06.700-0400] {taskinstance.py:430} INFO - ::endgroup::
[2024-07-01T21:18:06.791-0400] {logging_mixin.py:188} INFO - No se pudo obtener el JSON de datos de la pelicula
[2024-07-01T21:18:06.792-0400] {python.py:237} INFO - Done. Returned value was: None
[2024-07-01T21:18:06.792-0400] {taskinstance.py:441} INFO - ::group::Post task execution logs
[2024-07-01T21:18:06.799-0400] {taskinstance.py:1206} INFO - Marking task as SUCCESS. dag_id=api_cuevana3_movie, task_id=insert_into_mysql, run_id=scheduled__2024-07-01T04:00:00+00:00, execution_date=20240701T040000, start_date=20240702T011806, end_date=20240702T011806
[2024-07-01T21:18:06.939-0400] {local_task_job_runner.py:240} INFO - Task exited with return code 0
[2024-07-01T21:18:06.970-0400] {taskinstance.py:3503} INFO - 1 downstream tasks scheduled from follow-on schedule check
[2024-07-01T21:18:06.994-0400] {local_task_job_runner.py:222} INFO - ::endgroup::
[2024-07-01T23:08:37.537-0400] {local_task_job_runner.py:120} INFO - ::group::Pre task execution logs
[2024-07-01T23:08:37.576-0400] {taskinstance.py:2076} INFO - Dependencies all met for dep_context=non-requeueable deps ti=<TaskInstance: api_cuevana3_movie.insert_into_mysql scheduled__2024-07-01T04:00:00+00:00 [queued]>
[2024-07-01T23:08:37.584-0400] {taskinstance.py:2076} INFO - Dependencies all met for dep_context=requeueable deps ti=<TaskInstance: api_cuevana3_movie.insert_into_mysql scheduled__2024-07-01T04:00:00+00:00 [queued]>
[2024-07-01T23:08:37.584-0400] {taskinstance.py:2306} INFO - Starting attempt 1 of 1
[2024-07-01T23:08:37.611-0400] {taskinstance.py:2330} INFO - Executing <Task(PythonOperator): insert_into_mysql> on 2024-07-01 04:00:00+00:00
[2024-07-01T23:08:37.619-0400] {standard_task_runner.py:63} INFO - Started process 446146 to run task
[2024-07-01T23:08:37.622-0400] {standard_task_runner.py:90} INFO - Running: ['airflow', 'tasks', 'run', 'api_cuevana3_movie', 'insert_into_mysql', 'scheduled__2024-07-01T04:00:00+00:00', '--job-id', '824', '--raw', '--subdir', 'DAGS_FOLDER/movie_recommend.py', '--cfg-path', '/tmp/tmpesferoiu']
[2024-07-01T23:08:37.624-0400] {standard_task_runner.py:91} INFO - Job 824: Subtask insert_into_mysql
[2024-07-01T23:08:37.725-0400] {task_command.py:426} INFO - Running <TaskInstance: api_cuevana3_movie.insert_into_mysql scheduled__2024-07-01T04:00:00+00:00 [running]> on host walter-VirtualBox
[2024-07-01T23:08:37.857-0400] {taskinstance.py:2648} INFO - Exporting env vars: AIRFLOW_CTX_DAG_OWNER='airflow' AIRFLOW_CTX_DAG_ID='api_cuevana3_movie' AIRFLOW_CTX_TASK_ID='insert_into_mysql' AIRFLOW_CTX_EXECUTION_DATE='2024-07-01T04:00:00+00:00' AIRFLOW_CTX_TRY_NUMBER='1' AIRFLOW_CTX_DAG_RUN_ID='scheduled__2024-07-01T04:00:00+00:00'
[2024-07-01T23:08:37.857-0400] {taskinstance.py:430} INFO - ::endgroup::
[2024-07-01T23:08:38.247-0400] {python.py:237} INFO - Done. Returned value was: None
[2024-07-01T23:08:38.248-0400] {taskinstance.py:441} INFO - ::group::Post task execution logs
[2024-07-01T23:08:38.257-0400] {taskinstance.py:1206} INFO - Marking task as SUCCESS. dag_id=api_cuevana3_movie, task_id=insert_into_mysql, run_id=scheduled__2024-07-01T04:00:00+00:00, execution_date=20240701T040000, start_date=20240702T030837, end_date=20240702T030838
[2024-07-01T23:08:38.348-0400] {local_task_job_runner.py:240} INFO - Task exited with return code 0
[2024-07-01T23:08:38.369-0400] {taskinstance.py:3503} INFO - 1 downstream tasks scheduled from follow-on schedule check
[2024-07-01T23:08:38.395-0400] {local_task_job_runner.py:222} INFO - ::endgroup::
