[2024-07-01T20:06:42.554-0400] {local_task_job_runner.py:120} INFO - ::group::Pre task execution logs
[2024-07-01T20:06:42.580-0400] {taskinstance.py:2076} INFO - Dependencies all met for dep_context=non-requeueable deps ti=<TaskInstance: api_cuevana3_movie.transform_with_spark scheduled__2024-07-01T06:00:00+00:00 [queued]>
[2024-07-01T20:06:42.607-0400] {taskinstance.py:2076} INFO - Dependencies all met for dep_context=requeueable deps ti=<TaskInstance: api_cuevana3_movie.transform_with_spark scheduled__2024-07-01T06:00:00+00:00 [queued]>
[2024-07-01T20:06:42.608-0400] {taskinstance.py:2306} INFO - Starting attempt 1 of 1
[2024-07-01T20:06:42.629-0400] {taskinstance.py:2330} INFO - Executing <Task(PythonOperator): transform_with_spark> on 2024-07-01 06:00:00+00:00
[2024-07-01T20:06:42.635-0400] {standard_task_runner.py:63} INFO - Started process 413598 to run task
[2024-07-01T20:06:42.638-0400] {standard_task_runner.py:90} INFO - Running: ['airflow', 'tasks', 'run', 'api_cuevana3_movie', 'transform_with_spark', 'scheduled__2024-07-01T06:00:00+00:00', '--job-id', '708', '--raw', '--subdir', 'DAGS_FOLDER/movie_recommend.py', '--cfg-path', '/tmp/tmpdmol9jve']
[2024-07-01T20:06:42.642-0400] {standard_task_runner.py:91} INFO - Job 708: Subtask transform_with_spark
[2024-07-01T20:06:42.729-0400] {task_command.py:426} INFO - Running <TaskInstance: api_cuevana3_movie.transform_with_spark scheduled__2024-07-01T06:00:00+00:00 [running]> on host walter-VirtualBox
[2024-07-01T20:06:42.898-0400] {taskinstance.py:2648} INFO - Exporting env vars: AIRFLOW_CTX_DAG_OWNER='airflow' AIRFLOW_CTX_DAG_ID='api_cuevana3_movie' AIRFLOW_CTX_TASK_ID='transform_with_spark' AIRFLOW_CTX_EXECUTION_DATE='2024-07-01T06:00:00+00:00' AIRFLOW_CTX_TRY_NUMBER='1' AIRFLOW_CTX_DAG_RUN_ID='scheduled__2024-07-01T06:00:00+00:00'
[2024-07-01T20:06:42.899-0400] {taskinstance.py:430} INFO - ::endgroup::
[2024-07-01T20:06:42.919-0400] {logging_mixin.py:188} INFO - No se pudo obtener el JSON de datos de la pelicula
[2024-07-01T20:06:42.919-0400] {python.py:237} INFO - Done. Returned value was: None
[2024-07-01T20:06:42.919-0400] {taskinstance.py:441} INFO - ::group::Post task execution logs
[2024-07-01T20:06:42.923-0400] {taskinstance.py:1206} INFO - Marking task as SUCCESS. dag_id=api_cuevana3_movie, task_id=transform_with_spark, run_id=scheduled__2024-07-01T06:00:00+00:00, execution_date=20240701T060000, start_date=20240702T000642, end_date=20240702T000642
[2024-07-01T20:06:42.972-0400] {local_task_job_runner.py:240} INFO - Task exited with return code 0
[2024-07-01T20:06:42.996-0400] {taskinstance.py:3503} INFO - 0 downstream tasks scheduled from follow-on schedule check
[2024-07-01T20:06:42.998-0400] {local_task_job_runner.py:222} INFO - ::endgroup::
[2024-07-01T23:11:12.542-0400] {local_task_job_runner.py:120} INFO - ::group::Pre task execution logs
[2024-07-01T23:11:12.556-0400] {taskinstance.py:2076} INFO - Dependencies all met for dep_context=non-requeueable deps ti=<TaskInstance: api_cuevana3_movie.transform_with_spark scheduled__2024-07-01T06:00:00+00:00 [queued]>
[2024-07-01T23:11:12.560-0400] {taskinstance.py:2076} INFO - Dependencies all met for dep_context=requeueable deps ti=<TaskInstance: api_cuevana3_movie.transform_with_spark scheduled__2024-07-01T06:00:00+00:00 [queued]>
[2024-07-01T23:11:12.560-0400] {taskinstance.py:2306} INFO - Starting attempt 1 of 1
[2024-07-01T23:11:12.586-0400] {taskinstance.py:2330} INFO - Executing <Task(PythonOperator): transform_with_spark> on 2024-07-01 06:00:00+00:00
[2024-07-01T23:11:12.591-0400] {standard_task_runner.py:63} INFO - Started process 447082 to run task
[2024-07-01T23:11:12.594-0400] {standard_task_runner.py:90} INFO - Running: ['airflow', 'tasks', 'run', 'api_cuevana3_movie', 'transform_with_spark', 'scheduled__2024-07-01T06:00:00+00:00', '--job-id', '833', '--raw', '--subdir', 'DAGS_FOLDER/movie_recommend.py', '--cfg-path', '/tmp/tmp6rh3hp48']
[2024-07-01T23:11:12.595-0400] {standard_task_runner.py:91} INFO - Job 833: Subtask transform_with_spark
[2024-07-01T23:11:12.628-0400] {task_command.py:426} INFO - Running <TaskInstance: api_cuevana3_movie.transform_with_spark scheduled__2024-07-01T06:00:00+00:00 [running]> on host walter-VirtualBox
[2024-07-01T23:11:12.740-0400] {taskinstance.py:2648} INFO - Exporting env vars: AIRFLOW_CTX_DAG_OWNER='airflow' AIRFLOW_CTX_DAG_ID='api_cuevana3_movie' AIRFLOW_CTX_TASK_ID='transform_with_spark' AIRFLOW_CTX_EXECUTION_DATE='2024-07-01T06:00:00+00:00' AIRFLOW_CTX_TRY_NUMBER='1' AIRFLOW_CTX_DAG_RUN_ID='scheduled__2024-07-01T06:00:00+00:00'
[2024-07-01T23:11:12.743-0400] {taskinstance.py:430} INFO - ::endgroup::
[2024-07-01T23:11:29.755-0400] {python.py:237} INFO - Done. Returned value was: [{'actors': ['Harriet Slater,', 'Adain Bradley,', 'Avantika,', 'Jacob Batalon,', 'Humberly González,', 'Wolfgang Novogratz,', 'Larsen Thompson,', 'Olwen Fouéré,', 'Sunčica Milanović,', 'Alan Wells,', 'Joss Carter,', 'James Swanton,', 'Staša Nikolić,', 'Anna Halberg,', 'Cavin Cornwall,', 'Lucy Ridley,', 'Felix Leech,', 'Vahidin Prelić,', 'Dunja Pavlović,', 'Višnja Obradović,'], 'country': 'United States', 'description': 'Un grupo de amigos de la universidad comienzan a morir de maneras relacionadas con su fortuna después de que les lean los horóscopos.', 'director': 'Spenser Cohen', 'duration': 92, 'genre': ['Terror'], 'image_url': 'https://i0.wp.com/www.themoviedb.org/t/p/w185/Adh7xmtgSIUGZBaMj9VLTmq2G8z.jpg', 'quality': 'HD', 'rating': 6.6, 'title': 'Tarot', 'views': 612, 'year': '2024'}]
[2024-07-01T23:11:29.755-0400] {taskinstance.py:441} INFO - ::group::Post task execution logs
[2024-07-01T23:11:29.767-0400] {taskinstance.py:1206} INFO - Marking task as SUCCESS. dag_id=api_cuevana3_movie, task_id=transform_with_spark, run_id=scheduled__2024-07-01T06:00:00+00:00, execution_date=20240701T060000, start_date=20240702T031112, end_date=20240702T031129
[2024-07-01T23:11:29.793-0400] {local_task_job_runner.py:240} INFO - Task exited with return code 0
[2024-07-01T23:11:29.813-0400] {taskinstance.py:3503} INFO - 0 downstream tasks scheduled from follow-on schedule check
[2024-07-01T23:11:29.815-0400] {local_task_job_runner.py:222} INFO - ::endgroup::
