[2024-06-27T15:38:40.250-0400] {local_task_job_runner.py:120} INFO - ::group::Pre task execution logs
[2024-06-27T15:38:40.298-0400] {taskinstance.py:2076} INFO - Dependencies all met for dep_context=non-requeueable deps ti=<TaskInstance: api_cuevana3_movie.run_kafka_producer scheduled__2024-06-27T00:02:00+00:00 [queued]>
[2024-06-27T15:38:40.308-0400] {taskinstance.py:2076} INFO - Dependencies all met for dep_context=requeueable deps ti=<TaskInstance: api_cuevana3_movie.run_kafka_producer scheduled__2024-06-27T00:02:00+00:00 [queued]>
[2024-06-27T15:38:40.309-0400] {taskinstance.py:2306} INFO - Starting attempt 1 of 1
[2024-06-27T15:38:40.368-0400] {taskinstance.py:2330} INFO - Executing <Task(PythonOperator): run_kafka_producer> on 2024-06-27 00:02:00+00:00
[2024-06-27T15:38:40.387-0400] {standard_task_runner.py:63} INFO - Started process 185458 to run task
[2024-06-27T15:38:40.391-0400] {standard_task_runner.py:90} INFO - Running: ['airflow', 'tasks', 'run', 'api_cuevana3_movie', 'run_kafka_producer', 'scheduled__2024-06-27T00:02:00+00:00', '--job-id', '87', '--raw', '--subdir', 'DAGS_FOLDER/movie_recommend.py', '--cfg-path', '/tmp/tmpki66yj_z']
[2024-06-27T15:38:40.399-0400] {standard_task_runner.py:91} INFO - Job 87: Subtask run_kafka_producer
[2024-06-27T15:38:40.453-0400] {task_command.py:426} INFO - Running <TaskInstance: api_cuevana3_movie.run_kafka_producer scheduled__2024-06-27T00:02:00+00:00 [running]> on host walter-VirtualBox
[2024-06-27T15:38:40.626-0400] {taskinstance.py:2648} INFO - Exporting env vars: AIRFLOW_CTX_DAG_OWNER='airflow' AIRFLOW_CTX_DAG_ID='api_cuevana3_movie' AIRFLOW_CTX_TASK_ID='run_kafka_producer' AIRFLOW_CTX_EXECUTION_DATE='2024-06-27T00:02:00+00:00' AIRFLOW_CTX_TRY_NUMBER='1' AIRFLOW_CTX_DAG_RUN_ID='scheduled__2024-06-27T00:02:00+00:00'
[2024-06-27T15:38:40.628-0400] {taskinstance.py:430} INFO - ::endgroup::
[2024-06-27T15:38:40.646-0400] {taskinstance.py:441} INFO - ::group::Post task execution logs
[2024-06-27T15:38:40.646-0400] {taskinstance.py:2905} ERROR - Task failed with exception
Traceback (most recent call last):
  File "/home/walter/Documentos/rakuntentv/venv/lib/python3.12/site-packages/airflow/models/taskinstance.py", line 465, in _execute_task
    result = _execute_callable(context=context, **execute_callable_kwargs)
             ^^^^^^^^^^^^^^^^^^^^^^^^^^^^^^^^^^^^^^^^^^^^^^^^^^^^^^^^^^^^^
  File "/home/walter/Documentos/rakuntentv/venv/lib/python3.12/site-packages/airflow/models/taskinstance.py", line 432, in _execute_callable
    return execute_callable(context=context, **execute_callable_kwargs)
           ^^^^^^^^^^^^^^^^^^^^^^^^^^^^^^^^^^^^^^^^^^^^^^^^^^^^^^^^^^^^
  File "/home/walter/Documentos/rakuntentv/venv/lib/python3.12/site-packages/airflow/models/baseoperator.py", line 401, in wrapper
    return func(self, *args, **kwargs)
           ^^^^^^^^^^^^^^^^^^^^^^^^^^^
  File "/home/walter/Documentos/rakuntentv/venv/lib/python3.12/site-packages/airflow/operators/python.py", line 235, in execute
    return_value = self.execute_callable()
                   ^^^^^^^^^^^^^^^^^^^^^^^
  File "/home/walter/Documentos/rakuntentv/venv/lib/python3.12/site-packages/airflow/operators/python.py", line 252, in execute_callable
    return self.python_callable(*self.op_args, **self.op_kwargs)
           ^^^^^^^^^^^^^^^^^^^^^^^^^^^^^^^^^^^^^^^^^^^^^^^^^^^^^
  File "/home/walter/Documentos/rakuntentv/airflow/dags/movie_recommend.py", line 34, in json_serialization
    json_data = ti.xcom_pull(tasks_ids='fetch_movie_task')
                ^^^^^^^^^^^^^^^^^^^^^^^^^^^^^^^^^^^^^^^^^^
  File "/home/walter/Documentos/rakuntentv/venv/lib/python3.12/site-packages/airflow/utils/session.py", line 79, in wrapper
    return func(*args, session=session, **kwargs)
           ^^^^^^^^^^^^^^^^^^^^^^^^^^^^^^^^^^^^^^
TypeError: TaskInstance.xcom_pull() got an unexpected keyword argument 'tasks_ids'
[2024-06-27T15:38:40.650-0400] {taskinstance.py:1206} INFO - Marking task as FAILED. dag_id=api_cuevana3_movie, task_id=run_kafka_producer, run_id=scheduled__2024-06-27T00:02:00+00:00, execution_date=20240627T000200, start_date=20240627T193840, end_date=20240627T193840
[2024-06-27T15:38:40.701-0400] {standard_task_runner.py:110} ERROR - Failed to execute job 87 for task run_kafka_producer (TaskInstance.xcom_pull() got an unexpected keyword argument 'tasks_ids'; 185458)
[2024-06-27T15:38:40.726-0400] {local_task_job_runner.py:240} INFO - Task exited with return code 1
[2024-06-27T15:38:40.745-0400] {taskinstance.py:3503} INFO - 0 downstream tasks scheduled from follow-on schedule check
[2024-06-27T15:38:40.747-0400] {local_task_job_runner.py:222} INFO - ::endgroup::
[2024-06-27T20:36:02.363-0400] {local_task_job_runner.py:120} INFO - ::group::Pre task execution logs
[2024-06-27T20:36:02.388-0400] {taskinstance.py:2076} INFO - Dependencies all met for dep_context=non-requeueable deps ti=<TaskInstance: api_cuevana3_movie.run_kafka_producer scheduled__2024-06-27T00:02:00+00:00 [queued]>
[2024-06-27T20:36:02.401-0400] {taskinstance.py:2076} INFO - Dependencies all met for dep_context=requeueable deps ti=<TaskInstance: api_cuevana3_movie.run_kafka_producer scheduled__2024-06-27T00:02:00+00:00 [queued]>
[2024-06-27T20:36:02.401-0400] {taskinstance.py:2306} INFO - Starting attempt 1 of 1
[2024-06-27T20:36:02.422-0400] {taskinstance.py:2330} INFO - Executing <Task(PythonOperator): run_kafka_producer> on 2024-06-27 00:02:00+00:00
[2024-06-27T20:36:02.430-0400] {standard_task_runner.py:63} INFO - Started process 207833 to run task
[2024-06-27T20:36:02.432-0400] {standard_task_runner.py:90} INFO - Running: ['airflow', 'tasks', 'run', 'api_cuevana3_movie', 'run_kafka_producer', 'scheduled__2024-06-27T00:02:00+00:00', '--job-id', '238', '--raw', '--subdir', 'DAGS_FOLDER/movie_recommend.py', '--cfg-path', '/tmp/tmpscv1wov5']
[2024-06-27T20:36:02.439-0400] {standard_task_runner.py:91} INFO - Job 238: Subtask run_kafka_producer
[2024-06-27T20:36:02.521-0400] {task_command.py:426} INFO - Running <TaskInstance: api_cuevana3_movie.run_kafka_producer scheduled__2024-06-27T00:02:00+00:00 [running]> on host walter-VirtualBox
[2024-06-27T20:36:02.674-0400] {taskinstance.py:2648} INFO - Exporting env vars: AIRFLOW_CTX_DAG_OWNER='airflow' AIRFLOW_CTX_DAG_ID='api_cuevana3_movie' AIRFLOW_CTX_TASK_ID='run_kafka_producer' AIRFLOW_CTX_EXECUTION_DATE='2024-06-27T00:02:00+00:00' AIRFLOW_CTX_TRY_NUMBER='1' AIRFLOW_CTX_DAG_RUN_ID='scheduled__2024-06-27T00:02:00+00:00'
[2024-06-27T20:36:02.676-0400] {taskinstance.py:430} INFO - ::endgroup::
[2024-06-27T20:36:02.779-0400] {python.py:237} INFO - Done. Returned value was: None
[2024-06-27T20:36:02.780-0400] {taskinstance.py:441} INFO - ::group::Post task execution logs
[2024-06-27T20:36:02.799-0400] {taskinstance.py:1206} INFO - Marking task as SUCCESS. dag_id=api_cuevana3_movie, task_id=run_kafka_producer, run_id=scheduled__2024-06-27T00:02:00+00:00, execution_date=20240627T000200, start_date=20240628T003602, end_date=20240628T003602
[2024-06-27T20:36:02.910-0400] {local_task_job_runner.py:240} INFO - Task exited with return code 0
[2024-06-27T20:36:02.952-0400] {taskinstance.py:3503} INFO - 1 downstream tasks scheduled from follow-on schedule check
[2024-06-27T20:36:02.975-0400] {local_task_job_runner.py:222} INFO - ::endgroup::
[2024-06-27T21:11:07.593-0400] {local_task_job_runner.py:120} INFO - ::group::Pre task execution logs
[2024-06-27T21:11:07.609-0400] {taskinstance.py:2076} INFO - Dependencies all met for dep_context=non-requeueable deps ti=<TaskInstance: api_cuevana3_movie.run_kafka_producer scheduled__2024-06-27T00:02:00+00:00 [queued]>
[2024-06-27T21:11:07.618-0400] {taskinstance.py:2076} INFO - Dependencies all met for dep_context=requeueable deps ti=<TaskInstance: api_cuevana3_movie.run_kafka_producer scheduled__2024-06-27T00:02:00+00:00 [queued]>
[2024-06-27T21:11:07.620-0400] {taskinstance.py:2306} INFO - Starting attempt 1 of 1
[2024-06-27T21:11:07.638-0400] {taskinstance.py:2330} INFO - Executing <Task(PythonOperator): run_kafka_producer> on 2024-06-27 00:02:00+00:00
[2024-06-27T21:11:07.646-0400] {standard_task_runner.py:63} INFO - Started process 214120 to run task
[2024-06-27T21:11:07.650-0400] {standard_task_runner.py:90} INFO - Running: ['airflow', 'tasks', 'run', 'api_cuevana3_movie', 'run_kafka_producer', 'scheduled__2024-06-27T00:02:00+00:00', '--job-id', '301', '--raw', '--subdir', 'DAGS_FOLDER/movie_recommend.py', '--cfg-path', '/tmp/tmp01aw8y9e']
[2024-06-27T21:11:07.652-0400] {standard_task_runner.py:91} INFO - Job 301: Subtask run_kafka_producer
[2024-06-27T21:11:07.743-0400] {task_command.py:426} INFO - Running <TaskInstance: api_cuevana3_movie.run_kafka_producer scheduled__2024-06-27T00:02:00+00:00 [running]> on host walter-VirtualBox
[2024-06-27T21:11:07.860-0400] {taskinstance.py:2648} INFO - Exporting env vars: AIRFLOW_CTX_DAG_OWNER='airflow' AIRFLOW_CTX_DAG_ID='api_cuevana3_movie' AIRFLOW_CTX_TASK_ID='run_kafka_producer' AIRFLOW_CTX_EXECUTION_DATE='2024-06-27T00:02:00+00:00' AIRFLOW_CTX_TRY_NUMBER='1' AIRFLOW_CTX_DAG_RUN_ID='scheduled__2024-06-27T00:02:00+00:00'
[2024-06-27T21:11:07.862-0400] {taskinstance.py:430} INFO - ::endgroup::
[2024-06-27T21:11:07.987-0400] {python.py:237} INFO - Done. Returned value was: None
[2024-06-27T21:11:07.988-0400] {taskinstance.py:441} INFO - ::group::Post task execution logs
[2024-06-27T21:11:08.014-0400] {taskinstance.py:1206} INFO - Marking task as SUCCESS. dag_id=api_cuevana3_movie, task_id=run_kafka_producer, run_id=scheduled__2024-06-27T00:02:00+00:00, execution_date=20240627T000200, start_date=20240628T011107, end_date=20240628T011108
[2024-06-27T21:11:08.100-0400] {local_task_job_runner.py:240} INFO - Task exited with return code 0
[2024-06-27T21:11:08.194-0400] {taskinstance.py:3503} INFO - 1 downstream tasks scheduled from follow-on schedule check
[2024-06-27T21:11:08.211-0400] {local_task_job_runner.py:222} INFO - ::endgroup::
[2024-06-27T21:44:43.260-0400] {local_task_job_runner.py:120} INFO - ::group::Pre task execution logs
[2024-06-27T21:44:43.304-0400] {taskinstance.py:2076} INFO - Dependencies all met for dep_context=non-requeueable deps ti=<TaskInstance: api_cuevana3_movie.run_kafka_producer scheduled__2024-06-27T00:02:00+00:00 [queued]>
[2024-06-27T21:44:43.310-0400] {taskinstance.py:2076} INFO - Dependencies all met for dep_context=requeueable deps ti=<TaskInstance: api_cuevana3_movie.run_kafka_producer scheduled__2024-06-27T00:02:00+00:00 [queued]>
[2024-06-27T21:44:43.311-0400] {taskinstance.py:2306} INFO - Starting attempt 1 of 1
[2024-06-27T21:44:43.344-0400] {taskinstance.py:2330} INFO - Executing <Task(PythonOperator): run_kafka_producer> on 2024-06-27 00:02:00+00:00
[2024-06-27T21:44:43.353-0400] {standard_task_runner.py:63} INFO - Started process 220685 to run task
[2024-06-27T21:44:43.356-0400] {standard_task_runner.py:90} INFO - Running: ['airflow', 'tasks', 'run', 'api_cuevana3_movie', 'run_kafka_producer', 'scheduled__2024-06-27T00:02:00+00:00', '--job-id', '349', '--raw', '--subdir', 'DAGS_FOLDER/movie_recommend.py', '--cfg-path', '/tmp/tmpqodjxunf']
[2024-06-27T21:44:43.358-0400] {standard_task_runner.py:91} INFO - Job 349: Subtask run_kafka_producer
[2024-06-27T21:44:43.434-0400] {task_command.py:426} INFO - Running <TaskInstance: api_cuevana3_movie.run_kafka_producer scheduled__2024-06-27T00:02:00+00:00 [running]> on host walter-VirtualBox
[2024-06-27T21:44:43.522-0400] {taskinstance.py:2648} INFO - Exporting env vars: AIRFLOW_CTX_DAG_OWNER='airflow' AIRFLOW_CTX_DAG_ID='api_cuevana3_movie' AIRFLOW_CTX_TASK_ID='run_kafka_producer' AIRFLOW_CTX_EXECUTION_DATE='2024-06-27T00:02:00+00:00' AIRFLOW_CTX_TRY_NUMBER='1' AIRFLOW_CTX_DAG_RUN_ID='scheduled__2024-06-27T00:02:00+00:00'
[2024-06-27T21:44:43.522-0400] {taskinstance.py:430} INFO - ::endgroup::
[2024-06-27T21:44:43.603-0400] {python.py:237} INFO - Done. Returned value was: None
[2024-06-27T21:44:43.604-0400] {taskinstance.py:441} INFO - ::group::Post task execution logs
[2024-06-27T21:44:43.612-0400] {taskinstance.py:1206} INFO - Marking task as SUCCESS. dag_id=api_cuevana3_movie, task_id=run_kafka_producer, run_id=scheduled__2024-06-27T00:02:00+00:00, execution_date=20240627T000200, start_date=20240628T014443, end_date=20240628T014443
[2024-06-27T21:44:43.669-0400] {local_task_job_runner.py:240} INFO - Task exited with return code 0
[2024-06-27T21:44:43.698-0400] {taskinstance.py:3503} INFO - 1 downstream tasks scheduled from follow-on schedule check
[2024-06-27T21:44:43.708-0400] {local_task_job_runner.py:222} INFO - ::endgroup::
[2024-06-28T09:52:26.956-0400] {local_task_job_runner.py:120} INFO - ::group::Pre task execution logs
[2024-06-28T09:52:27.003-0400] {taskinstance.py:2076} INFO - Dependencies all met for dep_context=non-requeueable deps ti=<TaskInstance: api_cuevana3_movie.run_kafka_producer scheduled__2024-06-27T00:02:00+00:00 [queued]>
[2024-06-28T09:52:27.036-0400] {taskinstance.py:2076} INFO - Dependencies all met for dep_context=requeueable deps ti=<TaskInstance: api_cuevana3_movie.run_kafka_producer scheduled__2024-06-27T00:02:00+00:00 [queued]>
[2024-06-28T09:52:27.036-0400] {taskinstance.py:2306} INFO - Starting attempt 1 of 1
[2024-06-28T09:52:27.057-0400] {taskinstance.py:2330} INFO - Executing <Task(PythonOperator): run_kafka_producer> on 2024-06-27 00:02:00+00:00
[2024-06-28T09:52:27.073-0400] {standard_task_runner.py:63} INFO - Started process 230117 to run task
[2024-06-28T09:52:27.078-0400] {standard_task_runner.py:90} INFO - Running: ['airflow', 'tasks', 'run', 'api_cuevana3_movie', 'run_kafka_producer', 'scheduled__2024-06-27T00:02:00+00:00', '--job-id', '393', '--raw', '--subdir', 'DAGS_FOLDER/movie_recommend.py', '--cfg-path', '/tmp/tmp_6twrupi']
[2024-06-28T09:52:27.080-0400] {standard_task_runner.py:91} INFO - Job 393: Subtask run_kafka_producer
[2024-06-28T09:52:27.129-0400] {task_command.py:426} INFO - Running <TaskInstance: api_cuevana3_movie.run_kafka_producer scheduled__2024-06-27T00:02:00+00:00 [running]> on host walter-VirtualBox
[2024-06-28T09:52:27.317-0400] {taskinstance.py:2648} INFO - Exporting env vars: AIRFLOW_CTX_DAG_OWNER='airflow' AIRFLOW_CTX_DAG_ID='api_cuevana3_movie' AIRFLOW_CTX_TASK_ID='run_kafka_producer' AIRFLOW_CTX_EXECUTION_DATE='2024-06-27T00:02:00+00:00' AIRFLOW_CTX_TRY_NUMBER='1' AIRFLOW_CTX_DAG_RUN_ID='scheduled__2024-06-27T00:02:00+00:00'
[2024-06-28T09:52:27.318-0400] {taskinstance.py:430} INFO - ::endgroup::
[2024-06-28T09:52:27.412-0400] {python.py:237} INFO - Done. Returned value was: None
[2024-06-28T09:52:27.413-0400] {taskinstance.py:441} INFO - ::group::Post task execution logs
[2024-06-28T09:52:27.426-0400] {taskinstance.py:1206} INFO - Marking task as SUCCESS. dag_id=api_cuevana3_movie, task_id=run_kafka_producer, run_id=scheduled__2024-06-27T00:02:00+00:00, execution_date=20240627T000200, start_date=20240628T135227, end_date=20240628T135227
[2024-06-28T09:52:27.565-0400] {local_task_job_runner.py:240} INFO - Task exited with return code 0
[2024-06-28T09:52:27.636-0400] {taskinstance.py:3503} INFO - 1 downstream tasks scheduled from follow-on schedule check
[2024-06-28T09:52:27.653-0400] {local_task_job_runner.py:222} INFO - ::endgroup::
[2024-06-28T11:01:44.681-0400] {local_task_job_runner.py:120} INFO - ::group::Pre task execution logs
[2024-06-28T11:01:44.700-0400] {taskinstance.py:2076} INFO - Dependencies all met for dep_context=non-requeueable deps ti=<TaskInstance: api_cuevana3_movie.run_kafka_producer scheduled__2024-06-27T00:02:00+00:00 [queued]>
[2024-06-28T11:01:44.705-0400] {taskinstance.py:2076} INFO - Dependencies all met for dep_context=requeueable deps ti=<TaskInstance: api_cuevana3_movie.run_kafka_producer scheduled__2024-06-27T00:02:00+00:00 [queued]>
[2024-06-28T11:01:44.705-0400] {taskinstance.py:2306} INFO - Starting attempt 1 of 1
[2024-06-28T11:01:44.743-0400] {taskinstance.py:2330} INFO - Executing <Task(PythonOperator): run_kafka_producer> on 2024-06-27 00:02:00+00:00
[2024-06-28T11:01:44.749-0400] {standard_task_runner.py:63} INFO - Started process 236821 to run task
[2024-06-28T11:01:44.753-0400] {standard_task_runner.py:90} INFO - Running: ['airflow', 'tasks', 'run', 'api_cuevana3_movie', 'run_kafka_producer', 'scheduled__2024-06-27T00:02:00+00:00', '--job-id', '453', '--raw', '--subdir', 'DAGS_FOLDER/movie_recommend.py', '--cfg-path', '/tmp/tmpz4ffqo5n']
[2024-06-28T11:01:44.754-0400] {standard_task_runner.py:91} INFO - Job 453: Subtask run_kafka_producer
[2024-06-28T11:01:44.855-0400] {task_command.py:426} INFO - Running <TaskInstance: api_cuevana3_movie.run_kafka_producer scheduled__2024-06-27T00:02:00+00:00 [running]> on host walter-VirtualBox
[2024-06-28T11:01:45.069-0400] {taskinstance.py:2648} INFO - Exporting env vars: AIRFLOW_CTX_DAG_OWNER='airflow' AIRFLOW_CTX_DAG_ID='api_cuevana3_movie' AIRFLOW_CTX_TASK_ID='run_kafka_producer' AIRFLOW_CTX_EXECUTION_DATE='2024-06-27T00:02:00+00:00' AIRFLOW_CTX_TRY_NUMBER='1' AIRFLOW_CTX_DAG_RUN_ID='scheduled__2024-06-27T00:02:00+00:00'
[2024-06-28T11:01:45.070-0400] {taskinstance.py:430} INFO - ::endgroup::
[2024-06-28T11:01:45.191-0400] {python.py:237} INFO - Done. Returned value was: None
[2024-06-28T11:01:45.192-0400] {taskinstance.py:441} INFO - ::group::Post task execution logs
[2024-06-28T11:01:45.197-0400] {taskinstance.py:1206} INFO - Marking task as SUCCESS. dag_id=api_cuevana3_movie, task_id=run_kafka_producer, run_id=scheduled__2024-06-27T00:02:00+00:00, execution_date=20240627T000200, start_date=20240628T150144, end_date=20240628T150145
[2024-06-28T11:01:45.277-0400] {local_task_job_runner.py:240} INFO - Task exited with return code 0
[2024-06-28T11:01:45.300-0400] {taskinstance.py:3503} INFO - 1 downstream tasks scheduled from follow-on schedule check
[2024-06-28T11:01:45.324-0400] {local_task_job_runner.py:222} INFO - ::endgroup::
[2024-06-28T11:04:09.783-0400] {local_task_job_runner.py:120} INFO - ::group::Pre task execution logs
[2024-06-28T11:04:09.805-0400] {taskinstance.py:2076} INFO - Dependencies all met for dep_context=non-requeueable deps ti=<TaskInstance: api_cuevana3_movie.run_kafka_producer scheduled__2024-06-27T00:02:00+00:00 [queued]>
[2024-06-28T11:04:09.818-0400] {taskinstance.py:2076} INFO - Dependencies all met for dep_context=requeueable deps ti=<TaskInstance: api_cuevana3_movie.run_kafka_producer scheduled__2024-06-27T00:02:00+00:00 [queued]>
[2024-06-28T11:04:09.819-0400] {taskinstance.py:2306} INFO - Starting attempt 1 of 1
[2024-06-28T11:04:09.850-0400] {taskinstance.py:2330} INFO - Executing <Task(PythonOperator): run_kafka_producer> on 2024-06-27 00:02:00+00:00
[2024-06-28T11:04:09.866-0400] {standard_task_runner.py:63} INFO - Started process 237544 to run task
[2024-06-28T11:04:09.877-0400] {standard_task_runner.py:90} INFO - Running: ['airflow', 'tasks', 'run', 'api_cuevana3_movie', 'run_kafka_producer', 'scheduled__2024-06-27T00:02:00+00:00', '--job-id', '466', '--raw', '--subdir', 'DAGS_FOLDER/movie_recommend.py', '--cfg-path', '/tmp/tmpiudb9q9e']
[2024-06-28T11:04:09.881-0400] {standard_task_runner.py:91} INFO - Job 466: Subtask run_kafka_producer
[2024-06-28T11:04:10.037-0400] {task_command.py:426} INFO - Running <TaskInstance: api_cuevana3_movie.run_kafka_producer scheduled__2024-06-27T00:02:00+00:00 [running]> on host walter-VirtualBox
[2024-06-28T11:04:10.174-0400] {taskinstance.py:2648} INFO - Exporting env vars: AIRFLOW_CTX_DAG_OWNER='airflow' AIRFLOW_CTX_DAG_ID='api_cuevana3_movie' AIRFLOW_CTX_TASK_ID='run_kafka_producer' AIRFLOW_CTX_EXECUTION_DATE='2024-06-27T00:02:00+00:00' AIRFLOW_CTX_TRY_NUMBER='1' AIRFLOW_CTX_DAG_RUN_ID='scheduled__2024-06-27T00:02:00+00:00'
[2024-06-28T11:04:10.181-0400] {taskinstance.py:430} INFO - ::endgroup::
[2024-06-28T11:04:10.463-0400] {python.py:237} INFO - Done. Returned value was: None
[2024-06-28T11:04:10.463-0400] {taskinstance.py:441} INFO - ::group::Post task execution logs
[2024-06-28T11:04:10.477-0400] {taskinstance.py:1206} INFO - Marking task as SUCCESS. dag_id=api_cuevana3_movie, task_id=run_kafka_producer, run_id=scheduled__2024-06-27T00:02:00+00:00, execution_date=20240627T000200, start_date=20240628T150409, end_date=20240628T150410
[2024-06-28T11:04:10.563-0400] {local_task_job_runner.py:240} INFO - Task exited with return code 0
[2024-06-28T11:04:10.599-0400] {taskinstance.py:3503} INFO - 1 downstream tasks scheduled from follow-on schedule check
[2024-06-28T11:04:10.652-0400] {local_task_job_runner.py:222} INFO - ::endgroup::
[2024-06-28T11:16:48.662-0400] {local_task_job_runner.py:120} INFO - ::group::Pre task execution logs
[2024-06-28T11:16:48.682-0400] {taskinstance.py:2076} INFO - Dependencies all met for dep_context=non-requeueable deps ti=<TaskInstance: api_cuevana3_movie.run_kafka_producer scheduled__2024-06-27T00:02:00+00:00 [queued]>
[2024-06-28T11:16:48.687-0400] {taskinstance.py:2076} INFO - Dependencies all met for dep_context=requeueable deps ti=<TaskInstance: api_cuevana3_movie.run_kafka_producer scheduled__2024-06-27T00:02:00+00:00 [queued]>
[2024-06-28T11:16:48.688-0400] {taskinstance.py:2306} INFO - Starting attempt 1 of 1
[2024-06-28T11:16:48.735-0400] {taskinstance.py:2330} INFO - Executing <Task(PythonOperator): run_kafka_producer> on 2024-06-27 00:02:00+00:00
[2024-06-28T11:16:48.741-0400] {standard_task_runner.py:63} INFO - Started process 241277 to run task
[2024-06-28T11:16:48.744-0400] {standard_task_runner.py:90} INFO - Running: ['airflow', 'tasks', 'run', 'api_cuevana3_movie', 'run_kafka_producer', 'scheduled__2024-06-27T00:02:00+00:00', '--job-id', '523', '--raw', '--subdir', 'DAGS_FOLDER/movie_recommend.py', '--cfg-path', '/tmp/tmpvsbr8l3o']
[2024-06-28T11:16:48.748-0400] {standard_task_runner.py:91} INFO - Job 523: Subtask run_kafka_producer
[2024-06-28T11:16:48.857-0400] {task_command.py:426} INFO - Running <TaskInstance: api_cuevana3_movie.run_kafka_producer scheduled__2024-06-27T00:02:00+00:00 [running]> on host walter-VirtualBox
[2024-06-28T11:16:49.099-0400] {taskinstance.py:2648} INFO - Exporting env vars: AIRFLOW_CTX_DAG_OWNER='airflow' AIRFLOW_CTX_DAG_ID='api_cuevana3_movie' AIRFLOW_CTX_TASK_ID='run_kafka_producer' AIRFLOW_CTX_EXECUTION_DATE='2024-06-27T00:02:00+00:00' AIRFLOW_CTX_TRY_NUMBER='1' AIRFLOW_CTX_DAG_RUN_ID='scheduled__2024-06-27T00:02:00+00:00'
[2024-06-28T11:16:49.100-0400] {taskinstance.py:430} INFO - ::endgroup::
[2024-06-28T11:16:49.241-0400] {python.py:237} INFO - Done. Returned value was: None
[2024-06-28T11:16:49.243-0400] {taskinstance.py:441} INFO - ::group::Post task execution logs
[2024-06-28T11:16:49.251-0400] {taskinstance.py:1206} INFO - Marking task as SUCCESS. dag_id=api_cuevana3_movie, task_id=run_kafka_producer, run_id=scheduled__2024-06-27T00:02:00+00:00, execution_date=20240627T000200, start_date=20240628T151648, end_date=20240628T151649
[2024-06-28T11:16:49.363-0400] {local_task_job_runner.py:240} INFO - Task exited with return code 0
[2024-06-28T11:16:49.413-0400] {taskinstance.py:3503} INFO - 1 downstream tasks scheduled from follow-on schedule check
[2024-06-28T11:16:49.448-0400] {local_task_job_runner.py:222} INFO - ::endgroup::
[2024-06-28T15:59:51.676-0400] {local_task_job_runner.py:120} INFO - ::group::Pre task execution logs
[2024-06-28T15:59:51.713-0400] {taskinstance.py:2076} INFO - Dependencies all met for dep_context=non-requeueable deps ti=<TaskInstance: api_cuevana3_movie.run_kafka_producer scheduled__2024-06-27T00:02:00+00:00 [queued]>
[2024-06-28T15:59:51.725-0400] {taskinstance.py:2076} INFO - Dependencies all met for dep_context=requeueable deps ti=<TaskInstance: api_cuevana3_movie.run_kafka_producer scheduled__2024-06-27T00:02:00+00:00 [queued]>
[2024-06-28T15:59:51.726-0400] {taskinstance.py:2306} INFO - Starting attempt 1 of 1
[2024-06-28T15:59:51.749-0400] {taskinstance.py:2330} INFO - Executing <Task(PythonOperator): run_kafka_producer> on 2024-06-27 00:02:00+00:00
[2024-06-28T15:59:51.755-0400] {standard_task_runner.py:63} INFO - Started process 245417 to run task
[2024-06-28T15:59:51.757-0400] {standard_task_runner.py:90} INFO - Running: ['airflow', 'tasks', 'run', 'api_cuevana3_movie', 'run_kafka_producer', 'scheduled__2024-06-27T00:02:00+00:00', '--job-id', '573', '--raw', '--subdir', 'DAGS_FOLDER/movie_recommend.py', '--cfg-path', '/tmp/tmp9b8cbqbd']
[2024-06-28T15:59:51.759-0400] {standard_task_runner.py:91} INFO - Job 573: Subtask run_kafka_producer
[2024-06-28T15:59:51.850-0400] {task_command.py:426} INFO - Running <TaskInstance: api_cuevana3_movie.run_kafka_producer scheduled__2024-06-27T00:02:00+00:00 [running]> on host walter-VirtualBox
[2024-06-28T15:59:52.037-0400] {taskinstance.py:2648} INFO - Exporting env vars: AIRFLOW_CTX_DAG_OWNER='airflow' AIRFLOW_CTX_DAG_ID='api_cuevana3_movie' AIRFLOW_CTX_TASK_ID='run_kafka_producer' AIRFLOW_CTX_EXECUTION_DATE='2024-06-27T00:02:00+00:00' AIRFLOW_CTX_TRY_NUMBER='1' AIRFLOW_CTX_DAG_RUN_ID='scheduled__2024-06-27T00:02:00+00:00'
[2024-06-28T15:59:52.041-0400] {taskinstance.py:430} INFO - ::endgroup::
[2024-06-28T15:59:52.191-0400] {python.py:237} INFO - Done. Returned value was: None
[2024-06-28T15:59:52.191-0400] {taskinstance.py:441} INFO - ::group::Post task execution logs
[2024-06-28T15:59:52.197-0400] {taskinstance.py:1206} INFO - Marking task as SUCCESS. dag_id=api_cuevana3_movie, task_id=run_kafka_producer, run_id=scheduled__2024-06-27T00:02:00+00:00, execution_date=20240627T000200, start_date=20240628T195951, end_date=20240628T195952
[2024-06-28T15:59:52.245-0400] {local_task_job_runner.py:240} INFO - Task exited with return code 0
[2024-06-28T15:59:52.281-0400] {taskinstance.py:3503} INFO - 1 downstream tasks scheduled from follow-on schedule check
[2024-06-28T15:59:52.303-0400] {local_task_job_runner.py:222} INFO - ::endgroup::
[2024-06-28T16:19:06.534-0400] {local_task_job_runner.py:120} INFO - ::group::Pre task execution logs
[2024-06-28T16:19:06.618-0400] {taskinstance.py:2076} INFO - Dependencies all met for dep_context=non-requeueable deps ti=<TaskInstance: api_cuevana3_movie.run_kafka_producer scheduled__2024-06-27T00:02:00+00:00 [queued]>
[2024-06-28T16:19:06.651-0400] {taskinstance.py:2076} INFO - Dependencies all met for dep_context=requeueable deps ti=<TaskInstance: api_cuevana3_movie.run_kafka_producer scheduled__2024-06-27T00:02:00+00:00 [queued]>
[2024-06-28T16:19:06.653-0400] {taskinstance.py:2306} INFO - Starting attempt 1 of 1
[2024-06-28T16:19:06.810-0400] {taskinstance.py:2330} INFO - Executing <Task(PythonOperator): run_kafka_producer> on 2024-06-27 00:02:00+00:00
[2024-06-28T16:19:06.822-0400] {standard_task_runner.py:63} INFO - Started process 248094 to run task
[2024-06-28T16:19:06.825-0400] {standard_task_runner.py:90} INFO - Running: ['airflow', 'tasks', 'run', 'api_cuevana3_movie', 'run_kafka_producer', 'scheduled__2024-06-27T00:02:00+00:00', '--job-id', '598', '--raw', '--subdir', 'DAGS_FOLDER/movie_recommend.py', '--cfg-path', '/tmp/tmpi0yyehih']
[2024-06-28T16:19:06.829-0400] {standard_task_runner.py:91} INFO - Job 598: Subtask run_kafka_producer
[2024-06-28T16:19:07.225-0400] {task_command.py:426} INFO - Running <TaskInstance: api_cuevana3_movie.run_kafka_producer scheduled__2024-06-27T00:02:00+00:00 [running]> on host walter-VirtualBox
[2024-06-28T16:19:07.696-0400] {taskinstance.py:2648} INFO - Exporting env vars: AIRFLOW_CTX_DAG_OWNER='airflow' AIRFLOW_CTX_DAG_ID='api_cuevana3_movie' AIRFLOW_CTX_TASK_ID='run_kafka_producer' AIRFLOW_CTX_EXECUTION_DATE='2024-06-27T00:02:00+00:00' AIRFLOW_CTX_TRY_NUMBER='1' AIRFLOW_CTX_DAG_RUN_ID='scheduled__2024-06-27T00:02:00+00:00'
[2024-06-28T16:19:07.701-0400] {taskinstance.py:430} INFO - ::endgroup::
[2024-06-28T16:19:08.124-0400] {python.py:237} INFO - Done. Returned value was: None
[2024-06-28T16:19:08.125-0400] {taskinstance.py:441} INFO - ::group::Post task execution logs
[2024-06-28T16:19:08.167-0400] {taskinstance.py:1206} INFO - Marking task as SUCCESS. dag_id=api_cuevana3_movie, task_id=run_kafka_producer, run_id=scheduled__2024-06-27T00:02:00+00:00, execution_date=20240627T000200, start_date=20240628T201906, end_date=20240628T201908
[2024-06-28T16:19:08.364-0400] {local_task_job_runner.py:240} INFO - Task exited with return code 0
[2024-06-28T16:19:08.428-0400] {taskinstance.py:3503} INFO - 1 downstream tasks scheduled from follow-on schedule check
[2024-06-28T16:19:08.569-0400] {local_task_job_runner.py:222} INFO - ::endgroup::
