[2024-07-02T09:41:03.488-0400] {local_task_job_runner.py:120} INFO - ::group::Pre task execution logs
[2024-07-02T09:41:03.507-0400] {taskinstance.py:2076} INFO - Dependencies all met for dep_context=non-requeueable deps ti=<TaskInstance: api_cuevana3_movie.transform_with_spark scheduled__2024-07-01T00:01:15+00:00 [queued]>
[2024-07-02T09:41:03.519-0400] {taskinstance.py:2076} INFO - Dependencies all met for dep_context=requeueable deps ti=<TaskInstance: api_cuevana3_movie.transform_with_spark scheduled__2024-07-01T00:01:15+00:00 [queued]>
[2024-07-02T09:41:03.519-0400] {taskinstance.py:2306} INFO - Starting attempt 1 of 1
[2024-07-02T09:41:03.549-0400] {taskinstance.py:2330} INFO - Executing <Task(PythonOperator): transform_with_spark> on 2024-07-01 00:01:15+00:00
[2024-07-02T09:41:03.559-0400] {standard_task_runner.py:63} INFO - Started process 483080 to run task
[2024-07-02T09:41:03.566-0400] {standard_task_runner.py:90} INFO - Running: ['airflow', 'tasks', 'run', 'api_cuevana3_movie', 'transform_with_spark', 'scheduled__2024-07-01T00:01:15+00:00', '--job-id', '971', '--raw', '--subdir', 'DAGS_FOLDER/movie_recommend.py', '--cfg-path', '/tmp/tmp7v5jp9sb']
[2024-07-02T09:41:03.569-0400] {standard_task_runner.py:91} INFO - Job 971: Subtask transform_with_spark
[2024-07-02T09:41:03.625-0400] {task_command.py:426} INFO - Running <TaskInstance: api_cuevana3_movie.transform_with_spark scheduled__2024-07-01T00:01:15+00:00 [running]> on host walter-VirtualBox
[2024-07-02T09:41:03.823-0400] {taskinstance.py:2648} INFO - Exporting env vars: AIRFLOW_CTX_DAG_OWNER='airflow' AIRFLOW_CTX_DAG_ID='api_cuevana3_movie' AIRFLOW_CTX_TASK_ID='transform_with_spark' AIRFLOW_CTX_EXECUTION_DATE='2024-07-01T00:01:15+00:00' AIRFLOW_CTX_TRY_NUMBER='1' AIRFLOW_CTX_DAG_RUN_ID='scheduled__2024-07-01T00:01:15+00:00'
[2024-07-02T09:41:03.824-0400] {taskinstance.py:430} INFO - ::endgroup::
[2024-07-02T09:41:03.852-0400] {logging_mixin.py:188} INFO - No se pudo obtener el JSON de datos de la pelicula
[2024-07-02T09:41:03.854-0400] {python.py:237} INFO - Done. Returned value was: None
[2024-07-02T09:41:03.854-0400] {taskinstance.py:441} INFO - ::group::Post task execution logs
[2024-07-02T09:41:03.865-0400] {taskinstance.py:1206} INFO - Marking task as SUCCESS. dag_id=api_cuevana3_movie, task_id=transform_with_spark, run_id=scheduled__2024-07-01T00:01:15+00:00, execution_date=20240701T000115, start_date=20240702T134103, end_date=20240702T134103
[2024-07-02T09:41:03.965-0400] {local_task_job_runner.py:240} INFO - Task exited with return code 0
[2024-07-02T09:41:03.984-0400] {taskinstance.py:3503} INFO - 0 downstream tasks scheduled from follow-on schedule check
[2024-07-02T09:41:03.986-0400] {local_task_job_runner.py:222} INFO - ::endgroup::
[2024-07-02T10:41:40.412-0400] {local_task_job_runner.py:120} INFO - ::group::Pre task execution logs
[2024-07-02T10:41:40.425-0400] {taskinstance.py:2076} INFO - Dependencies all met for dep_context=non-requeueable deps ti=<TaskInstance: api_cuevana3_movie.transform_with_spark scheduled__2024-07-01T00:01:15+00:00 [queued]>
[2024-07-02T10:41:40.439-0400] {taskinstance.py:2076} INFO - Dependencies all met for dep_context=requeueable deps ti=<TaskInstance: api_cuevana3_movie.transform_with_spark scheduled__2024-07-01T00:01:15+00:00 [queued]>
[2024-07-02T10:41:40.440-0400] {taskinstance.py:2306} INFO - Starting attempt 1 of 1
[2024-07-02T10:41:40.480-0400] {taskinstance.py:2330} INFO - Executing <Task(PythonOperator): transform_with_spark> on 2024-07-01 00:01:15+00:00
[2024-07-02T10:41:40.486-0400] {standard_task_runner.py:63} INFO - Started process 498054 to run task
[2024-07-02T10:41:40.489-0400] {standard_task_runner.py:90} INFO - Running: ['airflow', 'tasks', 'run', 'api_cuevana3_movie', 'transform_with_spark', 'scheduled__2024-07-01T00:01:15+00:00', '--job-id', '1180', '--raw', '--subdir', 'DAGS_FOLDER/movie_recommend.py', '--cfg-path', '/tmp/tmpebgnj_y8']
[2024-07-02T10:41:40.490-0400] {standard_task_runner.py:91} INFO - Job 1180: Subtask transform_with_spark
[2024-07-02T10:41:40.526-0400] {task_command.py:426} INFO - Running <TaskInstance: api_cuevana3_movie.transform_with_spark scheduled__2024-07-01T00:01:15+00:00 [running]> on host walter-VirtualBox
[2024-07-02T10:41:40.589-0400] {taskinstance.py:2648} INFO - Exporting env vars: AIRFLOW_CTX_DAG_OWNER='airflow' AIRFLOW_CTX_DAG_ID='api_cuevana3_movie' AIRFLOW_CTX_TASK_ID='transform_with_spark' AIRFLOW_CTX_EXECUTION_DATE='2024-07-01T00:01:15+00:00' AIRFLOW_CTX_TRY_NUMBER='1' AIRFLOW_CTX_DAG_RUN_ID='scheduled__2024-07-01T00:01:15+00:00'
[2024-07-02T10:41:40.590-0400] {taskinstance.py:430} INFO - ::endgroup::
[2024-07-02T10:41:40.611-0400] {logging_mixin.py:188} INFO - No se pudo obtener el JSON de datos de la pelicula
[2024-07-02T10:41:40.612-0400] {python.py:237} INFO - Done. Returned value was: None
[2024-07-02T10:41:40.612-0400] {taskinstance.py:441} INFO - ::group::Post task execution logs
[2024-07-02T10:41:40.617-0400] {taskinstance.py:1206} INFO - Marking task as SUCCESS. dag_id=api_cuevana3_movie, task_id=transform_with_spark, run_id=scheduled__2024-07-01T00:01:15+00:00, execution_date=20240701T000115, start_date=20240702T144140, end_date=20240702T144140
[2024-07-02T10:41:40.716-0400] {local_task_job_runner.py:240} INFO - Task exited with return code 0
[2024-07-02T10:41:40.738-0400] {taskinstance.py:3503} INFO - 0 downstream tasks scheduled from follow-on schedule check
[2024-07-02T10:41:40.740-0400] {local_task_job_runner.py:222} INFO - ::endgroup::
[2024-07-02T10:58:29.161-0400] {local_task_job_runner.py:120} INFO - ::group::Pre task execution logs
[2024-07-02T10:58:29.188-0400] {taskinstance.py:2076} INFO - Dependencies all met for dep_context=non-requeueable deps ti=<TaskInstance: api_cuevana3_movie.transform_with_spark scheduled__2024-07-01T00:01:15+00:00 [queued]>
[2024-07-02T10:58:29.193-0400] {taskinstance.py:2076} INFO - Dependencies all met for dep_context=requeueable deps ti=<TaskInstance: api_cuevana3_movie.transform_with_spark scheduled__2024-07-01T00:01:15+00:00 [queued]>
[2024-07-02T10:58:29.193-0400] {taskinstance.py:2306} INFO - Starting attempt 1 of 1
[2024-07-02T10:58:29.216-0400] {taskinstance.py:2330} INFO - Executing <Task(PythonOperator): transform_with_spark> on 2024-07-01 00:01:15+00:00
[2024-07-02T10:58:29.222-0400] {standard_task_runner.py:63} INFO - Started process 501197 to run task
[2024-07-02T10:58:29.225-0400] {standard_task_runner.py:90} INFO - Running: ['airflow', 'tasks', 'run', 'api_cuevana3_movie', 'transform_with_spark', 'scheduled__2024-07-01T00:01:15+00:00', '--job-id', '1338', '--raw', '--subdir', 'DAGS_FOLDER/movie_recommend.py', '--cfg-path', '/tmp/tmp4bowasq_']
[2024-07-02T10:58:29.227-0400] {standard_task_runner.py:91} INFO - Job 1338: Subtask transform_with_spark
[2024-07-02T10:58:29.286-0400] {task_command.py:426} INFO - Running <TaskInstance: api_cuevana3_movie.transform_with_spark scheduled__2024-07-01T00:01:15+00:00 [running]> on host walter-VirtualBox
[2024-07-02T10:58:29.411-0400] {taskinstance.py:2648} INFO - Exporting env vars: AIRFLOW_CTX_DAG_OWNER='airflow' AIRFLOW_CTX_DAG_ID='api_cuevana3_movie' AIRFLOW_CTX_TASK_ID='transform_with_spark' AIRFLOW_CTX_EXECUTION_DATE='2024-07-01T00:01:15+00:00' AIRFLOW_CTX_TRY_NUMBER='1' AIRFLOW_CTX_DAG_RUN_ID='scheduled__2024-07-01T00:01:15+00:00'
[2024-07-02T10:58:29.412-0400] {taskinstance.py:430} INFO - ::endgroup::
[2024-07-02T10:58:29.439-0400] {logging_mixin.py:188} INFO - No se pudo obtener el JSON de datos de la pelicula
[2024-07-02T10:58:29.440-0400] {python.py:237} INFO - Done. Returned value was: None
[2024-07-02T10:58:29.440-0400] {taskinstance.py:441} INFO - ::group::Post task execution logs
[2024-07-02T10:58:29.444-0400] {taskinstance.py:1206} INFO - Marking task as SUCCESS. dag_id=api_cuevana3_movie, task_id=transform_with_spark, run_id=scheduled__2024-07-01T00:01:15+00:00, execution_date=20240701T000115, start_date=20240702T145829, end_date=20240702T145829
[2024-07-02T10:58:29.494-0400] {local_task_job_runner.py:240} INFO - Task exited with return code 0
[2024-07-02T10:58:29.517-0400] {taskinstance.py:3503} INFO - 0 downstream tasks scheduled from follow-on schedule check
[2024-07-02T10:58:29.519-0400] {local_task_job_runner.py:222} INFO - ::endgroup::
