[2024-07-01T23:50:53.698-0400] {local_task_job_runner.py:120} INFO - ::group::Pre task execution logs
[2024-07-01T23:50:53.718-0400] {taskinstance.py:2076} INFO - Dependencies all met for dep_context=non-requeueable deps ti=<TaskInstance: api_cuevana3_movie.execute_post_url_fastapi scheduled__2024-07-01T00:00:30+00:00 [queued]>
[2024-07-01T23:50:53.724-0400] {taskinstance.py:2076} INFO - Dependencies all met for dep_context=requeueable deps ti=<TaskInstance: api_cuevana3_movie.execute_post_url_fastapi scheduled__2024-07-01T00:00:30+00:00 [queued]>
[2024-07-01T23:50:53.725-0400] {taskinstance.py:2306} INFO - Starting attempt 1 of 1
[2024-07-01T23:50:53.777-0400] {taskinstance.py:2330} INFO - Executing <Task(PythonOperator): execute_post_url_fastapi> on 2024-07-01 00:00:30+00:00
[2024-07-01T23:50:53.784-0400] {standard_task_runner.py:63} INFO - Started process 464924 to run task
[2024-07-01T23:50:53.790-0400] {standard_task_runner.py:90} INFO - Running: ['airflow', 'tasks', 'run', 'api_cuevana3_movie', 'execute_post_url_fastapi', 'scheduled__2024-07-01T00:00:30+00:00', '--job-id', '917', '--raw', '--subdir', 'DAGS_FOLDER/movie_recommend.py', '--cfg-path', '/tmp/tmpe2px28n_']
[2024-07-01T23:50:53.793-0400] {standard_task_runner.py:91} INFO - Job 917: Subtask execute_post_url_fastapi
[2024-07-01T23:50:53.891-0400] {task_command.py:426} INFO - Running <TaskInstance: api_cuevana3_movie.execute_post_url_fastapi scheduled__2024-07-01T00:00:30+00:00 [running]> on host walter-VirtualBox
[2024-07-01T23:50:54.016-0400] {taskinstance.py:2648} INFO - Exporting env vars: AIRFLOW_CTX_DAG_OWNER='airflow' AIRFLOW_CTX_DAG_ID='api_cuevana3_movie' AIRFLOW_CTX_TASK_ID='execute_post_url_fastapi' AIRFLOW_CTX_EXECUTION_DATE='2024-07-01T00:00:30+00:00' AIRFLOW_CTX_TRY_NUMBER='1' AIRFLOW_CTX_DAG_RUN_ID='scheduled__2024-07-01T00:00:30+00:00'
[2024-07-01T23:50:54.017-0400] {taskinstance.py:430} INFO - ::endgroup::
[2024-07-01T23:50:56.097-0400] {logging_mixin.py:188} INFO - Scraping URL did not find any new URLs
[2024-07-01T23:50:56.099-0400] {python.py:237} INFO - Done. Returned value was: None
[2024-07-01T23:50:56.101-0400] {taskinstance.py:441} INFO - ::group::Post task execution logs
[2024-07-01T23:50:56.112-0400] {taskinstance.py:1206} INFO - Marking task as SUCCESS. dag_id=api_cuevana3_movie, task_id=execute_post_url_fastapi, run_id=scheduled__2024-07-01T00:00:30+00:00, execution_date=20240701T000030, start_date=20240702T035053, end_date=20240702T035056
[2024-07-01T23:50:56.160-0400] {local_task_job_runner.py:240} INFO - Task exited with return code 0
[2024-07-01T23:50:56.196-0400] {taskinstance.py:3503} INFO - 3 downstream tasks scheduled from follow-on schedule check
[2024-07-01T23:50:56.205-0400] {local_task_job_runner.py:222} INFO - ::endgroup::
[2024-07-01T23:57:01.247-0400] {local_task_job_runner.py:120} INFO - ::group::Pre task execution logs
[2024-07-01T23:57:01.264-0400] {taskinstance.py:2076} INFO - Dependencies all met for dep_context=non-requeueable deps ti=<TaskInstance: api_cuevana3_movie.execute_post_url_fastapi scheduled__2024-07-01T00:00:30+00:00 [queued]>
[2024-07-01T23:57:01.268-0400] {taskinstance.py:2076} INFO - Dependencies all met for dep_context=requeueable deps ti=<TaskInstance: api_cuevana3_movie.execute_post_url_fastapi scheduled__2024-07-01T00:00:30+00:00 [queued]>
[2024-07-01T23:57:01.269-0400] {taskinstance.py:2306} INFO - Starting attempt 1 of 1
[2024-07-01T23:57:01.308-0400] {taskinstance.py:2330} INFO - Executing <Task(PythonOperator): execute_post_url_fastapi> on 2024-07-01 00:00:30+00:00
[2024-07-01T23:57:01.314-0400] {standard_task_runner.py:63} INFO - Started process 469272 to run task
[2024-07-01T23:57:01.317-0400] {standard_task_runner.py:90} INFO - Running: ['airflow', 'tasks', 'run', 'api_cuevana3_movie', 'execute_post_url_fastapi', 'scheduled__2024-07-01T00:00:30+00:00', '--job-id', '934', '--raw', '--subdir', 'DAGS_FOLDER/movie_recommend.py', '--cfg-path', '/tmp/tmp6proape8']
[2024-07-01T23:57:01.319-0400] {standard_task_runner.py:91} INFO - Job 934: Subtask execute_post_url_fastapi
[2024-07-01T23:57:01.406-0400] {task_command.py:426} INFO - Running <TaskInstance: api_cuevana3_movie.execute_post_url_fastapi scheduled__2024-07-01T00:00:30+00:00 [running]> on host walter-VirtualBox
[2024-07-01T23:57:01.538-0400] {taskinstance.py:2648} INFO - Exporting env vars: AIRFLOW_CTX_DAG_OWNER='airflow' AIRFLOW_CTX_DAG_ID='api_cuevana3_movie' AIRFLOW_CTX_TASK_ID='execute_post_url_fastapi' AIRFLOW_CTX_EXECUTION_DATE='2024-07-01T00:00:30+00:00' AIRFLOW_CTX_TRY_NUMBER='1' AIRFLOW_CTX_DAG_RUN_ID='scheduled__2024-07-01T00:00:30+00:00'
[2024-07-01T23:57:01.538-0400] {taskinstance.py:430} INFO - ::endgroup::
[2024-07-01T23:57:04.242-0400] {logging_mixin.py:188} INFO - Scraping URL did not find any new URLs
[2024-07-01T23:57:04.247-0400] {python.py:237} INFO - Done. Returned value was: None
[2024-07-01T23:57:04.247-0400] {taskinstance.py:441} INFO - ::group::Post task execution logs
[2024-07-01T23:57:04.265-0400] {taskinstance.py:1206} INFO - Marking task as SUCCESS. dag_id=api_cuevana3_movie, task_id=execute_post_url_fastapi, run_id=scheduled__2024-07-01T00:00:30+00:00, execution_date=20240701T000030, start_date=20240702T035701, end_date=20240702T035704
[2024-07-01T23:57:04.321-0400] {local_task_job_runner.py:240} INFO - Task exited with return code 0
[2024-07-01T23:57:04.372-0400] {taskinstance.py:3503} INFO - 3 downstream tasks scheduled from follow-on schedule check
[2024-07-01T23:57:04.396-0400] {local_task_job_runner.py:222} INFO - ::endgroup::
[2024-07-02T09:22:03.094-0400] {local_task_job_runner.py:120} INFO - ::group::Pre task execution logs
[2024-07-02T09:22:03.120-0400] {taskinstance.py:2076} INFO - Dependencies all met for dep_context=non-requeueable deps ti=<TaskInstance: api_cuevana3_movie.execute_post_url_fastapi scheduled__2024-07-01T00:00:30+00:00 [queued]>
[2024-07-02T09:22:03.126-0400] {taskinstance.py:2076} INFO - Dependencies all met for dep_context=requeueable deps ti=<TaskInstance: api_cuevana3_movie.execute_post_url_fastapi scheduled__2024-07-01T00:00:30+00:00 [queued]>
[2024-07-02T09:22:03.127-0400] {taskinstance.py:2306} INFO - Starting attempt 1 of 1
[2024-07-02T09:22:03.144-0400] {taskinstance.py:2330} INFO - Executing <Task(PythonOperator): execute_post_url_fastapi> on 2024-07-01 00:00:30+00:00
[2024-07-02T09:22:03.150-0400] {standard_task_runner.py:63} INFO - Started process 475623 to run task
[2024-07-02T09:22:03.154-0400] {standard_task_runner.py:90} INFO - Running: ['airflow', 'tasks', 'run', 'api_cuevana3_movie', 'execute_post_url_fastapi', 'scheduled__2024-07-01T00:00:30+00:00', '--job-id', '949', '--raw', '--subdir', 'DAGS_FOLDER/movie_recommend.py', '--cfg-path', '/tmp/tmpulj6jbsm']
[2024-07-02T09:22:03.157-0400] {standard_task_runner.py:91} INFO - Job 949: Subtask execute_post_url_fastapi
[2024-07-02T09:22:03.249-0400] {task_command.py:426} INFO - Running <TaskInstance: api_cuevana3_movie.execute_post_url_fastapi scheduled__2024-07-01T00:00:30+00:00 [running]> on host walter-VirtualBox
[2024-07-02T09:22:03.445-0400] {taskinstance.py:2648} INFO - Exporting env vars: AIRFLOW_CTX_DAG_OWNER='airflow' AIRFLOW_CTX_DAG_ID='api_cuevana3_movie' AIRFLOW_CTX_TASK_ID='execute_post_url_fastapi' AIRFLOW_CTX_EXECUTION_DATE='2024-07-01T00:00:30+00:00' AIRFLOW_CTX_TRY_NUMBER='1' AIRFLOW_CTX_DAG_RUN_ID='scheduled__2024-07-01T00:00:30+00:00'
[2024-07-02T09:22:03.447-0400] {taskinstance.py:430} INFO - ::endgroup::
[2024-07-02T09:22:05.248-0400] {logging_mixin.py:188} INFO - Scraping URL did not find any new URLs
[2024-07-02T09:22:05.248-0400] {python.py:237} INFO - Done. Returned value was: None
[2024-07-02T09:22:05.249-0400] {taskinstance.py:441} INFO - ::group::Post task execution logs
[2024-07-02T09:22:05.257-0400] {taskinstance.py:1206} INFO - Marking task as SUCCESS. dag_id=api_cuevana3_movie, task_id=execute_post_url_fastapi, run_id=scheduled__2024-07-01T00:00:30+00:00, execution_date=20240701T000030, start_date=20240702T132203, end_date=20240702T132205
[2024-07-02T09:22:05.327-0400] {local_task_job_runner.py:240} INFO - Task exited with return code 0
[2024-07-02T09:22:05.366-0400] {taskinstance.py:3503} INFO - 3 downstream tasks scheduled from follow-on schedule check
[2024-07-02T09:22:05.382-0400] {local_task_job_runner.py:222} INFO - ::endgroup::
[2024-07-02T09:30:56.280-0400] {local_task_job_runner.py:120} INFO - ::group::Pre task execution logs
[2024-07-02T09:30:56.376-0400] {taskinstance.py:2076} INFO - Dependencies all met for dep_context=non-requeueable deps ti=<TaskInstance: api_cuevana3_movie.execute_post_url_fastapi scheduled__2024-07-01T00:00:30+00:00 [queued]>
[2024-07-02T09:30:56.382-0400] {taskinstance.py:2076} INFO - Dependencies all met for dep_context=requeueable deps ti=<TaskInstance: api_cuevana3_movie.execute_post_url_fastapi scheduled__2024-07-01T00:00:30+00:00 [queued]>
[2024-07-02T09:30:56.382-0400] {taskinstance.py:2306} INFO - Starting attempt 1 of 1
[2024-07-02T09:30:56.449-0400] {taskinstance.py:2330} INFO - Executing <Task(PythonOperator): execute_post_url_fastapi> on 2024-07-01 00:00:30+00:00
[2024-07-02T09:30:56.454-0400] {standard_task_runner.py:63} INFO - Started process 478968 to run task
[2024-07-02T09:30:56.458-0400] {standard_task_runner.py:90} INFO - Running: ['airflow', 'tasks', 'run', 'api_cuevana3_movie', 'execute_post_url_fastapi', 'scheduled__2024-07-01T00:00:30+00:00', '--job-id', '955', '--raw', '--subdir', 'DAGS_FOLDER/movie_recommend.py', '--cfg-path', '/tmp/tmpf6woc3cj']
[2024-07-02T09:30:56.460-0400] {standard_task_runner.py:91} INFO - Job 955: Subtask execute_post_url_fastapi
[2024-07-02T09:30:56.516-0400] {task_command.py:426} INFO - Running <TaskInstance: api_cuevana3_movie.execute_post_url_fastapi scheduled__2024-07-01T00:00:30+00:00 [running]> on host walter-VirtualBox
[2024-07-02T09:30:56.657-0400] {taskinstance.py:2648} INFO - Exporting env vars: AIRFLOW_CTX_DAG_OWNER='airflow' AIRFLOW_CTX_DAG_ID='api_cuevana3_movie' AIRFLOW_CTX_TASK_ID='execute_post_url_fastapi' AIRFLOW_CTX_EXECUTION_DATE='2024-07-01T00:00:30+00:00' AIRFLOW_CTX_TRY_NUMBER='1' AIRFLOW_CTX_DAG_RUN_ID='scheduled__2024-07-01T00:00:30+00:00'
[2024-07-02T09:30:56.657-0400] {taskinstance.py:430} INFO - ::endgroup::
[2024-07-02T09:30:58.552-0400] {logging_mixin.py:188} INFO - Scraping URL did not find any new URLs
[2024-07-02T09:30:58.553-0400] {python.py:237} INFO - Done. Returned value was: None
[2024-07-02T09:30:58.554-0400] {taskinstance.py:441} INFO - ::group::Post task execution logs
[2024-07-02T09:30:58.566-0400] {taskinstance.py:1206} INFO - Marking task as SUCCESS. dag_id=api_cuevana3_movie, task_id=execute_post_url_fastapi, run_id=scheduled__2024-07-01T00:00:30+00:00, execution_date=20240701T000030, start_date=20240702T133056, end_date=20240702T133058
[2024-07-02T09:30:58.606-0400] {local_task_job_runner.py:240} INFO - Task exited with return code 0
[2024-07-02T09:30:58.624-0400] {taskinstance.py:3503} INFO - 3 downstream tasks scheduled from follow-on schedule check
[2024-07-02T09:30:58.639-0400] {local_task_job_runner.py:222} INFO - ::endgroup::
[2024-07-02T10:14:38.953-0400] {local_task_job_runner.py:120} INFO - ::group::Pre task execution logs
[2024-07-02T10:14:38.995-0400] {taskinstance.py:2076} INFO - Dependencies all met for dep_context=non-requeueable deps ti=<TaskInstance: api_cuevana3_movie.execute_post_url_fastapi scheduled__2024-07-01T00:00:30+00:00 [queued]>
[2024-07-02T10:14:39.008-0400] {taskinstance.py:2076} INFO - Dependencies all met for dep_context=requeueable deps ti=<TaskInstance: api_cuevana3_movie.execute_post_url_fastapi scheduled__2024-07-01T00:00:30+00:00 [queued]>
[2024-07-02T10:14:39.008-0400] {taskinstance.py:2306} INFO - Starting attempt 1 of 1
[2024-07-02T10:14:39.038-0400] {taskinstance.py:2330} INFO - Executing <Task(PythonOperator): execute_post_url_fastapi> on 2024-07-01 00:00:30+00:00
[2024-07-02T10:14:39.048-0400] {standard_task_runner.py:63} INFO - Started process 491643 to run task
[2024-07-02T10:14:39.054-0400] {standard_task_runner.py:90} INFO - Running: ['airflow', 'tasks', 'run', 'api_cuevana3_movie', 'execute_post_url_fastapi', 'scheduled__2024-07-01T00:00:30+00:00', '--job-id', '1129', '--raw', '--subdir', 'DAGS_FOLDER/movie_recommend.py', '--cfg-path', '/tmp/tmpzi3zvza5']
[2024-07-02T10:14:39.057-0400] {standard_task_runner.py:91} INFO - Job 1129: Subtask execute_post_url_fastapi
[2024-07-02T10:14:39.171-0400] {task_command.py:426} INFO - Running <TaskInstance: api_cuevana3_movie.execute_post_url_fastapi scheduled__2024-07-01T00:00:30+00:00 [running]> on host walter-VirtualBox
[2024-07-02T10:14:39.267-0400] {taskinstance.py:2648} INFO - Exporting env vars: AIRFLOW_CTX_DAG_OWNER='airflow' AIRFLOW_CTX_DAG_ID='api_cuevana3_movie' AIRFLOW_CTX_TASK_ID='execute_post_url_fastapi' AIRFLOW_CTX_EXECUTION_DATE='2024-07-01T00:00:30+00:00' AIRFLOW_CTX_TRY_NUMBER='1' AIRFLOW_CTX_DAG_RUN_ID='scheduled__2024-07-01T00:00:30+00:00'
[2024-07-02T10:14:39.270-0400] {taskinstance.py:430} INFO - ::endgroup::
[2024-07-02T10:14:41.146-0400] {logging_mixin.py:188} INFO - Scraping URL did not find any new URLs
[2024-07-02T10:14:41.147-0400] {python.py:237} INFO - Done. Returned value was: None
[2024-07-02T10:14:41.148-0400] {taskinstance.py:441} INFO - ::group::Post task execution logs
[2024-07-02T10:14:41.158-0400] {taskinstance.py:1206} INFO - Marking task as SUCCESS. dag_id=api_cuevana3_movie, task_id=execute_post_url_fastapi, run_id=scheduled__2024-07-01T00:00:30+00:00, execution_date=20240701T000030, start_date=20240702T141438, end_date=20240702T141441
[2024-07-02T10:14:41.231-0400] {local_task_job_runner.py:240} INFO - Task exited with return code 0
[2024-07-02T10:14:41.257-0400] {taskinstance.py:3503} INFO - 1 downstream tasks scheduled from follow-on schedule check
[2024-07-02T10:14:41.279-0400] {local_task_job_runner.py:222} INFO - ::endgroup::
[2024-07-02T10:52:49.776-0400] {local_task_job_runner.py:120} INFO - ::group::Pre task execution logs
[2024-07-02T10:52:49.791-0400] {taskinstance.py:2076} INFO - Dependencies all met for dep_context=non-requeueable deps ti=<TaskInstance: api_cuevana3_movie.execute_post_url_fastapi scheduled__2024-07-01T00:00:30+00:00 [queued]>
[2024-07-02T10:52:49.796-0400] {taskinstance.py:2076} INFO - Dependencies all met for dep_context=requeueable deps ti=<TaskInstance: api_cuevana3_movie.execute_post_url_fastapi scheduled__2024-07-01T00:00:30+00:00 [queued]>
[2024-07-02T10:52:49.796-0400] {taskinstance.py:2306} INFO - Starting attempt 1 of 1
[2024-07-02T10:52:49.836-0400] {taskinstance.py:2330} INFO - Executing <Task(PythonOperator): execute_post_url_fastapi> on 2024-07-01 00:00:30+00:00
[2024-07-02T10:52:49.843-0400] {standard_task_runner.py:63} INFO - Started process 499893 to run task
[2024-07-02T10:52:49.858-0400] {standard_task_runner.py:90} INFO - Running: ['airflow', 'tasks', 'run', 'api_cuevana3_movie', 'execute_post_url_fastapi', 'scheduled__2024-07-01T00:00:30+00:00', '--job-id', '1318', '--raw', '--subdir', 'DAGS_FOLDER/movie_recommend.py', '--cfg-path', '/tmp/tmp5j_kna70']
[2024-07-02T10:52:49.860-0400] {standard_task_runner.py:91} INFO - Job 1318: Subtask execute_post_url_fastapi
[2024-07-02T10:52:49.917-0400] {task_command.py:426} INFO - Running <TaskInstance: api_cuevana3_movie.execute_post_url_fastapi scheduled__2024-07-01T00:00:30+00:00 [running]> on host walter-VirtualBox
[2024-07-02T10:52:50.013-0400] {taskinstance.py:2648} INFO - Exporting env vars: AIRFLOW_CTX_DAG_OWNER='airflow' AIRFLOW_CTX_DAG_ID='api_cuevana3_movie' AIRFLOW_CTX_TASK_ID='execute_post_url_fastapi' AIRFLOW_CTX_EXECUTION_DATE='2024-07-01T00:00:30+00:00' AIRFLOW_CTX_TRY_NUMBER='1' AIRFLOW_CTX_DAG_RUN_ID='scheduled__2024-07-01T00:00:30+00:00'
[2024-07-02T10:52:50.014-0400] {taskinstance.py:430} INFO - ::endgroup::
[2024-07-02T10:52:51.863-0400] {logging_mixin.py:188} INFO - Scraping URL did not find any new URLs
[2024-07-02T10:52:51.872-0400] {python.py:237} INFO - Done. Returned value was: None
[2024-07-02T10:52:51.873-0400] {taskinstance.py:441} INFO - ::group::Post task execution logs
[2024-07-02T10:52:51.893-0400] {taskinstance.py:1206} INFO - Marking task as SUCCESS. dag_id=api_cuevana3_movie, task_id=execute_post_url_fastapi, run_id=scheduled__2024-07-01T00:00:30+00:00, execution_date=20240701T000030, start_date=20240702T145249, end_date=20240702T145251
[2024-07-02T10:52:51.951-0400] {local_task_job_runner.py:240} INFO - Task exited with return code 0
[2024-07-02T10:52:51.976-0400] {taskinstance.py:3503} INFO - 1 downstream tasks scheduled from follow-on schedule check
[2024-07-02T10:52:51.987-0400] {local_task_job_runner.py:222} INFO - ::endgroup::
[2024-07-02T11:24:51.625-0400] {local_task_job_runner.py:120} INFO - ::group::Pre task execution logs
[2024-07-02T11:24:51.668-0400] {taskinstance.py:2076} INFO - Dependencies all met for dep_context=non-requeueable deps ti=<TaskInstance: api_cuevana3_movie.execute_post_url_fastapi scheduled__2024-07-01T00:00:30+00:00 [queued]>
[2024-07-02T11:24:51.708-0400] {taskinstance.py:2076} INFO - Dependencies all met for dep_context=requeueable deps ti=<TaskInstance: api_cuevana3_movie.execute_post_url_fastapi scheduled__2024-07-01T00:00:30+00:00 [queued]>
[2024-07-02T11:24:51.709-0400] {taskinstance.py:2306} INFO - Starting attempt 1 of 1
[2024-07-02T11:24:51.760-0400] {taskinstance.py:2330} INFO - Executing <Task(PythonOperator): execute_post_url_fastapi> on 2024-07-01 00:00:30+00:00
[2024-07-02T11:24:51.777-0400] {standard_task_runner.py:63} INFO - Started process 502963 to run task
[2024-07-02T11:24:51.780-0400] {standard_task_runner.py:90} INFO - Running: ['airflow', 'tasks', 'run', 'api_cuevana3_movie', 'execute_post_url_fastapi', 'scheduled__2024-07-01T00:00:30+00:00', '--job-id', '1343', '--raw', '--subdir', 'DAGS_FOLDER/movie_recommend.py', '--cfg-path', '/tmp/tmpot3_lwyj']
[2024-07-02T11:24:51.781-0400] {standard_task_runner.py:91} INFO - Job 1343: Subtask execute_post_url_fastapi
[2024-07-02T11:24:51.866-0400] {task_command.py:426} INFO - Running <TaskInstance: api_cuevana3_movie.execute_post_url_fastapi scheduled__2024-07-01T00:00:30+00:00 [running]> on host walter-VirtualBox
[2024-07-02T11:24:52.013-0400] {taskinstance.py:2648} INFO - Exporting env vars: AIRFLOW_CTX_DAG_OWNER='airflow' AIRFLOW_CTX_DAG_ID='api_cuevana3_movie' AIRFLOW_CTX_TASK_ID='execute_post_url_fastapi' AIRFLOW_CTX_EXECUTION_DATE='2024-07-01T00:00:30+00:00' AIRFLOW_CTX_TRY_NUMBER='1' AIRFLOW_CTX_DAG_RUN_ID='scheduled__2024-07-01T00:00:30+00:00'
[2024-07-02T11:24:52.014-0400] {taskinstance.py:430} INFO - ::endgroup::
[2024-07-02T11:24:53.933-0400] {logging_mixin.py:188} INFO - Scraping URL did not find any new URLs
[2024-07-02T11:24:53.934-0400] {python.py:237} INFO - Done. Returned value was: None
[2024-07-02T11:24:53.934-0400] {taskinstance.py:441} INFO - ::group::Post task execution logs
[2024-07-02T11:24:53.940-0400] {taskinstance.py:1206} INFO - Marking task as SUCCESS. dag_id=api_cuevana3_movie, task_id=execute_post_url_fastapi, run_id=scheduled__2024-07-01T00:00:30+00:00, execution_date=20240701T000030, start_date=20240702T152451, end_date=20240702T152453
[2024-07-02T11:24:53.980-0400] {local_task_job_runner.py:240} INFO - Task exited with return code 0
[2024-07-02T11:24:54.011-0400] {taskinstance.py:3503} INFO - 1 downstream tasks scheduled from follow-on schedule check
[2024-07-02T11:24:54.022-0400] {local_task_job_runner.py:222} INFO - ::endgroup::
