[2024-07-01T23:25:36.386-0400] {local_task_job_runner.py:120} INFO - ::group::Pre task execution logs
[2024-07-01T23:25:36.459-0400] {taskinstance.py:2076} INFO - Dependencies all met for dep_context=non-requeueable deps ti=<TaskInstance: api_cuevana3_movie.print_json scheduled__2024-07-01T15:00:00+00:00 [queued]>
[2024-07-01T23:25:36.487-0400] {taskinstance.py:2076} INFO - Dependencies all met for dep_context=requeueable deps ti=<TaskInstance: api_cuevana3_movie.print_json scheduled__2024-07-01T15:00:00+00:00 [queued]>
[2024-07-01T23:25:36.492-0400] {taskinstance.py:2306} INFO - Starting attempt 1 of 1
[2024-07-01T23:25:36.574-0400] {taskinstance.py:2330} INFO - Executing <Task(PythonOperator): print_json> on 2024-07-01 15:00:00+00:00
[2024-07-01T23:25:36.594-0400] {standard_task_runner.py:90} INFO - Running: ['airflow', 'tasks', 'run', 'api_cuevana3_movie', 'print_json', 'scheduled__2024-07-01T15:00:00+00:00', '--job-id', '885', '--raw', '--subdir', 'DAGS_FOLDER/movie_recommend.py', '--cfg-path', '/tmp/tmp74onvumz']
[2024-07-01T23:25:36.605-0400] {standard_task_runner.py:91} INFO - Job 885: Subtask print_json
[2024-07-01T23:25:36.595-0400] {standard_task_runner.py:63} INFO - Started process 454134 to run task
[2024-07-01T23:25:36.788-0400] {task_command.py:426} INFO - Running <TaskInstance: api_cuevana3_movie.print_json scheduled__2024-07-01T15:00:00+00:00 [running]> on host walter-VirtualBox
[2024-07-01T23:25:37.029-0400] {taskinstance.py:2648} INFO - Exporting env vars: AIRFLOW_CTX_DAG_OWNER='airflow' AIRFLOW_CTX_DAG_ID='api_cuevana3_movie' AIRFLOW_CTX_TASK_ID='print_json' AIRFLOW_CTX_EXECUTION_DATE='2024-07-01T15:00:00+00:00' AIRFLOW_CTX_TRY_NUMBER='1' AIRFLOW_CTX_DAG_RUN_ID='scheduled__2024-07-01T15:00:00+00:00'
[2024-07-01T23:25:37.032-0400] {taskinstance.py:430} INFO - ::endgroup::
[2024-07-01T23:25:37.068-0400] {logging_mixin.py:188} INFO - ('{"image_url": '
 '"https://i0.wp.com/www.themoviedb.org/t/p/w185/5jI2vEHJReAx8iFDmhC2O3yW37w.jpg", '
 '"title": "Bad Boys: Ride or Die", "rating": 6.9, "duration": "1h 55m", '
 '"year": "2024", "quality": "HD", "description": "Ver bad boys: ride or die '
 'Cuevana3.Tras escuchar falsas acusaciones sobre su excapit\\u00e1n y mentor '
 'Mike y Marcus deciden investigar el asunto incluso volverse los m\\u00e1s '
 'buscados de ser necesarios", "genre": ["Acci\\u00f3n", "Crimen", "Suspense", '
 '"Comedia"], "country": "United States", "director": "Adil El Arbi", '
 '"actors": ["Will Smith,", "Martin Lawrence,", "Vanessa Hudgens,", "Alexander '
 'Ludwig,", "Paola Nu\\u00f1ez,", "Eric Dane,", "Ioan Gruffudd,", "Jacob '
 'Scipio,", "Melanie Liburd,", "Tasha Smith,", "Rhea Seehorn,", "Tiffany '
 'Haddish,", "Joe Pantoliano,", "DJ Khaled,", "John Salley,", "Bianca '
 'Bethune,", "Dennis McDonald,", "Quinn Hemphill,", "Michael Bay,", "Derek '
 'Russo,", "Karter Reese Newsome,"], "views": 460}')
[2024-07-01T23:25:37.068-0400] {python.py:237} INFO - Done. Returned value was: None
[2024-07-01T23:25:37.069-0400] {taskinstance.py:441} INFO - ::group::Post task execution logs
[2024-07-01T23:25:37.078-0400] {taskinstance.py:1206} INFO - Marking task as SUCCESS. dag_id=api_cuevana3_movie, task_id=print_json, run_id=scheduled__2024-07-01T15:00:00+00:00, execution_date=20240701T150000, start_date=20240702T032536, end_date=20240702T032537
[2024-07-01T23:25:37.181-0400] {local_task_job_runner.py:240} INFO - Task exited with return code 0
[2024-07-01T23:25:37.237-0400] {taskinstance.py:3503} INFO - 0 downstream tasks scheduled from follow-on schedule check
[2024-07-01T23:25:37.242-0400] {local_task_job_runner.py:222} INFO - ::endgroup::
